#
# There is insufficient memory for the Java Runtime Environment to continue.
# Native memory allocation (malloc) failed to allocate 1048576 bytes for AllocateHeap
# Possible reasons:
#   The system is out of physical RAM or swap space
#   The process is running with CompressedOops enabled, and the Java Heap may be blocking the growth of the native heap
# Possible solutions:
#   Reduce memory load on the system
#   Increase physical memory or swap space
#   Check if swap backing store is full
#   Decrease Java heap size (-Xmx/-Xms)
#   Decrease number of Java threads
#   Decrease Java thread stack sizes (-Xss)
#   Set larger code cache with -XX:ReservedCodeCacheSize=
#   JVM is running with Unscaled Compressed Oops mode in which the Java heap is
#     placed in the first 4GB address space. The Java Heap base address is the
#     maximum limit for the native heap growth. Please use -XX:HeapBaseMinAddress
#     to set the Java Heap base and to place the Java Heap above 4GB virtual address.
# This output file may be truncated or incomplete.
#
#  Out of Memory Error (allocation.cpp:44), pid=24280, tid=22040
#
# JRE version: OpenJDK Runtime Environment Temurin-17.0.7+7 (17.0.7+7) (build 17.0.7+7)
# Java VM: OpenJDK 64-Bit Server VM Temurin-17.0.7+7 (17.0.7+7, mixed mode, emulated-client, tiered, compressed oops, compressed class ptrs, g1 gc, windows-amd64)
# No core dump will be written. Minidumps are not enabled by default on client versions of Windows
#

---------------  S U M M A R Y ------------

Command Line: -XX:+HeapDumpOnOutOfMemoryError -Xmx1024m -Dsts.lsp.client=vscode -Dsts.log.file=/dev/null -XX:TieredStopAtLevel=1 -Xlog:jni+resolve=off -Dspring.config.location=file:c:\Users\amine\.vscode\extensions\vmware.vscode-spring-boot-1.46.0\language-server\BOOT-INF\classes\application.properties org.springframework.ide.vscode.boot.app.BootLanguageServerBootApp

Host: Intel(R) Core(TM) i5-9300H CPU @ 2.40GHz, 8 cores, 7G,  Windows 10 , 64 bit Build 19041 (10.0.19041.2913)
Time: Mon May 29 22:28:55 2023 W. Central Africa Standard Time elapsed time: 8269.403923 seconds (0d 2h 17m 49s)

---------------  T H R E A D  ---------------

Current thread (0x0000018f455728a0):  VMThread "VM Thread" [stack: 0x0000006a0d600000,0x0000006a0d700000] [id=22040]

Stack: [0x0000006a0d600000,0x0000006a0d700000]
Native frames: (J=compiled Java code, j=interpreted, Vv=VM code, C=native code)
V  [jvm.dll+0x67754a]
V  [jvm.dll+0x834304]
V  [jvm.dll+0x835aae]
V  [jvm.dll+0x836113]
V  [jvm.dll+0x24696f]
V  [jvm.dll+0xa681f]
V  [jvm.dll+0x2f73f3]
V  [jvm.dll+0x2f30f0]
V  [jvm.dll+0x2db6c7]
V  [jvm.dll+0x31e777]
V  [jvm.dll+0x83a5bb]
V  [jvm.dll+0x83b2f4]
V  [jvm.dll+0x83b80c]
V  [jvm.dll+0x83bbe4]
V  [jvm.dll+0x83bcb0]
V  [jvm.dll+0x7e4e7a]
V  [jvm.dll+0x676395]
C  [ucrtbase.dll+0x21bb2]
C  [KERNEL32.DLL+0x17614]
C  [ntdll.dll+0x526a1]

VM_Operation (0x0000006a0edfeaa0): G1CollectFull, mode: safepoint, requested by thread 0x0000018f458d8f60


---------------  P R O C E S S  ---------------

Threads class SMR info:
_java_thread_list=0x0000018f4b2a6ec0, length=20, elements={
0x0000018f45588740, 0x0000018f45589600, 0x0000018f455b4ae0, 0x0000018f455b5860,
0x0000018f455b9240, 0x0000018f455cb010, 0x0000018f456d0080, 0x0000018f456d65c0,
0x0000018f458d85c0, 0x0000018f458d7750, 0x0000018f458d80f0, 0x0000018f458d9430,
0x0000018f458d8f60, 0x0000018f458d9dd0, 0x0000018f458d9900, 0x0000018f458d68e0,
0x0000018f458d7280, 0x0000018f458d6410, 0x0000018f4b289040, 0x0000018f4b28ced0
}

Java Threads: ( => current thread )
  0x0000018f45588740 JavaThread "Reference Handler" daemon [_thread_blocked, id=25248, stack(0x0000006a0d700000,0x0000006a0d800000)]
  0x0000018f45589600 JavaThread "Finalizer" daemon [_thread_blocked, id=4120, stack(0x0000006a0d800000,0x0000006a0d900000)]
  0x0000018f455b4ae0 JavaThread "Signal Dispatcher" daemon [_thread_blocked, id=26156, stack(0x0000006a0d900000,0x0000006a0da00000)]
  0x0000018f455b5860 JavaThread "Attach Listener" daemon [_thread_blocked, id=16496, stack(0x0000006a0da00000,0x0000006a0db00000)]
  0x0000018f455b9240 JavaThread "Service Thread" daemon [_thread_blocked, id=16784, stack(0x0000006a0db00000,0x0000006a0dc00000)]
  0x0000018f455cb010 JavaThread "Monitor Deflation Thread" daemon [_thread_blocked, id=22784, stack(0x0000006a0dc00000,0x0000006a0dd00000)]
  0x0000018f456d0080 JavaThread "C1 CompilerThread0" daemon [_thread_blocked, id=14060, stack(0x0000006a0dd00000,0x0000006a0de00000)]
  0x0000018f456d65c0 JavaThread "Sweeper thread" daemon [_thread_blocked, id=13088, stack(0x0000006a0de00000,0x0000006a0df00000)]
  0x0000018f458d85c0 JavaThread "Notification Thread" daemon [_thread_blocked, id=16076, stack(0x0000006a0df00000,0x0000006a0e000000)]
  0x0000018f458d7750 JavaThread "Common-Cleaner" daemon [_thread_blocked, id=15596, stack(0x0000006a0e100000,0x0000006a0e200000)]
  0x0000018f458d80f0 JavaThread "boundedElastic-evictor-1" daemon [_thread_blocked, id=13136, stack(0x0000006a0e700000,0x0000006a0e800000)]
  0x0000018f458d9430 JavaThread "boundedElastic-evictor-2" daemon [_thread_blocked, id=9644, stack(0x0000006a0ec00000,0x0000006a0ed00000)]
  0x0000018f458d8f60 JavaThread "pool-10-thread-1" [_thread_blocked, id=9224, stack(0x0000006a0ed00000,0x0000006a0ee00000)]
  0x0000018f458d9dd0 JavaThread "LanguageServerApp-lifecycle" [_thread_blocked, id=3720, stack(0x0000006a0ee00000,0x0000006a0ef00000)]
  0x0000018f458d9900 JavaThread "DestroyJavaVM" [_thread_blocked, id=15140, stack(0x0000006a0d000000,0x0000006a0d100000)]
  0x0000018f458d68e0 JavaThread "pool-11-thread-1" [_thread_in_native, id=9808, stack(0x0000006a0ef00000,0x0000006a0f000000)]
  0x0000018f458d7280 JavaThread "Simple-Language-Server main thread" daemon [_thread_blocked, id=16628, stack(0x0000006a0f000000,0x0000006a0f100000)]
  0x0000018f458d6410 JavaThread "pool-6-thread-1" [_thread_blocked, id=9932, stack(0x0000006a0f200000,0x0000006a0f300000)]
  0x0000018f4b289040 JavaThread "parallel-1" daemon [_thread_blocked, id=19820, stack(0x0000006a0f400000,0x0000006a0f500000)]
  0x0000018f4b28ced0 JavaThread "Reconciler-1" daemon [_thread_blocked, id=25640, stack(0x0000006a0f500000,0x0000006a0f600000)]

Other Threads:
=>0x0000018f455728a0 VMThread "VM Thread" [stack: 0x0000006a0d600000,0x0000006a0d700000] [id=22040]
  0x0000018f458fa3e0 WatcherThread [stack: 0x0000006a0e000000,0x0000006a0e100000] [id=12896]
  0x0000018f387e6410 GCTaskThread "GC Thread#0" [stack: 0x0000006a0d100000,0x0000006a0d200000] [id=5032]
  0x0000018f4a7fe3d0 GCTaskThread "GC Thread#1" [stack: 0x0000006a0e300000,0x0000006a0e400000] [id=18684]
  0x0000018f4a7fe680 GCTaskThread "GC Thread#2" [stack: 0x0000006a0e400000,0x0000006a0e500000] [id=23888]
  0x0000018f4a842080 GCTaskThread "GC Thread#3" [stack: 0x0000006a0e500000,0x0000006a0e600000] [id=2212]
  0x0000018f4a842330 GCTaskThread "GC Thread#4" [stack: 0x0000006a0e600000,0x0000006a0e700000] [id=21432]
  0x0000018f4aa96580 GCTaskThread "GC Thread#5" [stack: 0x0000006a0e800000,0x0000006a0e900000] [id=13348]
  0x0000018f4aa96830 GCTaskThread "GC Thread#6" [stack: 0x0000006a0e900000,0x0000006a0ea00000] [id=6180]
  0x0000018f4aa97900 GCTaskThread "GC Thread#7" [stack: 0x0000006a0ea00000,0x0000006a0eb00000] [id=15848]
  0x0000018f387ef260 ConcurrentGCThread "G1 Main Marker" [stack: 0x0000006a0d200000,0x0000006a0d300000] [id=24460]
  0x0000018f387efb80 ConcurrentGCThread "G1 Conc#0" [stack: 0x0000006a0d300000,0x0000006a0d400000] [id=17456]
  0x0000018f4ac3e490 ConcurrentGCThread "G1 Conc#1" [stack: 0x0000006a0eb00000,0x0000006a0ec00000] [id=24304]
  0x0000018f38868790 ConcurrentGCThread "G1 Refine#0" [stack: 0x0000006a0d400000,0x0000006a0d500000] [id=11828]
  0x0000018f4b58a5a0 ConcurrentGCThread "G1 Refine#1" [stack: 0x0000006a10500000,0x0000006a10600000] [id=14516]
  0x0000018f4b5aed60 ConcurrentGCThread "G1 Refine#2" [stack: 0x0000006a10600000,0x0000006a10700000] [id=21596]
  0x0000018f4c012c60 ConcurrentGCThread "G1 Refine#3" [stack: 0x0000006a10800000,0x0000006a10900000] [id=12732]
  0x0000018f4c0123c0 ConcurrentGCThread "G1 Refine#4" [stack: 0x0000006a10900000,0x0000006a10a00000] [id=23844]
  0x0000018f4c012980 ConcurrentGCThread "G1 Refine#5" [stack: 0x0000006a10a00000,0x0000006a10b00000] [id=22788]
  0x0000018f453e01f0 ConcurrentGCThread "G1 Service" [stack: 0x0000006a0d500000,0x0000006a0d600000] [id=21936]

Threads with active compile tasks:

VM state: at safepoint (normal execution)

VM Mutex/Monitor currently owned by a thread:  ([mutex/lock_event])
[0x0000018f386ade70] Threads_lock - owner thread: 0x0000018f455728a0
[0x0000018f3876af00] Heap_lock - owner thread: 0x0000018f458d8f60

Heap address: 0x00000000c0000000, size: 1024 MB, Compressed Oops mode: 32-bit

CDS archive(s) not mapped
Compressed class space mapped at: 0x0000000100000000-0x0000000140000000, reserved size: 1073741824
Narrow klass base: 0x0000000000000000, Narrow klass shift: 3, Narrow klass range: 0x140000000

GC Precious Log:
 CPUs: 8 total, 8 available
 Memory: 8033M
 Large Page Support: Disabled
 NUMA Support: Disabled
 Compressed Oops: Enabled (32-bit)
 Heap Region Size: 1M
 Heap Min Capacity: 8M
 Heap Initial Capacity: 126M
 Heap Max Capacity: 1G
 Pre-touch: Disabled
 Parallel Workers: 8
 Concurrent Workers: 2
 Concurrent Refinement Workers: 8
 Periodic GC: Disabled

Heap:
 garbage-first heap   total 89088K, used 26187K [0x00000000c0000000, 0x0000000100000000)
  region size 1024K, 1 young (1024K), 0 survivors (0K)
 Metaspace       used 47001K, committed 47360K, reserved 1114112K
  class space    used 6750K, committed 6912K, reserved 1048576K

Heap Regions: E=young(eden), S=young(survivor), O=old, HS=humongous(starts), HC=humongous(continues), CS=collection set, F=free, OA=open archive, CA=closed archive, TAMS=top-at-mark-start (previous, next)
|   0|0x00000000c0000000, 0x00000000c0100000, 0x00000000c0100000|100%| O|  |TAMS 0x00000000c0100000, 0x00000000c0000000| Untracked 
|   1|0x00000000c0100000, 0x00000000c0200000, 0x00000000c0200000|100%| O|  |TAMS 0x00000000c0200000, 0x00000000c0100000| Untracked 
|   2|0x00000000c0200000, 0x00000000c02fffb8, 0x00000000c0300000| 99%| O|  |TAMS 0x00000000c02fffb8, 0x00000000c0200000| Untracked 
|   3|0x00000000c0300000, 0x00000000c0400000, 0x00000000c0400000|100%| O|  |TAMS 0x00000000c0400000, 0x00000000c0300000| Untracked 
|   4|0x00000000c0400000, 0x00000000c0500000, 0x00000000c0500000|100%| O|  |TAMS 0x00000000c0500000, 0x00000000c0400000| Untracked 
|   5|0x00000000c0500000, 0x00000000c0600000, 0x00000000c0600000|100%| O|  |TAMS 0x00000000c0600000, 0x00000000c0500000| Untracked 
|   6|0x00000000c0600000, 0x00000000c06fffa8, 0x00000000c0700000| 99%| O|  |TAMS 0x00000000c06fffa8, 0x00000000c0600000| Untracked 
|   7|0x00000000c0700000, 0x00000000c0800000, 0x00000000c0800000|100%| O|  |TAMS 0x00000000c0800000, 0x00000000c0700000| Untracked 
|   8|0x00000000c0800000, 0x00000000c08ffa08, 0x00000000c0900000| 99%| O|  |TAMS 0x00000000c08ffa08, 0x00000000c0800000| Untracked 
|   9|0x00000000c0900000, 0x00000000c09ffff8, 0x00000000c0a00000| 99%| O|  |TAMS 0x00000000c09ffff8, 0x00000000c0900000| Untracked 
|  10|0x00000000c0a00000, 0x00000000c0afffe8, 0x00000000c0b00000| 99%| O|  |TAMS 0x00000000c0afffe8, 0x00000000c0a00000| Untracked 
|  11|0x00000000c0b00000, 0x00000000c0c00000, 0x00000000c0c00000|100%| O|  |TAMS 0x00000000c0c00000, 0x00000000c0b00000| Untracked 
|  12|0x00000000c0c00000, 0x00000000c0cffff0, 0x00000000c0d00000| 99%| O|  |TAMS 0x00000000c0cffff0, 0x00000000c0c00000| Untracked 
|  13|0x00000000c0d00000, 0x00000000c0dffff0, 0x00000000c0e00000| 99%| O|  |TAMS 0x00000000c0dffff0, 0x00000000c0d00000| Untracked 
|  14|0x00000000c0e00000, 0x00000000c0efffe8, 0x00000000c0f00000| 99%| O|  |TAMS 0x00000000c0efffe8, 0x00000000c0e00000| Untracked 
|  15|0x00000000c0f00000, 0x00000000c0ffffb0, 0x00000000c1000000| 99%| O|  |TAMS 0x00000000c0ffffb0, 0x00000000c0f00000| Untracked 
|  16|0x00000000c1000000, 0x00000000c10fffe8, 0x00000000c1100000| 99%| O|  |TAMS 0x00000000c10fffe8, 0x00000000c1000000| Untracked 
|  17|0x00000000c1100000, 0x00000000c11fffe8, 0x00000000c1200000| 99%| O|  |TAMS 0x00000000c11fffe8, 0x00000000c1100000| Untracked 
|  18|0x00000000c1200000, 0x00000000c1300000, 0x00000000c1300000|100%| O|  |TAMS 0x00000000c1300000, 0x00000000c1200000| Untracked 
|  19|0x00000000c1300000, 0x00000000c1400000, 0x00000000c1400000|100%| O|  |TAMS 0x00000000c1400000, 0x00000000c1300000| Untracked 
|  20|0x00000000c1400000, 0x00000000c14ffff0, 0x00000000c1500000| 99%| O|  |TAMS 0x00000000c14ffff0, 0x00000000c1400000| Untracked 
|  21|0x00000000c1500000, 0x00000000c1600000, 0x00000000c1600000|100%| O|  |TAMS 0x00000000c1600000, 0x00000000c1500000| Untracked 
|  22|0x00000000c1600000, 0x00000000c16fffd0, 0x00000000c1700000| 99%| O|  |TAMS 0x00000000c16fffd0, 0x00000000c1600000| Untracked 
|  23|0x00000000c1700000, 0x00000000c17fffe8, 0x00000000c1800000| 99%| O|  |TAMS 0x00000000c17fffe8, 0x00000000c1700000| Untracked 
|  24|0x00000000c1800000, 0x00000000c18936d8, 0x00000000c1900000| 57%| O|  |TAMS 0x00000000c1800000, 0x00000000c1800000| Untracked 
|  25|0x00000000c1900000, 0x00000000c1900088, 0x00000000c1a00000|  0%| O|  |TAMS 0x00000000c1900000, 0x00000000c1900000| Untracked 
|  26|0x00000000c1a00000, 0x00000000c1a00000, 0x00000000c1b00000|  0%| F|  |TAMS 0x00000000c1a00000, 0x00000000c1a00000| Untracked 
|  27|0x00000000c1b00000, 0x00000000c1b00000, 0x00000000c1c00000|  0%| F|  |TAMS 0x00000000c1b00000, 0x00000000c1b00000| Untracked 
|  28|0x00000000c1c00000, 0x00000000c1c00000, 0x00000000c1d00000|  0%| F|  |TAMS 0x00000000c1c00000, 0x00000000c1c00000| Untracked 
|  29|0x00000000c1d00000, 0x00000000c1d00000, 0x00000000c1e00000|  0%| F|  |TAMS 0x00000000c1d00000, 0x00000000c1d00000| Untracked 
|  30|0x00000000c1e00000, 0x00000000c1e00000, 0x00000000c1f00000|  0%| F|  |TAMS 0x00000000c1e00000, 0x00000000c1e00000| Untracked 
|  31|0x00000000c1f00000, 0x00000000c1f00000, 0x00000000c2000000|  0%| F|  |TAMS 0x00000000c1f00000, 0x00000000c1f00000| Untracked 
|  32|0x00000000c2000000, 0x00000000c20ffff8, 0x00000000c2100000| 99%| O|  |TAMS 0x00000000c20ffff8, 0x00000000c2000000| Untracked 
|  33|0x00000000c2100000, 0x00000000c2100000, 0x00000000c2200000|  0%| F|  |TAMS 0x00000000c2100000, 0x00000000c2100000| Untracked 
|  34|0x00000000c2200000, 0x00000000c2200000, 0x00000000c2300000|  0%| F|  |TAMS 0x00000000c2200000, 0x00000000c2200000| Untracked 
|  35|0x00000000c2300000, 0x00000000c2300000, 0x00000000c2400000|  0%| F|  |TAMS 0x00000000c2300000, 0x00000000c2300000| Untracked 
|  36|0x00000000c2400000, 0x00000000c2400000, 0x00000000c2500000|  0%| F|  |TAMS 0x00000000c2400000, 0x00000000c2400000| Untracked 
|  37|0x00000000c2500000, 0x00000000c2500000, 0x00000000c2600000|  0%| F|  |TAMS 0x00000000c2500000, 0x00000000c2500000| Untracked 
|  38|0x00000000c2600000, 0x00000000c2600000, 0x00000000c2700000|  0%| F|  |TAMS 0x00000000c2600000, 0x00000000c2600000| Untracked 
|  39|0x00000000c2700000, 0x00000000c2700000, 0x00000000c2800000|  0%| F|  |TAMS 0x00000000c2700000, 0x00000000c2700000| Untracked 
|  40|0x00000000c2800000, 0x00000000c2800000, 0x00000000c2900000|  0%| F|  |TAMS 0x00000000c2800000, 0x00000000c2800000| Untracked 
|  41|0x00000000c2900000, 0x00000000c2900000, 0x00000000c2a00000|  0%| F|  |TAMS 0x00000000c2900000, 0x00000000c2900000| Untracked 
|  42|0x00000000c2a00000, 0x00000000c2a00000, 0x00000000c2b00000|  0%| F|  |TAMS 0x00000000c2a00000, 0x00000000c2a00000| Untracked 
|  43|0x00000000c2b00000, 0x00000000c2b00000, 0x00000000c2c00000|  0%| F|  |TAMS 0x00000000c2b00000, 0x00000000c2b00000| Untracked 
|  44|0x00000000c2c00000, 0x00000000c2c00000, 0x00000000c2d00000|  0%| F|  |TAMS 0x00000000c2c00000, 0x00000000c2c00000| Untracked 
|  45|0x00000000c2d00000, 0x00000000c2d00000, 0x00000000c2e00000|  0%| F|  |TAMS 0x00000000c2d00000, 0x00000000c2d00000| Untracked 
|  46|0x00000000c2e00000, 0x00000000c2e00000, 0x00000000c2f00000|  0%| F|  |TAMS 0x00000000c2e00000, 0x00000000c2e00000| Untracked 
|  47|0x00000000c2f00000, 0x00000000c2f00000, 0x00000000c3000000|  0%| F|  |TAMS 0x00000000c2f00000, 0x00000000c2f00000| Untracked 
|  48|0x00000000c3000000, 0x00000000c3000000, 0x00000000c3100000|  0%| F|  |TAMS 0x00000000c3000000, 0x00000000c3000000| Untracked 
|  49|0x00000000c3100000, 0x00000000c3100000, 0x00000000c3200000|  0%| F|  |TAMS 0x00000000c3100000, 0x00000000c3100000| Untracked 
|  50|0x00000000c3200000, 0x00000000c3200000, 0x00000000c3300000|  0%| F|  |TAMS 0x00000000c3200000, 0x00000000c3200000| Untracked 
|  51|0x00000000c3300000, 0x00000000c3300000, 0x00000000c3400000|  0%| F|  |TAMS 0x00000000c3300000, 0x00000000c3300000| Untracked 
|  52|0x00000000c3400000, 0x00000000c3400000, 0x00000000c3500000|  0%| F|  |TAMS 0x00000000c3400000, 0x00000000c3400000| Untracked 
|  53|0x00000000c3500000, 0x00000000c3500000, 0x00000000c3600000|  0%| F|  |TAMS 0x00000000c3500000, 0x00000000c3500000| Untracked 
|  54|0x00000000c3600000, 0x00000000c3600000, 0x00000000c3700000|  0%| F|  |TAMS 0x00000000c3600000, 0x00000000c3600000| Untracked 
|  55|0x00000000c3700000, 0x00000000c3700000, 0x00000000c3800000|  0%| F|  |TAMS 0x00000000c3700000, 0x00000000c3700000| Untracked 
|  56|0x00000000c3800000, 0x00000000c3800000, 0x00000000c3900000|  0%| F|  |TAMS 0x00000000c3800000, 0x00000000c3800000| Untracked 
|  57|0x00000000c3900000, 0x00000000c3900000, 0x00000000c3a00000|  0%| F|  |TAMS 0x00000000c3900000, 0x00000000c3900000| Untracked 
|  58|0x00000000c3a00000, 0x00000000c3a00000, 0x00000000c3b00000|  0%| F|  |TAMS 0x00000000c3a00000, 0x00000000c3a00000| Untracked 
|  59|0x00000000c3b00000, 0x00000000c3b00000, 0x00000000c3c00000|  0%| F|  |TAMS 0x00000000c3b00000, 0x00000000c3b00000| Untracked 
|  60|0x00000000c3c00000, 0x00000000c3c00000, 0x00000000c3d00000|  0%| F|  |TAMS 0x00000000c3c00000, 0x00000000c3c00000| Untracked 
|  61|0x00000000c3d00000, 0x00000000c3d00000, 0x00000000c3e00000|  0%| F|  |TAMS 0x00000000c3d00000, 0x00000000c3d00000| Untracked 
|  62|0x00000000c3e00000, 0x00000000c3e00000, 0x00000000c3f00000|  0%| F|  |TAMS 0x00000000c3e00000, 0x00000000c3e00000| Untracked 
|  63|0x00000000c3f00000, 0x00000000c3f00000, 0x00000000c4000000|  0%| F|  |TAMS 0x00000000c3f00000, 0x00000000c3f00000| Untracked 
|  64|0x00000000c4000000, 0x00000000c4000000, 0x00000000c4100000|  0%| F|  |TAMS 0x00000000c4000000, 0x00000000c4000000| Untracked 
|  65|0x00000000c4100000, 0x00000000c4100000, 0x00000000c4200000|  0%| F|  |TAMS 0x00000000c4100000, 0x00000000c4100000| Untracked 
|  66|0x00000000c4200000, 0x00000000c4200000, 0x00000000c4300000|  0%| F|  |TAMS 0x00000000c4200000, 0x00000000c4200000| Untracked 
|  67|0x00000000c4300000, 0x00000000c4300000, 0x00000000c4400000|  0%| F|  |TAMS 0x00000000c4300000, 0x00000000c4300000| Untracked 
|  68|0x00000000c4400000, 0x00000000c4400000, 0x00000000c4500000|  0%| F|  |TAMS 0x00000000c4400000, 0x00000000c4400000| Untracked 
|  69|0x00000000c4500000, 0x00000000c4500000, 0x00000000c4600000|  0%| F|  |TAMS 0x00000000c4500000, 0x00000000c4500000| Untracked 
|  70|0x00000000c4600000, 0x00000000c4600000, 0x00000000c4700000|  0%| F|  |TAMS 0x00000000c4600000, 0x00000000c4600000| Untracked 
|  71|0x00000000c4700000, 0x00000000c4700000, 0x00000000c4800000|  0%| F|  |TAMS 0x00000000c4700000, 0x00000000c4700000| Untracked 
|  72|0x00000000c4800000, 0x00000000c4800000, 0x00000000c4900000|  0%| F|  |TAMS 0x00000000c4800000, 0x00000000c4800000| Untracked 
|  73|0x00000000c4900000, 0x00000000c4900000, 0x00000000c4a00000|  0%| F|  |TAMS 0x00000000c4900000, 0x00000000c4900000| Untracked 
|  74|0x00000000c4a00000, 0x00000000c4a00000, 0x00000000c4b00000|  0%| F|  |TAMS 0x00000000c4a00000, 0x00000000c4a00000| Untracked 
|  75|0x00000000c4b00000, 0x00000000c4b00000, 0x00000000c4c00000|  0%| F|  |TAMS 0x00000000c4b00000, 0x00000000c4b00000| Untracked 
|  76|0x00000000c4c00000, 0x00000000c4c00000, 0x00000000c4d00000|  0%| F|  |TAMS 0x00000000c4c00000, 0x00000000c4c00000| Untracked 
|  77|0x00000000c4d00000, 0x00000000c4d00000, 0x00000000c4e00000|  0%| F|  |TAMS 0x00000000c4d00000, 0x00000000c4d00000| Untracked 
|  78|0x00000000c4e00000, 0x00000000c4e00000, 0x00000000c4f00000|  0%| F|  |TAMS 0x00000000c4e00000, 0x00000000c4e00000| Untracked 
|  79|0x00000000c4f00000, 0x00000000c4f00000, 0x00000000c5000000|  0%| F|  |TAMS 0x00000000c4f00000, 0x00000000c4f00000| Untracked 
|  80|0x00000000c5000000, 0x00000000c5000000, 0x00000000c5100000|  0%| F|  |TAMS 0x00000000c5000000, 0x00000000c5000000| Untracked 
|  81|0x00000000c5100000, 0x00000000c5100000, 0x00000000c5200000|  0%| F|  |TAMS 0x00000000c5100000, 0x00000000c5100000| Untracked 
|  82|0x00000000c5200000, 0x00000000c5200000, 0x00000000c5300000|  0%| F|  |TAMS 0x00000000c5200000, 0x00000000c5200000| Untracked 
|  83|0x00000000c5300000, 0x00000000c5300000, 0x00000000c5400000|  0%| F|  |TAMS 0x00000000c5300000, 0x00000000c5300000| Untracked 
|  84|0x00000000c5400000, 0x00000000c5400000, 0x00000000c5500000|  0%| F|  |TAMS 0x00000000c5400000, 0x00000000c5400000| Untracked 
|  85|0x00000000c5500000, 0x00000000c5500000, 0x00000000c5600000|  0%| F|  |TAMS 0x00000000c5500000, 0x00000000c5500000| Untracked 
|  86|0x00000000c5600000, 0x00000000c560b600, 0x00000000c5700000|  4%| E|  |TAMS 0x00000000c5600000, 0x00000000c5600000| Complete 

Card table byte_map: [0x0000018f406f0000,0x0000018f408f0000] _byte_map_base: 0x0000018f400f0000

Marking Bits (Prev, Next): (CMBitMap*) 0x0000018f387e6930, (CMBitMap*) 0x0000018f387e6970
 Prev Bits: [0x0000018f40af0000, 0x0000018f41af0000)
 Next Bits: [0x0000018f41af0000, 0x0000018f42af0000)

Polling page: 0x0000018f38660000

Metaspace:

Usage:
  Non-class:     39.31 MB used.
      Class:      6.59 MB used.
       Both:     45.90 MB used.

Virtual space:
  Non-class space:       64.00 MB reserved,      39.50 MB ( 62%) committed,  1 nodes.
      Class space:        1.00 GB reserved,       6.75 MB ( <1%) committed,  1 nodes.
             Both:        1.06 GB reserved,      46.25 MB (  4%) committed. 

Chunk freelists:
   Non-Class:  8.27 MB
       Class:  9.17 MB
        Both:  17.44 MB

MaxMetaspaceSize: unlimited
CompressedClassSpaceSize: 1.00 GB
Initial GC threshold: 21.00 MB
Current GC threshold: 77.12 MB
CDS: off
MetaspaceReclaimPolicy: balanced
 - commit_granule_bytes: 65536.
 - commit_granule_words: 8192.
 - virtual_space_node_default_size: 8388608.
 - enlarge_chunks_in_place: 1.
 - new_chunks_are_fully_committed: 0.
 - uncommit_free_chunks: 1.
 - use_allocation_guard: 0.
 - handle_deallocations: 1.


Internal statistics:

num_allocs_failed_limit: 3.
num_arena_births: 596.
num_arena_deaths: 180.
num_vsnodes_births: 2.
num_vsnodes_deaths: 0.
num_space_committed: 740.
num_space_uncommitted: 0.
num_chunks_returned_to_freelist: 215.
num_chunks_taken_from_freelist: 2182.
num_chunk_merges: 62.
num_chunk_splits: 1439.
num_chunks_enlarged: 1088.
num_inconsistent_stats: 0.

CodeCache: size=49152Kb used=12816Kb max_used=13128Kb free=36335Kb
 bounds [0x0000018f3cc60000, 0x0000018f3d940000, 0x0000018f3fc60000]
 total_blobs=7483 nmethods=6923 adapters=487
 compilation: enabled
              stopped_count=0, restarted_count=0
 full_count=0

Compilation events (20 events):
Event: 7524.646 Thread 0x0000018f456d0080 6914       1       java.lang.ProcessHandleImpl::getInternal (13 bytes)
Event: 7524.647 Thread 0x0000018f456d0080 nmethod 6914 0x0000018f3d8e9f90 code [0x0000018f3d8ea120, 0x0000018f3d8ea288]
Event: 7524.647 Thread 0x0000018f456d0080 6915       1       java.lang.ProcessImpl$2::<init> (20 bytes)
Event: 7524.647 Thread 0x0000018f456d0080 nmethod 6915 0x0000018f3d8e9c10 code [0x0000018f3d8e9da0, 0x0000018f3d8e9f18]
Event: 7524.647 Thread 0x0000018f456d0080 6916       1       java.lang.ProcessImpl$2::run (5 bytes)
Event: 7524.647 Thread 0x0000018f456d0080 nmethod 6916 0x0000018f3d8e9910 code [0x0000018f3d8e9aa0, 0x0000018f3d8e9b88]
Event: 7524.647 Thread 0x0000018f456d0080 6909       1       java.lang.Process::<init> (5 bytes)
Event: 7524.647 Thread 0x0000018f456d0080 nmethod 6909 0x0000018f3d8e9610 code [0x0000018f3d8e97a0, 0x0000018f3d8e9858]
Event: 7526.096 Thread 0x0000018f456d0080 6917   !   1       java.io.FilterOutputStream::close (183 bytes)
Event: 7526.169 Thread 0x0000018f456d0080 nmethod 6917 0x0000018f3d8e8490 code [0x0000018f3d8e86a0, 0x0000018f3d8e8b78]
Event: 7526.169 Thread 0x0000018f456d0080 6922       1       java.lang.ProcessImpl$$Lambda$693/0x000000010045d770::run (8 bytes)
Event: 7526.170 Thread 0x0000018f456d0080 nmethod 6922 0x0000018f3d8e8190 code [0x0000018f3d8e8320, 0x0000018f3d8e8408]
Event: 7526.170 Thread 0x0000018f456d0080 6923       1       java.lang.ProcessImpl::lambda$new$0 (6 bytes)
Event: 7526.170 Thread 0x0000018f456d0080 nmethod 6923 0x0000018f3d8e7e90 code [0x0000018f3d8e8020, 0x0000018f3d8e80e8]
Event: 7526.170 Thread 0x0000018f456d0080 6918   !   1       java.io.FileOutputStream::close (69 bytes)
Event: 7526.171 Thread 0x0000018f456d0080 nmethod 6918 0x0000018f3d8e7810 code [0x0000018f3d8e79e0, 0x0000018f3d8e7d58]
Event: 7526.172 Thread 0x0000018f456d0080 6919       1       java.io.FileOutputStream$1::<init> (10 bytes)
Event: 7526.172 Thread 0x0000018f456d0080 nmethod 6919 0x0000018f3d8e7510 code [0x0000018f3d8e76a0, 0x0000018f3d8e77b8]
Event: 7526.172 Thread 0x0000018f456d0080 6920       1       java.io.FileOutputStream$1::close (11 bytes)
Event: 7526.173 Thread 0x0000018f456d0080 nmethod 6920 0x0000018f3d8e6e90 code [0x0000018f3d8e7040, 0x0000018f3d8e7358]

GC Heap History (20 events):
Event: 8163.931 GC heap before
{Heap before GC invocations=374 (full 316):
 garbage-first heap   total 89088K, used 26187K [0x00000000c0000000, 0x0000000100000000)
  region size 1024K, 1 young (1024K), 0 survivors (0K)
 Metaspace       used 47001K, committed 47360K, reserved 1114112K
  class space    used 6750K, committed 6912K, reserved 1048576K
}
Event: 8164.004 GC heap after
{Heap after GC invocations=375 (full 317):
 garbage-first heap   total 89088K, used 26187K [0x00000000c0000000, 0x0000000100000000)
  region size 1024K, 0 young (0K), 0 survivors (0K)
 Metaspace       used 47001K, committed 47360K, reserved 1114112K
  class space    used 6750K, committed 6912K, reserved 1048576K
}
Event: 8174.275 GC heap before
{Heap before GC invocations=375 (full 317):
 garbage-first heap   total 89088K, used 26187K [0x00000000c0000000, 0x0000000100000000)
  region size 1024K, 1 young (1024K), 0 survivors (0K)
 Metaspace       used 47001K, committed 47360K, reserved 1114112K
  class space    used 6750K, committed 6912K, reserved 1048576K
}
Event: 8174.340 GC heap after
{Heap after GC invocations=376 (full 318):
 garbage-first heap   total 89088K, used 26187K [0x00000000c0000000, 0x0000000100000000)
  region size 1024K, 0 young (0K), 0 survivors (0K)
 Metaspace       used 47001K, committed 47360K, reserved 1114112K
  class space    used 6750K, committed 6912K, reserved 1048576K
}
Event: 8184.636 GC heap before
{Heap before GC invocations=376 (full 318):
 garbage-first heap   total 89088K, used 26187K [0x00000000c0000000, 0x0000000100000000)
  region size 1024K, 1 young (1024K), 0 survivors (0K)
 Metaspace       used 47001K, committed 47360K, reserved 1114112K
  class space    used 6750K, committed 6912K, reserved 1048576K
}
Event: 8184.699 GC heap after
{Heap after GC invocations=377 (full 319):
 garbage-first heap   total 89088K, used 26187K [0x00000000c0000000, 0x0000000100000000)
  region size 1024K, 0 young (0K), 0 survivors (0K)
 Metaspace       used 47001K, committed 47360K, reserved 1114112K
  class space    used 6750K, committed 6912K, reserved 1048576K
}
Event: 8195.100 GC heap before
{Heap before GC invocations=377 (full 319):
 garbage-first heap   total 89088K, used 26187K [0x00000000c0000000, 0x0000000100000000)
  region size 1024K, 1 young (1024K), 0 survivors (0K)
 Metaspace       used 47001K, committed 47360K, reserved 1114112K
  class space    used 6750K, committed 6912K, reserved 1048576K
}
Event: 8195.167 GC heap after
{Heap after GC invocations=378 (full 320):
 garbage-first heap   total 89088K, used 26187K [0x00000000c0000000, 0x0000000100000000)
  region size 1024K, 0 young (0K), 0 survivors (0K)
 Metaspace       used 47001K, committed 47360K, reserved 1114112K
  class space    used 6750K, committed 6912K, reserved 1048576K
}
Event: 8205.410 GC heap before
{Heap before GC invocations=378 (full 320):
 garbage-first heap   total 89088K, used 26187K [0x00000000c0000000, 0x0000000100000000)
  region size 1024K, 1 young (1024K), 0 survivors (0K)
 Metaspace       used 47001K, committed 47360K, reserved 1114112K
  class space    used 6750K, committed 6912K, reserved 1048576K
}
Event: 8205.456 GC heap after
{Heap after GC invocations=379 (full 321):
 garbage-first heap   total 89088K, used 26187K [0x00000000c0000000, 0x0000000100000000)
  region size 1024K, 0 young (0K), 0 survivors (0K)
 Metaspace       used 47001K, committed 47360K, reserved 1114112K
  class space    used 6750K, committed 6912K, reserved 1048576K
}
Event: 8215.744 GC heap before
{Heap before GC invocations=379 (full 321):
 garbage-first heap   total 89088K, used 26187K [0x00000000c0000000, 0x0000000100000000)
  region size 1024K, 1 young (1024K), 0 survivors (0K)
 Metaspace       used 47001K, committed 47360K, reserved 1114112K
  class space    used 6750K, committed 6912K, reserved 1048576K
}
Event: 8215.802 GC heap after
{Heap after GC invocations=380 (full 322):
 garbage-first heap   total 89088K, used 26187K [0x00000000c0000000, 0x0000000100000000)
  region size 1024K, 0 young (0K), 0 survivors (0K)
 Metaspace       used 47001K, committed 47360K, reserved 1114112K
  class space    used 6750K, committed 6912K, reserved 1048576K
}
Event: 8226.039 GC heap before
{Heap before GC invocations=380 (full 322):
 garbage-first heap   total 89088K, used 26187K [0x00000000c0000000, 0x0000000100000000)
  region size 1024K, 1 young (1024K), 0 survivors (0K)
 Metaspace       used 47001K, committed 47360K, reserved 1114112K
  class space    used 6750K, committed 6912K, reserved 1048576K
}
Event: 8226.088 GC heap after
{Heap after GC invocations=381 (full 323):
 garbage-first heap   total 89088K, used 26187K [0x00000000c0000000, 0x0000000100000000)
  region size 1024K, 0 young (0K), 0 survivors (0K)
 Metaspace       used 47001K, committed 47360K, reserved 1114112K
  class space    used 6750K, committed 6912K, reserved 1048576K
}
Event: 8236.778 GC heap before
{Heap before GC invocations=381 (full 323):
 garbage-first heap   total 89088K, used 26187K [0x00000000c0000000, 0x0000000100000000)
  region size 1024K, 1 young (1024K), 0 survivors (0K)
 Metaspace       used 47001K, committed 47360K, reserved 1114112K
  class space    used 6750K, committed 6912K, reserved 1048576K
}
Event: 8236.862 GC heap after
{Heap after GC invocations=382 (full 324):
 garbage-first heap   total 89088K, used 26187K [0x00000000c0000000, 0x0000000100000000)
  region size 1024K, 0 young (0K), 0 survivors (0K)
 Metaspace       used 47001K, committed 47360K, reserved 1114112K
  class space    used 6750K, committed 6912K, reserved 1048576K
}
Event: 8248.173 GC heap before
{Heap before GC invocations=382 (full 324):
 garbage-first heap   total 89088K, used 26187K [0x00000000c0000000, 0x0000000100000000)
  region size 1024K, 1 young (1024K), 0 survivors (0K)
 Metaspace       used 47001K, committed 47360K, reserved 1114112K
  class space    used 6750K, committed 6912K, reserved 1048576K
}
Event: 8248.268 GC heap after
{Heap after GC invocations=383 (full 325):
 garbage-first heap   total 89088K, used 26187K [0x00000000c0000000, 0x0000000100000000)
  region size 1024K, 0 young (0K), 0 survivors (0K)
 Metaspace       used 47001K, committed 47360K, reserved 1114112K
  class space    used 6750K, committed 6912K, reserved 1048576K
}
Event: 8258.667 GC heap before
{Heap before GC invocations=383 (full 325):
 garbage-first heap   total 89088K, used 26187K [0x00000000c0000000, 0x0000000100000000)
  region size 1024K, 1 young (1024K), 0 survivors (0K)
 Metaspace       used 47001K, committed 47360K, reserved 1114112K
  class space    used 6750K, committed 6912K, reserved 1048576K
}
Event: 8258.724 GC heap after
{Heap after GC invocations=384 (full 326):
 garbage-first heap   total 89088K, used 26187K [0x00000000c0000000, 0x0000000100000000)
  region size 1024K, 0 young (0K), 0 survivors (0K)
 Metaspace       used 47001K, committed 47360K, reserved 1114112K
  class space    used 6750K, committed 6912K, reserved 1048576K
}

Dll operation events (8 events):
Event: 0.006 Loaded shared library c:\Users\amine\.vscode\extensions\redhat.java-1.18.0-win32-x64\jre\17.0.7-win32-x86_64\bin\java.dll
Event: 0.183 Loaded shared library C:\Users\amine\.vscode\extensions\redhat.java-1.18.0-win32-x64\jre\17.0.7-win32-x86_64\bin\net.dll
Event: 0.187 Loaded shared library C:\Users\amine\.vscode\extensions\redhat.java-1.18.0-win32-x64\jre\17.0.7-win32-x86_64\bin\nio.dll
Event: 0.200 Loaded shared library C:\Users\amine\.vscode\extensions\redhat.java-1.18.0-win32-x64\jre\17.0.7-win32-x86_64\bin\zip.dll
Event: 0.478 Loaded shared library C:\Users\amine\.vscode\extensions\redhat.java-1.18.0-win32-x64\jre\17.0.7-win32-x86_64\bin\jimage.dll
Event: 2.708 Loaded shared library C:\Users\amine\.vscode\extensions\redhat.java-1.18.0-win32-x64\jre\17.0.7-win32-x86_64\bin\management.dll
Event: 2.711 Loaded shared library C:\Users\amine\.vscode\extensions\redhat.java-1.18.0-win32-x64\jre\17.0.7-win32-x86_64\bin\management_ext.dll
Event: 15.512 Loaded shared library c:\Users\amine\.vscode\extensions\redhat.java-1.18.0-win32-x64\jre\17.0.7-win32-x86_64\bin\verify.dll

Deoptimization events (20 events):
Event: 2.971 Thread 0x0000018f458d7280 DEOPT PACKING pc=0x0000018f3d0d0b17 sp=0x0000006a0f0ff080
Event: 2.971 Thread 0x0000018f458d7280 DEOPT UNPACKING pc=0x0000018f3ccb7143 sp=0x0000006a0f0fe4d8 mode 3
Event: 3.035 Thread 0x0000018f458d6db0 DEOPT PACKING pc=0x0000018f3d3025ab sp=0x0000006a0f3fe320
Event: 3.035 Thread 0x0000018f458d6db0 DEOPT UNPACKING pc=0x0000018f3ccb7143 sp=0x0000006a0f3fd868 mode 3
Event: 15.651 Thread 0x0000018f458d6db0 DEOPT PACKING pc=0x0000018f3d0c8152 sp=0x0000006a0f3fcfb0
Event: 15.651 Thread 0x0000018f458d6db0 DEOPT UNPACKING pc=0x0000018f3ccb7143 sp=0x0000006a0f3fc4b8 mode 3
Event: 16.593 Thread 0x0000018f458d6db0 DEOPT PACKING pc=0x0000018f3d804ff4 sp=0x0000006a0f3fdab0
Event: 16.593 Thread 0x0000018f458d6db0 DEOPT UNPACKING pc=0x0000018f3ccb7143 sp=0x0000006a0f3fcfe0 mode 0
Event: 16.593 Thread 0x0000018f458d6db0 DEOPT PACKING pc=0x0000018f3d81509c sp=0x0000006a0f3fdce0
Event: 16.593 Thread 0x0000018f458d6db0 DEOPT UNPACKING pc=0x0000018f3ccb7143 sp=0x0000006a0f3fd1e8 mode 0
Event: 16.594 Thread 0x0000018f458d6db0 DEOPT PACKING pc=0x0000018f3d771474 sp=0x0000006a0f3fddd0
Event: 16.594 Thread 0x0000018f458d6db0 DEOPT UNPACKING pc=0x0000018f3ccb7143 sp=0x0000006a0f3fd2c8 mode 0
Event: 16.594 Thread 0x0000018f458d6db0 DEOPT PACKING pc=0x0000018f3d756af4 sp=0x0000006a0f3fdea0
Event: 16.594 Thread 0x0000018f458d6db0 DEOPT UNPACKING pc=0x0000018f3ccb7143 sp=0x0000006a0f3fd378 mode 0
Event: 16.594 Thread 0x0000018f458d6db0 DEOPT PACKING pc=0x0000018f3d76cb24 sp=0x0000006a0f3fdf50
Event: 16.594 Thread 0x0000018f458d6db0 DEOPT UNPACKING pc=0x0000018f3ccb7143 sp=0x0000006a0f3fd4d0 mode 0
Event: 16.594 Thread 0x0000018f458d6db0 DEOPT PACKING pc=0x0000018f3d847b2c sp=0x0000006a0f3fe270
Event: 16.594 Thread 0x0000018f458d6db0 DEOPT UNPACKING pc=0x0000018f3ccb7143 sp=0x0000006a0f3fd700 mode 0
Event: 133.313 Thread 0x0000018f458d68e0 DEOPT PACKING pc=0x0000018f3d152b54 sp=0x0000006a0efff0a0
Event: 133.313 Thread 0x0000018f458d68e0 DEOPT UNPACKING pc=0x0000018f3ccb7143 sp=0x0000006a0effe548 mode 0

Classes unloaded (20 events):
Event: 104.976 Thread 0x0000018f455728a0 Unloading class 0x00000001006a0400 'jdk/internal/reflect/GeneratedConstructorAccessor22'
Event: 104.976 Thread 0x0000018f455728a0 Unloading class 0x00000001006a0000 'jdk/internal/reflect/GeneratedConstructorAccessor21'
Event: 104.976 Thread 0x0000018f455728a0 Unloading class 0x000000010069c400 'jdk/internal/reflect/GeneratedConstructorAccessor20'
Event: 104.976 Thread 0x0000018f455728a0 Unloading class 0x00000001004dc000 'jdk/internal/reflect/GeneratedMethodAccessor21'
Event: 104.976 Thread 0x0000018f455728a0 Unloading class 0x0000000100360800 'java/lang/invoke/LambdaForm$MH+0x0000000100360800'
Event: 104.976 Thread 0x0000018f455728a0 Unloading class 0x00000001000cb800 'java/lang/invoke/LambdaForm$MH+0x00000001000cb800'
Event: 104.976 Thread 0x0000018f455728a0 Unloading class 0x00000001000cb400 'java/lang/invoke/LambdaForm$MH+0x00000001000cb400'
Event: 104.976 Thread 0x0000018f455728a0 Unloading class 0x00000001000cb000 'java/lang/invoke/LambdaForm$MH+0x00000001000cb000'
Event: 104.976 Thread 0x0000018f455728a0 Unloading class 0x00000001000cac00 'java/lang/invoke/LambdaForm$MH+0x00000001000cac00'
Event: 104.976 Thread 0x0000018f455728a0 Unloading class 0x00000001000ca800 'java/lang/invoke/LambdaForm$MH+0x00000001000ca800'
Event: 104.976 Thread 0x0000018f455728a0 Unloading class 0x00000001000ca400 'java/lang/invoke/LambdaForm$MH+0x00000001000ca400'
Event: 104.976 Thread 0x0000018f455728a0 Unloading class 0x00000001000c8400 'java/lang/invoke/LambdaForm$MH+0x00000001000c8400'
Event: 2573.176 Thread 0x0000018f455728a0 Unloading class 0x00000001004a8400 'java/lang/invoke/LambdaForm$MH+0x00000001004a8400'
Event: 2573.177 Thread 0x0000018f455728a0 Unloading class 0x00000001004c4000 'java/lang/invoke/LambdaForm$MH+0x00000001004c4000'
Event: 2573.177 Thread 0x0000018f455728a0 Unloading class 0x00000001000c8400 'java/lang/invoke/LambdaForm$MH+0x00000001000c8400'
Event: 2573.177 Thread 0x0000018f455728a0 Unloading class 0x00000001000ca400 'java/lang/invoke/LambdaForm$MH+0x00000001000ca400'
Event: 2573.177 Thread 0x0000018f455728a0 Unloading class 0x00000001004dc000 'java/lang/invoke/LambdaForm$MH+0x00000001004dc000'
Event: 2573.177 Thread 0x0000018f455728a0 Unloading class 0x000000010069c400 'java/lang/invoke/LambdaForm$MH+0x000000010069c400'
Event: 2573.177 Thread 0x0000018f455728a0 Unloading class 0x00000001006a2800 'java/lang/invoke/LambdaForm$MH+0x00000001006a2800'
Event: 6261.265 Thread 0x0000018f455728a0 Unloading class 0x00000001006d0000 'java/lang/invoke/LambdaForm$DMH+0x00000001006d0000'

Classes redefined (0 events):
No events

Internal exceptions (20 events):
Event: 15.154 Thread 0x0000018f4b287830 Exception <a 'sun/nio/fs/WindowsException'{0x00000000d8709a48}> (0x00000000d8709a48) 
thrown [s\src\hotspot\share\prims\jni.cpp, line 516]
Event: 15.154 Thread 0x0000018f4b287830 Exception <a 'sun/nio/fs/WindowsException'{0x00000000d870a458}> (0x00000000d870a458) 
thrown [s\src\hotspot\share\prims\jni.cpp, line 516]
Event: 15.154 Thread 0x0000018f4b287830 Exception <a 'sun/nio/fs/WindowsException'{0x00000000d870a830}> (0x00000000d870a830) 
thrown [s\src\hotspot\share\prims\jni.cpp, line 516]
Event: 15.154 Thread 0x0000018f4b287830 Exception <a 'sun/nio/fs/WindowsException'{0x00000000d870b258}> (0x00000000d870b258) 
thrown [s\src\hotspot\share\prims\jni.cpp, line 516]
Event: 15.154 Thread 0x0000018f4b287830 Exception <a 'sun/nio/fs/WindowsException'{0x00000000d870b648}> (0x00000000d870b648) 
thrown [s\src\hotspot\share\prims\jni.cpp, line 516]
Event: 15.154 Thread 0x0000018f4b287830 Exception <a 'sun/nio/fs/WindowsException'{0x00000000d870c068}> (0x00000000d870c068) 
thrown [s\src\hotspot\share\prims\jni.cpp, line 516]
Event: 15.155 Thread 0x0000018f4b287830 Exception <a 'sun/nio/fs/WindowsException'{0x00000000d870c450}> (0x00000000d870c450) 
thrown [s\src\hotspot\share\prims\jni.cpp, line 516]
Event: 15.158 Thread 0x0000018f4b289510 Exception <a 'java/lang/NoSuchMethodError'{0x00000000d8407c80}: 'java.lang.Object java.lang.invoke.Invokers$Holder.invoke_MT(java.lang.Object, java.lang.Object, java.lang.Object)'> (0x00000000d8407c80) 
thrown [s\src\hotspot\share\interpreter\linkResolver.cpp, line 759]
Event: 15.266 Thread 0x0000018f4b289510 Exception <a 'sun/nio/fs/WindowsException'{0x00000000f2b2e0d8}> (0x00000000f2b2e0d8) 
thrown [s\src\hotspot\share\prims\jni.cpp, line 516]
Event: 15.266 Thread 0x0000018f4b28bb90 Exception <a 'sun/nio/fs/WindowsException'{0x00000000f2985c80}> (0x00000000f2985c80) 
thrown [s\src\hotspot\share\prims\jni.cpp, line 516]
Event: 15.267 Thread 0x0000018f4b285680 Exception <a 'sun/nio/fs/WindowsException'{0x00000000f2a46088}> (0x00000000f2a46088) 
thrown [s\src\hotspot\share\prims\jni.cpp, line 516]
Event: 15.267 Thread 0x0000018f4b28ca00 Exception <a 'sun/nio/fs/WindowsException'{0x00000000f286f390}> (0x00000000f286f390) 
thrown [s\src\hotspot\share\prims\jni.cpp, line 516]
Event: 15.267 Thread 0x0000018f4b2881d0 Exception <a 'sun/nio/fs/WindowsException'{0x00000000f27025d0}> (0x00000000f27025d0) 
thrown [s\src\hotspot\share\prims\jni.cpp, line 516]
Event: 15.267 Thread 0x0000018f4b289510 Exception <a 'sun/nio/fs/WindowsException'{0x00000000f2b308f8}> (0x00000000f2b308f8) 
thrown [s\src\hotspot\share\prims\jni.cpp, line 516]
Event: 15.286 Thread 0x0000018f458d6db0 Exception <a 'java/lang/NoSuchMethodError'{0x00000000f1d939c8}: 'void java.lang.invoke.DirectMethodHandle$Holder.invokeStatic(java.lang.Object, java.lang.Object, java.lang.Object, java.lang.Object, java.lang.Object, java.lang.Object, java.lang.Object)'> (0x00000000f1d939c8) 
thrown [s\src\hotspot\share\interpreter\linkResolver.cpp, line 759]
Event: 25.172 Thread 0x0000018f458d7c20 Exception <a 'java/lang/NoSuchMethodError'{0x00000000f2636df0}: 'java.lang.Object java.lang.invoke.DirectMethodHandle$Holder.invokeStatic(java.lang.Object, java.lang.Object, java.lang.Object, java.lang.Object, int)'> (0x00000000f2636df0) 
thrown [s\src\hotspot\share\interpreter\linkResolver.cpp, line 759]
Event: 73.325 Thread 0x0000018f458d8f60 Exception <a 'java/lang/NoSuchMethodError'{0x00000000f2502d58}: 'void java.lang.invoke.DirectMethodHandle$Holder.invokeStatic(java.lang.Object, long)'> (0x00000000f2502d58) 
thrown [s\src\hotspot\share\interpreter\linkResolver.cpp, line 759]
Event: 73.359 Thread 0x0000018f458d8f60 Exception <a 'java/lang/NoSuchMethodError'{0x00000000f2508100}: 'java.lang.Object java.lang.invoke.DirectMethodHandle$Holder.newInvokeSpecial(java.lang.Object, long)'> (0x00000000f2508100) 
thrown [s\src\hotspot\share\interpreter\linkResolver.cpp, line 759]
Event: 4192.608 Thread 0x0000018f4b28ced0 Exception <a 'java/lang/NoSuchMethodError'{0x00000000c3814850}: 'int java.lang.invoke.DirectMethodHandle$Holder.invokeStatic(java.lang.Object)'> (0x00000000c3814850) 
thrown [s\src\hotspot\share\interpreter\linkResolver.cpp, line 759]
Event: 4192.613 Thread 0x0000018f4b28ced0 Exception <a 'java/lang/NoSuchMethodError'{0x00000000c3817c50}: 'int java.lang.invoke.DirectMethodHandle$Holder.invokeStaticInit(java.lang.Object)'> (0x00000000c3817c50) 
thrown [s\src\hotspot\share\interpreter\linkResolver.cpp, line 759]

VM Operations (20 events):
Event: 8164.004 Executing VM operation: G1CollectFull done
Event: 8174.275 Executing VM operation: G1CollectFull
Event: 8174.340 Executing VM operation: G1CollectFull done
Event: 8184.635 Executing VM operation: G1CollectFull
Event: 8184.699 Executing VM operation: G1CollectFull done
Event: 8195.100 Executing VM operation: G1CollectFull
Event: 8195.167 Executing VM operation: G1CollectFull done
Event: 8205.410 Executing VM operation: G1CollectFull
Event: 8205.456 Executing VM operation: G1CollectFull done
Event: 8215.744 Executing VM operation: G1CollectFull
Event: 8215.802 Executing VM operation: G1CollectFull done
Event: 8226.039 Executing VM operation: G1CollectFull
Event: 8226.089 Executing VM operation: G1CollectFull done
Event: 8236.778 Executing VM operation: G1CollectFull
Event: 8236.862 Executing VM operation: G1CollectFull done
Event: 8248.173 Executing VM operation: G1CollectFull
Event: 8248.269 Executing VM operation: G1CollectFull done
Event: 8258.666 Executing VM operation: G1CollectFull
Event: 8258.724 Executing VM operation: G1CollectFull done
Event: 8269.396 Executing VM operation: G1CollectFull

Events (20 events):
Event: 4249.637 Thread 0x0000018f4b285b50 Thread exited: 0x0000018f4b285b50
Event: 4250.187 Thread 0x0000018f4b287d00 Thread exited: 0x0000018f4b287d00
Event: 4250.278 Thread 0x0000018f4b28c060 Thread exited: 0x0000018f4b28c060
Event: 4514.863 Thread 0x0000018f4b28c060 Thread added: 0x0000018f4b28c060
Event: 4580.948 Thread 0x0000018f4b285680 Thread exited: 0x0000018f4b285680
Event: 4630.106 Thread 0x0000018f4b28a850 Thread added: 0x0000018f4b28a850
Event: 4746.422 Thread 0x0000018f4b288b70 Thread added: 0x0000018f4b288b70
Event: 4806.428 Thread 0x0000018f4b28c060 Thread exited: 0x0000018f4b28c060
Event: 4806.429 Thread 0x0000018f4b2881d0 Thread exited: 0x0000018f4b2881d0
Event: 5290.762 Thread 0x0000018f4b287830 Thread added: 0x0000018f4b287830
Event: 5350.703 Thread 0x0000018f4b28a850 Thread exited: 0x0000018f4b28a850
Event: 5389.040 Thread 0x0000018f4b28ca00 Thread added: 0x0000018f4b28ca00
Event: 5449.036 Thread 0x0000018f4b287830 Thread exited: 0x0000018f4b287830
Event: 5472.028 Thread 0x0000018f4b28b1f0 Thread added: 0x0000018f4b28b1f0
Event: 5532.031 Thread 0x0000018f4b288b70 Thread exited: 0x0000018f4b288b70
Event: 5555.038 Thread 0x0000018f4b28bb90 Thread added: 0x0000018f4b28bb90
Event: 5615.046 Thread 0x0000018f4b28ca00 Thread exited: 0x0000018f4b28ca00
Event: 5623.144 Thread 0x0000018f4b28bb90 Thread exited: 0x0000018f4b28bb90
Event: 6261.841 Thread 0x0000018f4b28c530 Thread exited: 0x0000018f4b28c530
Event: 6285.372 Thread 0x0000018f4b28b1f0 Thread exited: 0x0000018f4b28b1f0


Dynamic libraries:
0x00007ff684190000 - 0x00007ff68419e000 	c:\Users\amine\.vscode\extensions\redhat.java-1.18.0-win32-x64\jre\17.0.7-win32-x86_64\bin\java.exe
0x00007ffb08430000 - 0x00007ffb08628000 	C:\WINDOWS\SYSTEM32\ntdll.dll
0x00007ffb081d0000 - 0x00007ffb0828f000 	C:\WINDOWS\System32\KERNEL32.DLL
0x00007ffb05e60000 - 0x00007ffb06156000 	C:\WINDOWS\System32\KERNELBASE.dll
0x00007ffb06340000 - 0x00007ffb06440000 	C:\WINDOWS\System32\ucrtbase.dll
0x00007ffabdef0000 - 0x00007ffabdf09000 	c:\Users\amine\.vscode\extensions\redhat.java-1.18.0-win32-x64\jre\17.0.7-win32-x86_64\bin\VCRUNTIME140.dll
0x00007ffabdf10000 - 0x00007ffabdf27000 	c:\Users\amine\.vscode\extensions\redhat.java-1.18.0-win32-x64\jre\17.0.7-win32-x86_64\bin\jli.dll
0x00007ffb07ca0000 - 0x00007ffb07e3d000 	C:\WINDOWS\System32\USER32.dll
0x00007ffb05b10000 - 0x00007ffb05b32000 	C:\WINDOWS\System32\win32u.dll
0x00007ffae8dd0000 - 0x00007ffae906a000 	C:\WINDOWS\WinSxS\amd64_microsoft.windows.common-controls_6595b64144ccf1df_6.0.19041.1110_none_60b5254171f9507e\COMCTL32.dll
0x00007ffb08290000 - 0x00007ffb082bc000 	C:\WINDOWS\System32\GDI32.dll
0x00007ffb07980000 - 0x00007ffb07a1e000 	C:\WINDOWS\System32\msvcrt.dll
0x00007ffb06220000 - 0x00007ffb06335000 	C:\WINDOWS\System32\gdi32full.dll
0x00007ffb05b40000 - 0x00007ffb05bdd000 	C:\WINDOWS\System32\msvcp_win.dll
0x00007ffb07e50000 - 0x00007ffb07e80000 	C:\WINDOWS\System32\IMM32.DLL
0x00007fface120000 - 0x00007fface12c000 	c:\Users\amine\.vscode\extensions\redhat.java-1.18.0-win32-x64\jre\17.0.7-win32-x86_64\bin\vcruntime140_1.dll
0x00007ffab1850000 - 0x00007ffab18e1000 	c:\Users\amine\.vscode\extensions\redhat.java-1.18.0-win32-x64\jre\17.0.7-win32-x86_64\bin\msvcp140.dll
0x00007ffa8f250000 - 0x00007ffa8fe98000 	c:\Users\amine\.vscode\extensions\redhat.java-1.18.0-win32-x64\jre\17.0.7-win32-x86_64\bin\server\jvm.dll
0x00007ffb06c00000 - 0x00007ffb06caf000 	C:\WINDOWS\System32\ADVAPI32.dll
0x00007ffb077f0000 - 0x00007ffb0788c000 	C:\WINDOWS\System32\sechost.dll
0x00007ffb06490000 - 0x00007ffb065b6000 	C:\WINDOWS\System32\RPCRT4.dll
0x00007ffafdd30000 - 0x00007ffafdd3a000 	C:\WINDOWS\SYSTEM32\VERSION.dll
0x00007ffaddfe0000 - 0x00007ffaddfe9000 	C:\WINDOWS\SYSTEM32\WSOCK32.dll
0x00007ffae8a30000 - 0x00007ffae8a57000 	C:\WINDOWS\SYSTEM32\WINMM.dll
0x00007ffb07780000 - 0x00007ffb077eb000 	C:\WINDOWS\System32\WS2_32.dll
0x00007ffb04320000 - 0x00007ffb04332000 	C:\WINDOWS\SYSTEM32\kernel.appcore.dll
0x00007ffaccf70000 - 0x00007ffaccf7a000 	c:\Users\amine\.vscode\extensions\redhat.java-1.18.0-win32-x64\jre\17.0.7-win32-x86_64\bin\jimage.dll
0x00007ffb03740000 - 0x00007ffb03924000 	C:\WINDOWS\SYSTEM32\DBGHELP.DLL
0x00007ffaddff0000 - 0x00007ffade024000 	C:\WINDOWS\SYSTEM32\dbgcore.DLL
0x00007ffb06160000 - 0x00007ffb061e2000 	C:\WINDOWS\System32\bcryptPrimitives.dll
0x00007ffac0940000 - 0x00007ffac0965000 	c:\Users\amine\.vscode\extensions\redhat.java-1.18.0-win32-x64\jre\17.0.7-win32-x86_64\bin\java.dll
0x00007ffabf080000 - 0x00007ffabf098000 	c:\Users\amine\.vscode\extensions\redhat.java-1.18.0-win32-x64\jre\17.0.7-win32-x86_64\bin\zip.dll
0x00007ffb07030000 - 0x00007ffb07774000 	C:\WINDOWS\System32\SHELL32.dll
0x00007ffb03b70000 - 0x00007ffb04303000 	C:\WINDOWS\SYSTEM32\windows.storage.dll
0x00007ffb06cd0000 - 0x00007ffb07024000 	C:\WINDOWS\System32\combase.dll
0x00007ffb05490000 - 0x00007ffb054be000 	C:\WINDOWS\SYSTEM32\Wldp.dll
0x00007ffb06ae0000 - 0x00007ffb06b8d000 	C:\WINDOWS\System32\SHCORE.dll
0x00007ffb06ba0000 - 0x00007ffb06bf5000 	C:\WINDOWS\System32\shlwapi.dll
0x00007ffb05a50000 - 0x00007ffb05a6f000 	C:\WINDOWS\SYSTEM32\profapi.dll
0x00007ffabe000000 - 0x00007ffabe019000 	C:\Users\amine\.vscode\extensions\redhat.java-1.18.0-win32-x64\jre\17.0.7-win32-x86_64\bin\net.dll
0x00007ffaf9210000 - 0x00007ffaf931a000 	C:\WINDOWS\SYSTEM32\WINHTTP.dll
0x00007ffb051a0000 - 0x00007ffb0520a000 	C:\WINDOWS\system32\mswsock.dll
0x00007ffabdc30000 - 0x00007ffabdc45000 	C:\Users\amine\.vscode\extensions\redhat.java-1.18.0-win32-x64\jre\17.0.7-win32-x86_64\bin\nio.dll
0x00007ffb05380000 - 0x00007ffb05398000 	C:\WINDOWS\SYSTEM32\CRYPTSP.dll
0x00007ffb04ad0000 - 0x00007ffb04b04000 	C:\WINDOWS\system32\rsaenh.dll
0x00007ffb061f0000 - 0x00007ffb06217000 	C:\WINDOWS\System32\bcrypt.dll
0x00007ffb059d0000 - 0x00007ffb059fe000 	C:\WINDOWS\SYSTEM32\USERENV.dll
0x00007ffb053a0000 - 0x00007ffb053ac000 	C:\WINDOWS\SYSTEM32\CRYPTBASE.dll
0x00007ffb04eb0000 - 0x00007ffb04eec000 	C:\WINDOWS\SYSTEM32\IPHLPAPI.DLL
0x00007ffb080e0000 - 0x00007ffb080e8000 	C:\WINDOWS\System32\NSI.dll
0x00007ffafcad0000 - 0x00007ffafcae7000 	C:\WINDOWS\SYSTEM32\dhcpcsvc6.DLL
0x00007ffafcab0000 - 0x00007ffafcacd000 	C:\WINDOWS\SYSTEM32\dhcpcsvc.DLL
0x00007ffb04ef0000 - 0x00007ffb04fbb000 	C:\WINDOWS\SYSTEM32\DNSAPI.dll
0x00007ffafe000000 - 0x00007ffafe009000 	C:\Users\amine\.vscode\extensions\redhat.java-1.18.0-win32-x64\jre\17.0.7-win32-x86_64\bin\management.dll
0x00007ffafdff0000 - 0x00007ffafdffb000 	C:\Users\amine\.vscode\extensions\redhat.java-1.18.0-win32-x64\jre\17.0.7-win32-x86_64\bin\management_ext.dll
0x00007ffb06b90000 - 0x00007ffb06b98000 	C:\WINDOWS\System32\PSAPI.DLL
0x00007ffaccab0000 - 0x00007ffaccac0000 	c:\Users\amine\.vscode\extensions\redhat.java-1.18.0-win32-x64\jre\17.0.7-win32-x86_64\bin\verify.dll

dbghelp: loaded successfully - version: 4.0.5 - missing functions: none
symbol engine: initialized successfully - sym options: 0x614 - pdb path: .;c:\Users\amine\.vscode\extensions\redhat.java-1.18.0-win32-x64\jre\17.0.7-win32-x86_64\bin;C:\WINDOWS\SYSTEM32;C:\WINDOWS\WinSxS\amd64_microsoft.windows.common-controls_6595b64144ccf1df_6.0.19041.1110_none_60b5254171f9507e;c:\Users\amine\.vscode\extensions\redhat.java-1.18.0-win32-x64\jre\17.0.7-win32-x86_64\bin\server

VM Arguments:
jvm_args: -XX:+HeapDumpOnOutOfMemoryError -Xmx1024m -Dsts.lsp.client=vscode -Dsts.log.file=/dev/null -XX:TieredStopAtLevel=1 -Xlog:jni+resolve=off -Dspring.config.location=file:c:\Users\amine\.vscode\extensions\vmware.vscode-spring-boot-1.46.0\language-server\BOOT-INF\classes\application.properties 
java_command: org.springframework.ide.vscode.boot.app.BootLanguageServerBootApp
java_class_path (initial): c:\Users\amine\.vscode\extensions\vmware.vscode-spring-boot-1.46.0\language-server\BOOT-INF\classes;c:\Users\amine\.vscode\extensions\vmware.vscode-spring-boot-1.46.0\language-server\BOOT-INF\lib\annotations-24.0.1.jar;c:\Users\amine\.vscode\extensions\vmware.vscode-spring-boot-1.46.0\language-server\BOOT-INF\lib\antlr-runtime-3.5.3.jar;c:\Users\amine\.vscode\extensions\vmware.vscode-spring-boot-1.46.0\language-server\BOOT-INF\lib\antlr4-4.11.1.jar;c:\Users\amine\.vscode\extensions\vmware.vscode-spring-boot-1.46.0\language-server\BOOT-INF\lib\antlr4-runtime-4.11.1.jar;c:\Users\amine\.vscode\extensions\vmware.vscode-spring-boot-1.46.0\language-server\BOOT-INF\lib\asm-9.5.jar;c:\Users\amine\.vscode\extensions\vmware.vscode-spring-boot-1.46.0\language-server\BOOT-INF\lib\asm-analysis-9.5.jar;c:\Users\amine\.vscode\extensions\vmware.vscode-spring-boot-1.46.0\language-server\BOOT-INF\lib\asm-tree-9.5.jar;c:\Users\amine\.vscode\extensions\vmware.vscode-spring-boot-1.46.0\language-server\BOOT-INF\lib\asm-util-9.5.jar;c:\Users\amine\.vscode\extensions\vmware.vscode-spring-boot-1.46.0\language-server\BOOT-INF\lib\caffeine-3.1.2.jar;c:\Users\amine\.vscode\extensions\vmware.vscode-spring-boot-1.46.0\language-server\BOOT-INF\lib\checker-qual-3.12.0.jar;c:\Users\amine\.vscode\extensions\vmware.vscode-spring-boot-1.46.0\language-server\BOOT-INF\lib\classgraph-4.8.149.jar;c:\Users\amine\.vscode\extensions\vmware.vscode-spring-boot-1.46.0\language-server\BOOT-INF\lib\commons-codec-1.15.jar;c:\Users\amine\.vscode\extensions\vmware.vscode-spring-boot-1.46.0\language-server\BOOT-INF\lib\commons-compress-1.23.0.jar;c:\Users\amine\.vscode\extensions\vmware.vscode-spring-boot-1.46.0\language-server\BOOT-INF\lib\commons-io-2.4.jar;c:\Users\amine\.vscode\extensions\vmware.vscode-spring-boot-1.46.0\language-server\BOOT-INF\lib\commons-java-1.46.0-SNAPSHOT.jar;c:\Users\amine\.vscode\extensions\vmware.vscode-spring-boot-1.46.0\language-server\BOOT-INF\lib\commons-
Launcher Type: SUN_STANDARD

[Global flags]
     intx CICompilerCount                          = 4                                         {product} {ergonomic}
     uint ConcGCThreads                            = 2                                         {product} {ergonomic}
     uint G1ConcRefinementThreads                  = 8                                         {product} {ergonomic}
   size_t G1HeapRegionSize                         = 1048576                                   {product} {ergonomic}
    uintx GCDrainStackTargetSize                   = 64                                        {product} {ergonomic}
     bool HeapDumpOnOutOfMemoryError               = true                                   {manageable} {command line}
   size_t InitialHeapSize                          = 132120576                                 {product} {ergonomic}
   size_t MarkStackSize                            = 4194304                                   {product} {ergonomic}
   size_t MaxHeapSize                              = 1073741824                                {product} {command line}
   size_t MaxNewSize                               = 643825664                                 {product} {ergonomic}
   size_t MinHeapDeltaBytes                        = 1048576                                   {product} {ergonomic}
   size_t MinHeapSize                              = 8388608                                   {product} {ergonomic}
    uintx NonProfiledCodeHeapSize                  = 0                                      {pd product} {ergonomic}
     bool ProfileInterpreter                       = false                                  {pd product} {command line}
    uintx ProfiledCodeHeapSize                     = 0                                      {pd product} {ergonomic}
   size_t SoftMaxHeapSize                          = 1073741824                             {manageable} {ergonomic}
     intx TieredStopAtLevel                        = 1                                         {product} {command line}
     bool UseCompressedClassPointers               = true                           {product lp64_product} {ergonomic}
     bool UseCompressedOops                        = true                           {product lp64_product} {ergonomic}
     bool UseG1GC                                  = true                                      {product} {ergonomic}
     bool UseLargePagesIndividualAllocation        = false                                  {pd product} {ergonomic}

Logging:
Log output configuration:
 #0: stdout all=warning,jni+resolve=off uptime,level,tags
 #1: stderr all=off uptime,level,tags

Environment Variables:
JAVA_HOME=C:\Program Files\Java\jdk-11.0.17
PATH=C:\Program Files\Common Files\Oracle\Java\javapath;C:\Python310\Scripts\;C:\Python310\;C:\windows\system32;C:\windows;C:\windows\System32\Wbem;C:\windows\System32\WindowsPowerShell\v1.0\;C:\windows\System32\OpenSSH\;C:\Program Files\NVIDIA Corporation\NVIDIA NvDLISR;C:\WINDOWS\system32;C:\WINDOWS;C:\WINDOWS\System32\Wbem;C:\WINDOWS\System32\WindowsPowerShell\v1.0\;C:\WINDOWS\System32\OpenSSH\;C:\Program Files\Microsoft SQL Server\Client SDK\ODBC\110\Tools\Binn\;C:\Program Files (x86)\Microsoft SQL Server\120\Tools\Binn\;C:\Program Files\Microsoft SQL Server\120\Tools\Binn\;C:\Program Files\Microsoft SQL Server\120\DTS\Binn\;C:\Program Files (x86)\Windows Kits\8.1\Windows Performance Toolkit\;C:\ProgramData\chocolatey\bin;C:\Program Files\CMake\bin;C:\Program Files\Polyspace\R2019a\runtime\win64;C:\Program Files\Polyspace\R2019a\bin;C:\Program Files\MATLAB\R2017a\runtime\win64;C:\Program Files\MATLAB\R2017a\bin;C:\Program Files\Polyspace\R2019a\polyspace\bin;C:\Program Files (x86)\eSpeak\command_line;C:\MinGW\bin;C:\Program Files\Git\cmd;C:\Program Files\Git\mingw64\bin;C:\Program Files\Git\usr\bin;C:\ProgramData\Anaconda3;C:\ProgramData\Anaconda3\Scripts;C:\ProgramData\Anaconda3\library\bin;C:\ProgramData\Anaconda3\library\usr\bin;C:\Program Files\MySQL\MySQL Utilities 1.6\;C:\xampp\php;C:\ProgramData\ComposerSetup\bin;C:\Mraihi_Amine\Mraihi_Amine\5_IOT\00_downloads;C:\Program Files\PowerShell\7\;C:\Program Files\Java\jdk-11.0.11\bin;C:\Gradle\gradle-7.4.2\bin;C:\Users\amine\AppData\Roaming\nvm;C:\Program Files\nodejs;C:\Users\amine\AppData\Roaming\nvm;C:\Program Files\nodejs\;C:\Program Files\Docker\Docker\resources\bin;C:\Program Files\MySQL\MySQL Shell 8.0\bin\;C:\Users\amine\AppData\Local\Programs\Python\Python36\Scripts\;C:\Users\amine\AppData\Local\Programs\Python\Python36\;C:\Users\amine\AppData\Local\Microsoft\WindowsApps;C:\Program Files\JetBrains\PyCharm Community Edition 2020.2.3\bin;;C:\ProgramData\Microsoft\Windows\Start Menu\Programs\Anaconda3 (64-bi
USERNAME=amine
OS=Windows_NT
PROCESSOR_IDENTIFIER=Intel64 Family 6 Model 158 Stepping 10, GenuineIntel
TMP=C:\Users\amine\AppData\Local\Temp
TEMP=C:\Users\amine\AppData\Local\Temp



---------------  S Y S T E M  ---------------

OS:
 Windows 10 , 64 bit Build 19041 (10.0.19041.2913)
OS uptime: 2 days 0:34 hours
Hyper-V role detected

CPU: total 8 (initial active 8) (4 cores per cpu, 2 threads per core) family 6 model 158 stepping 10 microcode 0xca, cx8, cmov, fxsr, ht, mmx, 3dnowpref, sse, sse2, sse3, ssse3, sse4.1, sse4.2, popcnt, lzcnt, tsc, tscinvbit, avx, avx2, aes, erms, clmul, bmi1, bmi2, adx, fma, vzeroupper, clflush, clflushopt, hv

Memory: 4k page, system-wide physical 8033M (200M free)
TotalPageFile size 32609M (AvailPageFile size 189M)
current process WorkingSet (physical memory assigned to process): 67M, peak: 767M
current process commit charge ("private bytes"): 239M, peak: 1040M

vm_info: OpenJDK 64-Bit Server VM (17.0.7+7) for windows-amd64 JRE (17.0.7+7), built on Apr 18 2023 22:10:42 by "temurin" with MS VC++ 16.7 (VS2019)

END.
