#
# There is insufficient memory for the Java Runtime Environment to continue.
# Native memory allocation (mmap) failed to map 242221056 bytes for G1 virtual space
# Possible reasons:
#   The system is out of physical RAM or swap space
#   The process is running with CompressedOops enabled, and the Java Heap may be blocking the growth of the native heap
# Possible solutions:
#   Reduce memory load on the system
#   Increase physical memory or swap space
#   Check if swap backing store is full
#   Decrease Java heap size (-Xmx/-Xms)
#   Decrease number of Java threads
#   Decrease Java thread stack sizes (-Xss)
#   Set larger code cache with -XX:ReservedCodeCacheSize=
#   JVM is running with Unscaled Compressed Oops mode in which the Java heap is
#     placed in the first 4GB address space. The Java Heap base address is the
#     maximum limit for the native heap growth. Please use -XX:HeapBaseMinAddress
#     to set the Java Heap base and to place the Java Heap above 4GB virtual address.
# This output file may be truncated or incomplete.
#
#  Out of Memory Error (os_windows.cpp:3559), pid=10232, tid=3404
#
# JRE version: OpenJDK Runtime Environment Temurin-17.0.7+7 (17.0.7+7) (build 17.0.7+7)
# Java VM: OpenJDK 64-Bit Server VM Temurin-17.0.7+7 (17.0.7+7, mixed mode, emulated-client, tiered, compressed oops, compressed class ptrs, g1 gc, windows-amd64)
# No core dump will be written. Minidumps are not enabled by default on client versions of Windows
#

---------------  S U M M A R Y ------------

Command Line: -XX:+HeapDumpOnOutOfMemoryError -Xmx1024m -Dsts.lsp.client=vscode -Dsts.log.file=/dev/null -XX:TieredStopAtLevel=1 -Xlog:jni+resolve=off -Dspring.config.location=file:c:\Users\amine\.vscode\extensions\vmware.vscode-spring-boot-1.46.0\language-server\BOOT-INF\classes\application.properties org.springframework.ide.vscode.boot.app.BootLanguageServerBootApp

Host: Intel(R) Core(TM) i5-9300H CPU @ 2.40GHz, 8 cores, 7G,  Windows 10 , 64 bit Build 19041 (10.0.19041.2913)
Time: Thu Jun  1 06:52:14 2023 W. Central Africa Standard Time elapsed time: 7.295979 seconds (0d 0h 0m 7s)

---------------  T H R E A D  ---------------

Current thread (0x0000018a3886c100):  VMThread "VM Thread" [stack: 0x00000052f0a00000,0x00000052f0b00000] [id=3404]

Stack: [0x00000052f0a00000,0x00000052f0b00000]
Native frames: (J=compiled Java code, j=interpreted, Vv=VM code, C=native code)
V  [jvm.dll+0x67754a]
V  [jvm.dll+0x834304]
V  [jvm.dll+0x835aae]
V  [jvm.dll+0x836113]
V  [jvm.dll+0x24696f]
V  [jvm.dll+0x6743f9]
V  [jvm.dll+0x668c8a]
V  [jvm.dll+0x3061bb]
V  [jvm.dll+0x30d6a6]
V  [jvm.dll+0x35cece]
V  [jvm.dll+0x35d0ff]
V  [jvm.dll+0x2dd048]
V  [jvm.dll+0x2db20c]
V  [jvm.dll+0x2da7dc]
V  [jvm.dll+0x31e6db]
V  [jvm.dll+0x83a5bb]
V  [jvm.dll+0x83b2f4]
V  [jvm.dll+0x83b80c]
V  [jvm.dll+0x83bbe4]
V  [jvm.dll+0x83bcb0]
V  [jvm.dll+0x7e4e7a]
V  [jvm.dll+0x676395]
C  [ucrtbase.dll+0x21bb2]
C  [KERNEL32.DLL+0x17614]
C  [ntdll.dll+0x526a1]

VM_Operation (0x00000052f35fe0e0): G1CollectForAllocation, mode: safepoint, requested by thread 0x0000018a3e320f50


---------------  P R O C E S S  ---------------

Threads class SMR info:
_java_thread_list=0x0000018a3f114140, length=39, elements={
0x0000018a38881730, 0x0000018a388825a0, 0x0000018a388ad800, 0x0000018a388ae670,
0x0000018a388b2140, 0x0000018a388b2af0, 0x0000018a388b34a0, 0x0000018a388b3e90,
0x0000018a389f02c0, 0x0000018a38bc72b0, 0x0000018a38bd0000, 0x0000018a3e0c2950,
0x0000018a3e05ad50, 0x0000018a3e177040, 0x0000018a3e138c20, 0x0000018a2dab4e50,
0x0000018a3d6ca340, 0x0000018a38a7e060, 0x0000018a38a7e530, 0x0000018a38a83b00,
0x0000018a38a85360, 0x0000018a38a85d00, 0x0000018a38a866a0, 0x0000018a38a85830,
0x0000018a38a849c0, 0x0000018a38a87040, 0x0000018a38a84020, 0x0000018a38a86b70,
0x0000018a38a87510, 0x0000018a38a844f0, 0x0000018a38a861d0, 0x0000018a38a879e0,
0x0000018a38a84e90, 0x0000018a3e326f90, 0x0000018a3e320f50, 0x0000018a3e321420,
0x0000018a3e327e00, 0x0000018a3e321dc0, 0x0000018a3e327460
}

Java Threads: ( => current thread )
  0x0000018a38881730 JavaThread "Reference Handler" daemon [_thread_blocked, id=9504, stack(0x00000052f0b00000,0x00000052f0c00000)]
  0x0000018a388825a0 JavaThread "Finalizer" daemon [_thread_blocked, id=11524, stack(0x00000052f0c00000,0x00000052f0d00000)]
  0x0000018a388ad800 JavaThread "Signal Dispatcher" daemon [_thread_blocked, id=24920, stack(0x00000052f0d00000,0x00000052f0e00000)]
  0x0000018a388ae670 JavaThread "Attach Listener" daemon [_thread_blocked, id=17312, stack(0x00000052f0e00000,0x00000052f0f00000)]
  0x0000018a388b2140 JavaThread "Service Thread" daemon [_thread_blocked, id=14424, stack(0x00000052f0f00000,0x00000052f1000000)]
  0x0000018a388b2af0 JavaThread "Monitor Deflation Thread" daemon [_thread_blocked, id=23392, stack(0x00000052f1000000,0x00000052f1100000)]
  0x0000018a388b34a0 JavaThread "C1 CompilerThread0" daemon [_thread_blocked, id=10620, stack(0x00000052f1100000,0x00000052f1200000)]
  0x0000018a388b3e90 JavaThread "Sweeper thread" daemon [_thread_blocked, id=11712, stack(0x00000052f1200000,0x00000052f1300000)]
  0x0000018a389f02c0 JavaThread "C1 CompilerThread1" daemon [_thread_blocked, id=17356, stack(0x00000052f1300000,0x00000052f1400000)]
  0x0000018a38bc72b0 JavaThread "Notification Thread" daemon [_thread_blocked, id=25372, stack(0x00000052f1400000,0x00000052f1500000)]
  0x0000018a38bd0000 JavaThread "Common-Cleaner" daemon [_thread_blocked, id=15176, stack(0x00000052f1600000,0x00000052f1700000)]
  0x0000018a3e0c2950 JavaThread "boundedElastic-evictor-1" daemon [_thread_blocked, id=24504, stack(0x00000052f1e00000,0x00000052f1f00000)]
  0x0000018a3e05ad50 JavaThread "boundedElastic-evictor-2" daemon [_thread_blocked, id=17188, stack(0x00000052f2000000,0x00000052f2100000)]
  0x0000018a3e177040 JavaThread "pool-10-thread-1" [_thread_blocked, id=8372, stack(0x00000052f2100000,0x00000052f2200000)]
  0x0000018a3e138c20 JavaThread "LanguageServerApp-lifecycle" [_thread_blocked, id=12976, stack(0x00000052f2200000,0x00000052f2300000)]
  0x0000018a2dab4e50 JavaThread "DestroyJavaVM" [_thread_blocked, id=20960, stack(0x00000052f0300000,0x00000052f0400000)]
  0x0000018a3d6ca340 JavaThread "pool-11-thread-1" [_thread_in_native, id=22572, stack(0x00000052f2300000,0x00000052f2400000)]
  0x0000018a38a7e060 JavaThread "Simple-Language-Server main thread" daemon [_thread_blocked, id=25092, stack(0x00000052f2400000,0x00000052f2500000)]
  0x0000018a38a7e530 JavaThread "pool-2-thread-1" [_thread_blocked, id=18620, stack(0x00000052f2500000,0x00000052f2600000)]
  0x0000018a38a83b00 JavaThread "pool-2-thread-2" [_thread_blocked, id=18860, stack(0x00000052f2600000,0x00000052f2700000)]
  0x0000018a38a85360 JavaThread "pool-2-thread-3" [_thread_blocked, id=26228, stack(0x00000052f2700000,0x00000052f2800000)]
  0x0000018a38a85d00 JavaThread "ForkJoinPool.commonPool-worker-1" daemon [_thread_blocked, id=6092, stack(0x00000052f2800000,0x00000052f2900000)]
  0x0000018a38a866a0 JavaThread "ClassGraph-worker-0" daemon [_thread_blocked, id=22304, stack(0x00000052f2900000,0x00000052f2a00000)]
  0x0000018a38a85830 JavaThread "ClassGraph-worker-1" daemon [_thread_blocked, id=26428, stack(0x00000052f2a00000,0x00000052f2b00000)]
  0x0000018a38a849c0 JavaThread "ClassGraph-worker-2" daemon [_thread_blocked, id=17168, stack(0x00000052f2b00000,0x00000052f2c00000)]
  0x0000018a38a87040 JavaThread "ClassGraph-worker-3" daemon [_thread_blocked, id=4372, stack(0x00000052f2c00000,0x00000052f2d00000)]
  0x0000018a38a84020 JavaThread "ClassGraph-worker-4" daemon [_thread_blocked, id=14716, stack(0x00000052f2d00000,0x00000052f2e00000)]
  0x0000018a38a86b70 JavaThread "ClassGraph-worker-5" daemon [_thread_blocked, id=11604, stack(0x00000052f2e00000,0x00000052f2f00000)]
  0x0000018a38a87510 JavaThread "ClassGraph-worker-6" daemon [_thread_blocked, id=18160, stack(0x00000052f2f00000,0x00000052f3000000)]
  0x0000018a38a844f0 JavaThread "ClassGraph-worker-7" daemon [_thread_blocked, id=15764, stack(0x00000052f3000000,0x00000052f3100000)]
  0x0000018a38a861d0 JavaThread "ClassGraph-worker-8" daemon [_thread_blocked, id=23148, stack(0x00000052f3100000,0x00000052f3200000)]
  0x0000018a38a879e0 JavaThread "ClassGraph-worker-9" daemon [_thread_blocked, id=11532, stack(0x00000052f3200000,0x00000052f3300000)]
  0x0000018a38a84e90 JavaThread "ClassGraph-worker-10" daemon [_thread_blocked, id=18256, stack(0x00000052f3300000,0x00000052f3400000)]
  0x0000018a3e326f90 JavaThread "ClassGraph-worker-11" daemon [_thread_blocked, id=20028, stack(0x00000052f3400000,0x00000052f3500000)]
  0x0000018a3e320f50 JavaThread "ClassGraph-worker-12" daemon [_thread_blocked, id=10792, stack(0x00000052f3500000,0x00000052f3600000)]
  0x0000018a3e321420 JavaThread "ClassGraph-worker-13" daemon [_thread_blocked, id=17224, stack(0x00000052f3600000,0x00000052f3700000)]
  0x0000018a3e327e00 JavaThread "parallel-1" daemon [_thread_blocked, id=22844, stack(0x00000052f3700000,0x00000052f3800000)]
  0x0000018a3e321dc0 JavaThread "pool-4-thread-1" [_thread_blocked, id=18684, stack(0x00000052f3800000,0x00000052f3900000)]
  0x0000018a3e327460 JavaThread "parallel-2" daemon [_thread_blocked, id=24292, stack(0x00000052f3900000,0x00000052f3a00000)]

Other Threads:
=>0x0000018a3886c100 VMThread "VM Thread" [stack: 0x00000052f0a00000,0x00000052f0b00000] [id=3404]
  0x0000018a38bc7780 WatcherThread [stack: 0x00000052f1500000,0x00000052f1600000] [id=15656]
  0x0000018a2daf57e0 GCTaskThread "GC Thread#0" [stack: 0x00000052f0500000,0x00000052f0600000] [id=25148]
  0x0000018a3d7fd3d0 GCTaskThread "GC Thread#1" [stack: 0x00000052f1700000,0x00000052f1800000] [id=3948]
  0x0000018a3d7fd680 GCTaskThread "GC Thread#2" [stack: 0x00000052f1800000,0x00000052f1900000] [id=6780]
  0x0000018a3d8426b0 GCTaskThread "GC Thread#3" [stack: 0x00000052f1900000,0x00000052f1a00000] [id=20140]
  0x0000018a3d842960 GCTaskThread "GC Thread#4" [stack: 0x00000052f1a00000,0x00000052f1b00000] [id=10340]
  0x0000018a3da4ef30 GCTaskThread "GC Thread#5" [stack: 0x00000052f1b00000,0x00000052f1c00000] [id=19472]
  0x0000018a3da4f1e0 GCTaskThread "GC Thread#6" [stack: 0x00000052f1c00000,0x00000052f1d00000] [id=4188]
  0x0000018a3da4f490 GCTaskThread "GC Thread#7" [stack: 0x00000052f1d00000,0x00000052f1e00000] [id=14140]
  0x0000018a2dafe720 ConcurrentGCThread "G1 Main Marker" [stack: 0x00000052f0600000,0x00000052f0700000] [id=8512]
  0x0000018a2daff130 ConcurrentGCThread "G1 Conc#0" [stack: 0x00000052f0700000,0x00000052f0800000] [id=14952]
  0x0000018a3dc2acf0 ConcurrentGCThread "G1 Conc#1" [stack: 0x00000052f1f00000,0x00000052f2000000] [id=23884]
  0x0000018a386e0090 ConcurrentGCThread "G1 Refine#0" [stack: 0x00000052f0800000,0x00000052f0900000] [id=13220]
  0x0000018a3efdc450 ConcurrentGCThread "G1 Refine#1" [stack: 0x00000052f3a00000,0x00000052f3b00000] [id=15660]
  0x0000018a386e0ab0 ConcurrentGCThread "G1 Service" [stack: 0x00000052f0900000,0x00000052f0a00000] [id=12408]

Threads with active compile tasks:

VM state: at safepoint (normal execution)

VM Mutex/Monitor currently owned by a thread:  ([mutex/lock_event])
[0x0000018a2b8fb150] Threads_lock - owner thread: 0x0000018a3886c100
[0x0000018a2dab08a0] Heap_lock - owner thread: 0x0000018a3e320f50

Heap address: 0x00000000c0000000, size: 1024 MB, Compressed Oops mode: 32-bit

CDS archive(s) not mapped
Compressed class space mapped at: 0x0000000100000000-0x0000000140000000, reserved size: 1073741824
Narrow klass base: 0x0000000000000000, Narrow klass shift: 3, Narrow klass range: 0x140000000

GC Precious Log:
 CPUs: 8 total, 8 available
 Memory: 8033M
 Large Page Support: Disabled
 NUMA Support: Disabled
 Compressed Oops: Enabled (32-bit)
 Heap Region Size: 1M
 Heap Min Capacity: 8M
 Heap Initial Capacity: 126M
 Heap Max Capacity: 1G
 Pre-touch: Disabled
 Parallel Workers: 8
 Concurrent Workers: 2
 Concurrent Refinement Workers: 8
 Periodic GC: Disabled

Heap:
 garbage-first heap   total 193536K, used 80858K [0x00000000c0000000, 0x0000000100000000)
  region size 1024K, 8 young (8192K), 8 survivors (8192K)
 Metaspace       used 40469K, committed 40896K, reserved 1114112K
  class space    used 5154K, committed 5376K, reserved 1048576K

Heap Regions: E=young(eden), S=young(survivor), O=old, HS=humongous(starts), HC=humongous(continues), CS=collection set, F=free, OA=open archive, CA=closed archive, TAMS=top-at-mark-start (previous, next)
|   0|0x00000000c0000000, 0x00000000c0100000, 0x00000000c0100000|100%| O|  |TAMS 0x00000000c0100000, 0x00000000c0000000| Untracked 
|   1|0x00000000c0100000, 0x00000000c0200000, 0x00000000c0200000|100%| O|  |TAMS 0x00000000c0200000, 0x00000000c0100000| Untracked 
|   2|0x00000000c0200000, 0x00000000c0300000, 0x00000000c0300000|100%| O|  |TAMS 0x00000000c0300000, 0x00000000c0200000| Untracked 
|   3|0x00000000c0300000, 0x00000000c0400000, 0x00000000c0400000|100%| O|  |TAMS 0x00000000c0400000, 0x00000000c0300000| Untracked 
|   4|0x00000000c0400000, 0x00000000c0500000, 0x00000000c0500000|100%| O|  |TAMS 0x00000000c0500000, 0x00000000c0400000| Untracked 
|   5|0x00000000c0500000, 0x00000000c0600000, 0x00000000c0600000|100%| O|  |TAMS 0x00000000c0600000, 0x00000000c0500000| Untracked 
|   6|0x00000000c0600000, 0x00000000c0700000, 0x00000000c0700000|100%| O|  |TAMS 0x00000000c0700000, 0x00000000c0600000| Untracked 
|   7|0x00000000c0700000, 0x00000000c07cca00, 0x00000000c0800000| 79%| O|  |TAMS 0x00000000c07cca00, 0x00000000c0700000| Untracked 
|   8|0x00000000c0800000, 0x00000000c0900000, 0x00000000c0900000|100%| O|  |TAMS 0x00000000c0900000, 0x00000000c0800000| Untracked 
|   9|0x00000000c0900000, 0x00000000c0a00000, 0x00000000c0a00000|100%| O|  |TAMS 0x00000000c0a00000, 0x00000000c0900000| Untracked 
|  10|0x00000000c0a00000, 0x00000000c0b00000, 0x00000000c0b00000|100%| O|  |TAMS 0x00000000c0b00000, 0x00000000c0a00000| Untracked 
|  11|0x00000000c0b00000, 0x00000000c0c00000, 0x00000000c0c00000|100%| O|  |TAMS 0x00000000c0c00000, 0x00000000c0b00000| Untracked 
|  12|0x00000000c0c00000, 0x00000000c0d00000, 0x00000000c0d00000|100%| O|  |TAMS 0x00000000c0d00000, 0x00000000c0c00000| Untracked 
|  13|0x00000000c0d00000, 0x00000000c0e00000, 0x00000000c0e00000|100%| O|  |TAMS 0x00000000c0e00000, 0x00000000c0d00000| Untracked 
|  14|0x00000000c0e00000, 0x00000000c0f00000, 0x00000000c0f00000|100%| O|  |TAMS 0x00000000c0f00000, 0x00000000c0e00000| Untracked 
|  15|0x00000000c0f00000, 0x00000000c1000000, 0x00000000c1000000|100%| O|  |TAMS 0x00000000c1000000, 0x00000000c0f00000| Untracked 
|  16|0x00000000c1000000, 0x00000000c1100000, 0x00000000c1100000|100%| O|  |TAMS 0x00000000c1100000, 0x00000000c1000000| Untracked 
|  17|0x00000000c1100000, 0x00000000c1200000, 0x00000000c1200000|100%| O|  |TAMS 0x00000000c1200000, 0x00000000c1100000| Untracked 
|  18|0x00000000c1200000, 0x00000000c1300000, 0x00000000c1300000|100%| O|  |TAMS 0x00000000c1300000, 0x00000000c1200000| Untracked 
|  19|0x00000000c1300000, 0x00000000c1400000, 0x00000000c1400000|100%| O|  |TAMS 0x00000000c1400000, 0x00000000c1300000| Untracked 
|  20|0x00000000c1400000, 0x00000000c1500000, 0x00000000c1500000|100%| O|  |TAMS 0x00000000c1500000, 0x00000000c1400000| Untracked 
|  21|0x00000000c1500000, 0x00000000c1600000, 0x00000000c1600000|100%| O|  |TAMS 0x00000000c1600000, 0x00000000c1500000| Untracked 
|  22|0x00000000c1600000, 0x00000000c1700000, 0x00000000c1700000|100%|HS|  |TAMS 0x00000000c1600000, 0x00000000c1600000| Complete 
|  23|0x00000000c1700000, 0x00000000c1800000, 0x00000000c1800000|100%| O|  |TAMS 0x00000000c1800000, 0x00000000c1700000| Untracked 
|  24|0x00000000c1800000, 0x00000000c1900000, 0x00000000c1900000|100%| O|  |TAMS 0x00000000c1900000, 0x00000000c1800000| Untracked 
|  25|0x00000000c1900000, 0x00000000c1a00000, 0x00000000c1a00000|100%| O|  |TAMS 0x00000000c1a00000, 0x00000000c1900000| Untracked 
|  26|0x00000000c1a00000, 0x00000000c1b00000, 0x00000000c1b00000|100%| O|  |TAMS 0x00000000c1b00000, 0x00000000c1a00000| Untracked 
|  27|0x00000000c1b00000, 0x00000000c1c00000, 0x00000000c1c00000|100%| O|  |TAMS 0x00000000c1c00000, 0x00000000c1b00000| Untracked 
|  28|0x00000000c1c00000, 0x00000000c1d00000, 0x00000000c1d00000|100%| O|  |TAMS 0x00000000c1d00000, 0x00000000c1c00000| Untracked 
|  29|0x00000000c1d00000, 0x00000000c1e00000, 0x00000000c1e00000|100%| O|  |TAMS 0x00000000c1d7b000, 0x00000000c1d00000| Untracked 
|  30|0x00000000c1e00000, 0x00000000c1f00000, 0x00000000c1f00000|100%| O|  |TAMS 0x00000000c1e00000, 0x00000000c1e00000| Untracked 
|  31|0x00000000c1f00000, 0x00000000c2000000, 0x00000000c2000000|100%| O|  |TAMS 0x00000000c1f00000, 0x00000000c1f00000| Untracked 
|  32|0x00000000c2000000, 0x00000000c2100000, 0x00000000c2100000|100%| O|  |TAMS 0x00000000c2000000, 0x00000000c2000000| Untracked 
|  33|0x00000000c2100000, 0x00000000c2200000, 0x00000000c2200000|100%| O|  |TAMS 0x00000000c2100000, 0x00000000c2100000| Untracked 
|  34|0x00000000c2200000, 0x00000000c2300000, 0x00000000c2300000|100%| O|  |TAMS 0x00000000c2200000, 0x00000000c2200000| Untracked 
|  35|0x00000000c2300000, 0x00000000c2400000, 0x00000000c2400000|100%| O|  |TAMS 0x00000000c2300000, 0x00000000c2300000| Untracked 
|  36|0x00000000c2400000, 0x00000000c2500000, 0x00000000c2500000|100%| O|  |TAMS 0x00000000c2400000, 0x00000000c2400000| Untracked 
|  37|0x00000000c2500000, 0x00000000c2600000, 0x00000000c2600000|100%|HS|  |TAMS 0x00000000c2500000, 0x00000000c2500000| Complete 
|  38|0x00000000c2600000, 0x00000000c2700000, 0x00000000c2700000|100%|HS|  |TAMS 0x00000000c2600000, 0x00000000c2600000| Complete 
|  39|0x00000000c2700000, 0x00000000c2800000, 0x00000000c2800000|100%| O|  |TAMS 0x00000000c2700000, 0x00000000c2700000| Untracked 
|  40|0x00000000c2800000, 0x00000000c2900000, 0x00000000c2900000|100%| O|  |TAMS 0x00000000c2800000, 0x00000000c2800000| Untracked 
|  41|0x00000000c2900000, 0x00000000c2a00000, 0x00000000c2a00000|100%| O|  |TAMS 0x00000000c2900000, 0x00000000c2900000| Untracked 
|  42|0x00000000c2a00000, 0x00000000c2b00000, 0x00000000c2b00000|100%| O|  |TAMS 0x00000000c2a00000, 0x00000000c2a00000| Untracked 
|  43|0x00000000c2b00000, 0x00000000c2c00000, 0x00000000c2c00000|100%| O|  |TAMS 0x00000000c2b00000, 0x00000000c2b00000| Untracked 
|  44|0x00000000c2c00000, 0x00000000c2d00000, 0x00000000c2d00000|100%| O|  |TAMS 0x00000000c2c00000, 0x00000000c2c00000| Untracked 
|  45|0x00000000c2d00000, 0x00000000c2e00000, 0x00000000c2e00000|100%| O|  |TAMS 0x00000000c2d00000, 0x00000000c2d00000| Untracked 
|  46|0x00000000c2e00000, 0x00000000c2f00000, 0x00000000c2f00000|100%| O|  |TAMS 0x00000000c2e00000, 0x00000000c2e00000| Untracked 
|  47|0x00000000c2f00000, 0x00000000c3000000, 0x00000000c3000000|100%| O|  |TAMS 0x00000000c2f00000, 0x00000000c2f00000| Untracked 
|  48|0x00000000c3000000, 0x00000000c3100000, 0x00000000c3100000|100%| O|  |TAMS 0x00000000c3000000, 0x00000000c3000000| Untracked 
|  49|0x00000000c3100000, 0x00000000c3200000, 0x00000000c3200000|100%| O|  |TAMS 0x00000000c3100000, 0x00000000c3100000| Untracked 
|  50|0x00000000c3200000, 0x00000000c3300000, 0x00000000c3300000|100%| O|  |TAMS 0x00000000c3200000, 0x00000000c3200000| Untracked 
|  51|0x00000000c3300000, 0x00000000c3400000, 0x00000000c3400000|100%| O|  |TAMS 0x00000000c3300000, 0x00000000c3300000| Untracked 
|  52|0x00000000c3400000, 0x00000000c3500000, 0x00000000c3500000|100%| O|  |TAMS 0x00000000c3400000, 0x00000000c3400000| Untracked 
|  53|0x00000000c3500000, 0x00000000c3600000, 0x00000000c3600000|100%| O|  |TAMS 0x00000000c3500000, 0x00000000c3500000| Untracked 
|  54|0x00000000c3600000, 0x00000000c3700000, 0x00000000c3700000|100%| O|  |TAMS 0x00000000c3600000, 0x00000000c3600000| Untracked 
|  55|0x00000000c3700000, 0x00000000c3800000, 0x00000000c3800000|100%| O|  |TAMS 0x00000000c3700000, 0x00000000c3700000| Untracked 
|  56|0x00000000c3800000, 0x00000000c3900000, 0x00000000c3900000|100%| O|  |TAMS 0x00000000c3800000, 0x00000000c3800000| Untracked 
|  57|0x00000000c3900000, 0x00000000c3a00000, 0x00000000c3a00000|100%| O|  |TAMS 0x00000000c3900000, 0x00000000c3900000| Untracked 
|  58|0x00000000c3a00000, 0x00000000c3b00000, 0x00000000c3b00000|100%| O|  |TAMS 0x00000000c3a00000, 0x00000000c3a00000| Untracked 
|  59|0x00000000c3b00000, 0x00000000c3c00000, 0x00000000c3c00000|100%| O|  |TAMS 0x00000000c3b00000, 0x00000000c3b00000| Untracked 
|  60|0x00000000c3c00000, 0x00000000c3d00000, 0x00000000c3d00000|100%| O|  |TAMS 0x00000000c3c00000, 0x00000000c3c00000| Untracked 
|  61|0x00000000c3d00000, 0x00000000c3e00000, 0x00000000c3e00000|100%| O|  |TAMS 0x00000000c3d00000, 0x00000000c3d00000| Untracked 
|  62|0x00000000c3e00000, 0x00000000c3f00000, 0x00000000c3f00000|100%| O|  |TAMS 0x00000000c3e00000, 0x00000000c3e00000| Untracked 
|  63|0x00000000c3f00000, 0x00000000c4000000, 0x00000000c4000000|100%| O|  |TAMS 0x00000000c3f00000, 0x00000000c3f00000| Untracked 
|  64|0x00000000c4000000, 0x00000000c4100000, 0x00000000c4100000|100%| O|  |TAMS 0x00000000c4000000, 0x00000000c4000000| Untracked 
|  65|0x00000000c4100000, 0x00000000c4200000, 0x00000000c4200000|100%| O|  |TAMS 0x00000000c4100000, 0x00000000c4100000| Untracked 
|  66|0x00000000c4200000, 0x00000000c4300000, 0x00000000c4300000|100%| O|  |TAMS 0x00000000c4200000, 0x00000000c4200000| Untracked 
|  67|0x00000000c4300000, 0x00000000c4400000, 0x00000000c4400000|100%| O|  |TAMS 0x00000000c4300000, 0x00000000c4300000| Untracked 
|  68|0x00000000c4400000, 0x00000000c4500000, 0x00000000c4500000|100%| O|  |TAMS 0x00000000c4400000, 0x00000000c4400000| Untracked 
|  69|0x00000000c4500000, 0x00000000c4600000, 0x00000000c4600000|100%| O|  |TAMS 0x00000000c4500000, 0x00000000c4500000| Untracked 
|  70|0x00000000c4600000, 0x00000000c4700000, 0x00000000c4700000|100%| O|  |TAMS 0x00000000c4600000, 0x00000000c4600000| Untracked 
|  71|0x00000000c4700000, 0x00000000c47f7a00, 0x00000000c4800000| 96%| O|  |TAMS 0x00000000c4700000, 0x00000000c4700000| Untracked 
|  72|0x00000000c4800000, 0x00000000c4800000, 0x00000000c4900000|  0%| F|  |TAMS 0x00000000c4800000, 0x00000000c4800000| Untracked 
|  73|0x00000000c4900000, 0x00000000c4900000, 0x00000000c4a00000|  0%| F|  |TAMS 0x00000000c4900000, 0x00000000c4900000| Untracked 
|  74|0x00000000c4a00000, 0x00000000c4a00000, 0x00000000c4b00000|  0%| F|  |TAMS 0x00000000c4a00000, 0x00000000c4a00000| Untracked 
|  75|0x00000000c4b00000, 0x00000000c4b00000, 0x00000000c4c00000|  0%| F|  |TAMS 0x00000000c4b00000, 0x00000000c4b00000| Untracked 
|  76|0x00000000c4c00000, 0x00000000c4c00000, 0x00000000c4d00000|  0%| F|  |TAMS 0x00000000c4c00000, 0x00000000c4c00000| Untracked 
|  77|0x00000000c4d00000, 0x00000000c4d00000, 0x00000000c4e00000|  0%| F|  |TAMS 0x00000000c4d00000, 0x00000000c4d00000| Untracked 
|  78|0x00000000c4e00000, 0x00000000c4e00000, 0x00000000c4f00000|  0%| F|  |TAMS 0x00000000c4e00000, 0x00000000c4e00000| Untracked 
|  79|0x00000000c4f00000, 0x00000000c4f00000, 0x00000000c5000000|  0%| F|  |TAMS 0x00000000c4f00000, 0x00000000c4f00000| Untracked 
|  80|0x00000000c5000000, 0x00000000c5000000, 0x00000000c5100000|  0%| F|  |TAMS 0x00000000c5000000, 0x00000000c5000000| Untracked 
|  81|0x00000000c5100000, 0x00000000c5100000, 0x00000000c5200000|  0%| F|  |TAMS 0x00000000c5100000, 0x00000000c5100000| Untracked 
|  82|0x00000000c5200000, 0x00000000c5200000, 0x00000000c5300000|  0%| F|  |TAMS 0x00000000c5200000, 0x00000000c5200000| Untracked 
|  83|0x00000000c5300000, 0x00000000c5300000, 0x00000000c5400000|  0%| F|  |TAMS 0x00000000c5300000, 0x00000000c5300000| Untracked 
|  84|0x00000000c5400000, 0x00000000c5400000, 0x00000000c5500000|  0%| F|  |TAMS 0x00000000c5400000, 0x00000000c5400000| Untracked 
|  85|0x00000000c5500000, 0x00000000c5500000, 0x00000000c5600000|  0%| F|  |TAMS 0x00000000c5500000, 0x00000000c5500000| Untracked 
|  86|0x00000000c5600000, 0x00000000c5600000, 0x00000000c5700000|  0%| F|  |TAMS 0x00000000c5600000, 0x00000000c5600000| Untracked 
|  87|0x00000000c5700000, 0x00000000c5700000, 0x00000000c5800000|  0%| F|  |TAMS 0x00000000c5700000, 0x00000000c5700000| Untracked 
|  88|0x00000000c5800000, 0x00000000c5800000, 0x00000000c5900000|  0%| F|  |TAMS 0x00000000c5800000, 0x00000000c5800000| Untracked 
|  89|0x00000000c5900000, 0x00000000c5900000, 0x00000000c5a00000|  0%| F|  |TAMS 0x00000000c5900000, 0x00000000c5900000| Untracked 
|  90|0x00000000c5a00000, 0x00000000c5a00000, 0x00000000c5b00000|  0%| F|  |TAMS 0x00000000c5a00000, 0x00000000c5a00000| Untracked 
|  91|0x00000000c5b00000, 0x00000000c5b00000, 0x00000000c5c00000|  0%| F|  |TAMS 0x00000000c5b00000, 0x00000000c5b00000| Untracked 
|  92|0x00000000c5c00000, 0x00000000c5c00000, 0x00000000c5d00000|  0%| F|  |TAMS 0x00000000c5c00000, 0x00000000c5c00000| Untracked 
|  93|0x00000000c5d00000, 0x00000000c5d00000, 0x00000000c5e00000|  0%| F|  |TAMS 0x00000000c5d00000, 0x00000000c5d00000| Untracked 
|  94|0x00000000c5e00000, 0x00000000c5e00000, 0x00000000c5f00000|  0%| F|  |TAMS 0x00000000c5e00000, 0x00000000c5e00000| Untracked 
|  95|0x00000000c5f00000, 0x00000000c5f00000, 0x00000000c6000000|  0%| F|  |TAMS 0x00000000c5f00000, 0x00000000c5f00000| Untracked 
|  96|0x00000000c6000000, 0x00000000c6000000, 0x00000000c6100000|  0%| F|  |TAMS 0x00000000c6000000, 0x00000000c6000000| Untracked 
|  97|0x00000000c6100000, 0x00000000c6100000, 0x00000000c6200000|  0%| F|  |TAMS 0x00000000c6100000, 0x00000000c6100000| Untracked 
|  98|0x00000000c6200000, 0x00000000c6200000, 0x00000000c6300000|  0%| F|  |TAMS 0x00000000c6200000, 0x00000000c6200000| Untracked 
|  99|0x00000000c6300000, 0x00000000c6300000, 0x00000000c6400000|  0%| F|  |TAMS 0x00000000c6300000, 0x00000000c6300000| Untracked 
| 100|0x00000000c6400000, 0x00000000c6400000, 0x00000000c6500000|  0%| F|  |TAMS 0x00000000c6400000, 0x00000000c6400000| Untracked 
| 101|0x00000000c6500000, 0x00000000c6500000, 0x00000000c6600000|  0%| F|  |TAMS 0x00000000c6500000, 0x00000000c6500000| Untracked 
| 102|0x00000000c6600000, 0x00000000c6600000, 0x00000000c6700000|  0%| F|  |TAMS 0x00000000c6600000, 0x00000000c6600000| Untracked 
| 103|0x00000000c6700000, 0x00000000c6700000, 0x00000000c6800000|  0%| F|  |TAMS 0x00000000c6700000, 0x00000000c6700000| Untracked 
| 104|0x00000000c6800000, 0x00000000c6800000, 0x00000000c6900000|  0%| F|  |TAMS 0x00000000c6800000, 0x00000000c6800000| Untracked 
| 105|0x00000000c6900000, 0x00000000c6900000, 0x00000000c6a00000|  0%| F|  |TAMS 0x00000000c6900000, 0x00000000c6900000| Untracked 
| 106|0x00000000c6a00000, 0x00000000c6a00000, 0x00000000c6b00000|  0%| F|  |TAMS 0x00000000c6a00000, 0x00000000c6a00000| Untracked 
| 107|0x00000000c6b00000, 0x00000000c6b00000, 0x00000000c6c00000|  0%| F|  |TAMS 0x00000000c6b00000, 0x00000000c6b00000| Untracked 
| 108|0x00000000c6c00000, 0x00000000c6c00000, 0x00000000c6d00000|  0%| F|  |TAMS 0x00000000c6c00000, 0x00000000c6c00000| Untracked 
| 109|0x00000000c6d00000, 0x00000000c6d00000, 0x00000000c6e00000|  0%| F|  |TAMS 0x00000000c6d00000, 0x00000000c6d00000| Untracked 
| 110|0x00000000c6e00000, 0x00000000c6e00000, 0x00000000c6f00000|  0%| F|  |TAMS 0x00000000c6e00000, 0x00000000c6e00000| Untracked 
| 111|0x00000000c6f00000, 0x00000000c6f00000, 0x00000000c7000000|  0%| F|  |TAMS 0x00000000c6f00000, 0x00000000c6f00000| Untracked 
| 112|0x00000000c7000000, 0x00000000c7000000, 0x00000000c7100000|  0%| F|  |TAMS 0x00000000c7000000, 0x00000000c7000000| Untracked 
| 113|0x00000000c7100000, 0x00000000c7100000, 0x00000000c7200000|  0%| F|  |TAMS 0x00000000c7100000, 0x00000000c7100000| Untracked 
| 114|0x00000000c7200000, 0x00000000c72325a0, 0x00000000c7300000| 19%| S|CS|TAMS 0x00000000c7200000, 0x00000000c7200000| Complete 
| 115|0x00000000c7300000, 0x00000000c7400000, 0x00000000c7400000|100%| S|CS|TAMS 0x00000000c7300000, 0x00000000c7300000| Complete 
| 116|0x00000000c7400000, 0x00000000c7500000, 0x00000000c7500000|100%| S|CS|TAMS 0x00000000c7400000, 0x00000000c7400000| Complete 
| 117|0x00000000c7500000, 0x00000000c7600000, 0x00000000c7600000|100%| S|CS|TAMS 0x00000000c7500000, 0x00000000c7500000| Complete 
| 118|0x00000000c7600000, 0x00000000c7700000, 0x00000000c7700000|100%| S|CS|TAMS 0x00000000c7600000, 0x00000000c7600000| Complete 
| 119|0x00000000c7700000, 0x00000000c7800000, 0x00000000c7800000|100%| S|CS|TAMS 0x00000000c7700000, 0x00000000c7700000| Complete 
| 120|0x00000000c7800000, 0x00000000c7900000, 0x00000000c7900000|100%| S|CS|TAMS 0x00000000c7800000, 0x00000000c7800000| Complete 
| 121|0x00000000c7900000, 0x00000000c7a00000, 0x00000000c7a00000|100%| S|CS|TAMS 0x00000000c7900000, 0x00000000c7900000| Complete 
| 122|0x00000000c7a00000, 0x00000000c7a00000, 0x00000000c7b00000|  0%| F|  |TAMS 0x00000000c7a00000, 0x00000000c7a00000| Untracked 
| 123|0x00000000c7b00000, 0x00000000c7b00000, 0x00000000c7c00000|  0%| F|  |TAMS 0x00000000c7b00000, 0x00000000c7b00000| Untracked 
| 124|0x00000000c7c00000, 0x00000000c7c00000, 0x00000000c7d00000|  0%| F|  |TAMS 0x00000000c7c00000, 0x00000000c7c00000| Untracked 
| 125|0x00000000c7d00000, 0x00000000c7d00000, 0x00000000c7e00000|  0%| F|  |TAMS 0x00000000c7d00000, 0x00000000c7d00000| Untracked 
| 126|0x00000000c7e00000, 0x00000000c7e00000, 0x00000000c7f00000|  0%| F|  |TAMS 0x00000000c7e00000, 0x00000000c7e00000| Untracked 
| 127|0x00000000c7f00000, 0x00000000c7f00000, 0x00000000c8000000|  0%| F|  |TAMS 0x00000000c7f00000, 0x00000000c7f00000| Untracked 
| 128|0x00000000c8000000, 0x00000000c8000000, 0x00000000c8100000|  0%| F|  |TAMS 0x00000000c8000000, 0x00000000c8000000| Untracked 
| 129|0x00000000c8100000, 0x00000000c8100000, 0x00000000c8200000|  0%| F|  |TAMS 0x00000000c8100000, 0x00000000c8100000| Untracked 
| 130|0x00000000c8200000, 0x00000000c8200000, 0x00000000c8300000|  0%| F|  |TAMS 0x00000000c8200000, 0x00000000c8200000| Untracked 
| 131|0x00000000c8300000, 0x00000000c8300000, 0x00000000c8400000|  0%| F|  |TAMS 0x00000000c8300000, 0x00000000c8300000| Untracked 
| 132|0x00000000c8400000, 0x00000000c8400000, 0x00000000c8500000|  0%| F|  |TAMS 0x00000000c8400000, 0x00000000c8400000| Untracked 
| 133|0x00000000c8500000, 0x00000000c8500000, 0x00000000c8600000|  0%| F|  |TAMS 0x00000000c8500000, 0x00000000c8500000| Untracked 
| 134|0x00000000c8600000, 0x00000000c8600000, 0x00000000c8700000|  0%| F|  |TAMS 0x00000000c8600000, 0x00000000c8600000| Untracked 
| 135|0x00000000c8700000, 0x00000000c8700000, 0x00000000c8800000|  0%| F|  |TAMS 0x00000000c8700000, 0x00000000c8700000| Untracked 
| 136|0x00000000c8800000, 0x00000000c8800000, 0x00000000c8900000|  0%| F|  |TAMS 0x00000000c8800000, 0x00000000c8800000| Untracked 
| 137|0x00000000c8900000, 0x00000000c8900000, 0x00000000c8a00000|  0%| F|  |TAMS 0x00000000c8900000, 0x00000000c8900000| Untracked 
| 138|0x00000000c8a00000, 0x00000000c8a00000, 0x00000000c8b00000|  0%| F|  |TAMS 0x00000000c8a00000, 0x00000000c8a00000| Untracked 
| 139|0x00000000c8b00000, 0x00000000c8b00000, 0x00000000c8c00000|  0%| F|  |TAMS 0x00000000c8b00000, 0x00000000c8b00000| Untracked 
| 140|0x00000000c8c00000, 0x00000000c8c00000, 0x00000000c8d00000|  0%| F|  |TAMS 0x00000000c8c00000, 0x00000000c8c00000| Untracked 
| 141|0x00000000c8d00000, 0x00000000c8d00000, 0x00000000c8e00000|  0%| F|  |TAMS 0x00000000c8d00000, 0x00000000c8d00000| Untracked 
| 142|0x00000000c8e00000, 0x00000000c8e00000, 0x00000000c8f00000|  0%| F|  |TAMS 0x00000000c8e00000, 0x00000000c8e00000| Untracked 
| 143|0x00000000c8f00000, 0x00000000c8f00000, 0x00000000c9000000|  0%| F|  |TAMS 0x00000000c8f00000, 0x00000000c8f00000| Untracked 
| 144|0x00000000c9000000, 0x00000000c9000000, 0x00000000c9100000|  0%| F|  |TAMS 0x00000000c9000000, 0x00000000c9000000| Untracked 
| 145|0x00000000c9100000, 0x00000000c9100000, 0x00000000c9200000|  0%| F|  |TAMS 0x00000000c9100000, 0x00000000c9100000| Untracked 
| 146|0x00000000c9200000, 0x00000000c9200000, 0x00000000c9300000|  0%| F|  |TAMS 0x00000000c9200000, 0x00000000c9200000| Untracked 
| 147|0x00000000c9300000, 0x00000000c9300000, 0x00000000c9400000|  0%| F|  |TAMS 0x00000000c9300000, 0x00000000c9300000| Untracked 
| 148|0x00000000c9400000, 0x00000000c9400000, 0x00000000c9500000|  0%| F|  |TAMS 0x00000000c9400000, 0x00000000c9400000| Untracked 
| 149|0x00000000c9500000, 0x00000000c9500000, 0x00000000c9600000|  0%| F|  |TAMS 0x00000000c9500000, 0x00000000c9500000| Untracked 
| 150|0x00000000c9600000, 0x00000000c9600000, 0x00000000c9700000|  0%| F|  |TAMS 0x00000000c9600000, 0x00000000c9600000| Untracked 
| 151|0x00000000c9700000, 0x00000000c9700000, 0x00000000c9800000|  0%| F|  |TAMS 0x00000000c9700000, 0x00000000c9700000| Untracked 
| 152|0x00000000c9800000, 0x00000000c9800000, 0x00000000c9900000|  0%| F|  |TAMS 0x00000000c9800000, 0x00000000c9800000| Untracked 
| 153|0x00000000c9900000, 0x00000000c9900000, 0x00000000c9a00000|  0%| F|  |TAMS 0x00000000c9900000, 0x00000000c9900000| Untracked 
| 154|0x00000000c9a00000, 0x00000000c9a00000, 0x00000000c9b00000|  0%| F|  |TAMS 0x00000000c9a00000, 0x00000000c9a00000| Untracked 
| 155|0x00000000c9b00000, 0x00000000c9b00000, 0x00000000c9c00000|  0%| F|  |TAMS 0x00000000c9b00000, 0x00000000c9b00000| Untracked 
| 156|0x00000000c9c00000, 0x00000000c9c00000, 0x00000000c9d00000|  0%| F|  |TAMS 0x00000000c9c00000, 0x00000000c9c00000| Untracked 
| 157|0x00000000c9d00000, 0x00000000c9d00000, 0x00000000c9e00000|  0%| F|  |TAMS 0x00000000c9d00000, 0x00000000c9d00000| Untracked 
| 158|0x00000000c9e00000, 0x00000000c9e00000, 0x00000000c9f00000|  0%| F|  |TAMS 0x00000000c9e00000, 0x00000000c9e00000| Untracked 
| 159|0x00000000c9f00000, 0x00000000c9f00000, 0x00000000ca000000|  0%| F|  |TAMS 0x00000000c9f00000, 0x00000000c9f00000| Untracked 
| 160|0x00000000ca000000, 0x00000000ca000000, 0x00000000ca100000|  0%| F|  |TAMS 0x00000000ca000000, 0x00000000ca000000| Untracked 
| 161|0x00000000ca100000, 0x00000000ca100000, 0x00000000ca200000|  0%| F|  |TAMS 0x00000000ca100000, 0x00000000ca100000| Untracked 
| 162|0x00000000ca200000, 0x00000000ca200000, 0x00000000ca300000|  0%| F|  |TAMS 0x00000000ca200000, 0x00000000ca200000| Untracked 
| 163|0x00000000ca300000, 0x00000000ca300000, 0x00000000ca400000|  0%| F|  |TAMS 0x00000000ca300000, 0x00000000ca300000| Untracked 
| 164|0x00000000ca400000, 0x00000000ca400000, 0x00000000ca500000|  0%| F|  |TAMS 0x00000000ca400000, 0x00000000ca400000| Untracked 
| 165|0x00000000ca500000, 0x00000000ca500000, 0x00000000ca600000|  0%| F|  |TAMS 0x00000000ca500000, 0x00000000ca500000| Untracked 
| 166|0x00000000ca600000, 0x00000000ca600000, 0x00000000ca700000|  0%| F|  |TAMS 0x00000000ca600000, 0x00000000ca600000| Untracked 
| 167|0x00000000ca700000, 0x00000000ca700000, 0x00000000ca800000|  0%| F|  |TAMS 0x00000000ca700000, 0x00000000ca700000| Untracked 
| 168|0x00000000ca800000, 0x00000000ca800000, 0x00000000ca900000|  0%| F|  |TAMS 0x00000000ca800000, 0x00000000ca800000| Untracked 
| 169|0x00000000ca900000, 0x00000000ca900000, 0x00000000caa00000|  0%| F|  |TAMS 0x00000000ca900000, 0x00000000ca900000| Untracked 
| 170|0x00000000caa00000, 0x00000000caa00000, 0x00000000cab00000|  0%| F|  |TAMS 0x00000000caa00000, 0x00000000caa00000| Untracked 
| 171|0x00000000cab00000, 0x00000000cab00000, 0x00000000cac00000|  0%| F|  |TAMS 0x00000000cab00000, 0x00000000cab00000| Untracked 
| 172|0x00000000cac00000, 0x00000000cac00000, 0x00000000cad00000|  0%| F|  |TAMS 0x00000000cac00000, 0x00000000cac00000| Untracked 
| 173|0x00000000cad00000, 0x00000000cad00000, 0x00000000cae00000|  0%| F|  |TAMS 0x00000000cad00000, 0x00000000cad00000| Untracked 
| 174|0x00000000cae00000, 0x00000000cae00000, 0x00000000caf00000|  0%| F|  |TAMS 0x00000000cae00000, 0x00000000cae00000| Untracked 
| 175|0x00000000caf00000, 0x00000000caf00000, 0x00000000cb000000|  0%| F|  |TAMS 0x00000000caf00000, 0x00000000caf00000| Untracked 
| 176|0x00000000cb000000, 0x00000000cb000000, 0x00000000cb100000|  0%| F|  |TAMS 0x00000000cb000000, 0x00000000cb000000| Untracked 
| 177|0x00000000cb100000, 0x00000000cb100000, 0x00000000cb200000|  0%| F|  |TAMS 0x00000000cb100000, 0x00000000cb100000| Untracked 
| 178|0x00000000cb200000, 0x00000000cb200000, 0x00000000cb300000|  0%| F|  |TAMS 0x00000000cb200000, 0x00000000cb200000| Untracked 
| 179|0x00000000cb300000, 0x00000000cb300000, 0x00000000cb400000|  0%| F|  |TAMS 0x00000000cb300000, 0x00000000cb300000| Untracked 
| 180|0x00000000cb400000, 0x00000000cb400000, 0x00000000cb500000|  0%| F|  |TAMS 0x00000000cb400000, 0x00000000cb400000| Untracked 
| 181|0x00000000cb500000, 0x00000000cb500000, 0x00000000cb600000|  0%| F|  |TAMS 0x00000000cb500000, 0x00000000cb500000| Untracked 
| 182|0x00000000cb600000, 0x00000000cb600000, 0x00000000cb700000|  0%| F|  |TAMS 0x00000000cb600000, 0x00000000cb600000| Untracked 
| 183|0x00000000cb700000, 0x00000000cb700000, 0x00000000cb800000|  0%| F|  |TAMS 0x00000000cb700000, 0x00000000cb700000| Untracked 
| 184|0x00000000cb800000, 0x00000000cb800000, 0x00000000cb900000|  0%| F|  |TAMS 0x00000000cb800000, 0x00000000cb800000| Untracked 
| 185|0x00000000cb900000, 0x00000000cb900000, 0x00000000cba00000|  0%| F|  |TAMS 0x00000000cb900000, 0x00000000cb900000| Untracked 
| 186|0x00000000cba00000, 0x00000000cba00000, 0x00000000cbb00000|  0%| F|  |TAMS 0x00000000cba00000, 0x00000000cba00000| Untracked 
| 187|0x00000000cbb00000, 0x00000000cbb00000, 0x00000000cbc00000|  0%| F|  |TAMS 0x00000000cbb00000, 0x00000000cbb00000| Untracked 
| 188|0x00000000cbc00000, 0x00000000cbc00000, 0x00000000cbd00000|  0%| F|  |TAMS 0x00000000cbc00000, 0x00000000cbc00000| Untracked 

Card table byte_map: [0x0000018a33a50000,0x0000018a33c50000] _byte_map_base: 0x0000018a33450000

Marking Bits (Prev, Next): (CMBitMap*) 0x0000018a2daf5df0, (CMBitMap*) 0x0000018a2daf5e30
 Prev Bits: [0x0000018a33e50000, 0x0000018a34e50000)
 Next Bits: [0x0000018a34e50000, 0x0000018a35e50000)

Polling page: 0x0000018a2ba50000

Metaspace:

Usage:
  Non-class:     34.49 MB used.
      Class:      5.03 MB used.
       Both:     39.52 MB used.

Virtual space:
  Non-class space:       64.00 MB reserved,      34.69 MB ( 54%) committed,  1 nodes.
      Class space:        1.00 GB reserved,       5.25 MB ( <1%) committed,  1 nodes.
             Both:        1.06 GB reserved,      39.94 MB (  4%) committed. 

Chunk freelists:
   Non-Class:  13.06 MB
       Class:  10.71 MB
        Both:  23.77 MB

MaxMetaspaceSize: unlimited
CompressedClassSpaceSize: 1.00 GB
Initial GC threshold: 21.00 MB
Current GC threshold: 61.38 MB
CDS: off
MetaspaceReclaimPolicy: balanced
 - commit_granule_bytes: 65536.
 - commit_granule_words: 8192.
 - virtual_space_node_default_size: 8388608.
 - enlarge_chunks_in_place: 1.
 - new_chunks_are_fully_committed: 0.
 - uncommit_free_chunks: 1.
 - use_allocation_guard: 0.
 - handle_deallocations: 1.


Internal statistics:

num_allocs_failed_limit: 6.
num_arena_births: 512.
num_arena_deaths: 0.
num_vsnodes_births: 2.
num_vsnodes_deaths: 0.
num_space_committed: 639.
num_space_uncommitted: 0.
num_chunks_returned_to_freelist: 6.
num_chunks_taken_from_freelist: 1757.
num_chunk_merges: 3.
num_chunk_splits: 1203.
num_chunks_enlarged: 888.
num_inconsistent_stats: 0.

CodeCache: size=49152Kb used=8656Kb max_used=8656Kb free=40495Kb
 bounds [0x0000018a30740000, 0x0000018a30fc0000, 0x0000018a33740000]
 total_blobs=4758 nmethods=4193 adapters=491
 compilation: enabled
              stopped_count=0, restarted_count=0
 full_count=0

Compilation events (20 events):
Event: 7.267 Thread 0x0000018a388b34a0 4184       1       java.lang.StringLatin1::compareToCI (108 bytes)
Event: 7.267 Thread 0x0000018a389f02c0 4185       1       org.eclipse.jdt.internal.compiler.batch.ClasspathLocation::getModuleNames (12 bytes)
Event: 7.268 Thread 0x0000018a388b34a0 nmethod 4184 0x0000018a30fb0110 code [0x0000018a30fb0300, 0x0000018a30fb0618]
Event: 7.268 Thread 0x0000018a389f02c0 nmethod 4185 0x0000018a30fb0890 code [0x0000018a30fb0a40, 0x0000018a30fb0bd8]
Event: 7.268 Thread 0x0000018a389f02c0 4186       1       org.eclipse.jdt.internal.compiler.batch.ClasspathLocation$$Lambda$686/0x0000000100534838::<init> (10 bytes)
Event: 7.268 Thread 0x0000018a389f02c0 nmethod 4186 0x0000018a30fb0d10 code [0x0000018a30fb0ea0, 0x0000018a30fb0fb8]
Event: 7.268 Thread 0x0000018a389f02c0 4187       1       org.eclipse.jdt.internal.compiler.batch.ClasspathLocation::getModuleNames (35 bytes)
Event: 7.269 Thread 0x0000018a389f02c0 nmethod 4187 0x0000018a30fb1010 code [0x0000018a30fb11e0, 0x0000018a30fb14b8]
Event: 7.273 Thread 0x0000018a389f02c0 4188       1       sun.nio.fs.WindowsFileAttributes::fileKey (2 bytes)
Event: 7.273 Thread 0x0000018a389f02c0 nmethod 4188 0x0000018a30fb1690 code [0x0000018a30fb1820, 0x0000018a30fb18f8]
Event: 7.276 Thread 0x0000018a389f02c0 4189       1       org.eclipse.jdt.internal.compiler.batch.ClasspathLocation$$Lambda$688/0x0000000100534cb0::apply (12 bytes)
Event: 7.276 Thread 0x0000018a388b34a0 4190       1       org.eclipse.jdt.internal.compiler.batch.ClasspathLocation::lambda$2 (9 bytes)
Event: 7.276 Thread 0x0000018a389f02c0 nmethod 4189 0x0000018a30fb1990 code [0x0000018a30fb1b60, 0x0000018a30fb1e88]
Event: 7.276 Thread 0x0000018a389f02c0 4192       1       org.eclipse.jdt.internal.compiler.batch.ClasspathLocation::addRequired (113 bytes)
Event: 7.276 Thread 0x0000018a388b34a0 nmethod 4190 0x0000018a30fb2090 code [0x0000018a30fb2240, 0x0000018a30fb2528]
Event: 7.276 Thread 0x0000018a388b34a0 4191       1       org.eclipse.jdt.internal.compiler.env.IModule$IPackageExport::isQualified (20 bytes)
Event: 7.277 Thread 0x0000018a388b34a0 nmethod 4191 0x0000018a30fb2690 code [0x0000018a30fb2820, 0x0000018a30fb2978]
Event: 7.277 Thread 0x0000018a389f02c0 nmethod 4192 0x0000018a30fb2a90 code [0x0000018a30fb2cc0, 0x0000018a30fb32d8]
Event: 7.286 Thread 0x0000018a389f02c0 4193       1       java.util.concurrent.ConcurrentHashMap::resizeStamp (9 bytes)
Event: 7.287 Thread 0x0000018a389f02c0 nmethod 4193 0x0000018a30fb3d90 code [0x0000018a30fb3f20, 0x0000018a30fb3fe8]

GC Heap History (20 events):
Event: 6.392 GC heap after
{Heap after GC invocations=11 (full 0):
 garbage-first heap   total 54272K, used 22973K [0x00000000c0000000, 0x0000000100000000)
  region size 1024K, 3 young (3072K), 3 survivors (3072K)
 Metaspace       used 36224K, committed 36672K, reserved 1114112K
  class space    used 4769K, committed 4992K, reserved 1048576K
}
Event: 6.446 GC heap before
{Heap before GC invocations=11 (full 0):
 garbage-first heap   total 54272K, used 38333K [0x00000000c0000000, 0x0000000100000000)
  region size 1024K, 19 young (19456K), 3 survivors (3072K)
 Metaspace       used 36267K, committed 36736K, reserved 1114112K
  class space    used 4778K, committed 4992K, reserved 1048576K
}
Event: 6.450 GC heap after
{Heap after GC invocations=12 (full 0):
 garbage-first heap   total 54272K, used 27270K [0x00000000c0000000, 0x0000000100000000)
  region size 1024K, 3 young (3072K), 3 survivors (3072K)
 Metaspace       used 36267K, committed 36736K, reserved 1114112K
  class space    used 4778K, committed 4992K, reserved 1048576K
}
Event: 6.500 GC heap before
{Heap before GC invocations=12 (full 0):
 garbage-first heap   total 54272K, used 39558K [0x00000000c0000000, 0x0000000100000000)
  region size 1024K, 16 young (16384K), 3 survivors (3072K)
 Metaspace       used 36650K, committed 37120K, reserved 1114112K
  class space    used 4830K, committed 5056K, reserved 1048576K
}
Event: 6.504 GC heap after
{Heap after GC invocations=13 (full 0):
 garbage-first heap   total 54272K, used 30046K [0x00000000c0000000, 0x0000000100000000)
  region size 1024K, 2 young (2048K), 2 survivors (2048K)
 Metaspace       used 36650K, committed 37120K, reserved 1114112K
  class space    used 4830K, committed 5056K, reserved 1048576K
}
Event: 6.554 GC heap before
{Heap before GC invocations=14 (full 0):
 garbage-first heap   total 61440K, used 40286K [0x00000000c0000000, 0x0000000100000000)
  region size 1024K, 13 young (13312K), 2 survivors (2048K)
 Metaspace       used 36887K, committed 37312K, reserved 1114112K
  class space    used 4838K, committed 5056K, reserved 1048576K
}
Event: 6.558 GC heap after
{Heap after GC invocations=15 (full 0):
 garbage-first heap   total 61440K, used 31971K [0x00000000c0000000, 0x0000000100000000)
  region size 1024K, 2 young (2048K), 2 survivors (2048K)
 Metaspace       used 36887K, committed 37312K, reserved 1114112K
  class space    used 4838K, committed 5056K, reserved 1048576K
}
Event: 6.594 GC heap before
{Heap before GC invocations=15 (full 0):
 garbage-first heap   total 61440K, used 45283K [0x00000000c0000000, 0x0000000100000000)
  region size 1024K, 16 young (16384K), 2 survivors (2048K)
 Metaspace       used 37120K, committed 37568K, reserved 1114112K
  class space    used 4854K, committed 5056K, reserved 1048576K
}
Event: 6.597 GC heap after
{Heap after GC invocations=16 (full 0):
 garbage-first heap   total 61440K, used 34229K [0x00000000c0000000, 0x0000000100000000)
  region size 1024K, 2 young (2048K), 2 survivors (2048K)
 Metaspace       used 37120K, committed 37568K, reserved 1114112K
  class space    used 4854K, committed 5056K, reserved 1048576K
}
Event: 6.648 GC heap before
{Heap before GC invocations=17 (full 0):
 garbage-first heap   total 73728K, used 46517K [0x00000000c0000000, 0x0000000100000000)
  region size 1024K, 15 young (15360K), 2 survivors (2048K)
 Metaspace       used 37432K, committed 37824K, reserved 1114112K
  class space    used 4885K, committed 5056K, reserved 1048576K
}
Event: 6.652 GC heap after
{Heap after GC invocations=18 (full 0):
 garbage-first heap   total 73728K, used 36386K [0x00000000c0000000, 0x0000000100000000)
  region size 1024K, 2 young (2048K), 2 survivors (2048K)
 Metaspace       used 37432K, committed 37824K, reserved 1114112K
  class space    used 4885K, committed 5056K, reserved 1048576K
}
Event: 6.657 GC heap before
{Heap before GC invocations=18 (full 0):
 garbage-first heap   total 73728K, used 37410K [0x00000000c0000000, 0x0000000100000000)
  region size 1024K, 3 young (3072K), 2 survivors (2048K)
 Metaspace       used 37480K, committed 37888K, reserved 1114112K
  class space    used 4887K, committed 5056K, reserved 1048576K
}
Event: 6.661 GC heap after
{Heap after GC invocations=19 (full 0):
 garbage-first heap   total 193536K, used 36593K [0x00000000c0000000, 0x0000000100000000)
  region size 1024K, 1 young (1024K), 1 survivors (1024K)
 Metaspace       used 37480K, committed 37888K, reserved 1114112K
  class space    used 4887K, committed 5056K, reserved 1048576K
}
Event: 7.151 GC heap before
{Heap before GC invocations=19 (full 0):
 garbage-first heap   total 193536K, used 138993K [0x00000000c0000000, 0x0000000100000000)
  region size 1024K, 99 young (101376K), 1 survivors (1024K)
 Metaspace       used 39928K, committed 40448K, reserved 1114112K
  class space    used 5118K, committed 5376K, reserved 1048576K
}
Event: 7.186 GC heap after
{Heap after GC invocations=20 (full 0):
 garbage-first heap   total 193536K, used 72236K [0x00000000c0000000, 0x0000000100000000)
  region size 1024K, 13 young (13312K), 13 survivors (13312K)
 Metaspace       used 39928K, committed 40448K, reserved 1114112K
  class space    used 5118K, committed 5376K, reserved 1048576K
}
Event: 7.225 GC heap before
{Heap before GC invocations=20 (full 0):
 garbage-first heap   total 193536K, used 124460K [0x00000000c0000000, 0x0000000100000000)
  region size 1024K, 65 young (66560K), 13 survivors (13312K)
 Metaspace       used 40109K, committed 40576K, reserved 1114112K
  class space    used 5132K, committed 5376K, reserved 1048576K
}
Event: 7.235 GC heap after
{Heap after GC invocations=21 (full 0):
 garbage-first heap   total 193536K, used 76351K [0x00000000c0000000, 0x0000000100000000)
  region size 1024K, 3 young (3072K), 3 survivors (3072K)
 Metaspace       used 40109K, committed 40576K, reserved 1114112K
  class space    used 5132K, committed 5376K, reserved 1048576K
}
Event: 7.263 GC heap before
{Heap before GC invocations=21 (full 0):
 garbage-first heap   total 193536K, used 132671K [0x00000000c0000000, 0x0000000100000000)
  region size 1024K, 59 young (60416K), 3 survivors (3072K)
 Metaspace       used 40450K, committed 40896K, reserved 1114112K
  class space    used 5152K, committed 5376K, reserved 1048576K
}
Event: 7.266 GC heap after
{Heap after GC invocations=22 (full 0):
 garbage-first heap   total 193536K, used 78113K [0x00000000c0000000, 0x0000000100000000)
  region size 1024K, 5 young (5120K), 5 survivors (5120K)
 Metaspace       used 40450K, committed 40896K, reserved 1114112K
  class space    used 5152K, committed 5376K, reserved 1048576K
}
Event: 7.290 GC heap before
{Heap before GC invocations=22 (full 0):
 garbage-first heap   total 193536K, used 140577K [0x00000000c0000000, 0x0000000100000000)
  region size 1024K, 67 young (68608K), 5 survivors (5120K)
 Metaspace       used 40469K, committed 40896K, reserved 1114112K
  class space    used 5154K, committed 5376K, reserved 1048576K
}

Dll operation events (7 events):
Event: 0.020 Loaded shared library c:\Users\amine\.vscode\extensions\redhat.java-1.18.0-win32-x64\jre\17.0.7-win32-x86_64\bin\java.dll
Event: 0.668 Loaded shared library C:\Users\amine\.vscode\extensions\redhat.java-1.18.0-win32-x64\jre\17.0.7-win32-x86_64\bin\net.dll
Event: 0.673 Loaded shared library C:\Users\amine\.vscode\extensions\redhat.java-1.18.0-win32-x64\jre\17.0.7-win32-x86_64\bin\nio.dll
Event: 0.692 Loaded shared library C:\Users\amine\.vscode\extensions\redhat.java-1.18.0-win32-x64\jre\17.0.7-win32-x86_64\bin\zip.dll
Event: 1.558 Loaded shared library C:\Users\amine\.vscode\extensions\redhat.java-1.18.0-win32-x64\jre\17.0.7-win32-x86_64\bin\jimage.dll
Event: 5.791 Loaded shared library C:\Users\amine\.vscode\extensions\redhat.java-1.18.0-win32-x64\jre\17.0.7-win32-x86_64\bin\management.dll
Event: 5.830 Loaded shared library C:\Users\amine\.vscode\extensions\redhat.java-1.18.0-win32-x64\jre\17.0.7-win32-x86_64\bin\management_ext.dll

Deoptimization events (10 events):
Event: 3.943 Thread 0x0000018a2dab4e50 DEOPT PACKING pc=0x0000018a30bafb19 sp=0x00000052f03fd730
Event: 3.943 Thread 0x0000018a2dab4e50 DEOPT UNPACKING pc=0x0000018a30797143 sp=0x00000052f03fcc10 mode 3
Event: 6.107 Thread 0x0000018a38a7e060 DEOPT PACKING pc=0x0000018a30dc02b5 sp=0x00000052f24fd230
Event: 6.107 Thread 0x0000018a38a7e060 DEOPT UNPACKING pc=0x0000018a30797143 sp=0x00000052f24fc748 mode 3
Event: 6.174 Thread 0x0000018a3d6ca340 DEOPT PACKING pc=0x0000018a30bb2081 sp=0x00000052f23fdc50
Event: 6.174 Thread 0x0000018a3d6ca340 DEOPT UNPACKING pc=0x0000018a30797143 sp=0x00000052f23fd0e0 mode 3
Event: 6.177 Thread 0x0000018a38a7e060 DEOPT PACKING pc=0x0000018a30bada97 sp=0x00000052f24feea0
Event: 6.177 Thread 0x0000018a38a7e060 DEOPT UNPACKING pc=0x0000018a30797143 sp=0x00000052f24fe2f8 mode 3
Event: 6.283 Thread 0x0000018a38a85d00 DEOPT PACKING pc=0x0000018a30dedeab sp=0x00000052f28fe3b0
Event: 6.283 Thread 0x0000018a38a85d00 DEOPT UNPACKING pc=0x0000018a30797143 sp=0x00000052f28fd8f8 mode 3

Classes unloaded (0 events):
No events

Classes redefined (0 events):
No events

Internal exceptions (20 events):
Event: 6.327 Thread 0x0000018a38a85830 Exception <a 'sun/nio/fs/WindowsException'{0x00000000c69b45c8}> (0x00000000c69b45c8) 
thrown [s\src\hotspot\share\prims\jni.cpp, line 516]
Event: 6.327 Thread 0x0000018a38a85830 Exception <a 'sun/nio/fs/WindowsException'{0x00000000c69b4970}> (0x00000000c69b4970) 
thrown [s\src\hotspot\share\prims\jni.cpp, line 516]
Event: 6.327 Thread 0x0000018a38a85830 Exception <a 'sun/nio/fs/WindowsException'{0x00000000c69b5368}> (0x00000000c69b5368) 
thrown [s\src\hotspot\share\prims\jni.cpp, line 516]
Event: 6.328 Thread 0x0000018a38a85830 Exception <a 'sun/nio/fs/WindowsException'{0x00000000c69b5720}> (0x00000000c69b5720) 
thrown [s\src\hotspot\share\prims\jni.cpp, line 516]
Event: 6.328 Thread 0x0000018a38a85830 Exception <a 'sun/nio/fs/WindowsException'{0x00000000c689a6f0}> (0x00000000c689a6f0) 
thrown [s\src\hotspot\share\prims\jni.cpp, line 516]
Event: 6.328 Thread 0x0000018a38a85830 Exception <a 'sun/nio/fs/WindowsException'{0x00000000c689aac8}> (0x00000000c689aac8) 
thrown [s\src\hotspot\share\prims\jni.cpp, line 516]
Event: 6.328 Thread 0x0000018a38a85830 Exception <a 'sun/nio/fs/WindowsException'{0x00000000c689b4f0}> (0x00000000c689b4f0) 
thrown [s\src\hotspot\share\prims\jni.cpp, line 516]
Event: 6.328 Thread 0x0000018a38a85830 Exception <a 'sun/nio/fs/WindowsException'{0x00000000c689b8e0}> (0x00000000c689b8e0) 
thrown [s\src\hotspot\share\prims\jni.cpp, line 516]
Event: 6.328 Thread 0x0000018a38a85830 Exception <a 'sun/nio/fs/WindowsException'{0x00000000c689c300}> (0x00000000c689c300) 
thrown [s\src\hotspot\share\prims\jni.cpp, line 516]
Event: 6.328 Thread 0x0000018a38a85830 Exception <a 'sun/nio/fs/WindowsException'{0x00000000c689c6e8}> (0x00000000c689c6e8) 
thrown [s\src\hotspot\share\prims\jni.cpp, line 516]
Event: 6.338 Thread 0x0000018a3d6ca340 Exception <a 'java/lang/NoSuchMethodError'{0x00000000c6765568}: 'int java.lang.invoke.DirectMethodHandle$Holder.invokeStatic(java.lang.Object)'> (0x00000000c6765568) 
thrown [s\src\hotspot\share\interpreter\linkResolver.cpp, line 759]
Event: 6.339 Thread 0x0000018a3d6ca340 Exception <a 'java/lang/NoSuchMethodError'{0x00000000c6768c10}: 'int java.lang.invoke.DirectMethodHandle$Holder.invokeStaticInit(java.lang.Object)'> (0x00000000c6768c10) 
thrown [s\src\hotspot\share\interpreter\linkResolver.cpp, line 759]
Event: 6.459 Thread 0x0000018a38a85830 Exception <a 'sun/nio/fs/WindowsException'{0x00000000c6733730}> (0x00000000c6733730) 
thrown [s\src\hotspot\share\prims\jni.cpp, line 516]
Event: 6.460 Thread 0x0000018a38a85830 Exception <a 'sun/nio/fs/WindowsException'{0x00000000c67d2ca8}> (0x00000000c67d2ca8) 
thrown [s\src\hotspot\share\prims\jni.cpp, line 516]
Event: 6.460 Thread 0x0000018a38a85830 Exception <a 'sun/nio/fs/WindowsException'{0x00000000c67d54a0}> (0x00000000c67d54a0) 
thrown [s\src\hotspot\share\prims\jni.cpp, line 516]
Event: 6.460 Thread 0x0000018a3e326f90 Exception <a 'sun/nio/fs/WindowsException'{0x00000000c66a1a48}> (0x00000000c66a1a48) 
thrown [s\src\hotspot\share\prims\jni.cpp, line 516]
Event: 6.461 Thread 0x0000018a38a84020 Exception <a 'sun/nio/fs/WindowsException'{0x00000000c66f7078}> (0x00000000c66f7078) 
thrown [s\src\hotspot\share\prims\jni.cpp, line 516]
Event: 6.461 Thread 0x0000018a38a85830 Exception <a 'sun/nio/fs/WindowsException'{0x00000000c67d7cc0}> (0x00000000c67d7cc0) 
thrown [s\src\hotspot\share\prims\jni.cpp, line 516]
Event: 6.960 Thread 0x0000018a38a7e060 Exception <a 'java/lang/NoSuchMethodError'{0x00000000c84a2660}: 'java.lang.Object java.lang.invoke.Invokers$Holder.invoke_MT(java.lang.Object, java.lang.Object, java.lang.Object)'> (0x00000000c84a2660) 
thrown [s\src\hotspot\share\interpreter\linkResolver.cpp, line 759]
Event: 7.102 Thread 0x0000018a38a7e060 Exception <a 'java/lang/NoSuchMethodError'{0x00000000c66b8b68}: 'java.lang.Object java.lang.invoke.DirectMethodHandle$Holder.newInvokeSpecial(java.lang.Object, java.lang.Object, int)'> (0x00000000c66b8b68) 
thrown [s\src\hotspot\share\interpreter\linkResolver.cpp, line 759]

VM Operations (20 events):
Event: 6.951 Executing VM operation: HandshakeAllThreads done
Event: 6.953 Executing VM operation: HandshakeAllThreads
Event: 6.953 Executing VM operation: HandshakeAllThreads done
Event: 7.002 Executing VM operation: HandshakeAllThreads
Event: 7.002 Executing VM operation: HandshakeAllThreads done
Event: 7.151 Executing VM operation: G1CollectForAllocation
Event: 7.186 Executing VM operation: G1CollectForAllocation done
Event: 7.209 Executing VM operation: HandshakeAllThreads
Event: 7.213 Executing VM operation: HandshakeAllThreads done
Event: 7.221 Executing VM operation: G1CollectForAllocation
Event: 7.225 Executing VM operation: G1CollectForAllocation done
Event: 7.225 Executing VM operation: G1CollectForAllocation
Event: 7.235 Executing VM operation: G1CollectForAllocation done
Event: 7.262 Executing VM operation: G1CollectForAllocation
Event: 7.263 Executing VM operation: G1CollectForAllocation done
Event: 7.263 Executing VM operation: G1CollectForAllocation
Event: 7.266 Executing VM operation: G1CollectForAllocation done
Event: 7.289 Executing VM operation: G1CollectForAllocation
Event: 7.290 Executing VM operation: G1CollectForAllocation done
Event: 7.290 Executing VM operation: G1CollectForAllocation

Events (20 events):
Event: 7.100 loading class java/util/WeakHashMap$EntrySet
Event: 7.100 loading class java/util/WeakHashMap$EntrySet done
Event: 7.100 loading class java/util/WeakHashMap$EntryIterator
Event: 7.100 loading class java/util/WeakHashMap$HashIterator
Event: 7.100 loading class java/util/WeakHashMap$HashIterator done
Event: 7.100 loading class java/util/WeakHashMap$EntryIterator done
Event: 7.104 Thread 0x0000018a3e321dc0 Thread added: 0x0000018a3e321dc0
Event: 7.104 loading class java/util/concurrent/CompletableFuture$BiRelay
Event: 7.104 loading class java/util/concurrent/CompletableFuture$BiCompletion
Event: 7.104 loading class java/util/concurrent/CompletableFuture$BiCompletion done
Event: 7.104 loading class java/util/concurrent/CompletableFuture$BiRelay done
Event: 7.104 loading class java/util/concurrent/CompletableFuture$CoCompletion
Event: 7.104 loading class java/util/concurrent/CompletableFuture$CoCompletion done
Event: 7.107 Thread 0x0000018a3e327460 Thread added: 0x0000018a3e327460
Event: 7.134 loading class java/security/NoSuchAlgorithmException
Event: 7.134 loading class java/security/NoSuchAlgorithmException done
Event: 7.134 loading class sun/security/provider/MD5
Event: 7.134 loading class sun/security/provider/MD5 done
Event: 7.134 loading class sun/security/provider/ByteArrayAccess$LE
Event: 7.135 loading class sun/security/provider/ByteArrayAccess$LE done


Dynamic libraries:
0x00007ff71e3a0000 - 0x00007ff71e3ae000 	c:\Users\amine\.vscode\extensions\redhat.java-1.18.0-win32-x64\jre\17.0.7-win32-x86_64\bin\java.exe
0x00007ff80c090000 - 0x00007ff80c288000 	C:\WINDOWS\SYSTEM32\ntdll.dll
0x00007ff80bb30000 - 0x00007ff80bbef000 	C:\WINDOWS\System32\KERNEL32.DLL
0x00007ff8097a0000 - 0x00007ff809a96000 	C:\WINDOWS\System32\KERNELBASE.dll
0x00007ff809ca0000 - 0x00007ff809da0000 	C:\WINDOWS\System32\ucrtbase.dll
0x00007ff802660000 - 0x00007ff802677000 	c:\Users\amine\.vscode\extensions\redhat.java-1.18.0-win32-x64\jre\17.0.7-win32-x86_64\bin\jli.dll
0x00007ff80a2a0000 - 0x00007ff80a43d000 	C:\WINDOWS\System32\USER32.dll
0x00007ff809770000 - 0x00007ff809792000 	C:\WINDOWS\System32\win32u.dll
0x00007ff80ada0000 - 0x00007ff80adcc000 	C:\WINDOWS\System32\GDI32.dll
0x00007ff809f10000 - 0x00007ff80a025000 	C:\WINDOWS\System32\gdi32full.dll
0x00007ff809aa0000 - 0x00007ff809b3d000 	C:\WINDOWS\System32\msvcp_win.dll
0x00007ff802640000 - 0x00007ff802659000 	c:\Users\amine\.vscode\extensions\redhat.java-1.18.0-win32-x64\jre\17.0.7-win32-x86_64\bin\VCRUNTIME140.dll
0x00007fffecd80000 - 0x00007fffed01a000 	C:\WINDOWS\WinSxS\amd64_microsoft.windows.common-controls_6595b64144ccf1df_6.0.19041.1110_none_60b5254171f9507e\COMCTL32.dll
0x00007ff80bd20000 - 0x00007ff80bdbe000 	C:\WINDOWS\System32\msvcrt.dll
0x00007ff80b950000 - 0x00007ff80b980000 	C:\WINDOWS\System32\IMM32.DLL
0x00007ff803910000 - 0x00007ff80391c000 	c:\Users\amine\.vscode\extensions\redhat.java-1.18.0-win32-x64\jre\17.0.7-win32-x86_64\bin\vcruntime140_1.dll
0x00007ffff4fb0000 - 0x00007ffff5041000 	c:\Users\amine\.vscode\extensions\redhat.java-1.18.0-win32-x64\jre\17.0.7-win32-x86_64\bin\msvcp140.dll
0x00007fff9ee30000 - 0x00007fff9fa78000 	c:\Users\amine\.vscode\extensions\redhat.java-1.18.0-win32-x64\jre\17.0.7-win32-x86_64\bin\server\jvm.dll
0x00007ff80a1d0000 - 0x00007ff80a27f000 	C:\WINDOWS\System32\ADVAPI32.dll
0x00007ff80ade0000 - 0x00007ff80ae7c000 	C:\WINDOWS\System32\sechost.dll
0x00007ff80bbf0000 - 0x00007ff80bd16000 	C:\WINDOWS\System32\RPCRT4.dll
0x00007fffdf420000 - 0x00007fffdf429000 	C:\WINDOWS\SYSTEM32\WSOCK32.dll
0x00007ff80bfe0000 - 0x00007ff80c04b000 	C:\WINDOWS\System32\WS2_32.dll
0x00007fffed200000 - 0x00007fffed227000 	C:\WINDOWS\SYSTEM32\WINMM.dll
0x00007ff802820000 - 0x00007ff80282a000 	C:\WINDOWS\SYSTEM32\VERSION.dll
0x00007ff807f80000 - 0x00007ff807f92000 	C:\WINDOWS\SYSTEM32\kernel.appcore.dll
0x00007ff803320000 - 0x00007ff80332a000 	c:\Users\amine\.vscode\extensions\redhat.java-1.18.0-win32-x64\jre\17.0.7-win32-x86_64\bin\jimage.dll
0x00007ff807380000 - 0x00007ff807564000 	C:\WINDOWS\SYSTEM32\DBGHELP.DLL
0x00007fffe39d0000 - 0x00007fffe3a04000 	C:\WINDOWS\SYSTEM32\dbgcore.DLL
0x00007ff80a030000 - 0x00007ff80a0b2000 	C:\WINDOWS\System32\bcryptPrimitives.dll
0x00007ff801d20000 - 0x00007ff801d45000 	c:\Users\amine\.vscode\extensions\redhat.java-1.18.0-win32-x64\jre\17.0.7-win32-x86_64\bin\java.dll
0x00007ff8023a0000 - 0x00007ff8023b8000 	c:\Users\amine\.vscode\extensions\redhat.java-1.18.0-win32-x64\jre\17.0.7-win32-x86_64\bin\zip.dll
0x00007ff80a5f0000 - 0x00007ff80ad34000 	C:\WINDOWS\System32\SHELL32.dll
0x00007ff8077d0000 - 0x00007ff807f63000 	C:\WINDOWS\SYSTEM32\windows.storage.dll
0x00007ff80b5f0000 - 0x00007ff80b944000 	C:\WINDOWS\System32\combase.dll
0x00007ff8090f0000 - 0x00007ff80911e000 	C:\WINDOWS\SYSTEM32\Wldp.dll
0x00007ff80ae80000 - 0x00007ff80af2d000 	C:\WINDOWS\System32\SHCORE.dll
0x00007ff80bdc0000 - 0x00007ff80be15000 	C:\WINDOWS\System32\shlwapi.dll
0x00007ff8096b0000 - 0x00007ff8096cf000 	C:\WINDOWS\SYSTEM32\profapi.dll
0x00007ff801d00000 - 0x00007ff801d19000 	C:\Users\amine\.vscode\extensions\redhat.java-1.18.0-win32-x64\jre\17.0.7-win32-x86_64\bin\net.dll
0x00007ffffe2d0000 - 0x00007ffffe3da000 	C:\WINDOWS\SYSTEM32\WINHTTP.dll
0x00007ff808e00000 - 0x00007ff808e6a000 	C:\WINDOWS\system32\mswsock.dll
0x00007ff801bd0000 - 0x00007ff801be5000 	C:\Users\amine\.vscode\extensions\redhat.java-1.18.0-win32-x64\jre\17.0.7-win32-x86_64\bin\nio.dll
0x00007ff808ff0000 - 0x00007ff809008000 	C:\WINDOWS\SYSTEM32\CRYPTSP.dll
0x00007ff808730000 - 0x00007ff808764000 	C:\WINDOWS\system32\rsaenh.dll
0x00007ff80a0c0000 - 0x00007ff80a0e7000 	C:\WINDOWS\System32\bcrypt.dll
0x00007ff809670000 - 0x00007ff80969e000 	C:\WINDOWS\SYSTEM32\USERENV.dll
0x00007ff808fe0000 - 0x00007ff808fec000 	C:\WINDOWS\SYSTEM32\CRYPTBASE.dll
0x00007ff808b10000 - 0x00007ff808b4c000 	C:\WINDOWS\SYSTEM32\IPHLPAPI.DLL
0x00007ff80add0000 - 0x00007ff80add8000 	C:\WINDOWS\System32\NSI.dll
0x00007ff8014a0000 - 0x00007ff8014b7000 	C:\WINDOWS\SYSTEM32\dhcpcsvc6.DLL
0x00007ff801480000 - 0x00007ff80149d000 	C:\WINDOWS\SYSTEM32\dhcpcsvc.DLL
0x00007ff808b50000 - 0x00007ff808c1b000 	C:\WINDOWS\SYSTEM32\DNSAPI.dll
0x00007ffff4f90000 - 0x00007ffff4f99000 	C:\Users\amine\.vscode\extensions\redhat.java-1.18.0-win32-x64\jre\17.0.7-win32-x86_64\bin\management.dll
0x00007ffff0750000 - 0x00007ffff075b000 	C:\Users\amine\.vscode\extensions\redhat.java-1.18.0-win32-x64\jre\17.0.7-win32-x86_64\bin\management_ext.dll
0x00007ff80a440000 - 0x00007ff80a448000 	C:\WINDOWS\System32\PSAPI.DLL

dbghelp: loaded successfully - version: 4.0.5 - missing functions: none
symbol engine: initialized successfully - sym options: 0x614 - pdb path: .;c:\Users\amine\.vscode\extensions\redhat.java-1.18.0-win32-x64\jre\17.0.7-win32-x86_64\bin;C:\WINDOWS\SYSTEM32;C:\WINDOWS\WinSxS\amd64_microsoft.windows.common-controls_6595b64144ccf1df_6.0.19041.1110_none_60b5254171f9507e;c:\Users\amine\.vscode\extensions\redhat.java-1.18.0-win32-x64\jre\17.0.7-win32-x86_64\bin\server

VM Arguments:
jvm_args: -XX:+HeapDumpOnOutOfMemoryError -Xmx1024m -Dsts.lsp.client=vscode -Dsts.log.file=/dev/null -XX:TieredStopAtLevel=1 -Xlog:jni+resolve=off -Dspring.config.location=file:c:\Users\amine\.vscode\extensions\vmware.vscode-spring-boot-1.46.0\language-server\BOOT-INF\classes\application.properties 
java_command: org.springframework.ide.vscode.boot.app.BootLanguageServerBootApp
java_class_path (initial): c:\Users\amine\.vscode\extensions\vmware.vscode-spring-boot-1.46.0\language-server\BOOT-INF\classes;c:\Users\amine\.vscode\extensions\vmware.vscode-spring-boot-1.46.0\language-server\BOOT-INF\lib\annotations-24.0.1.jar;c:\Users\amine\.vscode\extensions\vmware.vscode-spring-boot-1.46.0\language-server\BOOT-INF\lib\antlr-runtime-3.5.3.jar;c:\Users\amine\.vscode\extensions\vmware.vscode-spring-boot-1.46.0\language-server\BOOT-INF\lib\antlr4-4.11.1.jar;c:\Users\amine\.vscode\extensions\vmware.vscode-spring-boot-1.46.0\language-server\BOOT-INF\lib\antlr4-runtime-4.11.1.jar;c:\Users\amine\.vscode\extensions\vmware.vscode-spring-boot-1.46.0\language-server\BOOT-INF\lib\asm-9.5.jar;c:\Users\amine\.vscode\extensions\vmware.vscode-spring-boot-1.46.0\language-server\BOOT-INF\lib\asm-analysis-9.5.jar;c:\Users\amine\.vscode\extensions\vmware.vscode-spring-boot-1.46.0\language-server\BOOT-INF\lib\asm-tree-9.5.jar;c:\Users\amine\.vscode\extensions\vmware.vscode-spring-boot-1.46.0\language-server\BOOT-INF\lib\asm-util-9.5.jar;c:\Users\amine\.vscode\extensions\vmware.vscode-spring-boot-1.46.0\language-server\BOOT-INF\lib\caffeine-3.1.2.jar;c:\Users\amine\.vscode\extensions\vmware.vscode-spring-boot-1.46.0\language-server\BOOT-INF\lib\checker-qual-3.12.0.jar;c:\Users\amine\.vscode\extensions\vmware.vscode-spring-boot-1.46.0\language-server\BOOT-INF\lib\classgraph-4.8.149.jar;c:\Users\amine\.vscode\extensions\vmware.vscode-spring-boot-1.46.0\language-server\BOOT-INF\lib\commons-codec-1.15.jar;c:\Users\amine\.vscode\extensions\vmware.vscode-spring-boot-1.46.0\language-server\BOOT-INF\lib\commons-compress-1.23.0.jar;c:\Users\amine\.vscode\extensions\vmware.vscode-spring-boot-1.46.0\language-server\BOOT-INF\lib\commons-io-2.4.jar;c:\Users\amine\.vscode\extensions\vmware.vscode-spring-boot-1.46.0\language-server\BOOT-INF\lib\commons-java-1.46.0-SNAPSHOT.jar;c:\Users\amine\.vscode\extensions\vmware.vscode-spring-boot-1.46.0\language-server\BOOT-INF\lib\commons-
Launcher Type: SUN_STANDARD

[Global flags]
     intx CICompilerCount                          = 4                                         {product} {ergonomic}
     uint ConcGCThreads                            = 2                                         {product} {ergonomic}
     uint G1ConcRefinementThreads                  = 8                                         {product} {ergonomic}
   size_t G1HeapRegionSize                         = 1048576                                   {product} {ergonomic}
    uintx GCDrainStackTargetSize                   = 64                                        {product} {ergonomic}
     bool HeapDumpOnOutOfMemoryError               = true                                   {manageable} {command line}
   size_t InitialHeapSize                          = 132120576                                 {product} {ergonomic}
   size_t MarkStackSize                            = 4194304                                   {product} {ergonomic}
   size_t MaxHeapSize                              = 1073741824                                {product} {command line}
   size_t MaxNewSize                               = 643825664                                 {product} {ergonomic}
   size_t MinHeapDeltaBytes                        = 1048576                                   {product} {ergonomic}
   size_t MinHeapSize                              = 8388608                                   {product} {ergonomic}
    uintx NonProfiledCodeHeapSize                  = 0                                      {pd product} {ergonomic}
     bool ProfileInterpreter                       = false                                  {pd product} {command line}
    uintx ProfiledCodeHeapSize                     = 0                                      {pd product} {ergonomic}
   size_t SoftMaxHeapSize                          = 1073741824                             {manageable} {ergonomic}
     intx TieredStopAtLevel                        = 1                                         {product} {command line}
     bool UseCompressedClassPointers               = true                           {product lp64_product} {ergonomic}
     bool UseCompressedOops                        = true                           {product lp64_product} {ergonomic}
     bool UseG1GC                                  = true                                      {product} {ergonomic}
     bool UseLargePagesIndividualAllocation        = false                                  {pd product} {ergonomic}

Logging:
Log output configuration:
 #0: stdout all=warning,jni+resolve=off uptime,level,tags
 #1: stderr all=off uptime,level,tags

Environment Variables:
JAVA_HOME=C:\Program Files\Java\jdk-11.0.17
PATH=C:\Program Files\Common Files\Oracle\Java\javapath;C:\Python310\Scripts\;C:\Python310\;C:\windows\system32;C:\windows;C:\windows\System32\Wbem;C:\windows\System32\WindowsPowerShell\v1.0\;C:\windows\System32\OpenSSH\;C:\Program Files\NVIDIA Corporation\NVIDIA NvDLISR;C:\WINDOWS\system32;C:\WINDOWS;C:\WINDOWS\System32\Wbem;C:\WINDOWS\System32\WindowsPowerShell\v1.0\;C:\WINDOWS\System32\OpenSSH\;C:\Program Files\Microsoft SQL Server\Client SDK\ODBC\110\Tools\Binn\;C:\Program Files (x86)\Microsoft SQL Server\120\Tools\Binn\;C:\Program Files\Microsoft SQL Server\120\Tools\Binn\;C:\Program Files\Microsoft SQL Server\120\DTS\Binn\;C:\Program Files (x86)\Windows Kits\8.1\Windows Performance Toolkit\;C:\ProgramData\chocolatey\bin;C:\Program Files\CMake\bin;C:\Program Files\Polyspace\R2019a\runtime\win64;C:\Program Files\Polyspace\R2019a\bin;C:\Program Files\MATLAB\R2017a\runtime\win64;C:\Program Files\MATLAB\R2017a\bin;C:\Program Files\Polyspace\R2019a\polyspace\bin;C:\Program Files (x86)\eSpeak\command_line;C:\MinGW\bin;C:\Program Files\Git\cmd;C:\Program Files\Git\mingw64\bin;C:\Program Files\Git\usr\bin;C:\ProgramData\Anaconda3;C:\ProgramData\Anaconda3\Scripts;C:\ProgramData\Anaconda3\library\bin;C:\ProgramData\Anaconda3\library\usr\bin;C:\Program Files\MySQL\MySQL Utilities 1.6\;C:\xampp\php;C:\ProgramData\ComposerSetup\bin;C:\Mraihi_Amine\Mraihi_Amine\5_IOT\00_downloads;C:\Program Files\PowerShell\7\;C:\Program Files\Java\jdk-11.0.11\bin;C:\Gradle\gradle-7.4.2\bin;C:\Users\amine\AppData\Roaming\nvm;C:\Program Files\nodejs;C:\Users\amine\AppData\Roaming\nvm;C:\Program Files\nodejs\;C:\Program Files\Docker\Docker\resources\bin;C:\Program Files\MySQL\MySQL Shell 8.0\bin\;C:\Users\amine\AppData\Local\Programs\Python\Python36\Scripts\;C:\Users\amine\AppData\Local\Programs\Python\Python36\;C:\Users\amine\AppData\Local\Microsoft\WindowsApps;C:\Program Files\JetBrains\PyCharm Community Edition 2020.2.3\bin;;C:\ProgramData\Microsoft\Windows\Start Menu\Programs\Anaconda3 (64-bi
USERNAME=amine
OS=Windows_NT
PROCESSOR_IDENTIFIER=Intel64 Family 6 Model 158 Stepping 10, GenuineIntel
TMP=C:\Users\amine\AppData\Local\Temp
TEMP=C:\Users\amine\AppData\Local\Temp



---------------  S Y S T E M  ---------------

OS:
 Windows 10 , 64 bit Build 19041 (10.0.19041.2913)
OS uptime: 2 days 8:20 hours
Hyper-V role detected

CPU: total 8 (initial active 8) (4 cores per cpu, 2 threads per core) family 6 model 158 stepping 10 microcode 0xca, cx8, cmov, fxsr, ht, mmx, 3dnowpref, sse, sse2, sse3, ssse3, sse4.1, sse4.2, popcnt, lzcnt, tsc, tscinvbit, avx, avx2, aes, erms, clmul, bmi1, bmi2, adx, fma, vzeroupper, clflush, clflushopt, hv

Memory: 4k page, system-wide physical 8033M (120M free)
TotalPageFile size 32609M (AvailPageFile size 193M)
current process WorkingSet (physical memory assigned to process): 291M, peak: 291M
current process commit charge ("private bytes"): 338M, peak: 569M

vm_info: OpenJDK 64-Bit Server VM (17.0.7+7) for windows-amd64 JRE (17.0.7+7), built on Apr 18 2023 22:10:42 by "temurin" with MS VC++ 16.7 (VS2019)

END.
