#
# There is insufficient memory for the Java Runtime Environment to continue.
# Native memory allocation (malloc) failed to allocate 1048576 bytes for AllocateHeap
# Possible reasons:
#   The system is out of physical RAM or swap space
#   The process is running with CompressedOops enabled, and the Java Heap may be blocking the growth of the native heap
# Possible solutions:
#   Reduce memory load on the system
#   Increase physical memory or swap space
#   Check if swap backing store is full
#   Decrease Java heap size (-Xmx/-Xms)
#   Decrease number of Java threads
#   Decrease Java thread stack sizes (-Xss)
#   Set larger code cache with -XX:ReservedCodeCacheSize=
#   JVM is running with Unscaled Compressed Oops mode in which the Java heap is
#     placed in the first 4GB address space. The Java Heap base address is the
#     maximum limit for the native heap growth. Please use -XX:HeapBaseMinAddress
#     to set the Java Heap base and to place the Java Heap above 4GB virtual address.
# This output file may be truncated or incomplete.
#
#  Out of Memory Error (allocation.cpp:44), pid=17156, tid=26788
#
# JRE version: OpenJDK Runtime Environment Temurin-17.0.7+7 (17.0.7+7) (build 17.0.7+7)
# Java VM: OpenJDK 64-Bit Server VM Temurin-17.0.7+7 (17.0.7+7, mixed mode, emulated-client, tiered, compressed oops, compressed class ptrs, g1 gc, windows-amd64)
# No core dump will be written. Minidumps are not enabled by default on client versions of Windows
#

---------------  S U M M A R Y ------------

Command Line: -XX:+HeapDumpOnOutOfMemoryError -Xmx1024m -Dsts.lsp.client=vscode -Dsts.log.file=/dev/null -XX:TieredStopAtLevel=1 -Xlog:jni+resolve=off -Dspring.config.location=file:c:\Users\amine\.vscode\extensions\vmware.vscode-spring-boot-1.45.0\language-server\BOOT-INF\classes\application.properties org.springframework.ide.vscode.boot.app.BootLanguageServerBootApp

Host: Intel(R) Core(TM) i5-9300H CPU @ 2.40GHz, 8 cores, 7G,  Windows 10 , 64 bit Build 19041 (10.0.19041.2788)
Time: Sat May  6 11:57:36 2023 W. Central Africa Standard Time elapsed time: 15098.072106 seconds (0d 4h 11m 38s)

---------------  T H R E A D  ---------------

Current thread (0x00000126ed62c300):  VMThread "VM Thread" [stack: 0x00000008de500000,0x00000008de600000] [id=26788]

Stack: [0x00000008de500000,0x00000008de600000]
Native frames: (J=compiled Java code, j=interpreted, Vv=VM code, C=native code)
V  [jvm.dll+0x67754a]
V  [jvm.dll+0x834304]
V  [jvm.dll+0x835aae]
V  [jvm.dll+0x836113]
V  [jvm.dll+0x24696f]
V  [jvm.dll+0xa681f]
V  [jvm.dll+0x2f73f3]
V  [jvm.dll+0x2f30f0]
V  [jvm.dll+0x2db6c7]
V  [jvm.dll+0x31e777]
V  [jvm.dll+0x83a5bb]
V  [jvm.dll+0x83b2f4]
V  [jvm.dll+0x83b80c]
V  [jvm.dll+0x83bbe4]
V  [jvm.dll+0x83bcb0]
V  [jvm.dll+0x7e4e7a]
V  [jvm.dll+0x676395]
C  [ucrtbase.dll+0x21bb2]
C  [KERNEL32.DLL+0x17604]
C  [ntdll.dll+0x526a1]

VM_Operation (0x00000008dfcfec00): G1CollectFull, mode: safepoint, requested by thread 0x00000126f2f43800


---------------  P R O C E S S  ---------------

Threads class SMR info:
_java_thread_list=0x00000126f3b65ab0, length=22, elements={
0x00000126ed641370, 0x00000126ed642980, 0x00000126ed671800, 0x00000126ed672670,
0x00000126ed674630, 0x00000126ed676ff0, 0x00000126ed677a50, 0x00000126ed678440,
0x00000126ed999d30, 0x00000126ed9a0c60, 0x00000126f24b52f0, 0x00000126f2fe1810,
0x00000126f2f43800, 0x00000126f2f7c730, 0x00000126e28173b0, 0x00000126f3052760,
0x00000126f3092390, 0x00000126f33a2c70, 0x00000126f33a3140, 0x00000126f339fc50,
0x00000126f33a22d0, 0x00000126f339e440
}

Java Threads: ( => current thread )
  0x00000126ed641370 JavaThread "Reference Handler" daemon [_thread_blocked, id=13708, stack(0x00000008de600000,0x00000008de700000)]
  0x00000126ed642980 JavaThread "Finalizer" daemon [_thread_blocked, id=15212, stack(0x00000008de700000,0x00000008de800000)]
  0x00000126ed671800 JavaThread "Signal Dispatcher" daemon [_thread_blocked, id=14076, stack(0x00000008de800000,0x00000008de900000)]
  0x00000126ed672670 JavaThread "Attach Listener" daemon [_thread_blocked, id=2820, stack(0x00000008de900000,0x00000008dea00000)]
  0x00000126ed674630 JavaThread "Service Thread" daemon [_thread_blocked, id=12944, stack(0x00000008dea00000,0x00000008deb00000)]
  0x00000126ed676ff0 JavaThread "Monitor Deflation Thread" daemon [_thread_blocked, id=11848, stack(0x00000008deb00000,0x00000008dec00000)]
  0x00000126ed677a50 JavaThread "C1 CompilerThread0" daemon [_thread_blocked, id=12716, stack(0x00000008dec00000,0x00000008ded00000)]
  0x00000126ed678440 JavaThread "Sweeper thread" daemon [_thread_blocked, id=24132, stack(0x00000008ded00000,0x00000008dee00000)]
  0x00000126ed999d30 JavaThread "Notification Thread" daemon [_thread_blocked, id=16284, stack(0x00000008def00000,0x00000008df000000)]
  0x00000126ed9a0c60 JavaThread "Common-Cleaner" daemon [_thread_blocked, id=16540, stack(0x00000008df100000,0x00000008df200000)]
  0x00000126f24b52f0 JavaThread "boundedElastic-evictor-1" daemon [_thread_blocked, id=6500, stack(0x00000008df900000,0x00000008dfa00000)]
  0x00000126f2fe1810 JavaThread "boundedElastic-evictor-2" daemon [_thread_blocked, id=7720, stack(0x00000008dfb00000,0x00000008dfc00000)]
  0x00000126f2f43800 JavaThread "pool-10-thread-1" [_thread_blocked, id=3748, stack(0x00000008dfc00000,0x00000008dfd00000)]
  0x00000126f2f7c730 JavaThread "LanguageServerApp-lifecycle" [_thread_blocked, id=3872, stack(0x00000008dfd00000,0x00000008dfe00000)]
  0x00000126e28173b0 JavaThread "DestroyJavaVM" [_thread_blocked, id=26340, stack(0x00000008ddf00000,0x00000008de000000)]
  0x00000126f3052760 JavaThread "pool-11-thread-1" [_thread_in_native, id=3800, stack(0x00000008dfe00000,0x00000008dff00000)]
  0x00000126f3092390 JavaThread "Simple-Language-Server main thread" daemon [_thread_blocked, id=12108, stack(0x00000008dff00000,0x00000008e0000000)]
  0x00000126f33a2c70 JavaThread "parallel-1" daemon [_thread_blocked, id=9356, stack(0x00000008e1200000,0x00000008e1300000)]
  0x00000126f33a3140 JavaThread "pool-4-thread-1" [_thread_blocked, id=20004, stack(0x00000008e1400000,0x00000008e1500000)]
  0x00000126f339fc50 JavaThread "parallel-2" daemon [_thread_blocked, id=22612, stack(0x00000008e1500000,0x00000008e1600000)]
  0x00000126f33a22d0 JavaThread "parallel-3" daemon [_thread_blocked, id=22080, stack(0x00000008e0500000,0x00000008e0600000)]
  0x00000126f339e440 JavaThread "pool-6-thread-1" [_thread_blocked, id=19828, stack(0x00000008ddc00000,0x00000008ddd00000)]

Other Threads:
=>0x00000126ed62c300 VMThread "VM Thread" [stack: 0x00000008de500000,0x00000008de600000] [id=26788]
  0x00000126ed99a200 WatcherThread [stack: 0x00000008df000000,0x00000008df100000] [id=15136]
  0x00000126e2856e00 GCTaskThread "GC Thread#0" [stack: 0x00000008de000000,0x00000008de100000] [id=9416]
  0x00000126f28123c0 GCTaskThread "GC Thread#1" [stack: 0x00000008df200000,0x00000008df300000] [id=24004]
  0x00000126f2812670 GCTaskThread "GC Thread#2" [stack: 0x00000008df300000,0x00000008df400000] [id=21552]
  0x00000126f2820850 GCTaskThread "GC Thread#3" [stack: 0x00000008df400000,0x00000008df500000] [id=28396]
  0x00000126f2821120 GCTaskThread "GC Thread#4" [stack: 0x00000008df500000,0x00000008df600000] [id=23968]
  0x00000126f2a541e0 GCTaskThread "GC Thread#5" [stack: 0x00000008df600000,0x00000008df700000] [id=5112]
  0x00000126f2a54490 GCTaskThread "GC Thread#6" [stack: 0x00000008df700000,0x00000008df800000] [id=10908]
  0x00000126f2a54f50 GCTaskThread "GC Thread#7" [stack: 0x00000008df800000,0x00000008df900000] [id=26128]
  0x00000126e285fd40 ConcurrentGCThread "G1 Main Marker" [stack: 0x00000008de100000,0x00000008de200000] [id=17328]
  0x00000126e2860750 ConcurrentGCThread "G1 Conc#0" [stack: 0x00000008de200000,0x00000008de300000] [id=20100]
  0x00000126f2b84c10 ConcurrentGCThread "G1 Conc#1" [stack: 0x00000008dfa00000,0x00000008dfb00000] [id=3124]
  0x00000126e28d5c20 ConcurrentGCThread "G1 Refine#0" [stack: 0x00000008de300000,0x00000008de400000] [id=23356]
  0x00000126f3430310 ConcurrentGCThread "G1 Refine#1" [stack: 0x00000008e1300000,0x00000008e1400000] [id=24688]
  0x00000126f3ea3ed0 ConcurrentGCThread "G1 Refine#2" [stack: 0x00000008e1900000,0x00000008e1a00000] [id=12500]
  0x00000126f3ea41b0 ConcurrentGCThread "G1 Refine#3" [stack: 0x00000008e1b00000,0x00000008e1c00000] [id=27264]
  0x00000126f45abc70 ConcurrentGCThread "G1 Refine#4" [stack: 0x00000008e1e00000,0x00000008e1f00000] [id=11064]
  0x00000126f45a88b0 ConcurrentGCThread "G1 Refine#5" [stack: 0x00000008e1f00000,0x00000008e2000000] [id=29008]
  0x00000126f45a82f0 ConcurrentGCThread "G1 Refine#6" [stack: 0x00000008e0400000,0x00000008e0500000] [id=3276]
  0x00000126ed4a07d0 ConcurrentGCThread "G1 Service" [stack: 0x00000008de400000,0x00000008de500000] [id=14504]

Threads with active compile tasks:

VM state: at safepoint (normal execution)

VM Mutex/Monitor currently owned by a thread:  ([mutex/lock_event])
[0x00000126e05dbba0] Threads_lock - owner thread: 0x00000126ed62c300
[0x00000126e2813b80] Heap_lock - owner thread: 0x00000126f2f43800

Heap address: 0x00000000c0000000, size: 1024 MB, Compressed Oops mode: 32-bit

CDS archive(s) not mapped
Compressed class space mapped at: 0x0000000100000000-0x0000000140000000, reserved size: 1073741824
Narrow klass base: 0x0000000000000000, Narrow klass shift: 3, Narrow klass range: 0x140000000

GC Precious Log:
 CPUs: 8 total, 8 available
 Memory: 8033M
 Large Page Support: Disabled
 NUMA Support: Disabled
 Compressed Oops: Enabled (32-bit)
 Heap Region Size: 1M
 Heap Min Capacity: 8M
 Heap Initial Capacity: 126M
 Heap Max Capacity: 1G
 Pre-touch: Disabled
 Parallel Workers: 8
 Concurrent Workers: 2
 Concurrent Refinement Workers: 8
 Periodic GC: Disabled

Heap:
 garbage-first heap   total 133120K, used 38882K [0x00000000c0000000, 0x0000000100000000)
  region size 1024K, 1 young (1024K), 0 survivors (0K)
 Metaspace       used 69501K, committed 70208K, reserved 1114112K
  class space    used 9483K, committed 9792K, reserved 1048576K

Heap Regions: E=young(eden), S=young(survivor), O=old, HS=humongous(starts), HC=humongous(continues), CS=collection set, F=free, OA=open archive, CA=closed archive, TAMS=top-at-mark-start (previous, next)
|   0|0x00000000c0000000, 0x00000000c00fffb8, 0x00000000c0100000| 99%| O|  |TAMS 0x00000000c00fffb8, 0x00000000c0000000| Untracked 
|   1|0x00000000c0100000, 0x00000000c0200000, 0x00000000c0200000|100%| O|  |TAMS 0x00000000c0200000, 0x00000000c0100000| Untracked 
|   2|0x00000000c0200000, 0x00000000c02ffff8, 0x00000000c0300000| 99%| O|  |TAMS 0x00000000c02ffff8, 0x00000000c0200000| Untracked 
|   3|0x00000000c0300000, 0x00000000c03ffff0, 0x00000000c0400000| 99%| O|  |TAMS 0x00000000c03ffff0, 0x00000000c0300000| Untracked 
|   4|0x00000000c0400000, 0x00000000c04fffc0, 0x00000000c0500000| 99%| O|  |TAMS 0x00000000c04fffc0, 0x00000000c0400000| Untracked 
|   5|0x00000000c0500000, 0x00000000c05fffd8, 0x00000000c0600000| 99%| O|  |TAMS 0x00000000c05fffd8, 0x00000000c0500000| Untracked 
|   6|0x00000000c0600000, 0x00000000c0700000, 0x00000000c0700000|100%| O|  |TAMS 0x00000000c0700000, 0x00000000c0600000| Untracked 
|   7|0x00000000c0700000, 0x00000000c07ffff8, 0x00000000c0800000| 99%| O|  |TAMS 0x00000000c07ffff8, 0x00000000c0700000| Untracked 
|   8|0x00000000c0800000, 0x00000000c08ffe50, 0x00000000c0900000| 99%| O|  |TAMS 0x00000000c08ffe50, 0x00000000c0800000| Untracked 
|   9|0x00000000c0900000, 0x00000000c09ffff8, 0x00000000c0a00000| 99%| O|  |TAMS 0x00000000c09ffff8, 0x00000000c0900000| Untracked 
|  10|0x00000000c0a00000, 0x00000000c0affff0, 0x00000000c0b00000| 99%| O|  |TAMS 0x00000000c0affff0, 0x00000000c0a00000| Untracked 
|  11|0x00000000c0b00000, 0x00000000c0bfffc8, 0x00000000c0c00000| 99%| O|  |TAMS 0x00000000c0bfffc8, 0x00000000c0b00000| Untracked 
|  12|0x00000000c0c00000, 0x00000000c0cffff8, 0x00000000c0d00000| 99%| O|  |TAMS 0x00000000c0cffff8, 0x00000000c0c00000| Untracked 
|  13|0x00000000c0d00000, 0x00000000c0e00000, 0x00000000c0e00000|100%| O|  |TAMS 0x00000000c0e00000, 0x00000000c0d00000| Untracked 
|  14|0x00000000c0e00000, 0x00000000c0efd5b8, 0x00000000c0f00000| 98%| O|  |TAMS 0x00000000c0efd5b8, 0x00000000c0e00000| Untracked 
|  15|0x00000000c0f00000, 0x00000000c0fffff8, 0x00000000c1000000| 99%| O|  |TAMS 0x00000000c0fffff8, 0x00000000c0f00000| Untracked 
|  16|0x00000000c1000000, 0x00000000c10ffc58, 0x00000000c1100000| 99%| O|  |TAMS 0x00000000c10ffc58, 0x00000000c1000000| Untracked 
|  17|0x00000000c1100000, 0x00000000c11ffee0, 0x00000000c1200000| 99%| O|  |TAMS 0x00000000c11ffee0, 0x00000000c1100000| Untracked 
|  18|0x00000000c1200000, 0x00000000c12ffff0, 0x00000000c1300000| 99%| O|  |TAMS 0x00000000c12ffff0, 0x00000000c1200000| Untracked 
|  19|0x00000000c1300000, 0x00000000c13fe418, 0x00000000c1400000| 99%| O|  |TAMS 0x00000000c13fe418, 0x00000000c1300000| Untracked 
|  20|0x00000000c1400000, 0x00000000c1500000, 0x00000000c1500000|100%| O|  |TAMS 0x00000000c1500000, 0x00000000c1400000| Untracked 
|  21|0x00000000c1500000, 0x00000000c15ffff0, 0x00000000c1600000| 99%| O|  |TAMS 0x00000000c15ffff0, 0x00000000c1500000| Untracked 
|  22|0x00000000c1600000, 0x00000000c16fe338, 0x00000000c1700000| 99%| O|  |TAMS 0x00000000c16fe338, 0x00000000c1600000| Untracked 
|  23|0x00000000c1700000, 0x00000000c17ff710, 0x00000000c1800000| 99%| O|  |TAMS 0x00000000c17ff710, 0x00000000c1700000| Untracked 
|  24|0x00000000c1800000, 0x00000000c18fffd0, 0x00000000c1900000| 99%| O|  |TAMS 0x00000000c18fffd0, 0x00000000c1800000| Untracked 
|  25|0x00000000c1900000, 0x00000000c1a00000, 0x00000000c1a00000|100%| O|  |TAMS 0x00000000c1a00000, 0x00000000c1900000| Untracked 
|  26|0x00000000c1a00000, 0x00000000c1afffd8, 0x00000000c1b00000| 99%| O|  |TAMS 0x00000000c1afffd8, 0x00000000c1a00000| Untracked 
|  27|0x00000000c1b00000, 0x00000000c1bffff8, 0x00000000c1c00000| 99%| O|  |TAMS 0x00000000c1bffff8, 0x00000000c1b00000| Untracked 
|  28|0x00000000c1c00000, 0x00000000c1cfffc8, 0x00000000c1d00000| 99%| O|  |TAMS 0x00000000c1cfffc8, 0x00000000c1c00000| Untracked 
|  29|0x00000000c1d00000, 0x00000000c1dffff0, 0x00000000c1e00000| 99%| O|  |TAMS 0x00000000c1dffff0, 0x00000000c1d00000| Untracked 
|  30|0x00000000c1e00000, 0x00000000c1effff8, 0x00000000c1f00000| 99%| O|  |TAMS 0x00000000c1effff8, 0x00000000c1e00000| Untracked 
|  31|0x00000000c1f00000, 0x00000000c1fffff0, 0x00000000c2000000| 99%| O|  |TAMS 0x00000000c1fffff0, 0x00000000c1f00000| Untracked 
|  32|0x00000000c2000000, 0x00000000c20ffff0, 0x00000000c2100000| 99%| O|  |TAMS 0x00000000c20ffff0, 0x00000000c2000000| Untracked 
|  33|0x00000000c2100000, 0x00000000c21fffc0, 0x00000000c2200000| 99%| O|  |TAMS 0x00000000c21fffc0, 0x00000000c2100000| Untracked 
|  34|0x00000000c2200000, 0x00000000c2300000, 0x00000000c2300000|100%| O|  |TAMS 0x00000000c2300000, 0x00000000c2200000| Untracked 
|  35|0x00000000c2300000, 0x00000000c23cc258, 0x00000000c2400000| 79%| O|  |TAMS 0x00000000c2300000, 0x00000000c2300000| Untracked 
|  36|0x00000000c2400000, 0x00000000c24fff20, 0x00000000c2500000| 99%| O|  |TAMS 0x00000000c24fff20, 0x00000000c2400000| Untracked 
|  37|0x00000000c2500000, 0x00000000c2533c40, 0x00000000c2600000| 20%| O|  |TAMS 0x00000000c2500000, 0x00000000c2500000| Untracked 
|  38|0x00000000c2600000, 0x00000000c2600088, 0x00000000c2700000|  0%| O|  |TAMS 0x00000000c2600000, 0x00000000c2600000| Untracked 
|  39|0x00000000c2700000, 0x00000000c2700000, 0x00000000c2800000|  0%| F|  |TAMS 0x00000000c2700000, 0x00000000c2700000| Untracked 
|  40|0x00000000c2800000, 0x00000000c2800000, 0x00000000c2900000|  0%| F|  |TAMS 0x00000000c2800000, 0x00000000c2800000| Untracked 
|  41|0x00000000c2900000, 0x00000000c2900000, 0x00000000c2a00000|  0%| F|  |TAMS 0x00000000c2900000, 0x00000000c2900000| Untracked 
|  42|0x00000000c2a00000, 0x00000000c2a00000, 0x00000000c2b00000|  0%| F|  |TAMS 0x00000000c2a00000, 0x00000000c2a00000| Untracked 
|  43|0x00000000c2b00000, 0x00000000c2b00000, 0x00000000c2c00000|  0%| F|  |TAMS 0x00000000c2b00000, 0x00000000c2b00000| Untracked 
|  44|0x00000000c2c00000, 0x00000000c2c00000, 0x00000000c2d00000|  0%| F|  |TAMS 0x00000000c2c00000, 0x00000000c2c00000| Untracked 
|  45|0x00000000c2d00000, 0x00000000c2e00000, 0x00000000c2e00000|100%|HS|  |TAMS 0x00000000c2e00000, 0x00000000c2d00000| Untracked 
|  46|0x00000000c2e00000, 0x00000000c2e00000, 0x00000000c2f00000|  0%| F|  |TAMS 0x00000000c2e00000, 0x00000000c2e00000| Untracked 
|  47|0x00000000c2f00000, 0x00000000c2f00000, 0x00000000c3000000|  0%| F|  |TAMS 0x00000000c2f00000, 0x00000000c2f00000| Untracked 
|  48|0x00000000c3000000, 0x00000000c3000000, 0x00000000c3100000|  0%| F|  |TAMS 0x00000000c3000000, 0x00000000c3000000| Untracked 
|  49|0x00000000c3100000, 0x00000000c3100000, 0x00000000c3200000|  0%| F|  |TAMS 0x00000000c3100000, 0x00000000c3100000| Untracked 
|  50|0x00000000c3200000, 0x00000000c3200000, 0x00000000c3300000|  0%| F|  |TAMS 0x00000000c3200000, 0x00000000c3200000| Untracked 
|  51|0x00000000c3300000, 0x00000000c3300000, 0x00000000c3400000|  0%| F|  |TAMS 0x00000000c3300000, 0x00000000c3300000| Untracked 
|  52|0x00000000c3400000, 0x00000000c3400000, 0x00000000c3500000|  0%| F|  |TAMS 0x00000000c3400000, 0x00000000c3400000| Untracked 
|  53|0x00000000c3500000, 0x00000000c3500000, 0x00000000c3600000|  0%| F|  |TAMS 0x00000000c3500000, 0x00000000c3500000| Untracked 
|  54|0x00000000c3600000, 0x00000000c3600000, 0x00000000c3700000|  0%| F|  |TAMS 0x00000000c3600000, 0x00000000c3600000| Untracked 
|  55|0x00000000c3700000, 0x00000000c3700000, 0x00000000c3800000|  0%| F|  |TAMS 0x00000000c3700000, 0x00000000c3700000| Untracked 
|  56|0x00000000c3800000, 0x00000000c3800000, 0x00000000c3900000|  0%| F|  |TAMS 0x00000000c3800000, 0x00000000c3800000| Untracked 
|  57|0x00000000c3900000, 0x00000000c3900000, 0x00000000c3a00000|  0%| F|  |TAMS 0x00000000c3900000, 0x00000000c3900000| Untracked 
|  58|0x00000000c3a00000, 0x00000000c3a00000, 0x00000000c3b00000|  0%| F|  |TAMS 0x00000000c3a00000, 0x00000000c3a00000| Untracked 
|  59|0x00000000c3b00000, 0x00000000c3b00000, 0x00000000c3c00000|  0%| F|  |TAMS 0x00000000c3b00000, 0x00000000c3b00000| Untracked 
|  60|0x00000000c3c00000, 0x00000000c3c00000, 0x00000000c3d00000|  0%| F|  |TAMS 0x00000000c3c00000, 0x00000000c3c00000| Untracked 
|  61|0x00000000c3d00000, 0x00000000c3d00000, 0x00000000c3e00000|  0%| F|  |TAMS 0x00000000c3d00000, 0x00000000c3d00000| Untracked 
|  62|0x00000000c3e00000, 0x00000000c3e00000, 0x00000000c3f00000|  0%| F|  |TAMS 0x00000000c3e00000, 0x00000000c3e00000| Untracked 
|  63|0x00000000c3f00000, 0x00000000c3f00000, 0x00000000c4000000|  0%| F|  |TAMS 0x00000000c3f00000, 0x00000000c3f00000| Untracked 
|  64|0x00000000c4000000, 0x00000000c4000000, 0x00000000c4100000|  0%| F|  |TAMS 0x00000000c4000000, 0x00000000c4000000| Untracked 
|  65|0x00000000c4100000, 0x00000000c4100000, 0x00000000c4200000|  0%| F|  |TAMS 0x00000000c4100000, 0x00000000c4100000| Untracked 
|  66|0x00000000c4200000, 0x00000000c4200000, 0x00000000c4300000|  0%| F|  |TAMS 0x00000000c4200000, 0x00000000c4200000| Untracked 
|  67|0x00000000c4300000, 0x00000000c4300000, 0x00000000c4400000|  0%| F|  |TAMS 0x00000000c4300000, 0x00000000c4300000| Untracked 
|  68|0x00000000c4400000, 0x00000000c4400000, 0x00000000c4500000|  0%| F|  |TAMS 0x00000000c4400000, 0x00000000c4400000| Untracked 
|  69|0x00000000c4500000, 0x00000000c4500000, 0x00000000c4600000|  0%| F|  |TAMS 0x00000000c4500000, 0x00000000c4500000| Untracked 
|  70|0x00000000c4600000, 0x00000000c4600000, 0x00000000c4700000|  0%| F|  |TAMS 0x00000000c4600000, 0x00000000c4600000| Untracked 
|  71|0x00000000c4700000, 0x00000000c4700000, 0x00000000c4800000|  0%| F|  |TAMS 0x00000000c4700000, 0x00000000c4700000| Untracked 
|  72|0x00000000c4800000, 0x00000000c4800000, 0x00000000c4900000|  0%| F|  |TAMS 0x00000000c4800000, 0x00000000c4800000| Untracked 
|  73|0x00000000c4900000, 0x00000000c4900000, 0x00000000c4a00000|  0%| F|  |TAMS 0x00000000c4900000, 0x00000000c4900000| Untracked 
|  74|0x00000000c4a00000, 0x00000000c4a00000, 0x00000000c4b00000|  0%| F|  |TAMS 0x00000000c4a00000, 0x00000000c4a00000| Untracked 
|  75|0x00000000c4b00000, 0x00000000c4b00000, 0x00000000c4c00000|  0%| F|  |TAMS 0x00000000c4b00000, 0x00000000c4b00000| Untracked 
|  76|0x00000000c4c00000, 0x00000000c4c00000, 0x00000000c4d00000|  0%| F|  |TAMS 0x00000000c4c00000, 0x00000000c4c00000| Untracked 
|  77|0x00000000c4d00000, 0x00000000c4d00000, 0x00000000c4e00000|  0%| F|  |TAMS 0x00000000c4d00000, 0x00000000c4d00000| Untracked 
|  78|0x00000000c4e00000, 0x00000000c4e00000, 0x00000000c4f00000|  0%| F|  |TAMS 0x00000000c4e00000, 0x00000000c4e00000| Untracked 
|  79|0x00000000c4f00000, 0x00000000c4f00000, 0x00000000c5000000|  0%| F|  |TAMS 0x00000000c4f00000, 0x00000000c4f00000| Untracked 
|  80|0x00000000c5000000, 0x00000000c5000000, 0x00000000c5100000|  0%| F|  |TAMS 0x00000000c5000000, 0x00000000c5000000| Untracked 
|  81|0x00000000c5100000, 0x00000000c5100000, 0x00000000c5200000|  0%| F|  |TAMS 0x00000000c5100000, 0x00000000c5100000| Untracked 
|  82|0x00000000c5200000, 0x00000000c5200000, 0x00000000c5300000|  0%| F|  |TAMS 0x00000000c5200000, 0x00000000c5200000| Untracked 
|  83|0x00000000c5300000, 0x00000000c5300000, 0x00000000c5400000|  0%| F|  |TAMS 0x00000000c5300000, 0x00000000c5300000| Untracked 
|  84|0x00000000c5400000, 0x00000000c5400000, 0x00000000c5500000|  0%| F|  |TAMS 0x00000000c5400000, 0x00000000c5400000| Untracked 
|  85|0x00000000c5500000, 0x00000000c5500000, 0x00000000c5600000|  0%| F|  |TAMS 0x00000000c5500000, 0x00000000c5500000| Untracked 
|  86|0x00000000c5600000, 0x00000000c5600000, 0x00000000c5700000|  0%| F|  |TAMS 0x00000000c5600000, 0x00000000c5600000| Untracked 
|  87|0x00000000c5700000, 0x00000000c5700000, 0x00000000c5800000|  0%| F|  |TAMS 0x00000000c5700000, 0x00000000c5700000| Untracked 
|  88|0x00000000c5800000, 0x00000000c5800000, 0x00000000c5900000|  0%| F|  |TAMS 0x00000000c5800000, 0x00000000c5800000| Untracked 
|  89|0x00000000c5900000, 0x00000000c5900000, 0x00000000c5a00000|  0%| F|  |TAMS 0x00000000c5900000, 0x00000000c5900000| Untracked 
|  90|0x00000000c5a00000, 0x00000000c5a00000, 0x00000000c5b00000|  0%| F|  |TAMS 0x00000000c5a00000, 0x00000000c5a00000| Untracked 
|  91|0x00000000c5b00000, 0x00000000c5b00000, 0x00000000c5c00000|  0%| F|  |TAMS 0x00000000c5b00000, 0x00000000c5b00000| Untracked 
|  92|0x00000000c5c00000, 0x00000000c5c00000, 0x00000000c5d00000|  0%| F|  |TAMS 0x00000000c5c00000, 0x00000000c5c00000| Untracked 
|  93|0x00000000c5d00000, 0x00000000c5d00000, 0x00000000c5e00000|  0%| F|  |TAMS 0x00000000c5d00000, 0x00000000c5d00000| Untracked 
|  94|0x00000000c5e00000, 0x00000000c5e00000, 0x00000000c5f00000|  0%| F|  |TAMS 0x00000000c5e00000, 0x00000000c5e00000| Untracked 
|  95|0x00000000c5f00000, 0x00000000c5f00000, 0x00000000c6000000|  0%| F|  |TAMS 0x00000000c5f00000, 0x00000000c5f00000| Untracked 
|  96|0x00000000c6000000, 0x00000000c6000000, 0x00000000c6100000|  0%| F|  |TAMS 0x00000000c6000000, 0x00000000c6000000| Untracked 
|  97|0x00000000c6100000, 0x00000000c6100000, 0x00000000c6200000|  0%| F|  |TAMS 0x00000000c6100000, 0x00000000c6100000| Untracked 
|  98|0x00000000c6200000, 0x00000000c6200000, 0x00000000c6300000|  0%| F|  |TAMS 0x00000000c6200000, 0x00000000c6200000| Untracked 
|  99|0x00000000c6300000, 0x00000000c6300000, 0x00000000c6400000|  0%| F|  |TAMS 0x00000000c6300000, 0x00000000c6300000| Untracked 
| 100|0x00000000c6400000, 0x00000000c6400000, 0x00000000c6500000|  0%| F|  |TAMS 0x00000000c6400000, 0x00000000c6400000| Untracked 
| 101|0x00000000c6500000, 0x00000000c6500000, 0x00000000c6600000|  0%| F|  |TAMS 0x00000000c6500000, 0x00000000c6500000| Untracked 
| 102|0x00000000c6600000, 0x00000000c6600000, 0x00000000c6700000|  0%| F|  |TAMS 0x00000000c6600000, 0x00000000c6600000| Untracked 
| 103|0x00000000c6700000, 0x00000000c6700000, 0x00000000c6800000|  0%| F|  |TAMS 0x00000000c6700000, 0x00000000c6700000| Untracked 
| 104|0x00000000c6800000, 0x00000000c6800000, 0x00000000c6900000|  0%| F|  |TAMS 0x00000000c6800000, 0x00000000c6800000| Untracked 
| 105|0x00000000c6900000, 0x00000000c6900000, 0x00000000c6a00000|  0%| F|  |TAMS 0x00000000c6900000, 0x00000000c6900000| Untracked 
| 106|0x00000000c6a00000, 0x00000000c6a00000, 0x00000000c6b00000|  0%| F|  |TAMS 0x00000000c6a00000, 0x00000000c6a00000| Untracked 
| 107|0x00000000c6b00000, 0x00000000c6b00000, 0x00000000c6c00000|  0%| F|  |TAMS 0x00000000c6b00000, 0x00000000c6b00000| Untracked 
| 108|0x00000000c6c00000, 0x00000000c6c00000, 0x00000000c6d00000|  0%| F|  |TAMS 0x00000000c6c00000, 0x00000000c6c00000| Untracked 
| 109|0x00000000c6d00000, 0x00000000c6d00000, 0x00000000c6e00000|  0%| F|  |TAMS 0x00000000c6d00000, 0x00000000c6d00000| Untracked 
| 110|0x00000000c6e00000, 0x00000000c6e00000, 0x00000000c6f00000|  0%| F|  |TAMS 0x00000000c6e00000, 0x00000000c6e00000| Untracked 
| 111|0x00000000c6f00000, 0x00000000c6f00000, 0x00000000c7000000|  0%| F|  |TAMS 0x00000000c6f00000, 0x00000000c6f00000| Untracked 
| 112|0x00000000c7000000, 0x00000000c7000000, 0x00000000c7100000|  0%| F|  |TAMS 0x00000000c7000000, 0x00000000c7000000| Untracked 
| 113|0x00000000c7100000, 0x00000000c7100000, 0x00000000c7200000|  0%| F|  |TAMS 0x00000000c7100000, 0x00000000c7100000| Untracked 
| 114|0x00000000c7200000, 0x00000000c7200000, 0x00000000c7300000|  0%| F|  |TAMS 0x00000000c7200000, 0x00000000c7200000| Untracked 
| 115|0x00000000c7300000, 0x00000000c7300000, 0x00000000c7400000|  0%| F|  |TAMS 0x00000000c7300000, 0x00000000c7300000| Untracked 
| 116|0x00000000c7400000, 0x00000000c7400000, 0x00000000c7500000|  0%| F|  |TAMS 0x00000000c7400000, 0x00000000c7400000| Untracked 
| 117|0x00000000c7500000, 0x00000000c7500000, 0x00000000c7600000|  0%| F|  |TAMS 0x00000000c7500000, 0x00000000c7500000| Untracked 
| 118|0x00000000c7600000, 0x00000000c7600000, 0x00000000c7700000|  0%| F|  |TAMS 0x00000000c7600000, 0x00000000c7600000| Untracked 
| 119|0x00000000c7700000, 0x00000000c7700000, 0x00000000c7800000|  0%| F|  |TAMS 0x00000000c7700000, 0x00000000c7700000| Untracked 
| 120|0x00000000c7800000, 0x00000000c7800000, 0x00000000c7900000|  0%| F|  |TAMS 0x00000000c7800000, 0x00000000c7800000| Untracked 
| 121|0x00000000c7900000, 0x00000000c7900000, 0x00000000c7a00000|  0%| F|  |TAMS 0x00000000c7900000, 0x00000000c7900000| Untracked 
| 122|0x00000000c7a00000, 0x00000000c7a00000, 0x00000000c7b00000|  0%| F|  |TAMS 0x00000000c7a00000, 0x00000000c7a00000| Untracked 
| 123|0x00000000c7b00000, 0x00000000c7b00000, 0x00000000c7c00000|  0%| F|  |TAMS 0x00000000c7b00000, 0x00000000c7b00000| Untracked 
| 124|0x00000000c7c00000, 0x00000000c7c00000, 0x00000000c7d00000|  0%| F|  |TAMS 0x00000000c7c00000, 0x00000000c7c00000| Untracked 
| 125|0x00000000c7d00000, 0x00000000c7d00000, 0x00000000c7e00000|  0%| F|  |TAMS 0x00000000c7d00000, 0x00000000c7d00000| Untracked 
| 126|0x00000000c7e00000, 0x00000000c7e00000, 0x00000000c7f00000|  0%| F|  |TAMS 0x00000000c7e00000, 0x00000000c7e00000| Untracked 
| 127|0x00000000c7f00000, 0x00000000c7f00000, 0x00000000c8000000|  0%| F|  |TAMS 0x00000000c7f00000, 0x00000000c7f00000| Untracked 
| 128|0x00000000c8000000, 0x00000000c8000000, 0x00000000c8100000|  0%| F|  |TAMS 0x00000000c8000000, 0x00000000c8000000| Untracked 
| 129|0x00000000c8100000, 0x00000000c813daa8, 0x00000000c8200000| 24%| E|  |TAMS 0x00000000c8100000, 0x00000000c8100000| Complete 

Card table byte_map: [0x00000126e87b0000,0x00000126e89b0000] _byte_map_base: 0x00000126e81b0000

Marking Bits (Prev, Next): (CMBitMap*) 0x00000126e2857410, (CMBitMap*) 0x00000126e2857450
 Prev Bits: [0x00000126e8bb0000, 0x00000126e9bb0000)
 Next Bits: [0x00000126e9bb0000, 0x00000126eabb0000)

Polling page: 0x00000126e1fe0000

Metaspace:

Usage:
  Non-class:     58.61 MB used.
      Class:      9.26 MB used.
       Both:     67.87 MB used.

Virtual space:
  Non-class space:       64.00 MB reserved,      59.00 MB ( 92%) committed,  1 nodes.
      Class space:        1.00 GB reserved,       9.56 MB ( <1%) committed,  1 nodes.
             Both:        1.06 GB reserved,      68.56 MB (  6%) committed. 

Chunk freelists:
   Non-Class:  5.00 MB
       Class:  6.57 MB
        Both:  11.57 MB

MaxMetaspaceSize: unlimited
CompressedClassSpaceSize: 1.00 GB
Initial GC threshold: 21.00 MB
Current GC threshold: 114.31 MB
CDS: off
MetaspaceReclaimPolicy: balanced
 - commit_granule_bytes: 65536.
 - commit_granule_words: 8192.
 - virtual_space_node_default_size: 8388608.
 - enlarge_chunks_in_place: 1.
 - new_chunks_are_fully_committed: 0.
 - uncommit_free_chunks: 1.
 - use_allocation_guard: 0.
 - handle_deallocations: 1.


Internal statistics:

num_allocs_failed_limit: 15.
num_arena_births: 686.
num_arena_deaths: 212.
num_vsnodes_births: 2.
num_vsnodes_deaths: 0.
num_space_committed: 1097.
num_space_uncommitted: 0.
num_chunks_returned_to_freelist: 274.
num_chunks_taken_from_freelist: 2924.
num_chunk_merges: 100.
num_chunk_splits: 2085.
num_chunks_enlarged: 1597.
num_inconsistent_stats: 0.

CodeCache: size=49152Kb used=19061Kb max_used=19674Kb free=30090Kb
 bounds [0x00000126e54a0000, 0x00000126e67e0000, 0x00000126e84a0000]
 total_blobs=11286 nmethods=10611 adapters=602
 compilation: enabled
              stopped_count=0, restarted_count=0
 full_count=0

Compilation events (20 events):
Event: 6387.570 Thread 0x00000126ed677a50 10785       1       java.math.BigDecimal::longMultiplyPowerTen (69 bytes)
Event: 6387.574 Thread 0x00000126ed677a50 nmethod 10785 0x00000126e65e8210 code [0x00000126e65e83c0, 0x00000126e65e85b8]
Event: 6477.403 Thread 0x00000126ed677a50 10786       1       java.util.concurrent.CompletableFuture::uniApplyStage (54 bytes)
Event: 6477.419 Thread 0x00000126ed677a50 nmethod 10786 0x00000126e65e7a90 code [0x00000126e65e7c60, 0x00000126e65e8088]
Event: 6494.824 Thread 0x00000126ed677a50 10787       1       org.eclipse.lsp4j.jsonrpc.messages.Either::isRight (13 bytes)
Event: 6494.827 Thread 0x00000126ed677a50 nmethod 10787 0x00000126e65e7790 code [0x00000126e65e7920, 0x00000126e65e79f8]
Event: 7307.440 Thread 0x00000126ed677a50 10788       1       java.util.Objects::requireNonNullElse (15 bytes)
Event: 7307.440 Thread 0x00000126ed677a50 nmethod 10788 0x00000126e65e7410 code [0x00000126e65e75a0, 0x00000126e65e76e8]
Event: 14832.438 Thread 0x00000126ed677a50 10789   !   1       java.util.concurrent.SynchronousQueue$TransferStack::transfer (541 bytes)
Event: 14832.517 Thread 0x00000126ed677a50 nmethod 10789 0x00000126e65e1890 code [0x00000126e65e1fa0, 0x00000126e65e5c58]
Event: 14841.415 Thread 0x00000126ed677a50 10792       1       java.time.Instant::ofEpochMilli (27 bytes)
Event: 14841.419 Thread 0x00000126ed677a50 nmethod 10792 0x00000126e65e1390 code [0x00000126e65e1520, 0x00000126e65e1748]
Event: 14841.419 Thread 0x00000126ed677a50 10793       1       java.time.format.DateTimeFormatter::format (21 bytes)
Event: 14841.428 Thread 0x00000126ed677a50 nmethod 10793 0x00000126e65e0d90 code [0x00000126e65e0f60, 0x00000126e65e1238]
Event: 14841.428 Thread 0x00000126ed677a50 10794   !   1       java.time.format.DateTimeFormatter::formatTo (98 bytes)
Event: 14841.443 Thread 0x00000126ed677a50 nmethod 10794 0x00000126e65e0190 code [0x00000126e65e03c0, 0x00000126e65e09c8]
Event: 14841.443 Thread 0x00000126ed677a50 10795       1       java.time.format.DateTimePrintContext::<init> (19 bytes)
Event: 14841.443 Thread 0x00000126ed677a50 nmethod 10795 0x00000126e65dfe10 code [0x00000126e65dffa0, 0x00000126e65e0128]
Event: 14841.443 Thread 0x00000126ed677a50 10796       1       java.time.format.DateTimePrintContext::adjust (382 bytes)
Event: 14841.495 Thread 0x00000126ed677a50 nmethod 10796 0x00000126e65dda90 code [0x00000126e65ddee0, 0x00000126e65df208]

GC Heap History (20 events):
Event: 14996.269 GC heap before
{Heap before GC invocations=1430 (full 1386):
 garbage-first heap   total 133120K, used 38882K [0x00000000c0000000, 0x0000000100000000)
  region size 1024K, 1 young (1024K), 0 survivors (0K)
 Metaspace       used 69501K, committed 70208K, reserved 1114112K
  class space    used 9483K, committed 9792K, reserved 1048576K
}
Event: 14996.304 GC heap after
{Heap after GC invocations=1431 (full 1387):
 garbage-first heap   total 133120K, used 38882K [0x00000000c0000000, 0x0000000100000000)
  region size 1024K, 0 young (0K), 0 survivors (0K)
 Metaspace       used 69501K, committed 70208K, reserved 1114112K
  class space    used 9483K, committed 9792K, reserved 1048576K
}
Event: 15006.413 GC heap before
{Heap before GC invocations=1431 (full 1387):
 garbage-first heap   total 133120K, used 38882K [0x00000000c0000000, 0x0000000100000000)
  region size 1024K, 1 young (1024K), 0 survivors (0K)
 Metaspace       used 69501K, committed 70208K, reserved 1114112K
  class space    used 9483K, committed 9792K, reserved 1048576K
}
Event: 15006.443 GC heap after
{Heap after GC invocations=1432 (full 1388):
 garbage-first heap   total 133120K, used 38882K [0x00000000c0000000, 0x0000000100000000)
  region size 1024K, 0 young (0K), 0 survivors (0K)
 Metaspace       used 69501K, committed 70208K, reserved 1114112K
  class space    used 9483K, committed 9792K, reserved 1048576K
}
Event: 15016.595 GC heap before
{Heap before GC invocations=1432 (full 1388):
 garbage-first heap   total 133120K, used 38882K [0x00000000c0000000, 0x0000000100000000)
  region size 1024K, 1 young (1024K), 0 survivors (0K)
 Metaspace       used 69501K, committed 70208K, reserved 1114112K
  class space    used 9483K, committed 9792K, reserved 1048576K
}
Event: 15016.641 GC heap after
{Heap after GC invocations=1433 (full 1389):
 garbage-first heap   total 133120K, used 38882K [0x00000000c0000000, 0x0000000100000000)
  region size 1024K, 0 young (0K), 0 survivors (0K)
 Metaspace       used 69501K, committed 70208K, reserved 1114112K
  class space    used 9483K, committed 9792K, reserved 1048576K
}
Event: 15026.774 GC heap before
{Heap before GC invocations=1433 (full 1389):
 garbage-first heap   total 133120K, used 38882K [0x00000000c0000000, 0x0000000100000000)
  region size 1024K, 1 young (1024K), 0 survivors (0K)
 Metaspace       used 69501K, committed 70208K, reserved 1114112K
  class space    used 9483K, committed 9792K, reserved 1048576K
}
Event: 15026.808 GC heap after
{Heap after GC invocations=1434 (full 1390):
 garbage-first heap   total 133120K, used 38882K [0x00000000c0000000, 0x0000000100000000)
  region size 1024K, 0 young (0K), 0 survivors (0K)
 Metaspace       used 69501K, committed 70208K, reserved 1114112K
  class space    used 9483K, committed 9792K, reserved 1048576K
}
Event: 15036.924 GC heap before
{Heap before GC invocations=1434 (full 1390):
 garbage-first heap   total 133120K, used 38882K [0x00000000c0000000, 0x0000000100000000)
  region size 1024K, 1 young (1024K), 0 survivors (0K)
 Metaspace       used 69501K, committed 70208K, reserved 1114112K
  class space    used 9483K, committed 9792K, reserved 1048576K
}
Event: 15036.955 GC heap after
{Heap after GC invocations=1435 (full 1391):
 garbage-first heap   total 133120K, used 38882K [0x00000000c0000000, 0x0000000100000000)
  region size 1024K, 0 young (0K), 0 survivors (0K)
 Metaspace       used 69501K, committed 70208K, reserved 1114112K
  class space    used 9483K, committed 9792K, reserved 1048576K
}
Event: 15047.065 GC heap before
{Heap before GC invocations=1435 (full 1391):
 garbage-first heap   total 133120K, used 38882K [0x00000000c0000000, 0x0000000100000000)
  region size 1024K, 1 young (1024K), 0 survivors (0K)
 Metaspace       used 69501K, committed 70208K, reserved 1114112K
  class space    used 9483K, committed 9792K, reserved 1048576K
}
Event: 15047.101 GC heap after
{Heap after GC invocations=1436 (full 1392):
 garbage-first heap   total 133120K, used 38882K [0x00000000c0000000, 0x0000000100000000)
  region size 1024K, 0 young (0K), 0 survivors (0K)
 Metaspace       used 69501K, committed 70208K, reserved 1114112K
  class space    used 9483K, committed 9792K, reserved 1048576K
}
Event: 15057.214 GC heap before
{Heap before GC invocations=1436 (full 1392):
 garbage-first heap   total 133120K, used 38882K [0x00000000c0000000, 0x0000000100000000)
  region size 1024K, 1 young (1024K), 0 survivors (0K)
 Metaspace       used 69501K, committed 70208K, reserved 1114112K
  class space    used 9483K, committed 9792K, reserved 1048576K
}
Event: 15057.245 GC heap after
{Heap after GC invocations=1437 (full 1393):
 garbage-first heap   total 133120K, used 38882K [0x00000000c0000000, 0x0000000100000000)
  region size 1024K, 0 young (0K), 0 survivors (0K)
 Metaspace       used 69501K, committed 70208K, reserved 1114112K
  class space    used 9483K, committed 9792K, reserved 1048576K
}
Event: 15067.366 GC heap before
{Heap before GC invocations=1437 (full 1393):
 garbage-first heap   total 133120K, used 38882K [0x00000000c0000000, 0x0000000100000000)
  region size 1024K, 1 young (1024K), 0 survivors (0K)
 Metaspace       used 69501K, committed 70208K, reserved 1114112K
  class space    used 9483K, committed 9792K, reserved 1048576K
}
Event: 15067.399 GC heap after
{Heap after GC invocations=1438 (full 1394):
 garbage-first heap   total 133120K, used 38882K [0x00000000c0000000, 0x0000000100000000)
  region size 1024K, 0 young (0K), 0 survivors (0K)
 Metaspace       used 69501K, committed 70208K, reserved 1114112K
  class space    used 9483K, committed 9792K, reserved 1048576K
}
Event: 15077.511 GC heap before
{Heap before GC invocations=1438 (full 1394):
 garbage-first heap   total 133120K, used 38882K [0x00000000c0000000, 0x0000000100000000)
  region size 1024K, 1 young (1024K), 0 survivors (0K)
 Metaspace       used 69501K, committed 70208K, reserved 1114112K
  class space    used 9483K, committed 9792K, reserved 1048576K
}
Event: 15077.543 GC heap after
{Heap after GC invocations=1439 (full 1395):
 garbage-first heap   total 133120K, used 38882K [0x00000000c0000000, 0x0000000100000000)
  region size 1024K, 0 young (0K), 0 survivors (0K)
 Metaspace       used 69501K, committed 70208K, reserved 1114112K
  class space    used 9483K, committed 9792K, reserved 1048576K
}
Event: 15087.788 GC heap before
{Heap before GC invocations=1439 (full 1395):
 garbage-first heap   total 133120K, used 38882K [0x00000000c0000000, 0x0000000100000000)
  region size 1024K, 1 young (1024K), 0 survivors (0K)
 Metaspace       used 69501K, committed 70208K, reserved 1114112K
  class space    used 9483K, committed 9792K, reserved 1048576K
}
Event: 15087.837 GC heap after
{Heap after GC invocations=1440 (full 1396):
 garbage-first heap   total 133120K, used 38882K [0x00000000c0000000, 0x0000000100000000)
  region size 1024K, 0 young (0K), 0 survivors (0K)
 Metaspace       used 69501K, committed 70208K, reserved 1114112K
  class space    used 9483K, committed 9792K, reserved 1048576K
}

Dll operation events (10 events):
Event: 0.011 Loaded shared library c:\Users\amine\.vscode\extensions\redhat.java-1.18.0-win32-x64\jre\17.0.7-win32-x86_64\bin\java.dll
Event: 0.562 Loaded shared library C:\Users\amine\.vscode\extensions\redhat.java-1.18.0-win32-x64\jre\17.0.7-win32-x86_64\bin\net.dll
Event: 0.581 Loaded shared library C:\Users\amine\.vscode\extensions\redhat.java-1.18.0-win32-x64\jre\17.0.7-win32-x86_64\bin\nio.dll
Event: 0.594 Loaded shared library C:\Users\amine\.vscode\extensions\redhat.java-1.18.0-win32-x64\jre\17.0.7-win32-x86_64\bin\zip.dll
Event: 1.578 Loaded shared library C:\Users\amine\.vscode\extensions\redhat.java-1.18.0-win32-x64\jre\17.0.7-win32-x86_64\bin\jimage.dll
Event: 7.198 Loaded shared library C:\Users\amine\.vscode\extensions\redhat.java-1.18.0-win32-x64\jre\17.0.7-win32-x86_64\bin\management.dll
Event: 7.202 Loaded shared library C:\Users\amine\.vscode\extensions\redhat.java-1.18.0-win32-x64\jre\17.0.7-win32-x86_64\bin\management_ext.dll
Event: 11.061 Loaded shared library C:\Users\amine\.vscode\extensions\redhat.java-1.18.0-win32-x64\jre\17.0.7-win32-x86_64\bin\sunmscapi.dll
Event: 17.525 Loaded shared library c:\Users\amine\.vscode\extensions\redhat.java-1.18.0-win32-x64\jre\17.0.7-win32-x86_64\bin\verify.dll
Event: 21.687 Loaded shared library C:\Users\amine\AppData\Local\Temp\snappy-1.1.8-825819ec-40d7-484a-a26f-fd879e705735-snappyjava.dll

Deoptimization events (20 events):
Event: 18.548 Thread 0x00000126f3094b60 DEOPT PACKING pc=0x00000126e62c6af4 sp=0x00000008e03fdf40
Event: 18.548 Thread 0x00000126f3094b60 DEOPT UNPACKING pc=0x00000126e54f7143 sp=0x00000008e03fd418 mode 0
Event: 18.548 Thread 0x00000126f3094b60 DEOPT PACKING pc=0x00000126e627eea4 sp=0x00000008e03fdff0
Event: 18.548 Thread 0x00000126f3094b60 DEOPT UNPACKING pc=0x00000126e54f7143 sp=0x00000008e03fd570 mode 0
Event: 18.550 Thread 0x00000126f3094b60 DEOPT PACKING pc=0x00000126e6325d2c sp=0x00000008e03fe310
Event: 18.551 Thread 0x00000126f3094b60 DEOPT UNPACKING pc=0x00000126e54f7143 sp=0x00000008e03fd7a0 mode 0
Event: 21.421 Thread 0x00000126f33a3ae0 DEOPT PACKING pc=0x00000126e64f398c sp=0x00000008e06fd4c0
Event: 21.421 Thread 0x00000126f33a3ae0 DEOPT UNPACKING pc=0x00000126e54f7143 sp=0x00000008e06fca08 mode 0
Event: 21.424 Thread 0x00000126f33a3ae0 DEOPT PACKING pc=0x00000126e64f39ec sp=0x00000008e06fd7c0
Event: 21.424 Thread 0x00000126f33a3ae0 DEOPT UNPACKING pc=0x00000126e54f7143 sp=0x00000008e06fcd10 mode 0
Event: 21.424 Thread 0x00000126f33a3ae0 DEOPT PACKING pc=0x00000126e64f39ec sp=0x00000008e06fda50
Event: 21.424 Thread 0x00000126f33a3ae0 DEOPT UNPACKING pc=0x00000126e54f7143 sp=0x00000008e06fcfa0 mode 0
Event: 21.424 Thread 0x00000126f33a3ae0 DEOPT PACKING pc=0x00000126e64f39ec sp=0x00000008e06fdd80
Event: 21.424 Thread 0x00000126f33a3ae0 DEOPT UNPACKING pc=0x00000126e54f7143 sp=0x00000008e06fd2d0 mode 0
Event: 21.424 Thread 0x00000126f33a3ae0 DEOPT PACKING pc=0x00000126e64f39ec sp=0x00000008e06fe060
Event: 21.424 Thread 0x00000126f33a3ae0 DEOPT UNPACKING pc=0x00000126e54f7143 sp=0x00000008e06fd5b0 mode 0
Event: 21.450 Thread 0x00000126f33a3ae0 DEOPT PACKING pc=0x00000126e65145ac sp=0x00000008e06fbf20
Event: 21.450 Thread 0x00000126f33a3ae0 DEOPT UNPACKING pc=0x00000126e54f7143 sp=0x00000008e06fb4b8 mode 0
Event: 180.147 Thread 0x00000126f3052760 DEOPT PACKING pc=0x00000126e599e9d4 sp=0x00000008dfeff270
Event: 180.147 Thread 0x00000126f3052760 DEOPT UNPACKING pc=0x00000126e54f7143 sp=0x00000008dfefe6f8 mode 0

Classes unloaded (20 events):
Event: 139.263 Thread 0x00000126ed62c300 Unloading class 0x0000000100091800 'java/lang/invoke/LambdaForm$MH+0x0000000100091800'
Event: 139.263 Thread 0x00000126ed62c300 Unloading class 0x0000000100091400 'java/lang/invoke/LambdaForm$MH+0x0000000100091400'
Event: 139.263 Thread 0x00000126ed62c300 Unloading class 0x0000000100091000 'java/lang/invoke/LambdaForm$MH+0x0000000100091000'
Event: 139.263 Thread 0x00000126ed62c300 Unloading class 0x0000000100090c00 'java/lang/invoke/LambdaForm$MH+0x0000000100090c00'
Event: 139.263 Thread 0x00000126ed62c300 Unloading class 0x0000000100090800 'java/lang/invoke/LambdaForm$MH+0x0000000100090800'
Event: 139.263 Thread 0x00000126ed62c300 Unloading class 0x0000000100090400 'java/lang/invoke/LambdaForm$MH+0x0000000100090400'
Event: 139.263 Thread 0x00000126ed62c300 Unloading class 0x0000000100090000 'java/lang/invoke/LambdaForm$MH+0x0000000100090000'
Event: 139.263 Thread 0x00000126ed62c300 Unloading class 0x000000010008b800 'java/lang/invoke/LambdaForm$MH+0x000000010008b800'
Event: 139.263 Thread 0x00000126ed62c300 Unloading class 0x000000010008b400 'java/lang/invoke/LambdaForm$MH+0x000000010008b400'
Event: 139.263 Thread 0x00000126ed62c300 Unloading class 0x000000010008b000 'java/lang/invoke/LambdaForm$MH+0x000000010008b000'
Event: 139.263 Thread 0x00000126ed62c300 Unloading class 0x000000010008ac00 'java/lang/invoke/LambdaForm$MH+0x000000010008ac00'
Event: 139.263 Thread 0x00000126ed62c300 Unloading class 0x000000010008a800 'java/lang/invoke/LambdaForm$MH+0x000000010008a800'
Event: 139.263 Thread 0x00000126ed62c300 Unloading class 0x000000010008a400 'java/lang/invoke/LambdaForm$MH+0x000000010008a400'
Event: 139.263 Thread 0x00000126ed62c300 Unloading class 0x0000000100089c00 'java/lang/invoke/LambdaForm$MH+0x0000000100089c00'
Event: 139.263 Thread 0x00000126ed62c300 Unloading class 0x0000000100089400 'java/lang/invoke/LambdaForm$MH+0x0000000100089400'
Event: 139.263 Thread 0x00000126ed62c300 Unloading class 0x0000000100088c00 'java/lang/invoke/LambdaForm$MH+0x0000000100088c00'
Event: 139.263 Thread 0x00000126ed62c300 Unloading class 0x0000000100088400 'java/lang/invoke/LambdaForm$MH+0x0000000100088400'
Event: 5367.159 Thread 0x00000126ed62c300 Unloading class 0x0000000100540000 'java/lang/invoke/LambdaForm$MH+0x0000000100540000'
Event: 5367.159 Thread 0x00000126ed62c300 Unloading class 0x0000000100541000 'java/lang/invoke/LambdaForm$MH+0x0000000100541000'
Event: 5367.159 Thread 0x00000126ed62c300 Unloading class 0x0000000100541800 'java/lang/invoke/LambdaForm$MH+0x0000000100541800'

Classes redefined (0 events):
No events

Internal exceptions (20 events):
Event: 24.014 Thread 0x00000126f33a3ae0 Exception <a 'sun/nio/fs/WindowsException'{0x00000000df8f38a0}> (0x00000000df8f38a0) 
thrown [s\src\hotspot\share\prims\jni.cpp, line 516]
Event: 24.014 Thread 0x00000126f33a3ae0 Exception <a 'sun/nio/fs/WindowsException'{0x00000000df8f3d18}> (0x00000000df8f3d18) 
thrown [s\src\hotspot\share\prims\jni.cpp, line 516]
Event: 24.015 Thread 0x00000126f33a3ae0 Exception <a 'sun/nio/fs/WindowsException'{0x00000000df723b28}> (0x00000000df723b28) 
thrown [s\src\hotspot\share\prims\jni.cpp, line 516]
Event: 24.015 Thread 0x00000126f33a3ae0 Exception <a 'sun/nio/fs/WindowsException'{0x00000000df723f68}> (0x00000000df723f68) 
thrown [s\src\hotspot\share\prims\jni.cpp, line 516]
Event: 24.015 Thread 0x00000126f33a3ae0 Exception <a 'sun/nio/fs/WindowsException'{0x00000000df724f98}> (0x00000000df724f98) 
thrown [s\src\hotspot\share\prims\jni.cpp, line 516]
Event: 24.015 Thread 0x00000126f33a3ae0 Exception <a 'sun/nio/fs/WindowsException'{0x00000000df7253e8}> (0x00000000df7253e8) 
thrown [s\src\hotspot\share\prims\jni.cpp, line 516]
Event: 24.016 Thread 0x00000126f33a3ae0 Exception <a 'sun/nio/fs/WindowsException'{0x00000000df7454c0}> (0x00000000df7454c0) 
thrown [s\src\hotspot\share\prims\jni.cpp, line 516]
Event: 24.016 Thread 0x00000126f33a3ae0 Exception <a 'sun/nio/fs/WindowsException'{0x00000000df7458f8}> (0x00000000df7458f8) 
thrown [s\src\hotspot\share\prims\jni.cpp, line 516]
Event: 24.016 Thread 0x00000126f33a3ae0 Exception <a 'sun/nio/fs/WindowsException'{0x00000000df746918}> (0x00000000df746918) 
thrown [s\src\hotspot\share\prims\jni.cpp, line 516]
Event: 24.016 Thread 0x00000126f33a3ae0 Exception <a 'sun/nio/fs/WindowsException'{0x00000000df746d68}> (0x00000000df746d68) 
thrown [s\src\hotspot\share\prims\jni.cpp, line 516]
Event: 24.017 Thread 0x00000126f33a3ae0 Exception <a 'sun/nio/fs/WindowsException'{0x00000000df77aca8}> (0x00000000df77aca8) 
thrown [s\src\hotspot\share\prims\jni.cpp, line 516]
Event: 24.017 Thread 0x00000126f33a3ae0 Exception <a 'sun/nio/fs/WindowsException'{0x00000000df77b0f8}> (0x00000000df77b0f8) 
thrown [s\src\hotspot\share\prims\jni.cpp, line 516]
Event: 24.018 Thread 0x00000126f33a3ae0 Exception <a 'sun/nio/fs/WindowsException'{0x00000000df77c690}> (0x00000000df77c690) 
thrown [s\src\hotspot\share\prims\jni.cpp, line 516]
Event: 24.018 Thread 0x00000126f33a3ae0 Exception <a 'sun/nio/fs/WindowsException'{0x00000000df77cb08}> (0x00000000df77cb08) 
thrown [s\src\hotspot\share\prims\jni.cpp, line 516]
Event: 24.018 Thread 0x00000126f33a3ae0 Exception <a 'sun/nio/fs/WindowsException'{0x00000000df79fec0}> (0x00000000df79fec0) 
thrown [s\src\hotspot\share\prims\jni.cpp, line 516]
Event: 24.019 Thread 0x00000126f33a3ae0 Exception <a 'sun/nio/fs/WindowsException'{0x00000000df7a0310}> (0x00000000df7a0310) 
thrown [s\src\hotspot\share\prims\jni.cpp, line 516]
Event: 24.019 Thread 0x00000126f33a3ae0 Exception <a 'sun/nio/fs/WindowsException'{0x00000000df7a18a8}> (0x00000000df7a18a8) 
thrown [s\src\hotspot\share\prims\jni.cpp, line 516]
Event: 24.019 Thread 0x00000126f33a3ae0 Exception <a 'sun/nio/fs/WindowsException'{0x00000000df7a1d18}> (0x00000000df7a1d18) 
thrown [s\src\hotspot\share\prims\jni.cpp, line 516]
Event: 57.258 Thread 0x00000126f2f43800 Exception <a 'java/lang/NoSuchMethodError'{0x00000000df482c90}: 'void java.lang.invoke.DirectMethodHandle$Holder.invokeStatic(java.lang.Object, long)'> (0x00000000df482c90) 
thrown [s\src\hotspot\share\interpreter\linkResolver.cpp, line 759]
Event: 57.259 Thread 0x00000126f2f43800 Exception <a 'java/lang/NoSuchMethodError'{0x00000000df488040}: 'java.lang.Object java.lang.invoke.DirectMethodHandle$Holder.newInvokeSpecial(java.lang.Object, long)'> (0x00000000df488040) 
thrown [s\src\hotspot\share\interpreter\linkResolver.cpp, line 759]

VM Operations (20 events):
Event: 14996.305 Executing VM operation: G1CollectFull done
Event: 15006.413 Executing VM operation: G1CollectFull
Event: 15006.443 Executing VM operation: G1CollectFull done
Event: 15016.593 Executing VM operation: G1CollectFull
Event: 15016.641 Executing VM operation: G1CollectFull done
Event: 15026.774 Executing VM operation: G1CollectFull
Event: 15026.808 Executing VM operation: G1CollectFull done
Event: 15036.924 Executing VM operation: G1CollectFull
Event: 15036.955 Executing VM operation: G1CollectFull done
Event: 15047.065 Executing VM operation: G1CollectFull
Event: 15047.101 Executing VM operation: G1CollectFull done
Event: 15057.214 Executing VM operation: G1CollectFull
Event: 15057.245 Executing VM operation: G1CollectFull done
Event: 15067.366 Executing VM operation: G1CollectFull
Event: 15067.399 Executing VM operation: G1CollectFull done
Event: 15077.511 Executing VM operation: G1CollectFull
Event: 15077.543 Executing VM operation: G1CollectFull done
Event: 15087.788 Executing VM operation: G1CollectFull
Event: 15087.838 Executing VM operation: G1CollectFull done
Event: 15098.065 Executing VM operation: G1CollectFull

Events (20 events):
Event: 5267.424 Thread 0x00000126f33a0120 Thread added: 0x00000126f33a0120
Event: 5273.833 loading class java/util/logging/LogRecord
Event: 5273.855 loading class java/util/logging/LogRecord done
Event: 5327.462 Thread 0x00000126f33a0120 Thread exited: 0x00000126f33a0120
Event: 5333.971 Thread 0x00000126f33a3fb0 Thread exited: 0x00000126f33a3fb0
Event: 5340.900 Thread 0x00000126f33a3ae0 Thread exited: 0x00000126f33a3ae0
Event: 5404.191 Thread 0x00000126f33a0120 Thread added: 0x00000126f33a0120
Event: 5655.896 Thread 0x00000126f33a0120 Thread exited: 0x00000126f33a0120
Event: 5661.484 Thread 0x00000126f33a3610 Thread added: 0x00000126f33a3610
Event: 5735.884 Thread 0x00000126f33a3610 Thread exited: 0x00000126f33a3610
Event: 5757.163 Thread 0x00000126f339ede0 Thread added: 0x00000126f339ede0
Event: 6007.348 Thread 0x00000126f339ede0 Thread exited: 0x00000126f339ede0
Event: 6053.671 Thread 0x00000126f33a3610 Thread added: 0x00000126f33a3610
Event: 6121.749 Thread 0x00000126f33a3610 Thread exited: 0x00000126f33a3610
Event: 6367.954 Thread 0x00000126f33a0ac0 Thread added: 0x00000126f33a0ac0
Event: 6554.841 Thread 0x00000126f33a0ac0 Thread exited: 0x00000126f33a0ac0
Event: 7307.435 Thread 0x00000126f33a3610 Thread added: 0x00000126f33a3610
Event: 7367.443 Thread 0x00000126f33a3610 Thread exited: 0x00000126f33a3610
Event: 14820.043 Thread 0x00000126f33a3fb0 Thread added: 0x00000126f33a3fb0
Event: 14901.421 Thread 0x00000126f33a3fb0 Thread exited: 0x00000126f33a3fb0


Dynamic libraries:
0x00007ff6b65a0000 - 0x00007ff6b65ae000 	c:\Users\amine\.vscode\extensions\redhat.java-1.18.0-win32-x64\jre\17.0.7-win32-x86_64\bin\java.exe
0x00007ffb3ca50000 - 0x00007ffb3cc48000 	C:\WINDOWS\SYSTEM32\ntdll.dll
0x00007ffb3bf90000 - 0x00007ffb3c04f000 	C:\WINDOWS\System32\KERNEL32.DLL
0x00007ffb3a360000 - 0x00007ffb3a63a000 	C:\WINDOWS\System32\KERNELBASE.dll
0x00007ffb3a260000 - 0x00007ffb3a360000 	C:\WINDOWS\System32\ucrtbase.dll
0x00007ffb02a60000 - 0x00007ffb02a79000 	c:\Users\amine\.vscode\extensions\redhat.java-1.18.0-win32-x64\jre\17.0.7-win32-x86_64\bin\VCRUNTIME140.dll
0x00007ffafb5e0000 - 0x00007ffafb5f7000 	c:\Users\amine\.vscode\extensions\redhat.java-1.18.0-win32-x64\jre\17.0.7-win32-x86_64\bin\jli.dll
0x00007ffb3b7c0000 - 0x00007ffb3b95d000 	C:\WINDOWS\System32\USER32.dll
0x00007ffb1c5d0000 - 0x00007ffb1c86a000 	C:\WINDOWS\WinSxS\amd64_microsoft.windows.common-controls_6595b64144ccf1df_6.0.19041.1110_none_60b5254171f9507e\COMCTL32.dll
0x00007ffb3c0c0000 - 0x00007ffb3c15e000 	C:\WINDOWS\System32\msvcrt.dll
0x00007ffb3a160000 - 0x00007ffb3a182000 	C:\WINDOWS\System32\win32u.dll
0x00007ffb3c160000 - 0x00007ffb3c18b000 	C:\WINDOWS\System32\GDI32.dll
0x00007ffb3a690000 - 0x00007ffb3a7a0000 	C:\WINDOWS\System32\gdi32full.dll
0x00007ffb3a190000 - 0x00007ffb3a22d000 	C:\WINDOWS\System32\msvcp_win.dll
0x00007ffb3be10000 - 0x00007ffb3be40000 	C:\WINDOWS\System32\IMM32.DLL
0x00007ffb0e830000 - 0x00007ffb0e83c000 	c:\Users\amine\.vscode\extensions\redhat.java-1.18.0-win32-x64\jre\17.0.7-win32-x86_64\bin\vcruntime140_1.dll
0x00007ffad2a20000 - 0x00007ffad2ab1000 	c:\Users\amine\.vscode\extensions\redhat.java-1.18.0-win32-x64\jre\17.0.7-win32-x86_64\bin\msvcp140.dll
0x00007ffaa6030000 - 0x00007ffaa6c78000 	c:\Users\amine\.vscode\extensions\redhat.java-1.18.0-win32-x64\jre\17.0.7-win32-x86_64\bin\server\jvm.dll
0x00007ffb3c220000 - 0x00007ffb3c2ce000 	C:\WINDOWS\System32\ADVAPI32.dll
0x00007ffb3be40000 - 0x00007ffb3bedc000 	C:\WINDOWS\System32\sechost.dll
0x00007ffb3c2e0000 - 0x00007ffb3c406000 	C:\WINDOWS\System32\RPCRT4.dll
0x00007ffb21440000 - 0x00007ffb21449000 	C:\WINDOWS\SYSTEM32\WSOCK32.dll
0x00007ffb3c050000 - 0x00007ffb3c0bb000 	C:\WINDOWS\System32\WS2_32.dll
0x00007ffb32880000 - 0x00007ffb3288a000 	C:\WINDOWS\SYSTEM32\VERSION.dll
0x00007ffb1d300000 - 0x00007ffb1d327000 	C:\WINDOWS\SYSTEM32\WINMM.dll
0x00007ffb38970000 - 0x00007ffb38982000 	C:\WINDOWS\SYSTEM32\kernel.appcore.dll
0x00007ffb0d4f0000 - 0x00007ffb0d4fa000 	c:\Users\amine\.vscode\extensions\redhat.java-1.18.0-win32-x64\jre\17.0.7-win32-x86_64\bin\jimage.dll
0x00007ffb37d90000 - 0x00007ffb37f74000 	C:\WINDOWS\SYSTEM32\DBGHELP.DLL
0x00007ffb13210000 - 0x00007ffb13244000 	C:\WINDOWS\SYSTEM32\dbgcore.DLL
0x00007ffb3aa20000 - 0x00007ffb3aaa2000 	C:\WINDOWS\System32\bcryptPrimitives.dll
0x00007ffaf1520000 - 0x00007ffaf1545000 	c:\Users\amine\.vscode\extensions\redhat.java-1.18.0-win32-x64\jre\17.0.7-win32-x86_64\bin\java.dll
0x00007ffaf9e60000 - 0x00007ffaf9e78000 	c:\Users\amine\.vscode\extensions\redhat.java-1.18.0-win32-x64\jre\17.0.7-win32-x86_64\bin\zip.dll
0x00007ffb3aff0000 - 0x00007ffb3b734000 	C:\WINDOWS\System32\SHELL32.dll
0x00007ffb381c0000 - 0x00007ffb38953000 	C:\WINDOWS\SYSTEM32\windows.storage.dll
0x00007ffb3bab0000 - 0x00007ffb3be04000 	C:\WINDOWS\System32\combase.dll
0x00007ffb39ae0000 - 0x00007ffb39b0e000 	C:\WINDOWS\SYSTEM32\Wldp.dll
0x00007ffb3bee0000 - 0x00007ffb3bf8d000 	C:\WINDOWS\System32\SHCORE.dll
0x00007ffb3aad0000 - 0x00007ffb3ab25000 	C:\WINDOWS\System32\shlwapi.dll
0x00007ffb3a0a0000 - 0x00007ffb3a0bf000 	C:\WINDOWS\SYSTEM32\profapi.dll
0x00007ffb27ad0000 - 0x00007ffb27ae9000 	C:\Users\amine\.vscode\extensions\redhat.java-1.18.0-win32-x64\jre\17.0.7-win32-x86_64\bin\net.dll
0x00007ffb328e0000 - 0x00007ffb329ea000 	C:\WINDOWS\SYSTEM32\WINHTTP.dll
0x00007ffb39800000 - 0x00007ffb3986a000 	C:\WINDOWS\system32\mswsock.dll
0x00007ffaf8d50000 - 0x00007ffaf8d65000 	C:\Users\amine\.vscode\extensions\redhat.java-1.18.0-win32-x64\jre\17.0.7-win32-x86_64\bin\nio.dll
0x00007ffb39a10000 - 0x00007ffb39a28000 	C:\WINDOWS\SYSTEM32\CRYPTSP.dll
0x00007ffb39120000 - 0x00007ffb39154000 	C:\WINDOWS\system32\rsaenh.dll
0x00007ffb3a230000 - 0x00007ffb3a257000 	C:\WINDOWS\System32\bcrypt.dll
0x00007ffb3a020000 - 0x00007ffb3a04e000 	C:\WINDOWS\SYSTEM32\USERENV.dll
0x00007ffb39a30000 - 0x00007ffb39a3c000 	C:\WINDOWS\SYSTEM32\CRYPTBASE.dll
0x00007ffb39500000 - 0x00007ffb3953c000 	C:\WINDOWS\SYSTEM32\IPHLPAPI.DLL
0x00007ffb3aac0000 - 0x00007ffb3aac8000 	C:\WINDOWS\System32\NSI.dll
0x00007ffb315b0000 - 0x00007ffb315c7000 	C:\WINDOWS\SYSTEM32\dhcpcsvc6.DLL
0x00007ffb31400000 - 0x00007ffb3141d000 	C:\WINDOWS\SYSTEM32\dhcpcsvc.DLL
0x00007ffb39540000 - 0x00007ffb3960b000 	C:\WINDOWS\SYSTEM32\DNSAPI.dll
0x00007ffb35ba0000 - 0x00007ffb35ba9000 	C:\Users\amine\.vscode\extensions\redhat.java-1.18.0-win32-x64\jre\17.0.7-win32-x86_64\bin\management.dll
0x00007ffb348b0000 - 0x00007ffb348bb000 	C:\Users\amine\.vscode\extensions\redhat.java-1.18.0-win32-x64\jre\17.0.7-win32-x86_64\bin\management_ext.dll
0x00007ffb3c2d0000 - 0x00007ffb3c2d8000 	C:\WINDOWS\System32\PSAPI.DLL
0x00007ffb097d0000 - 0x00007ffb097de000 	C:\Users\amine\.vscode\extensions\redhat.java-1.18.0-win32-x64\jre\17.0.7-win32-x86_64\bin\sunmscapi.dll
0x00007ffb3a8c0000 - 0x00007ffb3aa16000 	C:\WINDOWS\System32\CRYPT32.dll
0x00007ffb39b50000 - 0x00007ffb39b78000 	C:\WINDOWS\SYSTEM32\ncrypt.dll
0x00007ffb39b10000 - 0x00007ffb39b4b000 	C:\WINDOWS\SYSTEM32\NTASN1.dll
0x0000000064790000 - 0x00000000647b6000 	C:\Program Files\Bonjour\mdnsNSP.dll
0x00007ffb2f820000 - 0x00007ffb2f82a000 	C:\Windows\System32\rasadhlp.dll
0x00007ffb2f180000 - 0x00007ffb2f200000 	C:\WINDOWS\System32\fwpuclnt.dll
0x00007ffb27ac0000 - 0x00007ffb27ad0000 	c:\Users\amine\.vscode\extensions\redhat.java-1.18.0-win32-x64\jre\17.0.7-win32-x86_64\bin\verify.dll
0x000000006c500000 - 0x000000006c5c7000 	C:\Users\amine\AppData\Local\Temp\snappy-1.1.8-825819ec-40d7-484a-a26f-fd879e705735-snappyjava.dll

dbghelp: loaded successfully - version: 4.0.5 - missing functions: none
symbol engine: initialized successfully - sym options: 0x614 - pdb path: .;c:\Users\amine\.vscode\extensions\redhat.java-1.18.0-win32-x64\jre\17.0.7-win32-x86_64\bin;C:\WINDOWS\SYSTEM32;C:\WINDOWS\WinSxS\amd64_microsoft.windows.common-controls_6595b64144ccf1df_6.0.19041.1110_none_60b5254171f9507e;c:\Users\amine\.vscode\extensions\redhat.java-1.18.0-win32-x64\jre\17.0.7-win32-x86_64\bin\server;C:\Program Files\Bonjour;C:\Users\amine\AppData\Local\Temp

VM Arguments:
jvm_args: -XX:+HeapDumpOnOutOfMemoryError -Xmx1024m -Dsts.lsp.client=vscode -Dsts.log.file=/dev/null -XX:TieredStopAtLevel=1 -Xlog:jni+resolve=off -Dspring.config.location=file:c:\Users\amine\.vscode\extensions\vmware.vscode-spring-boot-1.45.0\language-server\BOOT-INF\classes\application.properties 
java_command: org.springframework.ide.vscode.boot.app.BootLanguageServerBootApp
java_class_path (initial): c:\Users\amine\.vscode\extensions\vmware.vscode-spring-boot-1.45.0\language-server\BOOT-INF\classes;c:\Users\amine\.vscode\extensions\vmware.vscode-spring-boot-1.45.0\language-server\BOOT-INF\lib\annotations-24.0.1.jar;c:\Users\amine\.vscode\extensions\vmware.vscode-spring-boot-1.45.0\language-server\BOOT-INF\lib\ant-1.10.13.jar;c:\Users\amine\.vscode\extensions\vmware.vscode-spring-boot-1.45.0\language-server\BOOT-INF\lib\ant-launcher-1.10.13.jar;c:\Users\amine\.vscode\extensions\vmware.vscode-spring-boot-1.45.0\language-server\BOOT-INF\lib\antlr-runtime-3.5.3.jar;c:\Users\amine\.vscode\extensions\vmware.vscode-spring-boot-1.45.0\language-server\BOOT-INF\lib\antlr4-4.11.1.jar;c:\Users\amine\.vscode\extensions\vmware.vscode-spring-boot-1.45.0\language-server\BOOT-INF\lib\antlr4-runtime-4.11.1.jar;c:\Users\amine\.vscode\extensions\vmware.vscode-spring-boot-1.45.0\language-server\BOOT-INF\lib\asm-9.4.jar;c:\Users\amine\.vscode\extensions\vmware.vscode-spring-boot-1.45.0\language-server\BOOT-INF\lib\asm-analysis-9.4.jar;c:\Users\amine\.vscode\extensions\vmware.vscode-spring-boot-1.45.0\language-server\BOOT-INF\lib\asm-tree-9.4.jar;c:\Users\amine\.vscode\extensions\vmware.vscode-spring-boot-1.45.0\language-server\BOOT-INF\lib\asm-util-9.4.jar;c:\Users\amine\.vscode\extensions\vmware.vscode-spring-boot-1.45.0\language-server\BOOT-INF\lib\caffeine-3.1.2.jar;c:\Users\amine\.vscode\extensions\vmware.vscode-spring-boot-1.45.0\language-server\BOOT-INF\lib\checker-qual-3.12.0.jar;c:\Users\amine\.vscode\extensions\vmware.vscode-spring-boot-1.45.0\language-server\BOOT-INF\lib\classgraph-4.8.149.jar;c:\Users\amine\.vscode\extensions\vmware.vscode-spring-boot-1.45.0\language-server\BOOT-INF\lib\commons-codec-1.15.jar;c:\Users\amine\.vscode\extensions\vmware.vscode-spring-boot-1.45.0\language-server\BOOT-INF\lib\commons-compress-1.22.jar;c:\Users\amine\.vscode\extensions\vmware.vscode-spring-boot-1.45.0\language-server\BOOT-INF\lib\commons-io-2.4.jar;c:
Launcher Type: SUN_STANDARD

[Global flags]
     intx CICompilerCount                          = 4                                         {product} {ergonomic}
     uint ConcGCThreads                            = 2                                         {product} {ergonomic}
     uint G1ConcRefinementThreads                  = 8                                         {product} {ergonomic}
   size_t G1HeapRegionSize                         = 1048576                                   {product} {ergonomic}
    uintx GCDrainStackTargetSize                   = 64                                        {product} {ergonomic}
     bool HeapDumpOnOutOfMemoryError               = true                                   {manageable} {command line}
   size_t InitialHeapSize                          = 132120576                                 {product} {ergonomic}
   size_t MarkStackSize                            = 4194304                                   {product} {ergonomic}
   size_t MaxHeapSize                              = 1073741824                                {product} {command line}
   size_t MaxNewSize                               = 643825664                                 {product} {ergonomic}
   size_t MinHeapDeltaBytes                        = 1048576                                   {product} {ergonomic}
   size_t MinHeapSize                              = 8388608                                   {product} {ergonomic}
    uintx NonProfiledCodeHeapSize                  = 0                                      {pd product} {ergonomic}
     bool ProfileInterpreter                       = false                                  {pd product} {command line}
    uintx ProfiledCodeHeapSize                     = 0                                      {pd product} {ergonomic}
   size_t SoftMaxHeapSize                          = 1073741824                             {manageable} {ergonomic}
     intx TieredStopAtLevel                        = 1                                         {product} {command line}
     bool UseCompressedClassPointers               = true                           {product lp64_product} {ergonomic}
     bool UseCompressedOops                        = true                           {product lp64_product} {ergonomic}
     bool UseG1GC                                  = true                                      {product} {ergonomic}
     bool UseLargePagesIndividualAllocation        = false                                  {pd product} {ergonomic}

Logging:
Log output configuration:
 #0: stdout all=warning,jni+resolve=off uptime,level,tags
 #1: stderr all=off uptime,level,tags

Environment Variables:
JAVA_HOME=C:\Program Files\Java\jdk-11.0.17
PATH=C:\Program Files\Common Files\Oracle\Java\javapath;C:\Python310\Scripts\;C:\Python310\;C:\windows\system32;C:\windows;C:\windows\System32\Wbem;C:\windows\System32\WindowsPowerShell\v1.0\;C:\windows\System32\OpenSSH\;C:\Program Files\NVIDIA Corporation\NVIDIA NvDLISR;C:\WINDOWS\system32;C:\WINDOWS;C:\WINDOWS\System32\Wbem;C:\WINDOWS\System32\WindowsPowerShell\v1.0\;C:\WINDOWS\System32\OpenSSH\;C:\Program Files\Microsoft SQL Server\Client SDK\ODBC\110\Tools\Binn\;C:\Program Files (x86)\Microsoft SQL Server\120\Tools\Binn\;C:\Program Files\Microsoft SQL Server\120\Tools\Binn\;C:\Program Files\Microsoft SQL Server\120\DTS\Binn\;C:\Program Files (x86)\Windows Kits\8.1\Windows Performance Toolkit\;C:\ProgramData\chocolatey\bin;C:\Program Files\CMake\bin;C:\Program Files\Polyspace\R2019a\runtime\win64;C:\Program Files\Polyspace\R2019a\bin;C:\Program Files\MATLAB\R2017a\runtime\win64;C:\Program Files\MATLAB\R2017a\bin;C:\Program Files\Polyspace\R2019a\polyspace\bin;C:\Program Files (x86)\eSpeak\command_line;C:\MinGW\bin;C:\Program Files\Git\cmd;C:\Program Files\Git\mingw64\bin;C:\Program Files\Git\usr\bin;C:\ProgramData\Anaconda3;C:\ProgramData\Anaconda3\Scripts;C:\ProgramData\Anaconda3\library\bin;C:\ProgramData\Anaconda3\library\usr\bin;C:\Program Files\MySQL\MySQL Utilities 1.6\;C:\xampp\php;C:\ProgramData\ComposerSetup\bin;C:\Mraihi_Amine\Mraihi_Amine\5_IOT\00_downloads;C:\Program Files\PowerShell\7\;C:\Program Files\Java\jdk-11.0.11\bin;C:\Gradle\gradle-7.4.2\bin;C:\Users\amine\AppData\Roaming\nvm;C:\Program Files\nodejs;C:\Users\amine\AppData\Roaming\nvm;C:\Program Files\nodejs\;C:\Program Files\Docker\Docker\resources\bin;C:\Program Files\MySQL\MySQL Shell 8.0\bin\;C:\Users\amine\AppData\Local\Programs\Python\Python36\Scripts\;C:\Users\amine\AppData\Local\Programs\Python\Python36\;C:\Users\amine\AppData\Local\Microsoft\WindowsApps;C:\Program Files\JetBrains\PyCharm Community Edition 2020.2.3\bin;;C:\ProgramData\Microsoft\Windows\Start Menu\Programs\Anaconda3 (64-bi
USERNAME=amine
OS=Windows_NT
PROCESSOR_IDENTIFIER=Intel64 Family 6 Model 158 Stepping 10, GenuineIntel
TMP=C:\Users\amine\AppData\Local\Temp
TEMP=C:\Users\amine\AppData\Local\Temp



---------------  S Y S T E M  ---------------

OS:
 Windows 10 , 64 bit Build 19041 (10.0.19041.2788)
OS uptime: 22 days 0:19 hours
Hyper-V role detected

CPU: total 8 (initial active 8) (4 cores per cpu, 2 threads per core) family 6 model 158 stepping 10 microcode 0xca, cx8, cmov, fxsr, ht, mmx, 3dnowpref, sse, sse2, sse3, ssse3, sse4.1, sse4.2, popcnt, lzcnt, tsc, tscinvbit, avx, avx2, aes, erms, clmul, bmi1, bmi2, adx, fma, vzeroupper, clflush, clflushopt, hv

Memory: 4k page, system-wide physical 8033M (146M free)
TotalPageFile size 32609M (AvailPageFile size 6M)
current process WorkingSet (physical memory assigned to process): 96M, peak: 704M
current process commit charge ("private bytes"): 332M, peak: 891M

vm_info: OpenJDK 64-Bit Server VM (17.0.7+7) for windows-amd64 JRE (17.0.7+7), built on Apr 18 2023 22:10:42 by "temurin" with MS VC++ 16.7 (VS2019)

END.
