#
# There is insufficient memory for the Java Runtime Environment to continue.
# Native memory allocation (malloc) failed to allocate 2097152 bytes for AllocateHeap
# Possible reasons:
#   The system is out of physical RAM or swap space
#   The process is running with CompressedOops enabled, and the Java Heap may be blocking the growth of the native heap
# Possible solutions:
#   Reduce memory load on the system
#   Increase physical memory or swap space
#   Check if swap backing store is full
#   Decrease Java heap size (-Xmx/-Xms)
#   Decrease number of Java threads
#   Decrease Java thread stack sizes (-Xss)
#   Set larger code cache with -XX:ReservedCodeCacheSize=
#   JVM is running with Unscaled Compressed Oops mode in which the Java heap is
#     placed in the first 4GB address space. The Java Heap base address is the
#     maximum limit for the native heap growth. Please use -XX:HeapBaseMinAddress
#     to set the Java Heap base and to place the Java Heap above 4GB virtual address.
# This output file may be truncated or incomplete.
#
#  Out of Memory Error (allocation.cpp:44), pid=20960, tid=12692
#
# JRE version: OpenJDK Runtime Environment Temurin-17.0.7+7 (17.0.7+7) (build 17.0.7+7)
# Java VM: OpenJDK 64-Bit Server VM Temurin-17.0.7+7 (17.0.7+7, mixed mode, emulated-client, tiered, compressed oops, compressed class ptrs, g1 gc, windows-amd64)
# No core dump will be written. Minidumps are not enabled by default on client versions of Windows
#

---------------  S U M M A R Y ------------

Command Line: -XX:+HeapDumpOnOutOfMemoryError -Xmx1024m -Dsts.lsp.client=vscode -Dsts.log.file=/dev/null -XX:TieredStopAtLevel=1 -Xlog:jni+resolve=off -Dspring.config.location=file:c:\Users\amine\.vscode\extensions\vmware.vscode-spring-boot-1.46.0\language-server\BOOT-INF\classes\application.properties org.springframework.ide.vscode.boot.app.BootLanguageServerBootApp

Host: Intel(R) Core(TM) i5-9300H CPU @ 2.40GHz, 8 cores, 7G,  Windows 10 , 64 bit Build 19041 (10.0.19041.2913)
Time: Thu May 25 00:30:54 2023 W. Central Africa Standard Time elapsed time: 16131.551311 seconds (0d 4h 28m 51s)

---------------  T H R E A D  ---------------

Current thread (0x000001d47376f680):  VMThread "VM Thread" [stack: 0x00000092afa00000,0x00000092afb00000] [id=12692]

Stack: [0x00000092afa00000,0x00000092afb00000]
Native frames: (J=compiled Java code, j=interpreted, Vv=VM code, C=native code)
V  [jvm.dll+0x67754a]
V  [jvm.dll+0x834304]
V  [jvm.dll+0x835aae]
V  [jvm.dll+0x836113]
V  [jvm.dll+0x24696f]
V  [jvm.dll+0xa681f]
V  [jvm.dll+0x2f7481]
V  [jvm.dll+0x2f30f0]
V  [jvm.dll+0x2db6c7]
V  [jvm.dll+0x31e777]
V  [jvm.dll+0x83a5bb]
V  [jvm.dll+0x83b2f4]
V  [jvm.dll+0x83b80c]
V  [jvm.dll+0x83bbe4]
V  [jvm.dll+0x83bcb0]
V  [jvm.dll+0x7e4e7a]
V  [jvm.dll+0x676395]
C  [ucrtbase.dll+0x21bb2]
C  [KERNEL32.DLL+0x17614]
C  [ntdll.dll+0x526a1]

VM_Operation (0x00000092b12fecc0): G1CollectFull, mode: safepoint, requested by thread 0x000001d478f80ee0


---------------  P R O C E S S  ---------------

Threads class SMR info:
_java_thread_list=0x000001d479ddf3f0, length=21, elements={
0x000001d473784730, 0x000001d4737854b0, 0x000001d4737b0ae0, 0x000001d4737b1860,
0x000001d4737b5240, 0x000001d4737b5b00, 0x000001d4737c8010, 0x000001d4737c90b0,
0x000001d473ac52c0, 0x000001d473ac5bd0, 0x000001d478fa34b0, 0x000001d47905cce0,
0x000001d478f80ee0, 0x000001d478f817c0, 0x000001d468966f50, 0x000001d478cf37b0,
0x000001d47915d080, 0x000001d4793315d0, 0x000001d479333780, 0x000001d47932fdc0,
0x000001d479331100
}

Java Threads: ( => current thread )
  0x000001d473784730 JavaThread "Reference Handler" daemon [_thread_blocked, id=5344, stack(0x00000092afb00000,0x00000092afc00000)]
  0x000001d4737854b0 JavaThread "Finalizer" daemon [_thread_blocked, id=19800, stack(0x00000092afc00000,0x00000092afd00000)]
  0x000001d4737b0ae0 JavaThread "Signal Dispatcher" daemon [_thread_blocked, id=5132, stack(0x00000092afd00000,0x00000092afe00000)]
  0x000001d4737b1860 JavaThread "Attach Listener" daemon [_thread_blocked, id=2520, stack(0x00000092afe00000,0x00000092aff00000)]
  0x000001d4737b5240 JavaThread "Service Thread" daemon [_thread_blocked, id=19152, stack(0x00000092aff00000,0x00000092b0000000)]
  0x000001d4737b5b00 JavaThread "Monitor Deflation Thread" daemon [_thread_blocked, id=13036, stack(0x00000092b0000000,0x00000092b0100000)]
  0x000001d4737c8010 JavaThread "C1 CompilerThread0" daemon [_thread_blocked, id=10264, stack(0x00000092b0100000,0x00000092b0200000)]
  0x000001d4737c90b0 JavaThread "Sweeper thread" daemon [_thread_blocked, id=16724, stack(0x00000092b0200000,0x00000092b0300000)]
  0x000001d473ac52c0 JavaThread "Notification Thread" daemon [_thread_blocked, id=16240, stack(0x00000092b0300000,0x00000092b0400000)]
  0x000001d473ac5bd0 JavaThread "Common-Cleaner" daemon [_thread_blocked, id=14564, stack(0x00000092b0500000,0x00000092b0600000)]
  0x000001d478fa34b0 JavaThread "boundedElastic-evictor-1" daemon [_thread_blocked, id=6344, stack(0x00000092b1000000,0x00000092b1100000)]
  0x000001d47905cce0 JavaThread "boundedElastic-evictor-2" daemon [_thread_blocked, id=17780, stack(0x00000092b1100000,0x00000092b1200000)]
  0x000001d478f80ee0 JavaThread "pool-10-thread-1" [_thread_blocked, id=1964, stack(0x00000092b1200000,0x00000092b1300000)]
  0x000001d478f817c0 JavaThread "LanguageServerApp-lifecycle" [_thread_blocked, id=11276, stack(0x00000092b1300000,0x00000092b1400000)]
  0x000001d468966f50 JavaThread "DestroyJavaVM" [_thread_blocked, id=12328, stack(0x00000092af400000,0x00000092af500000)]
  0x000001d478cf37b0 JavaThread "pool-11-thread-1" [_thread_in_native, id=16268, stack(0x00000092b1400000,0x00000092b1500000)]
  0x000001d47915d080 JavaThread "Simple-Language-Server main thread" daemon [_thread_blocked, id=20400, stack(0x00000092b1500000,0x00000092b1600000)]
  0x000001d4793315d0 JavaThread "parallel-1" daemon [_thread_blocked, id=12712, stack(0x00000092b2800000,0x00000092b2900000)]
  0x000001d479333780 JavaThread "pool-4-thread-1" [_thread_blocked, id=16052, stack(0x00000092b2c00000,0x00000092b2d00000)]
  0x000001d47932fdc0 JavaThread "parallel-2" daemon [_thread_blocked, id=15792, stack(0x00000092b2d00000,0x00000092b2e00000)]
  0x000001d479331100 JavaThread "parallel-3" daemon [_thread_blocked, id=14956, stack(0x00000092b0b00000,0x00000092b0c00000)]

Other Threads:
=>0x000001d47376f680 VMThread "VM Thread" [stack: 0x00000092afa00000,0x00000092afb00000] [id=12692]
  0x000001d473ac5790 WatcherThread [stack: 0x00000092b0400000,0x00000092b0500000] [id=22692]
  0x000001d4689a4750 GCTaskThread "GC Thread#0" [stack: 0x00000092af500000,0x00000092af600000] [id=3616]
  0x000001d4786c82e0 GCTaskThread "GC Thread#1" [stack: 0x00000092b0700000,0x00000092b0800000] [id=2424]
  0x000001d4786c8590 GCTaskThread "GC Thread#2" [stack: 0x00000092b0800000,0x00000092b0900000] [id=19364]
  0x000001d4787bd220 GCTaskThread "GC Thread#3" [stack: 0x00000092b0900000,0x00000092b0a00000] [id=18788]
  0x000001d4787bd4d0 GCTaskThread "GC Thread#4" [stack: 0x00000092b0a00000,0x00000092b0b00000] [id=21908]
  0x000001d4789f7bd0 GCTaskThread "GC Thread#5" [stack: 0x00000092b0c00000,0x00000092b0d00000] [id=24112]
  0x000001d4789f7e80 GCTaskThread "GC Thread#6" [stack: 0x00000092b0d00000,0x00000092b0e00000] [id=6384]
  0x000001d4789f8130 GCTaskThread "GC Thread#7" [stack: 0x00000092b0e00000,0x00000092b0f00000] [id=800]
  0x000001d4689ad5a0 ConcurrentGCThread "G1 Main Marker" [stack: 0x00000092af600000,0x00000092af700000] [id=3808]
  0x000001d4689adec0 ConcurrentGCThread "G1 Conc#0" [stack: 0x00000092af700000,0x00000092af800000] [id=2864]
  0x000001d478beb820 ConcurrentGCThread "G1 Conc#1" [stack: 0x00000092b0f00000,0x00000092b1000000] [id=11496]
  0x000001d468a250f0 ConcurrentGCThread "G1 Refine#0" [stack: 0x00000092af800000,0x00000092af900000] [id=23916]
  0x000001d473a93350 ConcurrentGCThread "G1 Refine#1" [stack: 0x00000092b2f00000,0x00000092b3000000] [id=16628]
  0x000001d473a93910 ConcurrentGCThread "G1 Refine#2" [stack: 0x00000092b3100000,0x00000092b3200000] [id=22592]
  0x000001d47a501bc0 ConcurrentGCThread "G1 Refine#3" [stack: 0x00000092b3300000,0x00000092b3400000] [id=16016]
  0x000001d47a5049c0 ConcurrentGCThread "G1 Refine#4" [stack: 0x00000092b3500000,0x00000092b3600000] [id=7768]
  0x000001d47a502740 ConcurrentGCThread "G1 Refine#5" [stack: 0x00000092b3600000,0x00000092b3700000] [id=12200]
  0x000001d468a25a20 ConcurrentGCThread "G1 Service" [stack: 0x00000092af900000,0x00000092afa00000] [id=22188]

Threads with active compile tasks:
C1 CompilerThread0  16131606 11733       1       java.time.ZonedDateTime::<init> (20 bytes)

VM state: at safepoint (normal execution)

VM Mutex/Monitor currently owned by a thread:  ([mutex/lock_event])
[0x000001d46688aac0] Threads_lock - owner thread: 0x000001d47376f680
[0x000001d46895ae60] Heap_lock - owner thread: 0x000001d478f80ee0

Heap address: 0x00000000c0000000, size: 1024 MB, Compressed Oops mode: 32-bit

CDS archive(s) not mapped
Compressed class space mapped at: 0x0000000100000000-0x0000000140000000, reserved size: 1073741824
Narrow klass base: 0x0000000000000000, Narrow klass shift: 3, Narrow klass range: 0x140000000

GC Precious Log:
 CPUs: 8 total, 8 available
 Memory: 8033M
 Large Page Support: Disabled
 NUMA Support: Disabled
 Compressed Oops: Enabled (32-bit)
 Heap Region Size: 1M
 Heap Min Capacity: 8M
 Heap Initial Capacity: 126M
 Heap Max Capacity: 1G
 Pre-touch: Disabled
 Parallel Workers: 8
 Concurrent Workers: 2
 Concurrent Refinement Workers: 8
 Periodic GC: Disabled

Heap:
 garbage-first heap   total 133120K, used 39008K [0x00000000c0000000, 0x0000000100000000)
  region size 1024K, 1 young (1024K), 0 survivors (0K)
 Metaspace       used 70775K, committed 71552K, reserved 1114112K
  class space    used 9698K, committed 9984K, reserved 1048576K

Heap Regions: E=young(eden), S=young(survivor), O=old, HS=humongous(starts), HC=humongous(continues), CS=collection set, F=free, OA=open archive, CA=closed archive, TAMS=top-at-mark-start (previous, next)
|   0|0x00000000c0000000, 0x00000000c0100000, 0x00000000c0100000|100%| O|  |TAMS 0x00000000c0100000, 0x00000000c0000000| Untracked 
|   1|0x00000000c0100000, 0x00000000c0200000, 0x00000000c0200000|100%| O|  |TAMS 0x00000000c0200000, 0x00000000c0100000| Untracked 
|   2|0x00000000c0200000, 0x00000000c0300000, 0x00000000c0300000|100%| O|  |TAMS 0x00000000c0300000, 0x00000000c0200000| Untracked 
|   3|0x00000000c0300000, 0x00000000c0400000, 0x00000000c0400000|100%| O|  |TAMS 0x00000000c0400000, 0x00000000c0300000| Untracked 
|   4|0x00000000c0400000, 0x00000000c04ffff8, 0x00000000c0500000| 99%| O|  |TAMS 0x00000000c04ffff8, 0x00000000c0400000| Untracked 
|   5|0x00000000c0500000, 0x00000000c0600000, 0x00000000c0600000|100%| O|  |TAMS 0x00000000c0600000, 0x00000000c0500000| Untracked 
|   6|0x00000000c0600000, 0x00000000c0700000, 0x00000000c0700000|100%| O|  |TAMS 0x00000000c0700000, 0x00000000c0600000| Untracked 
|   7|0x00000000c0700000, 0x00000000c0800000, 0x00000000c0800000|100%| O|  |TAMS 0x00000000c0800000, 0x00000000c0700000| Untracked 
|   8|0x00000000c0800000, 0x00000000c08ffff0, 0x00000000c0900000| 99%| O|  |TAMS 0x00000000c08ffff0, 0x00000000c0800000| Untracked 
|   9|0x00000000c0900000, 0x00000000c09fffe8, 0x00000000c0a00000| 99%| O|  |TAMS 0x00000000c09fffe8, 0x00000000c0900000| Untracked 
|  10|0x00000000c0a00000, 0x00000000c0affff8, 0x00000000c0b00000| 99%| O|  |TAMS 0x00000000c0affff8, 0x00000000c0a00000| Untracked 
|  11|0x00000000c0b00000, 0x00000000c0bfffe0, 0x00000000c0c00000| 99%| O|  |TAMS 0x00000000c0bfffe0, 0x00000000c0b00000| Untracked 
|  12|0x00000000c0c00000, 0x00000000c0cfffb0, 0x00000000c0d00000| 99%| O|  |TAMS 0x00000000c0cfffb0, 0x00000000c0c00000| Untracked 
|  13|0x00000000c0d00000, 0x00000000c0dffff0, 0x00000000c0e00000| 99%| O|  |TAMS 0x00000000c0dffff0, 0x00000000c0d00000| Untracked 
|  14|0x00000000c0e00000, 0x00000000c0efff58, 0x00000000c0f00000| 99%| O|  |TAMS 0x00000000c0efff58, 0x00000000c0e00000| Untracked 
|  15|0x00000000c0f00000, 0x00000000c0ffff98, 0x00000000c1000000| 99%| O|  |TAMS 0x00000000c0ffff98, 0x00000000c0f00000| Untracked 
|  16|0x00000000c1000000, 0x00000000c10fffd8, 0x00000000c1100000| 99%| O|  |TAMS 0x00000000c10fffd8, 0x00000000c1000000| Untracked 
|  17|0x00000000c1100000, 0x00000000c11fffe8, 0x00000000c1200000| 99%| O|  |TAMS 0x00000000c11fffe8, 0x00000000c1100000| Untracked 
|  18|0x00000000c1200000, 0x00000000c12fffe8, 0x00000000c1300000| 99%| O|  |TAMS 0x00000000c12fffe8, 0x00000000c1200000| Untracked 
|  19|0x00000000c1300000, 0x00000000c1400000, 0x00000000c1400000|100%| O|  |TAMS 0x00000000c1400000, 0x00000000c1300000| Untracked 
|  20|0x00000000c1400000, 0x00000000c14fffe8, 0x00000000c1500000| 99%| O|  |TAMS 0x00000000c14fffe8, 0x00000000c1400000| Untracked 
|  21|0x00000000c1500000, 0x00000000c15ffff8, 0x00000000c1600000| 99%| O|  |TAMS 0x00000000c15ffff8, 0x00000000c1500000| Untracked 
|  22|0x00000000c1600000, 0x00000000c16fffe8, 0x00000000c1700000| 99%| O|  |TAMS 0x00000000c16fffe8, 0x00000000c1600000| Untracked 
|  23|0x00000000c1700000, 0x00000000c17fff60, 0x00000000c1800000| 99%| O|  |TAMS 0x00000000c17fff60, 0x00000000c1700000| Untracked 
|  24|0x00000000c1800000, 0x00000000c18fff50, 0x00000000c1900000| 99%| O|  |TAMS 0x00000000c18fff50, 0x00000000c1800000| Untracked 
|  25|0x00000000c1900000, 0x00000000c19fffb8, 0x00000000c1a00000| 99%| O|  |TAMS 0x00000000c19fffb8, 0x00000000c1900000| Untracked 
|  26|0x00000000c1a00000, 0x00000000c1affff8, 0x00000000c1b00000| 99%| O|  |TAMS 0x00000000c1affff8, 0x00000000c1a00000| Untracked 
|  27|0x00000000c1b00000, 0x00000000c1c00000, 0x00000000c1c00000|100%| O|  |TAMS 0x00000000c1c00000, 0x00000000c1b00000| Untracked 
|  28|0x00000000c1c00000, 0x00000000c1cffff8, 0x00000000c1d00000| 99%| O|  |TAMS 0x00000000c1cffff8, 0x00000000c1c00000| Untracked 
|  29|0x00000000c1d00000, 0x00000000c1dffff8, 0x00000000c1e00000| 99%| O|  |TAMS 0x00000000c1dffff8, 0x00000000c1d00000| Untracked 
|  30|0x00000000c1e00000, 0x00000000c1effff8, 0x00000000c1f00000| 99%| O|  |TAMS 0x00000000c1effff8, 0x00000000c1e00000| Untracked 
|  31|0x00000000c1f00000, 0x00000000c1ffffd0, 0x00000000c2000000| 99%| O|  |TAMS 0x00000000c1ffffd0, 0x00000000c1f00000| Untracked 
|  32|0x00000000c2000000, 0x00000000c20f7330, 0x00000000c2100000| 96%| O|  |TAMS 0x00000000c20f7330, 0x00000000c2000000| Untracked 
|  33|0x00000000c2100000, 0x00000000c21fd868, 0x00000000c2200000| 99%| O|  |TAMS 0x00000000c21fd868, 0x00000000c2100000| Untracked 
|  34|0x00000000c2200000, 0x00000000c229dc90, 0x00000000c2300000| 61%| O|  |TAMS 0x00000000c2200000, 0x00000000c2200000| Untracked 
|  35|0x00000000c2300000, 0x00000000c2385d50, 0x00000000c2400000| 52%| O|  |TAMS 0x00000000c2300000, 0x00000000c2300000| Untracked 
|  36|0x00000000c2400000, 0x00000000c2400000, 0x00000000c2500000|  0%| F|  |TAMS 0x00000000c2400000, 0x00000000c2400000| Untracked 
|  37|0x00000000c2500000, 0x00000000c2500000, 0x00000000c2600000|  0%| F|  |TAMS 0x00000000c2500000, 0x00000000c2500000| Untracked 
|  38|0x00000000c2600000, 0x00000000c2600000, 0x00000000c2700000|  0%| F|  |TAMS 0x00000000c2600000, 0x00000000c2600000| Untracked 
|  39|0x00000000c2700000, 0x00000000c27fff78, 0x00000000c2800000| 99%| O|  |TAMS 0x00000000c27fff78, 0x00000000c2700000| Untracked 
|  40|0x00000000c2800000, 0x00000000c2800000, 0x00000000c2900000|  0%| F|  |TAMS 0x00000000c2800000, 0x00000000c2800000| Untracked 
|  41|0x00000000c2900000, 0x00000000c2900000, 0x00000000c2a00000|  0%| F|  |TAMS 0x00000000c2900000, 0x00000000c2900000| Untracked 
|  42|0x00000000c2a00000, 0x00000000c2a00000, 0x00000000c2b00000|  0%| F|  |TAMS 0x00000000c2a00000, 0x00000000c2a00000| Untracked 
|  43|0x00000000c2b00000, 0x00000000c2b00000, 0x00000000c2c00000|  0%| F|  |TAMS 0x00000000c2b00000, 0x00000000c2b00000| Untracked 
|  44|0x00000000c2c00000, 0x00000000c2d00000, 0x00000000c2d00000|100%|HS|  |TAMS 0x00000000c2d00000, 0x00000000c2c00000| Untracked 
|  45|0x00000000c2d00000, 0x00000000c2d00000, 0x00000000c2e00000|  0%| F|  |TAMS 0x00000000c2d00000, 0x00000000c2d00000| Untracked 
|  46|0x00000000c2e00000, 0x00000000c2e00000, 0x00000000c2f00000|  0%| F|  |TAMS 0x00000000c2e00000, 0x00000000c2e00000| Untracked 
|  47|0x00000000c2f00000, 0x00000000c2f00000, 0x00000000c3000000|  0%| F|  |TAMS 0x00000000c2f00000, 0x00000000c2f00000| Untracked 
|  48|0x00000000c3000000, 0x00000000c3000000, 0x00000000c3100000|  0%| F|  |TAMS 0x00000000c3000000, 0x00000000c3000000| Untracked 
|  49|0x00000000c3100000, 0x00000000c3100000, 0x00000000c3200000|  0%| F|  |TAMS 0x00000000c3100000, 0x00000000c3100000| Untracked 
|  50|0x00000000c3200000, 0x00000000c3200000, 0x00000000c3300000|  0%| F|  |TAMS 0x00000000c3200000, 0x00000000c3200000| Untracked 
|  51|0x00000000c3300000, 0x00000000c3300000, 0x00000000c3400000|  0%| F|  |TAMS 0x00000000c3300000, 0x00000000c3300000| Untracked 
|  52|0x00000000c3400000, 0x00000000c34fffd0, 0x00000000c3500000| 99%| O|  |TAMS 0x00000000c34fffd0, 0x00000000c3400000| Untracked 
|  53|0x00000000c3500000, 0x00000000c3500000, 0x00000000c3600000|  0%| F|  |TAMS 0x00000000c3500000, 0x00000000c3500000| Untracked 
|  54|0x00000000c3600000, 0x00000000c3600000, 0x00000000c3700000|  0%| F|  |TAMS 0x00000000c3600000, 0x00000000c3600000| Untracked 
|  55|0x00000000c3700000, 0x00000000c3700000, 0x00000000c3800000|  0%| F|  |TAMS 0x00000000c3700000, 0x00000000c3700000| Untracked 
|  56|0x00000000c3800000, 0x00000000c3800000, 0x00000000c3900000|  0%| F|  |TAMS 0x00000000c3800000, 0x00000000c3800000| Untracked 
|  57|0x00000000c3900000, 0x00000000c3900000, 0x00000000c3a00000|  0%| F|  |TAMS 0x00000000c3900000, 0x00000000c3900000| Untracked 
|  58|0x00000000c3a00000, 0x00000000c3a00000, 0x00000000c3b00000|  0%| F|  |TAMS 0x00000000c3a00000, 0x00000000c3a00000| Untracked 
|  59|0x00000000c3b00000, 0x00000000c3b00000, 0x00000000c3c00000|  0%| F|  |TAMS 0x00000000c3b00000, 0x00000000c3b00000| Untracked 
|  60|0x00000000c3c00000, 0x00000000c3c00000, 0x00000000c3d00000|  0%| F|  |TAMS 0x00000000c3c00000, 0x00000000c3c00000| Untracked 
|  61|0x00000000c3d00000, 0x00000000c3d00000, 0x00000000c3e00000|  0%| F|  |TAMS 0x00000000c3d00000, 0x00000000c3d00000| Untracked 
|  62|0x00000000c3e00000, 0x00000000c3e00000, 0x00000000c3f00000|  0%| F|  |TAMS 0x00000000c3e00000, 0x00000000c3e00000| Untracked 
|  63|0x00000000c3f00000, 0x00000000c3f00000, 0x00000000c4000000|  0%| F|  |TAMS 0x00000000c3f00000, 0x00000000c3f00000| Untracked 
|  64|0x00000000c4000000, 0x00000000c4000000, 0x00000000c4100000|  0%| F|  |TAMS 0x00000000c4000000, 0x00000000c4000000| Untracked 
|  65|0x00000000c4100000, 0x00000000c4100000, 0x00000000c4200000|  0%| F|  |TAMS 0x00000000c4100000, 0x00000000c4100000| Untracked 
|  66|0x00000000c4200000, 0x00000000c4200000, 0x00000000c4300000|  0%| F|  |TAMS 0x00000000c4200000, 0x00000000c4200000| Untracked 
|  67|0x00000000c4300000, 0x00000000c4300000, 0x00000000c4400000|  0%| F|  |TAMS 0x00000000c4300000, 0x00000000c4300000| Untracked 
|  68|0x00000000c4400000, 0x00000000c4400000, 0x00000000c4500000|  0%| F|  |TAMS 0x00000000c4400000, 0x00000000c4400000| Untracked 
|  69|0x00000000c4500000, 0x00000000c4500000, 0x00000000c4600000|  0%| F|  |TAMS 0x00000000c4500000, 0x00000000c4500000| Untracked 
|  70|0x00000000c4600000, 0x00000000c4600000, 0x00000000c4700000|  0%| F|  |TAMS 0x00000000c4600000, 0x00000000c4600000| Untracked 
|  71|0x00000000c4700000, 0x00000000c4700000, 0x00000000c4800000|  0%| F|  |TAMS 0x00000000c4700000, 0x00000000c4700000| Untracked 
|  72|0x00000000c4800000, 0x00000000c4800000, 0x00000000c4900000|  0%| F|  |TAMS 0x00000000c4800000, 0x00000000c4800000| Untracked 
|  73|0x00000000c4900000, 0x00000000c4900000, 0x00000000c4a00000|  0%| F|  |TAMS 0x00000000c4900000, 0x00000000c4900000| Untracked 
|  74|0x00000000c4a00000, 0x00000000c4a00000, 0x00000000c4b00000|  0%| F|  |TAMS 0x00000000c4a00000, 0x00000000c4a00000| Untracked 
|  75|0x00000000c4b00000, 0x00000000c4b00000, 0x00000000c4c00000|  0%| F|  |TAMS 0x00000000c4b00000, 0x00000000c4b00000| Untracked 
|  76|0x00000000c4c00000, 0x00000000c4c00000, 0x00000000c4d00000|  0%| F|  |TAMS 0x00000000c4c00000, 0x00000000c4c00000| Untracked 
|  77|0x00000000c4d00000, 0x00000000c4d00000, 0x00000000c4e00000|  0%| F|  |TAMS 0x00000000c4d00000, 0x00000000c4d00000| Untracked 
|  78|0x00000000c4e00000, 0x00000000c4e00000, 0x00000000c4f00000|  0%| F|  |TAMS 0x00000000c4e00000, 0x00000000c4e00000| Untracked 
|  79|0x00000000c4f00000, 0x00000000c4f00000, 0x00000000c5000000|  0%| F|  |TAMS 0x00000000c4f00000, 0x00000000c4f00000| Untracked 
|  80|0x00000000c5000000, 0x00000000c5000000, 0x00000000c5100000|  0%| F|  |TAMS 0x00000000c5000000, 0x00000000c5000000| Untracked 
|  81|0x00000000c5100000, 0x00000000c5100000, 0x00000000c5200000|  0%| F|  |TAMS 0x00000000c5100000, 0x00000000c5100000| Untracked 
|  82|0x00000000c5200000, 0x00000000c5200000, 0x00000000c5300000|  0%| F|  |TAMS 0x00000000c5200000, 0x00000000c5200000| Untracked 
|  83|0x00000000c5300000, 0x00000000c5300000, 0x00000000c5400000|  0%| F|  |TAMS 0x00000000c5300000, 0x00000000c5300000| Untracked 
|  84|0x00000000c5400000, 0x00000000c5400000, 0x00000000c5500000|  0%| F|  |TAMS 0x00000000c5400000, 0x00000000c5400000| Untracked 
|  85|0x00000000c5500000, 0x00000000c5500000, 0x00000000c5600000|  0%| F|  |TAMS 0x00000000c5500000, 0x00000000c5500000| Untracked 
|  86|0x00000000c5600000, 0x00000000c5600000, 0x00000000c5700000|  0%| F|  |TAMS 0x00000000c5600000, 0x00000000c5600000| Untracked 
|  87|0x00000000c5700000, 0x00000000c5700000, 0x00000000c5800000|  0%| F|  |TAMS 0x00000000c5700000, 0x00000000c5700000| Untracked 
|  88|0x00000000c5800000, 0x00000000c5800000, 0x00000000c5900000|  0%| F|  |TAMS 0x00000000c5800000, 0x00000000c5800000| Untracked 
|  89|0x00000000c5900000, 0x00000000c5900000, 0x00000000c5a00000|  0%| F|  |TAMS 0x00000000c5900000, 0x00000000c5900000| Untracked 
|  90|0x00000000c5a00000, 0x00000000c5a00000, 0x00000000c5b00000|  0%| F|  |TAMS 0x00000000c5a00000, 0x00000000c5a00000| Untracked 
|  91|0x00000000c5b00000, 0x00000000c5b00000, 0x00000000c5c00000|  0%| F|  |TAMS 0x00000000c5b00000, 0x00000000c5b00000| Untracked 
|  92|0x00000000c5c00000, 0x00000000c5c00000, 0x00000000c5d00000|  0%| F|  |TAMS 0x00000000c5c00000, 0x00000000c5c00000| Untracked 
|  93|0x00000000c5d00000, 0x00000000c5d00000, 0x00000000c5e00000|  0%| F|  |TAMS 0x00000000c5d00000, 0x00000000c5d00000| Untracked 
|  94|0x00000000c5e00000, 0x00000000c5e00000, 0x00000000c5f00000|  0%| F|  |TAMS 0x00000000c5e00000, 0x00000000c5e00000| Untracked 
|  95|0x00000000c5f00000, 0x00000000c5f00000, 0x00000000c6000000|  0%| F|  |TAMS 0x00000000c5f00000, 0x00000000c5f00000| Untracked 
|  96|0x00000000c6000000, 0x00000000c6000000, 0x00000000c6100000|  0%| F|  |TAMS 0x00000000c6000000, 0x00000000c6000000| Untracked 
|  97|0x00000000c6100000, 0x00000000c6100000, 0x00000000c6200000|  0%| F|  |TAMS 0x00000000c6100000, 0x00000000c6100000| Untracked 
|  98|0x00000000c6200000, 0x00000000c6200000, 0x00000000c6300000|  0%| F|  |TAMS 0x00000000c6200000, 0x00000000c6200000| Untracked 
|  99|0x00000000c6300000, 0x00000000c6300000, 0x00000000c6400000|  0%| F|  |TAMS 0x00000000c6300000, 0x00000000c6300000| Untracked 
| 100|0x00000000c6400000, 0x00000000c6400000, 0x00000000c6500000|  0%| F|  |TAMS 0x00000000c6400000, 0x00000000c6400000| Untracked 
| 101|0x00000000c6500000, 0x00000000c6500000, 0x00000000c6600000|  0%| F|  |TAMS 0x00000000c6500000, 0x00000000c6500000| Untracked 
| 102|0x00000000c6600000, 0x00000000c6600000, 0x00000000c6700000|  0%| F|  |TAMS 0x00000000c6600000, 0x00000000c6600000| Untracked 
| 103|0x00000000c6700000, 0x00000000c6700000, 0x00000000c6800000|  0%| F|  |TAMS 0x00000000c6700000, 0x00000000c6700000| Untracked 
| 104|0x00000000c6800000, 0x00000000c6800000, 0x00000000c6900000|  0%| F|  |TAMS 0x00000000c6800000, 0x00000000c6800000| Untracked 
| 105|0x00000000c6900000, 0x00000000c6900000, 0x00000000c6a00000|  0%| F|  |TAMS 0x00000000c6900000, 0x00000000c6900000| Untracked 
| 106|0x00000000c6a00000, 0x00000000c6a00000, 0x00000000c6b00000|  0%| F|  |TAMS 0x00000000c6a00000, 0x00000000c6a00000| Untracked 
| 107|0x00000000c6b00000, 0x00000000c6b00000, 0x00000000c6c00000|  0%| F|  |TAMS 0x00000000c6b00000, 0x00000000c6b00000| Untracked 
| 108|0x00000000c6c00000, 0x00000000c6c00000, 0x00000000c6d00000|  0%| F|  |TAMS 0x00000000c6c00000, 0x00000000c6c00000| Untracked 
| 109|0x00000000c6d00000, 0x00000000c6d00000, 0x00000000c6e00000|  0%| F|  |TAMS 0x00000000c6d00000, 0x00000000c6d00000| Untracked 
| 110|0x00000000c6e00000, 0x00000000c6e00000, 0x00000000c6f00000|  0%| F|  |TAMS 0x00000000c6e00000, 0x00000000c6e00000| Untracked 
| 111|0x00000000c6f00000, 0x00000000c6f00000, 0x00000000c7000000|  0%| F|  |TAMS 0x00000000c6f00000, 0x00000000c6f00000| Untracked 
| 112|0x00000000c7000000, 0x00000000c7000000, 0x00000000c7100000|  0%| F|  |TAMS 0x00000000c7000000, 0x00000000c7000000| Untracked 
| 113|0x00000000c7100000, 0x00000000c7100000, 0x00000000c7200000|  0%| F|  |TAMS 0x00000000c7100000, 0x00000000c7100000| Untracked 
| 114|0x00000000c7200000, 0x00000000c7200000, 0x00000000c7300000|  0%| F|  |TAMS 0x00000000c7200000, 0x00000000c7200000| Untracked 
| 115|0x00000000c7300000, 0x00000000c7300000, 0x00000000c7400000|  0%| F|  |TAMS 0x00000000c7300000, 0x00000000c7300000| Untracked 
| 116|0x00000000c7400000, 0x00000000c7400000, 0x00000000c7500000|  0%| F|  |TAMS 0x00000000c7400000, 0x00000000c7400000| Untracked 
| 117|0x00000000c7500000, 0x00000000c7500000, 0x00000000c7600000|  0%| F|  |TAMS 0x00000000c7500000, 0x00000000c7500000| Untracked 
| 118|0x00000000c7600000, 0x00000000c7600000, 0x00000000c7700000|  0%| F|  |TAMS 0x00000000c7600000, 0x00000000c7600000| Untracked 
| 119|0x00000000c7700000, 0x00000000c7700000, 0x00000000c7800000|  0%| F|  |TAMS 0x00000000c7700000, 0x00000000c7700000| Untracked 
| 120|0x00000000c7800000, 0x00000000c7800000, 0x00000000c7900000|  0%| F|  |TAMS 0x00000000c7800000, 0x00000000c7800000| Untracked 
| 121|0x00000000c7900000, 0x00000000c7900000, 0x00000000c7a00000|  0%| F|  |TAMS 0x00000000c7900000, 0x00000000c7900000| Untracked 
| 122|0x00000000c7a00000, 0x00000000c7a00000, 0x00000000c7b00000|  0%| F|  |TAMS 0x00000000c7a00000, 0x00000000c7a00000| Untracked 
| 123|0x00000000c7b00000, 0x00000000c7b00000, 0x00000000c7c00000|  0%| F|  |TAMS 0x00000000c7b00000, 0x00000000c7b00000| Untracked 
| 124|0x00000000c7c00000, 0x00000000c7c00000, 0x00000000c7d00000|  0%| F|  |TAMS 0x00000000c7c00000, 0x00000000c7c00000| Untracked 
| 125|0x00000000c7d00000, 0x00000000c7d00000, 0x00000000c7e00000|  0%| F|  |TAMS 0x00000000c7d00000, 0x00000000c7d00000| Untracked 
| 126|0x00000000c7e00000, 0x00000000c7e00000, 0x00000000c7f00000|  0%| F|  |TAMS 0x00000000c7e00000, 0x00000000c7e00000| Untracked 
| 127|0x00000000c7f00000, 0x00000000c7f00000, 0x00000000c8000000|  0%| F|  |TAMS 0x00000000c7f00000, 0x00000000c7f00000| Untracked 
| 128|0x00000000c8000000, 0x00000000c8000000, 0x00000000c8100000|  0%| F|  |TAMS 0x00000000c8000000, 0x00000000c8000000| Untracked 
| 129|0x00000000c8100000, 0x00000000c812d710, 0x00000000c8200000| 17%| E|  |TAMS 0x00000000c8100000, 0x00000000c8100000| Complete 

Card table byte_map: [0x000001d46e900000,0x000001d46eb00000] _byte_map_base: 0x000001d46e300000

Marking Bits (Prev, Next): (CMBitMap*) 0x000001d4689a4c70, (CMBitMap*) 0x000001d4689a4cb0
 Prev Bits: [0x000001d46ed00000, 0x000001d46fd00000)
 Next Bits: [0x000001d46fd00000, 0x000001d470d00000)

Polling page: 0x000001d468130000

Metaspace:

Usage:
  Non-class:     59.65 MB used.
      Class:      9.47 MB used.
       Both:     69.12 MB used.

Virtual space:
  Non-class space:       64.00 MB reserved,      60.12 MB ( 94%) committed,  1 nodes.
      Class space:        1.00 GB reserved,       9.75 MB ( <1%) committed,  1 nodes.
             Both:        1.06 GB reserved,      69.88 MB (  6%) committed. 

Chunk freelists:
   Non-Class:  3.65 MB
       Class:  6.38 MB
        Both:  10.03 MB

MaxMetaspaceSize: unlimited
CompressedClassSpaceSize: 1.00 GB
Initial GC threshold: 21.00 MB
Current GC threshold: 116.50 MB
CDS: off
MetaspaceReclaimPolicy: balanced
 - commit_granule_bytes: 65536.
 - commit_granule_words: 8192.
 - virtual_space_node_default_size: 8388608.
 - enlarge_chunks_in_place: 1.
 - new_chunks_are_fully_committed: 0.
 - uncommit_free_chunks: 1.
 - use_allocation_guard: 0.
 - handle_deallocations: 1.


Internal statistics:

num_allocs_failed_limit: 6.
num_arena_births: 688.
num_arena_deaths: 218.
num_vsnodes_births: 2.
num_vsnodes_deaths: 0.
num_space_committed: 1118.
num_space_uncommitted: 0.
num_chunks_returned_to_freelist: 269.
num_chunks_taken_from_freelist: 3013.
num_chunk_merges: 95.
num_chunk_splits: 2150.
num_chunks_enlarged: 1621.
num_inconsistent_stats: 0.

CodeCache: size=49152Kb used=20839Kb max_used=21211Kb free=28312Kb
 bounds [0x000001d46b5f0000, 0x000001d46cb30000, 0x000001d46e5f0000]
 total_blobs=12214 nmethods=11537 adapters=603
 compilation: enabled
              stopped_count=0, restarted_count=0
 full_count=0

Compilation events (20 events):
Event: 2701.697 Thread 0x000001d4737c8010 nmethod 11718 0x000001d46c6dae90 code [0x000001d46c6db2e0, 0x000001d46c6dc698]
Event: 2701.697 Thread 0x000001d4737c8010 11719       1       java.lang.Process::<init> (5 bytes)
Event: 2701.697 Thread 0x000001d4737c8010 nmethod 11719 0x000001d46c6dab90 code [0x000001d46c6dad20, 0x000001d46c6dadd8]
Event: 2701.697 Thread 0x000001d4737c8010 11721       1       java.lang.invoke.Invokers$Holder::linkToTargetMethod (9 bytes)
Event: 2701.697 Thread 0x000001d4737c8010 nmethod 11721 0x000001d46c6da810 code [0x000001d46c6da9c0, 0x000001d46c6daad8]
Event: 2701.697 Thread 0x000001d4737c8010 11722       1       java.lang.invoke.LambdaForm$DMH/0x00000001009bb000::newInvokeSpecial (23 bytes)
Event: 2701.698 Thread 0x000001d4737c8010 nmethod 11722 0x000001d46c6da390 code [0x000001d46c6da540, 0x000001d46c6da6c8]
Event: 2701.698 Thread 0x000001d4737c8010 11723       1       java.lang.ProcessImpl$$Lambda$1272/0x000000010067b730::<init> (10 bytes)
Event: 2701.698 Thread 0x000001d4737c8010 nmethod 11723 0x000001d46c6da090 code [0x000001d46c6da220, 0x000001d46c6da2f8]
Event: 2701.837 Thread 0x000001d4737c8010 11724   !   1       java.io.FilterOutputStream::close (183 bytes)
Event: 2701.881 Thread 0x000001d4737c8010 nmethod 11724 0x000001d46c6d8f10 code [0x000001d46c6d9120, 0x000001d46c6d95f8]
Event: 2701.882 Thread 0x000001d4737c8010 11726       1       java.lang.ProcessImpl$$Lambda$1272/0x000000010067b730::run (8 bytes)
Event: 2701.882 Thread 0x000001d4737c8010 nmethod 11726 0x000001d46c6d8c10 code [0x000001d46c6d8da0, 0x000001d46c6d8e88]
Event: 2701.882 Thread 0x000001d4737c8010 11727       1       java.lang.ProcessImpl::lambda$new$0 (6 bytes)
Event: 2701.882 Thread 0x000001d4737c8010 nmethod 11727 0x000001d46c6d8910 code [0x000001d46c6d8aa0, 0x000001d46c6d8b68]
Event: 4009.903 Thread 0x000001d4737c8010 11730       1       java.lang.ProcessImpl$2::run (242 bytes)
Event: 4009.907 Thread 0x000001d4737c8010 nmethod 11730 0x000001d46c6d6a90 code [0x000001d46c6d6d40, 0x000001d46c6d7ad8]
Event: 4009.907 Thread 0x000001d4737c8010 11731       1       java.lang.ProcessImpl::waitFor (136 bytes)
Event: 4009.909 Thread 0x000001d4737c8010 nmethod 11731 0x000001d46c6d6210 code [0x000001d46c6d6420, 0x000001d46c6d6838]
Event: 16131.535 Thread 0x000001d4737c8010 11733       1       java.time.ZonedDateTime::<init> (20 bytes)

GC Heap History (20 events):
Event: 16029.352 GC heap before
{Heap before GC invocations=1618 (full 1562):
 garbage-first heap   total 133120K, used 39008K [0x00000000c0000000, 0x0000000100000000)
  region size 1024K, 1 young (1024K), 0 survivors (0K)
 Metaspace       used 70775K, committed 71552K, reserved 1114112K
  class space    used 9698K, committed 9984K, reserved 1048576K
}
Event: 16029.407 GC heap after
{Heap after GC invocations=1619 (full 1563):
 garbage-first heap   total 133120K, used 39008K [0x00000000c0000000, 0x0000000100000000)
  region size 1024K, 0 young (0K), 0 survivors (0K)
 Metaspace       used 70775K, committed 71552K, reserved 1114112K
  class space    used 9698K, committed 9984K, reserved 1048576K
}
Event: 16039.577 GC heap before
{Heap before GC invocations=1619 (full 1563):
 garbage-first heap   total 133120K, used 39008K [0x00000000c0000000, 0x0000000100000000)
  region size 1024K, 1 young (1024K), 0 survivors (0K)
 Metaspace       used 70775K, committed 71552K, reserved 1114112K
  class space    used 9698K, committed 9984K, reserved 1048576K
}
Event: 16039.637 GC heap after
{Heap after GC invocations=1620 (full 1564):
 garbage-first heap   total 133120K, used 39008K [0x00000000c0000000, 0x0000000100000000)
  region size 1024K, 0 young (0K), 0 survivors (0K)
 Metaspace       used 70775K, committed 71552K, reserved 1114112K
  class space    used 9698K, committed 9984K, reserved 1048576K
}
Event: 16049.773 GC heap before
{Heap before GC invocations=1620 (full 1564):
 garbage-first heap   total 133120K, used 39008K [0x00000000c0000000, 0x0000000100000000)
  region size 1024K, 1 young (1024K), 0 survivors (0K)
 Metaspace       used 70775K, committed 71552K, reserved 1114112K
  class space    used 9698K, committed 9984K, reserved 1048576K
}
Event: 16049.813 GC heap after
{Heap after GC invocations=1621 (full 1565):
 garbage-first heap   total 133120K, used 39008K [0x00000000c0000000, 0x0000000100000000)
  region size 1024K, 0 young (0K), 0 survivors (0K)
 Metaspace       used 70775K, committed 71552K, reserved 1114112K
  class space    used 9698K, committed 9984K, reserved 1048576K
}
Event: 16060.010 GC heap before
{Heap before GC invocations=1621 (full 1565):
 garbage-first heap   total 133120K, used 39008K [0x00000000c0000000, 0x0000000100000000)
  region size 1024K, 1 young (1024K), 0 survivors (0K)
 Metaspace       used 70775K, committed 71552K, reserved 1114112K
  class space    used 9698K, committed 9984K, reserved 1048576K
}
Event: 16060.060 GC heap after
{Heap after GC invocations=1622 (full 1566):
 garbage-first heap   total 133120K, used 39008K [0x00000000c0000000, 0x0000000100000000)
  region size 1024K, 0 young (0K), 0 survivors (0K)
 Metaspace       used 70775K, committed 71552K, reserved 1114112K
  class space    used 9698K, committed 9984K, reserved 1048576K
}
Event: 16070.260 GC heap before
{Heap before GC invocations=1622 (full 1566):
 garbage-first heap   total 133120K, used 39008K [0x00000000c0000000, 0x0000000100000000)
  region size 1024K, 1 young (1024K), 0 survivors (0K)
 Metaspace       used 70775K, committed 71552K, reserved 1114112K
  class space    used 9698K, committed 9984K, reserved 1048576K
}
Event: 16070.309 GC heap after
{Heap after GC invocations=1623 (full 1567):
 garbage-first heap   total 133120K, used 39008K [0x00000000c0000000, 0x0000000100000000)
  region size 1024K, 0 young (0K), 0 survivors (0K)
 Metaspace       used 70775K, committed 71552K, reserved 1114112K
  class space    used 9698K, committed 9984K, reserved 1048576K
}
Event: 16080.435 GC heap before
{Heap before GC invocations=1623 (full 1567):
 garbage-first heap   total 133120K, used 39008K [0x00000000c0000000, 0x0000000100000000)
  region size 1024K, 1 young (1024K), 0 survivors (0K)
 Metaspace       used 70775K, committed 71552K, reserved 1114112K
  class space    used 9698K, committed 9984K, reserved 1048576K
}
Event: 16080.467 GC heap after
{Heap after GC invocations=1624 (full 1568):
 garbage-first heap   total 133120K, used 39008K [0x00000000c0000000, 0x0000000100000000)
  region size 1024K, 0 young (0K), 0 survivors (0K)
 Metaspace       used 70775K, committed 71552K, reserved 1114112K
  class space    used 9698K, committed 9984K, reserved 1048576K
}
Event: 16090.610 GC heap before
{Heap before GC invocations=1624 (full 1568):
 garbage-first heap   total 133120K, used 39008K [0x00000000c0000000, 0x0000000100000000)
  region size 1024K, 1 young (1024K), 0 survivors (0K)
 Metaspace       used 70775K, committed 71552K, reserved 1114112K
  class space    used 9698K, committed 9984K, reserved 1048576K
}
Event: 16090.642 GC heap after
{Heap after GC invocations=1625 (full 1569):
 garbage-first heap   total 133120K, used 39008K [0x00000000c0000000, 0x0000000100000000)
  region size 1024K, 0 young (0K), 0 survivors (0K)
 Metaspace       used 70775K, committed 71552K, reserved 1114112K
  class space    used 9698K, committed 9984K, reserved 1048576K
}
Event: 16100.857 GC heap before
{Heap before GC invocations=1625 (full 1569):
 garbage-first heap   total 133120K, used 39008K [0x00000000c0000000, 0x0000000100000000)
  region size 1024K, 1 young (1024K), 0 survivors (0K)
 Metaspace       used 70775K, committed 71552K, reserved 1114112K
  class space    used 9698K, committed 9984K, reserved 1048576K
}
Event: 16100.916 GC heap after
{Heap after GC invocations=1626 (full 1570):
 garbage-first heap   total 133120K, used 39008K [0x00000000c0000000, 0x0000000100000000)
  region size 1024K, 0 young (0K), 0 survivors (0K)
 Metaspace       used 70775K, committed 71552K, reserved 1114112K
  class space    used 9698K, committed 9984K, reserved 1048576K
}
Event: 16111.087 GC heap before
{Heap before GC invocations=1626 (full 1570):
 garbage-first heap   total 133120K, used 39008K [0x00000000c0000000, 0x0000000100000000)
  region size 1024K, 1 young (1024K), 0 survivors (0K)
 Metaspace       used 70775K, committed 71552K, reserved 1114112K
  class space    used 9698K, committed 9984K, reserved 1048576K
}
Event: 16111.149 GC heap after
{Heap after GC invocations=1627 (full 1571):
 garbage-first heap   total 133120K, used 39008K [0x00000000c0000000, 0x0000000100000000)
  region size 1024K, 0 young (0K), 0 survivors (0K)
 Metaspace       used 70775K, committed 71552K, reserved 1114112K
  class space    used 9698K, committed 9984K, reserved 1048576K
}
Event: 16121.388 GC heap before
{Heap before GC invocations=1627 (full 1571):
 garbage-first heap   total 133120K, used 39008K [0x00000000c0000000, 0x0000000100000000)
  region size 1024K, 1 young (1024K), 0 survivors (0K)
 Metaspace       used 70775K, committed 71552K, reserved 1114112K
  class space    used 9698K, committed 9984K, reserved 1048576K
}
Event: 16121.424 GC heap after
{Heap after GC invocations=1628 (full 1572):
 garbage-first heap   total 133120K, used 39008K [0x00000000c0000000, 0x0000000100000000)
  region size 1024K, 0 young (0K), 0 survivors (0K)
 Metaspace       used 70775K, committed 71552K, reserved 1114112K
  class space    used 9698K, committed 9984K, reserved 1048576K
}

Dll operation events (10 events):
Event: 0.019 Loaded shared library c:\Users\amine\.vscode\extensions\redhat.java-1.18.0-win32-x64\jre\17.0.7-win32-x86_64\bin\java.dll
Event: 0.795 Loaded shared library C:\Users\amine\.vscode\extensions\redhat.java-1.18.0-win32-x64\jre\17.0.7-win32-x86_64\bin\net.dll
Event: 0.818 Loaded shared library C:\Users\amine\.vscode\extensions\redhat.java-1.18.0-win32-x64\jre\17.0.7-win32-x86_64\bin\nio.dll
Event: 0.833 Loaded shared library C:\Users\amine\.vscode\extensions\redhat.java-1.18.0-win32-x64\jre\17.0.7-win32-x86_64\bin\zip.dll
Event: 1.506 Loaded shared library C:\Users\amine\.vscode\extensions\redhat.java-1.18.0-win32-x64\jre\17.0.7-win32-x86_64\bin\jimage.dll
Event: 5.131 Loaded shared library C:\Users\amine\.vscode\extensions\redhat.java-1.18.0-win32-x64\jre\17.0.7-win32-x86_64\bin\management.dll
Event: 5.136 Loaded shared library C:\Users\amine\.vscode\extensions\redhat.java-1.18.0-win32-x64\jre\17.0.7-win32-x86_64\bin\management_ext.dll
Event: 7.406 Loaded shared library C:\Users\amine\.vscode\extensions\redhat.java-1.18.0-win32-x64\jre\17.0.7-win32-x86_64\bin\sunmscapi.dll
Event: 18.075 Loaded shared library c:\Users\amine\.vscode\extensions\redhat.java-1.18.0-win32-x64\jre\17.0.7-win32-x86_64\bin\verify.dll
Event: 25.534 Loaded shared library C:\Users\amine\AppData\Local\Temp\snappy-1.1.8-ad82e998-cedc-4685-821d-2c9ef73274fa-snappyjava.dll

Deoptimization events (20 events):
Event: 19.156 Thread 0x000001d47915b590 DEOPT PACKING pc=0x000001d46c4ee8a4 sp=0x00000092b19fe150
Event: 19.156 Thread 0x000001d47915b590 DEOPT UNPACKING pc=0x000001d46b647143 sp=0x00000092b19fd6d0 mode 0
Event: 19.156 Thread 0x000001d47915b590 DEOPT PACKING pc=0x000001d46c5d832c sp=0x00000092b19fe470
Event: 19.156 Thread 0x000001d47915b590 DEOPT UNPACKING pc=0x000001d46b647143 sp=0x00000092b19fd900 mode 0
Event: 25.216 Thread 0x000001d47932dc10 DEOPT PACKING pc=0x000001d46c8847d4 sp=0x00000092b1afc8b0
Event: 25.216 Thread 0x000001d47932dc10 DEOPT UNPACKING pc=0x000001d46b647143 sp=0x00000092b1afbef8 mode 1
Event: 25.219 Thread 0x000001d47932dc10 DEOPT PACKING pc=0x000001d46c79d18c sp=0x00000092b1afdc60
Event: 25.219 Thread 0x000001d47932dc10 DEOPT UNPACKING pc=0x000001d46b647143 sp=0x00000092b1afd1a8 mode 0
Event: 25.226 Thread 0x000001d47932dc10 DEOPT PACKING pc=0x000001d46c79d1ec sp=0x00000092b1afdf60
Event: 25.226 Thread 0x000001d47932dc10 DEOPT UNPACKING pc=0x000001d46b647143 sp=0x00000092b1afd4b0 mode 0
Event: 25.226 Thread 0x000001d47932dc10 DEOPT PACKING pc=0x000001d46c79d1ec sp=0x00000092b1afe1f0
Event: 25.226 Thread 0x000001d47932dc10 DEOPT UNPACKING pc=0x000001d46b647143 sp=0x00000092b1afd740 mode 0
Event: 25.226 Thread 0x000001d47932dc10 DEOPT PACKING pc=0x000001d46c79d1ec sp=0x00000092b1afe520
Event: 25.226 Thread 0x000001d47932dc10 DEOPT UNPACKING pc=0x000001d46b647143 sp=0x00000092b1afda70 mode 0
Event: 25.226 Thread 0x000001d47932dc10 DEOPT PACKING pc=0x000001d46c79d1ec sp=0x00000092b1afe800
Event: 25.226 Thread 0x000001d47932dc10 DEOPT UNPACKING pc=0x000001d46b647143 sp=0x00000092b1afdd50 mode 0
Event: 25.258 Thread 0x000001d47932dc10 DEOPT PACKING pc=0x000001d46c7c11ac sp=0x00000092b1afc560
Event: 25.258 Thread 0x000001d47932dc10 DEOPT UNPACKING pc=0x000001d46b647143 sp=0x00000092b1afbaf8 mode 0
Event: 179.736 Thread 0x000001d478cf37b0 DEOPT PACKING pc=0x000001d46bb72a54 sp=0x00000092b14fedf0
Event: 179.736 Thread 0x000001d478cf37b0 DEOPT UNPACKING pc=0x000001d46b647143 sp=0x00000092b14fe278 mode 0

Classes unloaded (20 events):
Event: 147.004 Thread 0x000001d47376f680 Unloading class 0x0000000100355400 'java/lang/invoke/LambdaForm$MH+0x0000000100355400'
Event: 147.004 Thread 0x000001d47376f680 Unloading class 0x0000000100355000 'java/lang/invoke/LambdaForm$MH+0x0000000100355000'
Event: 147.004 Thread 0x000001d47376f680 Unloading class 0x0000000100091c00 'java/lang/invoke/LambdaForm$MH+0x0000000100091c00'
Event: 147.004 Thread 0x000001d47376f680 Unloading class 0x0000000100091800 'java/lang/invoke/LambdaForm$MH+0x0000000100091800'
Event: 147.004 Thread 0x000001d47376f680 Unloading class 0x0000000100091400 'java/lang/invoke/LambdaForm$MH+0x0000000100091400'
Event: 147.004 Thread 0x000001d47376f680 Unloading class 0x0000000100091000 'java/lang/invoke/LambdaForm$MH+0x0000000100091000'
Event: 147.004 Thread 0x000001d47376f680 Unloading class 0x0000000100090c00 'java/lang/invoke/LambdaForm$MH+0x0000000100090c00'
Event: 147.004 Thread 0x000001d47376f680 Unloading class 0x0000000100090800 'java/lang/invoke/LambdaForm$MH+0x0000000100090800'
Event: 147.004 Thread 0x000001d47376f680 Unloading class 0x0000000100090400 'java/lang/invoke/LambdaForm$MH+0x0000000100090400'
Event: 147.004 Thread 0x000001d47376f680 Unloading class 0x0000000100090000 'java/lang/invoke/LambdaForm$MH+0x0000000100090000'
Event: 147.004 Thread 0x000001d47376f680 Unloading class 0x000000010008b800 'java/lang/invoke/LambdaForm$MH+0x000000010008b800'
Event: 147.004 Thread 0x000001d47376f680 Unloading class 0x000000010008b400 'java/lang/invoke/LambdaForm$MH+0x000000010008b400'
Event: 147.004 Thread 0x000001d47376f680 Unloading class 0x000000010008b000 'java/lang/invoke/LambdaForm$MH+0x000000010008b000'
Event: 147.004 Thread 0x000001d47376f680 Unloading class 0x000000010008ac00 'java/lang/invoke/LambdaForm$MH+0x000000010008ac00'
Event: 147.004 Thread 0x000001d47376f680 Unloading class 0x000000010008a800 'java/lang/invoke/LambdaForm$MH+0x000000010008a800'
Event: 147.004 Thread 0x000001d47376f680 Unloading class 0x000000010008a400 'java/lang/invoke/LambdaForm$MH+0x000000010008a400'
Event: 147.004 Thread 0x000001d47376f680 Unloading class 0x0000000100089c00 'java/lang/invoke/LambdaForm$MH+0x0000000100089c00'
Event: 147.004 Thread 0x000001d47376f680 Unloading class 0x0000000100089400 'java/lang/invoke/LambdaForm$MH+0x0000000100089400'
Event: 147.004 Thread 0x000001d47376f680 Unloading class 0x0000000100088c00 'java/lang/invoke/LambdaForm$MH+0x0000000100088c00'
Event: 147.004 Thread 0x000001d47376f680 Unloading class 0x0000000100088400 'java/lang/invoke/LambdaForm$MH+0x0000000100088400'

Classes redefined (0 events):
No events

Internal exceptions (20 events):
Event: 27.156 Thread 0x000001d47932dc10 Exception <a 'sun/nio/fs/WindowsException'{0x00000000f047b7e0}> (0x00000000f047b7e0) 
thrown [s\src\hotspot\share\prims\jni.cpp, line 516]
Event: 27.156 Thread 0x000001d47932dc10 Exception <a 'sun/nio/fs/WindowsException'{0x00000000f047bc58}> (0x00000000f047bc58) 
thrown [s\src\hotspot\share\prims\jni.cpp, line 516]
Event: 27.157 Thread 0x000001d47932dc10 Exception <a 'sun/nio/fs/WindowsException'{0x00000000f04a9fc8}> (0x00000000f04a9fc8) 
thrown [s\src\hotspot\share\prims\jni.cpp, line 516]
Event: 27.157 Thread 0x000001d47932dc10 Exception <a 'sun/nio/fs/WindowsException'{0x00000000f04aa408}> (0x00000000f04aa408) 
thrown [s\src\hotspot\share\prims\jni.cpp, line 516]
Event: 27.157 Thread 0x000001d47932dc10 Exception <a 'sun/nio/fs/WindowsException'{0x00000000f04ab438}> (0x00000000f04ab438) 
thrown [s\src\hotspot\share\prims\jni.cpp, line 516]
Event: 27.157 Thread 0x000001d47932dc10 Exception <a 'sun/nio/fs/WindowsException'{0x00000000f04ab888}> (0x00000000f04ab888) 
thrown [s\src\hotspot\share\prims\jni.cpp, line 516]
Event: 27.157 Thread 0x000001d47932dc10 Exception <a 'sun/nio/fs/WindowsException'{0x00000000f04cb960}> (0x00000000f04cb960) 
thrown [s\src\hotspot\share\prims\jni.cpp, line 516]
Event: 27.157 Thread 0x000001d47932dc10 Exception <a 'sun/nio/fs/WindowsException'{0x00000000f04cbd98}> (0x00000000f04cbd98) 
thrown [s\src\hotspot\share\prims\jni.cpp, line 516]
Event: 27.157 Thread 0x000001d47932dc10 Exception <a 'sun/nio/fs/WindowsException'{0x00000000f04ccdb8}> (0x00000000f04ccdb8) 
thrown [s\src\hotspot\share\prims\jni.cpp, line 516]
Event: 27.157 Thread 0x000001d47932dc10 Exception <a 'sun/nio/fs/WindowsException'{0x00000000f04cd208}> (0x00000000f04cd208) 
thrown [s\src\hotspot\share\prims\jni.cpp, line 516]
Event: 27.158 Thread 0x000001d47932dc10 Exception <a 'sun/nio/fs/WindowsException'{0x00000000f0300d60}> (0x00000000f0300d60) 
thrown [s\src\hotspot\share\prims\jni.cpp, line 516]
Event: 27.158 Thread 0x000001d47932dc10 Exception <a 'sun/nio/fs/WindowsException'{0x00000000f03011b0}> (0x00000000f03011b0) 
thrown [s\src\hotspot\share\prims\jni.cpp, line 516]
Event: 27.158 Thread 0x000001d47932dc10 Exception <a 'sun/nio/fs/WindowsException'{0x00000000f0302748}> (0x00000000f0302748) 
thrown [s\src\hotspot\share\prims\jni.cpp, line 516]
Event: 27.159 Thread 0x000001d47932dc10 Exception <a 'sun/nio/fs/WindowsException'{0x00000000f0302bc0}> (0x00000000f0302bc0) 
thrown [s\src\hotspot\share\prims\jni.cpp, line 516]
Event: 27.159 Thread 0x000001d47932dc10 Exception <a 'sun/nio/fs/WindowsException'{0x00000000f0324e60}> (0x00000000f0324e60) 
thrown [s\src\hotspot\share\prims\jni.cpp, line 516]
Event: 27.159 Thread 0x000001d47932dc10 Exception <a 'sun/nio/fs/WindowsException'{0x00000000f03252b0}> (0x00000000f03252b0) 
thrown [s\src\hotspot\share\prims\jni.cpp, line 516]
Event: 27.159 Thread 0x000001d47932dc10 Exception <a 'sun/nio/fs/WindowsException'{0x00000000f0326848}> (0x00000000f0326848) 
thrown [s\src\hotspot\share\prims\jni.cpp, line 516]
Event: 27.159 Thread 0x000001d47932dc10 Exception <a 'sun/nio/fs/WindowsException'{0x00000000f0326cb8}> (0x00000000f0326cb8) 
thrown [s\src\hotspot\share\prims\jni.cpp, line 516]
Event: 65.155 Thread 0x000001d478f80ee0 Exception <a 'java/lang/NoSuchMethodError'{0x00000000f0145578}: 'void java.lang.invoke.DirectMethodHandle$Holder.invokeStatic(java.lang.Object, long)'> (0x00000000f0145578) 
thrown [s\src\hotspot\share\interpreter\linkResolver.cpp, line 759]
Event: 65.155 Thread 0x000001d478f80ee0 Exception <a 'java/lang/NoSuchMethodError'{0x00000000f014a928}: 'java.lang.Object java.lang.invoke.DirectMethodHandle$Holder.newInvokeSpecial(java.lang.Object, long)'> (0x00000000f014a928) 
thrown [s\src\hotspot\share\interpreter\linkResolver.cpp, line 759]

VM Operations (20 events):
Event: 16029.407 Executing VM operation: G1CollectFull done
Event: 16039.577 Executing VM operation: G1CollectFull
Event: 16039.637 Executing VM operation: G1CollectFull done
Event: 16049.773 Executing VM operation: G1CollectFull
Event: 16049.813 Executing VM operation: G1CollectFull done
Event: 16060.010 Executing VM operation: G1CollectFull
Event: 16060.060 Executing VM operation: G1CollectFull done
Event: 16070.259 Executing VM operation: G1CollectFull
Event: 16070.309 Executing VM operation: G1CollectFull done
Event: 16080.435 Executing VM operation: G1CollectFull
Event: 16080.467 Executing VM operation: G1CollectFull done
Event: 16090.610 Executing VM operation: G1CollectFull
Event: 16090.642 Executing VM operation: G1CollectFull done
Event: 16100.857 Executing VM operation: G1CollectFull
Event: 16100.916 Executing VM operation: G1CollectFull done
Event: 16111.087 Executing VM operation: G1CollectFull
Event: 16111.149 Executing VM operation: G1CollectFull done
Event: 16121.388 Executing VM operation: G1CollectFull
Event: 16121.424 Executing VM operation: G1CollectFull done
Event: 16131.539 Executing VM operation: G1CollectFull

Events (20 events):
Event: 65.146 loading class java/lang/ProcessImpl done
Event: 65.155 loading class java/lang/ProcessImpl$2
Event: 65.156 loading class java/lang/ProcessImpl$2 done
Event: 65.156 loading class java/lang/Process$PipeInputStream
Event: 65.156 loading class java/lang/Process$PipeInputStream done
Event: 65.157 loading class jdk/internal/event/ProcessStartEvent
Event: 65.157 loading class jdk/internal/event/ProcessStartEvent done
Event: 65.442 Thread 0x000001d47915b0c0 Thread exited: 0x000001d47915b0c0
Event: 65.729 Thread 0x000001d479330760 Thread exited: 0x000001d479330760
Event: 67.854 Thread 0x000001d47915c8d0 Thread exited: 0x000001d47915c8d0
Event: 68.869 Thread 0x000001d47915d550 Thread exited: 0x000001d47915d550
Event: 71.708 Thread 0x000001d479332910 Thread exited: 0x000001d479332910
Event: 79.452 Thread 0x000001d47915b590 Thread exited: 0x000001d47915b590
Event: 139.455 Thread 0x000001d479330290 Thread exited: 0x000001d479330290
Event: 179.740 Thread 0x000001d47a82f370 Thread added: 0x000001d47a82f370
Event: 185.089 Thread 0x000001d47a82f370 Thread exited: 0x000001d47a82f370
Event: 185.916 Thread 0x000001d479330290 Thread added: 0x000001d479330290
Event: 199.459 Thread 0x000001d479332440 Thread exited: 0x000001d479332440
Event: 245.920 Thread 0x000001d479330290 Thread exited: 0x000001d479330290
Event: 259.462 Thread 0x000001d47932e0e0 Thread exited: 0x000001d47932e0e0


Dynamic libraries:
0x00007ff61f920000 - 0x00007ff61f92e000 	c:\Users\amine\.vscode\extensions\redhat.java-1.18.0-win32-x64\jre\17.0.7-win32-x86_64\bin\java.exe
0x00007ffca6f90000 - 0x00007ffca7188000 	C:\WINDOWS\SYSTEM32\ntdll.dll
0x00007ffca5240000 - 0x00007ffca52ff000 	C:\WINDOWS\System32\KERNEL32.DLL
0x00007ffca4960000 - 0x00007ffca4c56000 	C:\WINDOWS\System32\KERNELBASE.dll
0x00007ffca4e60000 - 0x00007ffca4f60000 	C:\WINDOWS\System32\ucrtbase.dll
0x00007ffc47540000 - 0x00007ffc47557000 	c:\Users\amine\.vscode\extensions\redhat.java-1.18.0-win32-x64\jre\17.0.7-win32-x86_64\bin\jli.dll
0x00007ffca54b0000 - 0x00007ffca564d000 	C:\WINDOWS\System32\USER32.dll
0x00007ffca4d80000 - 0x00007ffca4da2000 	C:\WINDOWS\System32\win32u.dll
0x00007ffca6f20000 - 0x00007ffca6f4c000 	C:\WINDOWS\System32\GDI32.dll
0x00007ffca4c60000 - 0x00007ffca4d75000 	C:\WINDOWS\System32\gdi32full.dll
0x00007ffca46e0000 - 0x00007ffca477d000 	C:\WINDOWS\System32\msvcp_win.dll
0x00007ffc47560000 - 0x00007ffc47579000 	c:\Users\amine\.vscode\extensions\redhat.java-1.18.0-win32-x64\jre\17.0.7-win32-x86_64\bin\VCRUNTIME140.dll
0x00007ffc88480000 - 0x00007ffc8871a000 	C:\WINDOWS\WinSxS\amd64_microsoft.windows.common-controls_6595b64144ccf1df_6.0.19041.1110_none_60b5254171f9507e\COMCTL32.dll
0x00007ffca56c0000 - 0x00007ffca575e000 	C:\WINDOWS\System32\msvcrt.dll
0x00007ffca53b0000 - 0x00007ffca53e0000 	C:\WINDOWS\System32\IMM32.DLL
0x00007ffc47510000 - 0x00007ffc4751c000 	c:\Users\amine\.vscode\extensions\redhat.java-1.18.0-win32-x64\jre\17.0.7-win32-x86_64\bin\vcruntime140_1.dll
0x00007ffc42a30000 - 0x00007ffc42ac1000 	c:\Users\amine\.vscode\extensions\redhat.java-1.18.0-win32-x64\jre\17.0.7-win32-x86_64\bin\msvcp140.dll
0x00007ffc41110000 - 0x00007ffc41d58000 	c:\Users\amine\.vscode\extensions\redhat.java-1.18.0-win32-x64\jre\17.0.7-win32-x86_64\bin\server\jvm.dll
0x00007ffca5300000 - 0x00007ffca53af000 	C:\WINDOWS\System32\ADVAPI32.dll
0x00007ffca5100000 - 0x00007ffca519c000 	C:\WINDOWS\System32\sechost.dll
0x00007ffca5e30000 - 0x00007ffca5f56000 	C:\WINDOWS\System32\RPCRT4.dll
0x00007ffc7e860000 - 0x00007ffc7e869000 	C:\WINDOWS\SYSTEM32\WSOCK32.dll
0x00007ffca6eb0000 - 0x00007ffca6f1b000 	C:\WINDOWS\System32\WS2_32.dll
0x00007ffc9d600000 - 0x00007ffc9d60a000 	C:\WINDOWS\SYSTEM32\VERSION.dll
0x00007ffc87360000 - 0x00007ffc87387000 	C:\WINDOWS\SYSTEM32\WINMM.dll
0x00007ffca2e80000 - 0x00007ffca2e92000 	C:\WINDOWS\SYSTEM32\kernel.appcore.dll
0x00007ffc474e0000 - 0x00007ffc474ea000 	c:\Users\amine\.vscode\extensions\redhat.java-1.18.0-win32-x64\jre\17.0.7-win32-x86_64\bin\jimage.dll
0x00007ffca2b90000 - 0x00007ffca2d74000 	C:\WINDOWS\SYSTEM32\DBGHELP.DLL
0x00007ffc7eb20000 - 0x00007ffc7eb54000 	C:\WINDOWS\SYSTEM32\dbgcore.DLL
0x00007ffca4f60000 - 0x00007ffca4fe2000 	C:\WINDOWS\System32\bcryptPrimitives.dll
0x00007ffc40f30000 - 0x00007ffc40f55000 	c:\Users\amine\.vscode\extensions\redhat.java-1.18.0-win32-x64\jre\17.0.7-win32-x86_64\bin\java.dll
0x00007ffc47320000 - 0x00007ffc47338000 	c:\Users\amine\.vscode\extensions\redhat.java-1.18.0-win32-x64\jre\17.0.7-win32-x86_64\bin\zip.dll
0x00007ffca65d0000 - 0x00007ffca6d14000 	C:\WINDOWS\System32\SHELL32.dll
0x00007ffca23f0000 - 0x00007ffca2b83000 	C:\WINDOWS\SYSTEM32\windows.storage.dll
0x00007ffca5f60000 - 0x00007ffca62b4000 	C:\WINDOWS\System32\combase.dll
0x00007ffca40d0000 - 0x00007ffca40fe000 	C:\WINDOWS\SYSTEM32\Wldp.dll
0x00007ffca4ff0000 - 0x00007ffca509d000 	C:\WINDOWS\System32\SHCORE.dll
0x00007ffca6570000 - 0x00007ffca65c5000 	C:\WINDOWS\System32\shlwapi.dll
0x00007ffca45b0000 - 0x00007ffca45cf000 	C:\WINDOWS\SYSTEM32\profapi.dll
0x00007ffc42a10000 - 0x00007ffc42a29000 	C:\Users\amine\.vscode\extensions\redhat.java-1.18.0-win32-x64\jre\17.0.7-win32-x86_64\bin\net.dll
0x00007ffc963e0000 - 0x00007ffc964ea000 	C:\WINDOWS\SYSTEM32\WINHTTP.dll
0x00007ffca3df0000 - 0x00007ffca3e5a000 	C:\WINDOWS\system32\mswsock.dll
0x00007ffc429f0000 - 0x00007ffc42a05000 	C:\Users\amine\.vscode\extensions\redhat.java-1.18.0-win32-x64\jre\17.0.7-win32-x86_64\bin\nio.dll
0x00007ffca4000000 - 0x00007ffca4018000 	C:\WINDOWS\SYSTEM32\CRYPTSP.dll
0x00007ffca36a0000 - 0x00007ffca36d4000 	C:\WINDOWS\system32\rsaenh.dll
0x00007ffca47d0000 - 0x00007ffca47f7000 	C:\WINDOWS\System32\bcrypt.dll
0x00007ffca4570000 - 0x00007ffca459e000 	C:\WINDOWS\SYSTEM32\USERENV.dll
0x00007ffca4020000 - 0x00007ffca402c000 	C:\WINDOWS\SYSTEM32\CRYPTBASE.dll
0x00007ffca3aa0000 - 0x00007ffca3adc000 	C:\WINDOWS\SYSTEM32\IPHLPAPI.DLL
0x00007ffca51a0000 - 0x00007ffca51a8000 	C:\WINDOWS\System32\NSI.dll
0x00007ffc9ccc0000 - 0x00007ffc9ccd7000 	C:\WINDOWS\SYSTEM32\dhcpcsvc6.DLL
0x00007ffc9b660000 - 0x00007ffc9b67d000 	C:\WINDOWS\SYSTEM32\dhcpcsvc.DLL
0x00007ffca3ae0000 - 0x00007ffca3bab000 	C:\WINDOWS\SYSTEM32\DNSAPI.dll
0x00007ffc9ff90000 - 0x00007ffc9ff99000 	C:\Users\amine\.vscode\extensions\redhat.java-1.18.0-win32-x64\jre\17.0.7-win32-x86_64\bin\management.dll
0x00007ffc9e950000 - 0x00007ffc9e95b000 	C:\Users\amine\.vscode\extensions\redhat.java-1.18.0-win32-x64\jre\17.0.7-win32-x86_64\bin\management_ext.dll
0x00007ffca56b0000 - 0x00007ffca56b8000 	C:\WINDOWS\System32\PSAPI.DLL
0x00007ffc8cf80000 - 0x00007ffc8cf8e000 	C:\Users\amine\.vscode\extensions\redhat.java-1.18.0-win32-x64\jre\17.0.7-win32-x86_64\bin\sunmscapi.dll
0x00007ffca4800000 - 0x00007ffca495e000 	C:\WINDOWS\System32\CRYPT32.dll
0x00007ffca4140000 - 0x00007ffca4168000 	C:\WINDOWS\SYSTEM32\ncrypt.dll
0x00007ffca4100000 - 0x00007ffca413b000 	C:\WINDOWS\SYSTEM32\NTASN1.dll
0x0000000071ff0000 - 0x0000000072016000 	C:\Program Files\Bonjour\mdnsNSP.dll
0x00007ffc90f60000 - 0x00007ffc90f6a000 	C:\Windows\System32\rasadhlp.dll
0x00007ffc90fb0000 - 0x00007ffc91032000 	C:\WINDOWS\System32\fwpuclnt.dll
0x00007ffc429e0000 - 0x00007ffc429f0000 	c:\Users\amine\.vscode\extensions\redhat.java-1.18.0-win32-x64\jre\17.0.7-win32-x86_64\bin\verify.dll
0x000000006c500000 - 0x000000006c5c7000 	C:\Users\amine\AppData\Local\Temp\snappy-1.1.8-ad82e998-cedc-4685-821d-2c9ef73274fa-snappyjava.dll

dbghelp: loaded successfully - version: 4.0.5 - missing functions: none
symbol engine: initialized successfully - sym options: 0x614 - pdb path: .;c:\Users\amine\.vscode\extensions\redhat.java-1.18.0-win32-x64\jre\17.0.7-win32-x86_64\bin;C:\WINDOWS\SYSTEM32;C:\WINDOWS\WinSxS\amd64_microsoft.windows.common-controls_6595b64144ccf1df_6.0.19041.1110_none_60b5254171f9507e;c:\Users\amine\.vscode\extensions\redhat.java-1.18.0-win32-x64\jre\17.0.7-win32-x86_64\bin\server;C:\Program Files\Bonjour;C:\Users\amine\AppData\Local\Temp

VM Arguments:
jvm_args: -XX:+HeapDumpOnOutOfMemoryError -Xmx1024m -Dsts.lsp.client=vscode -Dsts.log.file=/dev/null -XX:TieredStopAtLevel=1 -Xlog:jni+resolve=off -Dspring.config.location=file:c:\Users\amine\.vscode\extensions\vmware.vscode-spring-boot-1.46.0\language-server\BOOT-INF\classes\application.properties 
java_command: org.springframework.ide.vscode.boot.app.BootLanguageServerBootApp
java_class_path (initial): c:\Users\amine\.vscode\extensions\vmware.vscode-spring-boot-1.46.0\language-server\BOOT-INF\classes;c:\Users\amine\.vscode\extensions\vmware.vscode-spring-boot-1.46.0\language-server\BOOT-INF\lib\annotations-24.0.1.jar;c:\Users\amine\.vscode\extensions\vmware.vscode-spring-boot-1.46.0\language-server\BOOT-INF\lib\antlr-runtime-3.5.3.jar;c:\Users\amine\.vscode\extensions\vmware.vscode-spring-boot-1.46.0\language-server\BOOT-INF\lib\antlr4-4.11.1.jar;c:\Users\amine\.vscode\extensions\vmware.vscode-spring-boot-1.46.0\language-server\BOOT-INF\lib\antlr4-runtime-4.11.1.jar;c:\Users\amine\.vscode\extensions\vmware.vscode-spring-boot-1.46.0\language-server\BOOT-INF\lib\asm-9.5.jar;c:\Users\amine\.vscode\extensions\vmware.vscode-spring-boot-1.46.0\language-server\BOOT-INF\lib\asm-analysis-9.5.jar;c:\Users\amine\.vscode\extensions\vmware.vscode-spring-boot-1.46.0\language-server\BOOT-INF\lib\asm-tree-9.5.jar;c:\Users\amine\.vscode\extensions\vmware.vscode-spring-boot-1.46.0\language-server\BOOT-INF\lib\asm-util-9.5.jar;c:\Users\amine\.vscode\extensions\vmware.vscode-spring-boot-1.46.0\language-server\BOOT-INF\lib\caffeine-3.1.2.jar;c:\Users\amine\.vscode\extensions\vmware.vscode-spring-boot-1.46.0\language-server\BOOT-INF\lib\checker-qual-3.12.0.jar;c:\Users\amine\.vscode\extensions\vmware.vscode-spring-boot-1.46.0\language-server\BOOT-INF\lib\classgraph-4.8.149.jar;c:\Users\amine\.vscode\extensions\vmware.vscode-spring-boot-1.46.0\language-server\BOOT-INF\lib\commons-codec-1.15.jar;c:\Users\amine\.vscode\extensions\vmware.vscode-spring-boot-1.46.0\language-server\BOOT-INF\lib\commons-compress-1.23.0.jar;c:\Users\amine\.vscode\extensions\vmware.vscode-spring-boot-1.46.0\language-server\BOOT-INF\lib\commons-io-2.4.jar;c:\Users\amine\.vscode\extensions\vmware.vscode-spring-boot-1.46.0\language-server\BOOT-INF\lib\commons-java-1.46.0-SNAPSHOT.jar;c:\Users\amine\.vscode\extensions\vmware.vscode-spring-boot-1.46.0\language-server\BOOT-INF\lib\commons-
Launcher Type: SUN_STANDARD

[Global flags]
     intx CICompilerCount                          = 4                                         {product} {ergonomic}
     uint ConcGCThreads                            = 2                                         {product} {ergonomic}
     uint G1ConcRefinementThreads                  = 8                                         {product} {ergonomic}
   size_t G1HeapRegionSize                         = 1048576                                   {product} {ergonomic}
    uintx GCDrainStackTargetSize                   = 64                                        {product} {ergonomic}
     bool HeapDumpOnOutOfMemoryError               = true                                   {manageable} {command line}
   size_t InitialHeapSize                          = 132120576                                 {product} {ergonomic}
   size_t MarkStackSize                            = 4194304                                   {product} {ergonomic}
   size_t MaxHeapSize                              = 1073741824                                {product} {command line}
   size_t MaxNewSize                               = 643825664                                 {product} {ergonomic}
   size_t MinHeapDeltaBytes                        = 1048576                                   {product} {ergonomic}
   size_t MinHeapSize                              = 8388608                                   {product} {ergonomic}
    uintx NonProfiledCodeHeapSize                  = 0                                      {pd product} {ergonomic}
     bool ProfileInterpreter                       = false                                  {pd product} {command line}
    uintx ProfiledCodeHeapSize                     = 0                                      {pd product} {ergonomic}
   size_t SoftMaxHeapSize                          = 1073741824                             {manageable} {ergonomic}
     intx TieredStopAtLevel                        = 1                                         {product} {command line}
     bool UseCompressedClassPointers               = true                           {product lp64_product} {ergonomic}
     bool UseCompressedOops                        = true                           {product lp64_product} {ergonomic}
     bool UseG1GC                                  = true                                      {product} {ergonomic}
     bool UseLargePagesIndividualAllocation        = false                                  {pd product} {ergonomic}

Logging:
Log output configuration:
 #0: stdout all=warning,jni+resolve=off uptime,level,tags
 #1: stderr all=off uptime,level,tags

Environment Variables:
JAVA_HOME=C:\Program Files\Java\jdk-11.0.17
PATH=C:\Program Files\Common Files\Oracle\Java\javapath;C:\Python310\Scripts\;C:\Python310\;C:\windows\system32;C:\windows;C:\windows\System32\Wbem;C:\windows\System32\WindowsPowerShell\v1.0\;C:\windows\System32\OpenSSH\;C:\Program Files\NVIDIA Corporation\NVIDIA NvDLISR;C:\WINDOWS\system32;C:\WINDOWS;C:\WINDOWS\System32\Wbem;C:\WINDOWS\System32\WindowsPowerShell\v1.0\;C:\WINDOWS\System32\OpenSSH\;C:\Program Files\Microsoft SQL Server\Client SDK\ODBC\110\Tools\Binn\;C:\Program Files (x86)\Microsoft SQL Server\120\Tools\Binn\;C:\Program Files\Microsoft SQL Server\120\Tools\Binn\;C:\Program Files\Microsoft SQL Server\120\DTS\Binn\;C:\Program Files (x86)\Windows Kits\8.1\Windows Performance Toolkit\;C:\ProgramData\chocolatey\bin;C:\Program Files\CMake\bin;C:\Program Files\Polyspace\R2019a\runtime\win64;C:\Program Files\Polyspace\R2019a\bin;C:\Program Files\MATLAB\R2017a\runtime\win64;C:\Program Files\MATLAB\R2017a\bin;C:\Program Files\Polyspace\R2019a\polyspace\bin;C:\Program Files (x86)\eSpeak\command_line;C:\MinGW\bin;C:\Program Files\Git\cmd;C:\Program Files\Git\mingw64\bin;C:\Program Files\Git\usr\bin;C:\ProgramData\Anaconda3;C:\ProgramData\Anaconda3\Scripts;C:\ProgramData\Anaconda3\library\bin;C:\ProgramData\Anaconda3\library\usr\bin;C:\Program Files\MySQL\MySQL Utilities 1.6\;C:\xampp\php;C:\ProgramData\ComposerSetup\bin;C:\Mraihi_Amine\Mraihi_Amine\5_IOT\00_downloads;C:\Program Files\PowerShell\7\;C:\Program Files\Java\jdk-11.0.11\bin;C:\Gradle\gradle-7.4.2\bin;C:\Users\amine\AppData\Roaming\nvm;C:\Program Files\nodejs;C:\Users\amine\AppData\Roaming\nvm;C:\Program Files\nodejs\;C:\Program Files\Docker\Docker\resources\bin;C:\Program Files\MySQL\MySQL Shell 8.0\bin\;C:\Users\amine\AppData\Local\Programs\Python\Python36\Scripts\;C:\Users\amine\AppData\Local\Programs\Python\Python36\;C:\Users\amine\AppData\Local\Microsoft\WindowsApps;C:\Program Files\JetBrains\PyCharm Community Edition 2020.2.3\bin;;C:\ProgramData\Microsoft\Windows\Start Menu\Programs\Anaconda3 (64-bi
USERNAME=amine
OS=Windows_NT
PROCESSOR_IDENTIFIER=Intel64 Family 6 Model 158 Stepping 10, GenuineIntel
TMP=C:\Users\amine\AppData\Local\Temp
TEMP=C:\Users\amine\AppData\Local\Temp



---------------  S Y S T E M  ---------------

OS:
 Windows 10 , 64 bit Build 19041 (10.0.19041.2913)
OS uptime: 3 days 2:02 hours
Hyper-V role detected

CPU: total 8 (initial active 8) (4 cores per cpu, 2 threads per core) family 6 model 158 stepping 10 microcode 0xca, cx8, cmov, fxsr, ht, mmx, 3dnowpref, sse, sse2, sse3, ssse3, sse4.1, sse4.2, popcnt, lzcnt, tsc, tscinvbit, avx, avx2, aes, erms, clmul, bmi1, bmi2, adx, fma, vzeroupper, clflush, clflushopt, hv

Memory: 4k page, system-wide physical 8033M (72M free)
TotalPageFile size 32609M (AvailPageFile size 16M)
current process WorkingSet (physical memory assigned to process): 96M, peak: 908M
current process commit charge ("private bytes"): 335M, peak: 1124M

vm_info: OpenJDK 64-Bit Server VM (17.0.7+7) for windows-amd64 JRE (17.0.7+7), built on Apr 18 2023 22:10:42 by "temurin" with MS VC++ 16.7 (VS2019)

END.
