#
# There is insufficient memory for the Java Runtime Environment to continue.
# Native memory allocation (malloc) failed to allocate 2097152 bytes for AllocateHeap
# Possible reasons:
#   The system is out of physical RAM or swap space
#   The process is running with CompressedOops enabled, and the Java Heap may be blocking the growth of the native heap
# Possible solutions:
#   Reduce memory load on the system
#   Increase physical memory or swap space
#   Check if swap backing store is full
#   Decrease Java heap size (-Xmx/-Xms)
#   Decrease number of Java threads
#   Decrease Java thread stack sizes (-Xss)
#   Set larger code cache with -XX:ReservedCodeCacheSize=
#   JVM is running with Unscaled Compressed Oops mode in which the Java heap is
#     placed in the first 4GB address space. The Java Heap base address is the
#     maximum limit for the native heap growth. Please use -XX:HeapBaseMinAddress
#     to set the Java Heap base and to place the Java Heap above 4GB virtual address.
# This output file may be truncated or incomplete.
#
#  Out of Memory Error (allocation.cpp:44), pid=1660, tid=10300
#
# JRE version: OpenJDK Runtime Environment Temurin-17.0.7+7 (17.0.7+7) (build 17.0.7+7)
# Java VM: OpenJDK 64-Bit Server VM Temurin-17.0.7+7 (17.0.7+7, mixed mode, emulated-client, tiered, compressed oops, compressed class ptrs, g1 gc, windows-amd64)
# No core dump will be written. Minidumps are not enabled by default on client versions of Windows
#

---------------  S U M M A R Y ------------

Command Line: -XX:+HeapDumpOnOutOfMemoryError -Xmx1024m -Dsts.lsp.client=vscode -Dsts.log.file=/dev/null -XX:TieredStopAtLevel=1 -Xlog:jni+resolve=off -Dspring.config.location=file:c:\Users\amine\.vscode\extensions\vmware.vscode-spring-boot-1.46.0\language-server\BOOT-INF\classes\application.properties org.springframework.ide.vscode.boot.app.BootLanguageServerBootApp

Host: Intel(R) Core(TM) i5-9300H CPU @ 2.40GHz, 8 cores, 7G,  Windows 10 , 64 bit Build 19041 (10.0.19041.2913)
Time: Wed May 24 04:23:12 2023 W. Central Africa Standard Time elapsed time: 20939.487988 seconds (0d 5h 48m 59s)

---------------  T H R E A D  ---------------

Current thread (0x000001c2cbab2570):  VMThread "VM Thread" [stack: 0x00000095e1a00000,0x00000095e1b00000] [id=10300]

Stack: [0x00000095e1a00000,0x00000095e1b00000]
Native frames: (J=compiled Java code, j=interpreted, Vv=VM code, C=native code)
V  [jvm.dll+0x67754a]
V  [jvm.dll+0x834304]
V  [jvm.dll+0x835aae]
V  [jvm.dll+0x836113]
V  [jvm.dll+0x24696f]
V  [jvm.dll+0xa681f]
V  [jvm.dll+0x2f7481]
V  [jvm.dll+0x2f30f0]
V  [jvm.dll+0x2db6c7]
V  [jvm.dll+0x31e777]
V  [jvm.dll+0x83a5bb]
V  [jvm.dll+0x83b2f4]
V  [jvm.dll+0x83b80c]
V  [jvm.dll+0x83bbe4]
V  [jvm.dll+0x83bcb0]
V  [jvm.dll+0x7e4e7a]
V  [jvm.dll+0x676395]
C  [ucrtbase.dll+0x21bb2]
C  [KERNEL32.DLL+0x17614]
C  [ntdll.dll+0x526a1]

VM_Operation (0x00000095e30fe9d0): G1CollectFull, mode: safepoint, requested by thread 0x000001c2d1244040


---------------  P R O C E S S  ---------------

Threads class SMR info:
_java_thread_list=0x000001c2d1dac090, length=17, elements={
0x000001c2cbac5370, 0x000001c2cbac60f0, 0x000001c2cbad9250, 0x000001c2cbadbee0,
0x000001c2cbadd7b0, 0x000001c2cbade070, 0x000001c2cbbfbb30, 0x000001c2cbc07ae0,
0x000001c2cbe1bae0, 0x000001c2cbe1c240, 0x000001c2d11a2450, 0x000001c2d11a2920,
0x000001c2d1244040, 0x000001c2d11a3ab0, 0x000001c2c0c57ac0, 0x000001c2d0e363a0,
0x000001c2d12b4c30
}

Java Threads: ( => current thread )
  0x000001c2cbac5370 JavaThread "Reference Handler" daemon [_thread_blocked, id=21460, stack(0x00000095e1b00000,0x00000095e1c00000)]
  0x000001c2cbac60f0 JavaThread "Finalizer" daemon [_thread_blocked, id=11536, stack(0x00000095e1c00000,0x00000095e1d00000)]
  0x000001c2cbad9250 JavaThread "Signal Dispatcher" daemon [_thread_blocked, id=19636, stack(0x00000095e1d00000,0x00000095e1e00000)]
  0x000001c2cbadbee0 JavaThread "Attach Listener" daemon [_thread_blocked, id=10980, stack(0x00000095e1e00000,0x00000095e1f00000)]
  0x000001c2cbadd7b0 JavaThread "Service Thread" daemon [_thread_blocked, id=1604, stack(0x00000095e1f00000,0x00000095e2000000)]
  0x000001c2cbade070 JavaThread "Monitor Deflation Thread" daemon [_thread_blocked, id=21348, stack(0x00000095e2000000,0x00000095e2100000)]
  0x000001c2cbbfbb30 JavaThread "C1 CompilerThread0" daemon [_thread_blocked, id=22696, stack(0x00000095e2100000,0x00000095e2200000)]
  0x000001c2cbc07ae0 JavaThread "Sweeper thread" daemon [_thread_blocked, id=3544, stack(0x00000095e2200000,0x00000095e2300000)]
  0x000001c2cbe1bae0 JavaThread "Notification Thread" daemon [_thread_blocked, id=16992, stack(0x00000095e2300000,0x00000095e2400000)]
  0x000001c2cbe1c240 JavaThread "Common-Cleaner" daemon [_thread_blocked, id=7864, stack(0x00000095e2500000,0x00000095e2600000)]
  0x000001c2d11a2450 JavaThread "boundedElastic-evictor-1" daemon [_thread_blocked, id=2932, stack(0x00000095e2a00000,0x00000095e2b00000)]
  0x000001c2d11a2920 JavaThread "boundedElastic-evictor-2" daemon [_thread_blocked, id=7736, stack(0x00000095e2f00000,0x00000095e3000000)]
  0x000001c2d1244040 JavaThread "pool-10-thread-1" [_thread_blocked, id=11500, stack(0x00000095e3000000,0x00000095e3100000)]
  0x000001c2d11a3ab0 JavaThread "LanguageServerApp-lifecycle" [_thread_blocked, id=15196, stack(0x00000095e3100000,0x00000095e3200000)]
  0x000001c2c0c57ac0 JavaThread "DestroyJavaVM" [_thread_blocked, id=10380, stack(0x00000095e1400000,0x00000095e1500000)]
  0x000001c2d0e363a0 JavaThread "pool-11-thread-1" [_thread_in_native, id=15512, stack(0x00000095e3200000,0x00000095e3300000)]
  0x000001c2d12b4c30 JavaThread "Simple-Language-Server main thread" daemon [_thread_blocked, id=1560, stack(0x00000095e3300000,0x00000095e3400000)]

Other Threads:
=>0x000001c2cbab2570 VMThread "VM Thread" [stack: 0x00000095e1a00000,0x00000095e1b00000] [id=10300]
  0x000001c2cbe1bfb0 WatcherThread [stack: 0x00000095e2400000,0x00000095e2500000] [id=4020]
  0x000001c2c0c94e50 GCTaskThread "GC Thread#0" [stack: 0x00000095e1500000,0x00000095e1600000] [id=19416]
  0x000001c2d04caa80 GCTaskThread "GC Thread#1" [stack: 0x00000095e2600000,0x00000095e2700000] [id=3048]
  0x000001c2d04cad30 GCTaskThread "GC Thread#2" [stack: 0x00000095e2700000,0x00000095e2800000] [id=6812]
  0x000001c2d07c6300 GCTaskThread "GC Thread#3" [stack: 0x00000095e2800000,0x00000095e2900000] [id=1612]
  0x000001c2d07c65b0 GCTaskThread "GC Thread#4" [stack: 0x00000095e2900000,0x00000095e2a00000] [id=7612]
  0x000001c2d0b43c50 GCTaskThread "GC Thread#5" [stack: 0x00000095e2b00000,0x00000095e2c00000] [id=22344]
  0x000001c2d0b43f00 GCTaskThread "GC Thread#6" [stack: 0x00000095e2c00000,0x00000095e2d00000] [id=19108]
  0x000001c2d07fa860 GCTaskThread "GC Thread#7" [stack: 0x00000095e2d00000,0x00000095e2e00000] [id=14164]
  0x000001c2c0c9dca0 ConcurrentGCThread "G1 Main Marker" [stack: 0x00000095e1600000,0x00000095e1700000] [id=17916]
  0x000001c2c0c9ed60 ConcurrentGCThread "G1 Conc#0" [stack: 0x00000095e1700000,0x00000095e1800000] [id=22380]
  0x000001c2d0d3ae90 ConcurrentGCThread "G1 Conc#1" [stack: 0x00000095e2e00000,0x00000095e2f00000] [id=11356]
  0x000001c2c0d1ec10 ConcurrentGCThread "G1 Refine#0" [stack: 0x00000095e1800000,0x00000095e1900000] [id=18924]
  0x000001c2d202aaa0 ConcurrentGCThread "G1 Refine#1" [stack: 0x00000095e4600000,0x00000095e4700000] [id=6384]
  0x000001c2d15e4850 ConcurrentGCThread "G1 Refine#2" [stack: 0x00000095e4800000,0x00000095e4900000] [id=7816]
  0x000001c2d203caa0 ConcurrentGCThread "G1 Refine#3" [stack: 0x00000095e4700000,0x00000095e4800000] [id=19244]
  0x000001c2d06ef370 ConcurrentGCThread "G1 Refine#4" [stack: 0x00000095e4900000,0x00000095e4a00000] [id=16660]
  0x000001c2cbd72870 ConcurrentGCThread "G1 Refine#5" [stack: 0x00000095e4a00000,0x00000095e4b00000] [id=20000]
  0x000001c2d14a7ff0 ConcurrentGCThread "G1 Refine#6" [stack: 0x00000095e4d00000,0x00000095e4e00000] [id=12856]
  0x000001c2cb928750 ConcurrentGCThread "G1 Service" [stack: 0x00000095e1900000,0x00000095e1a00000] [id=5564]

Threads with active compile tasks:

VM state: at safepoint (normal execution)

VM Mutex/Monitor currently owned by a thread:  ([mutex/lock_event])
[0x000001c2beb3e070] Threads_lock - owner thread: 0x000001c2cbab2570
[0x000001c2beb3d5c0] Heap_lock - owner thread: 0x000001c2d1244040

Heap address: 0x00000000c0000000, size: 1024 MB, Compressed Oops mode: 32-bit

CDS archive(s) not mapped
Compressed class space mapped at: 0x0000000100000000-0x0000000140000000, reserved size: 1073741824
Narrow klass base: 0x0000000000000000, Narrow klass shift: 3, Narrow klass range: 0x140000000

GC Precious Log:
 CPUs: 8 total, 8 available
 Memory: 8033M
 Large Page Support: Disabled
 NUMA Support: Disabled
 Compressed Oops: Enabled (32-bit)
 Heap Region Size: 1M
 Heap Min Capacity: 8M
 Heap Initial Capacity: 126M
 Heap Max Capacity: 1G
 Pre-touch: Disabled
 Parallel Workers: 8
 Concurrent Workers: 2
 Concurrent Refinement Workers: 8
 Periodic GC: Disabled

Heap:
 garbage-first heap   total 89088K, used 25779K [0x00000000c0000000, 0x0000000100000000)
  region size 1024K, 1 young (1024K), 0 survivors (0K)
 Metaspace       used 45987K, committed 46592K, reserved 1114112K
  class space    used 6537K, committed 6784K, reserved 1048576K

Heap Regions: E=young(eden), S=young(survivor), O=old, HS=humongous(starts), HC=humongous(continues), CS=collection set, F=free, OA=open archive, CA=closed archive, TAMS=top-at-mark-start (previous, next)
|   0|0x00000000c0000000, 0x00000000c0100000, 0x00000000c0100000|100%| O|  |TAMS 0x00000000c0100000, 0x00000000c0000000| Untracked 
|   1|0x00000000c0100000, 0x00000000c01ffff8, 0x00000000c0200000| 99%| O|  |TAMS 0x00000000c01ffff8, 0x00000000c0100000| Untracked 
|   2|0x00000000c0200000, 0x00000000c02fffd8, 0x00000000c0300000| 99%| O|  |TAMS 0x00000000c02fffd8, 0x00000000c0200000| Untracked 
|   3|0x00000000c0300000, 0x00000000c0400000, 0x00000000c0400000|100%| O|  |TAMS 0x00000000c0400000, 0x00000000c0300000| Untracked 
|   4|0x00000000c0400000, 0x00000000c04fffe0, 0x00000000c0500000| 99%| O|  |TAMS 0x00000000c04fffe0, 0x00000000c0400000| Untracked 
|   5|0x00000000c0500000, 0x00000000c05ffe28, 0x00000000c0600000| 99%| O|  |TAMS 0x00000000c05ffe28, 0x00000000c0500000| Untracked 
|   6|0x00000000c0600000, 0x00000000c06fffe0, 0x00000000c0700000| 99%| O|  |TAMS 0x00000000c06fffe0, 0x00000000c0600000| Untracked 
|   7|0x00000000c0700000, 0x00000000c07ffff8, 0x00000000c0800000| 99%| O|  |TAMS 0x00000000c07ffff8, 0x00000000c0700000| Untracked 
|   8|0x00000000c0800000, 0x00000000c08fffe8, 0x00000000c0900000| 99%| O|  |TAMS 0x00000000c08fffe8, 0x00000000c0800000| Untracked 
|   9|0x00000000c0900000, 0x00000000c09ffff0, 0x00000000c0a00000| 99%| O|  |TAMS 0x00000000c09ffff0, 0x00000000c0900000| Untracked 
|  10|0x00000000c0a00000, 0x00000000c0afffd0, 0x00000000c0b00000| 99%| O|  |TAMS 0x00000000c0afffd0, 0x00000000c0a00000| Untracked 
|  11|0x00000000c0b00000, 0x00000000c0bfffc0, 0x00000000c0c00000| 99%| O|  |TAMS 0x00000000c0bfffc0, 0x00000000c0b00000| Untracked 
|  12|0x00000000c0c00000, 0x00000000c0cffff8, 0x00000000c0d00000| 99%| O|  |TAMS 0x00000000c0cffff8, 0x00000000c0c00000| Untracked 
|  13|0x00000000c0d00000, 0x00000000c0dfffb8, 0x00000000c0e00000| 99%| O|  |TAMS 0x00000000c0dfffb8, 0x00000000c0d00000| Untracked 
|  14|0x00000000c0e00000, 0x00000000c0efffe0, 0x00000000c0f00000| 99%| O|  |TAMS 0x00000000c0efffe0, 0x00000000c0e00000| Untracked 
|  15|0x00000000c0f00000, 0x00000000c0fffff8, 0x00000000c1000000| 99%| O|  |TAMS 0x00000000c0fffff8, 0x00000000c0f00000| Untracked 
|  16|0x00000000c1000000, 0x00000000c10fff10, 0x00000000c1100000| 99%| O|  |TAMS 0x00000000c10fff10, 0x00000000c1000000| Untracked 
|  17|0x00000000c1100000, 0x00000000c11fffe8, 0x00000000c1200000| 99%| O|  |TAMS 0x00000000c11fffe8, 0x00000000c1100000| Untracked 
|  18|0x00000000c1200000, 0x00000000c12ffff0, 0x00000000c1300000| 99%| O|  |TAMS 0x00000000c12ffff0, 0x00000000c1200000| Untracked 
|  19|0x00000000c1300000, 0x00000000c13ffff0, 0x00000000c1400000| 99%| O|  |TAMS 0x00000000c13ffff0, 0x00000000c1300000| Untracked 
|  20|0x00000000c1400000, 0x00000000c14fb320, 0x00000000c1500000| 98%| O|  |TAMS 0x00000000c14fb320, 0x00000000c1400000| Untracked 
|  21|0x00000000c1500000, 0x00000000c15fffe8, 0x00000000c1600000| 99%| O|  |TAMS 0x00000000c15fffe8, 0x00000000c1500000| Untracked 
|  22|0x00000000c1600000, 0x00000000c16ffff0, 0x00000000c1700000| 99%| O|  |TAMS 0x00000000c16ffff0, 0x00000000c1600000| Untracked 
|  23|0x00000000c1700000, 0x00000000c17f2c90, 0x00000000c1800000| 94%| O|  |TAMS 0x00000000c1700000, 0x00000000c1700000| Untracked 
|  24|0x00000000c1800000, 0x00000000c183f170, 0x00000000c1900000| 24%| O|  |TAMS 0x00000000c1800000, 0x00000000c1800000| Untracked 
|  25|0x00000000c1900000, 0x00000000c1900000, 0x00000000c1a00000|  0%| F|  |TAMS 0x00000000c1900000, 0x00000000c1900000| Untracked 
|  26|0x00000000c1a00000, 0x00000000c1a00000, 0x00000000c1b00000|  0%| F|  |TAMS 0x00000000c1a00000, 0x00000000c1a00000| Untracked 
|  27|0x00000000c1b00000, 0x00000000c1b00000, 0x00000000c1c00000|  0%| F|  |TAMS 0x00000000c1b00000, 0x00000000c1b00000| Untracked 
|  28|0x00000000c1c00000, 0x00000000c1c00000, 0x00000000c1d00000|  0%| F|  |TAMS 0x00000000c1c00000, 0x00000000c1c00000| Untracked 
|  29|0x00000000c1d00000, 0x00000000c1e00000, 0x00000000c1e00000|100%| O|  |TAMS 0x00000000c1e00000, 0x00000000c1d00000| Untracked 
|  30|0x00000000c1e00000, 0x00000000c1e00000, 0x00000000c1f00000|  0%| F|  |TAMS 0x00000000c1e00000, 0x00000000c1e00000| Untracked 
|  31|0x00000000c1f00000, 0x00000000c1f00000, 0x00000000c2000000|  0%| F|  |TAMS 0x00000000c1f00000, 0x00000000c1f00000| Untracked 
|  32|0x00000000c2000000, 0x00000000c2000000, 0x00000000c2100000|  0%| F|  |TAMS 0x00000000c2000000, 0x00000000c2000000| Untracked 
|  33|0x00000000c2100000, 0x00000000c2100000, 0x00000000c2200000|  0%| F|  |TAMS 0x00000000c2100000, 0x00000000c2100000| Untracked 
|  34|0x00000000c2200000, 0x00000000c2200000, 0x00000000c2300000|  0%| F|  |TAMS 0x00000000c2200000, 0x00000000c2200000| Untracked 
|  35|0x00000000c2300000, 0x00000000c2300000, 0x00000000c2400000|  0%| F|  |TAMS 0x00000000c2300000, 0x00000000c2300000| Untracked 
|  36|0x00000000c2400000, 0x00000000c2400000, 0x00000000c2500000|  0%| F|  |TAMS 0x00000000c2400000, 0x00000000c2400000| Untracked 
|  37|0x00000000c2500000, 0x00000000c2500000, 0x00000000c2600000|  0%| F|  |TAMS 0x00000000c2500000, 0x00000000c2500000| Untracked 
|  38|0x00000000c2600000, 0x00000000c2600000, 0x00000000c2700000|  0%| F|  |TAMS 0x00000000c2600000, 0x00000000c2600000| Untracked 
|  39|0x00000000c2700000, 0x00000000c2700000, 0x00000000c2800000|  0%| F|  |TAMS 0x00000000c2700000, 0x00000000c2700000| Untracked 
|  40|0x00000000c2800000, 0x00000000c2800000, 0x00000000c2900000|  0%| F|  |TAMS 0x00000000c2800000, 0x00000000c2800000| Untracked 
|  41|0x00000000c2900000, 0x00000000c2900000, 0x00000000c2a00000|  0%| F|  |TAMS 0x00000000c2900000, 0x00000000c2900000| Untracked 
|  42|0x00000000c2a00000, 0x00000000c2a00000, 0x00000000c2b00000|  0%| F|  |TAMS 0x00000000c2a00000, 0x00000000c2a00000| Untracked 
|  43|0x00000000c2b00000, 0x00000000c2b00000, 0x00000000c2c00000|  0%| F|  |TAMS 0x00000000c2b00000, 0x00000000c2b00000| Untracked 
|  44|0x00000000c2c00000, 0x00000000c2c00000, 0x00000000c2d00000|  0%| F|  |TAMS 0x00000000c2c00000, 0x00000000c2c00000| Untracked 
|  45|0x00000000c2d00000, 0x00000000c2d00000, 0x00000000c2e00000|  0%| F|  |TAMS 0x00000000c2d00000, 0x00000000c2d00000| Untracked 
|  46|0x00000000c2e00000, 0x00000000c2e00000, 0x00000000c2f00000|  0%| F|  |TAMS 0x00000000c2e00000, 0x00000000c2e00000| Untracked 
|  47|0x00000000c2f00000, 0x00000000c2f00000, 0x00000000c3000000|  0%| F|  |TAMS 0x00000000c2f00000, 0x00000000c2f00000| Untracked 
|  48|0x00000000c3000000, 0x00000000c3000000, 0x00000000c3100000|  0%| F|  |TAMS 0x00000000c3000000, 0x00000000c3000000| Untracked 
|  49|0x00000000c3100000, 0x00000000c3100000, 0x00000000c3200000|  0%| F|  |TAMS 0x00000000c3100000, 0x00000000c3100000| Untracked 
|  50|0x00000000c3200000, 0x00000000c3200000, 0x00000000c3300000|  0%| F|  |TAMS 0x00000000c3200000, 0x00000000c3200000| Untracked 
|  51|0x00000000c3300000, 0x00000000c3300000, 0x00000000c3400000|  0%| F|  |TAMS 0x00000000c3300000, 0x00000000c3300000| Untracked 
|  52|0x00000000c3400000, 0x00000000c3400000, 0x00000000c3500000|  0%| F|  |TAMS 0x00000000c3400000, 0x00000000c3400000| Untracked 
|  53|0x00000000c3500000, 0x00000000c3500000, 0x00000000c3600000|  0%| F|  |TAMS 0x00000000c3500000, 0x00000000c3500000| Untracked 
|  54|0x00000000c3600000, 0x00000000c3600000, 0x00000000c3700000|  0%| F|  |TAMS 0x00000000c3600000, 0x00000000c3600000| Untracked 
|  55|0x00000000c3700000, 0x00000000c3700000, 0x00000000c3800000|  0%| F|  |TAMS 0x00000000c3700000, 0x00000000c3700000| Untracked 
|  56|0x00000000c3800000, 0x00000000c3800000, 0x00000000c3900000|  0%| F|  |TAMS 0x00000000c3800000, 0x00000000c3800000| Untracked 
|  57|0x00000000c3900000, 0x00000000c3900000, 0x00000000c3a00000|  0%| F|  |TAMS 0x00000000c3900000, 0x00000000c3900000| Untracked 
|  58|0x00000000c3a00000, 0x00000000c3a00000, 0x00000000c3b00000|  0%| F|  |TAMS 0x00000000c3a00000, 0x00000000c3a00000| Untracked 
|  59|0x00000000c3b00000, 0x00000000c3b00000, 0x00000000c3c00000|  0%| F|  |TAMS 0x00000000c3b00000, 0x00000000c3b00000| Untracked 
|  60|0x00000000c3c00000, 0x00000000c3c00000, 0x00000000c3d00000|  0%| F|  |TAMS 0x00000000c3c00000, 0x00000000c3c00000| Untracked 
|  61|0x00000000c3d00000, 0x00000000c3d00000, 0x00000000c3e00000|  0%| F|  |TAMS 0x00000000c3d00000, 0x00000000c3d00000| Untracked 
|  62|0x00000000c3e00000, 0x00000000c3e00000, 0x00000000c3f00000|  0%| F|  |TAMS 0x00000000c3e00000, 0x00000000c3e00000| Untracked 
|  63|0x00000000c3f00000, 0x00000000c3f00000, 0x00000000c4000000|  0%| F|  |TAMS 0x00000000c3f00000, 0x00000000c3f00000| Untracked 
|  64|0x00000000c4000000, 0x00000000c4000000, 0x00000000c4100000|  0%| F|  |TAMS 0x00000000c4000000, 0x00000000c4000000| Untracked 
|  65|0x00000000c4100000, 0x00000000c4100000, 0x00000000c4200000|  0%| F|  |TAMS 0x00000000c4100000, 0x00000000c4100000| Untracked 
|  66|0x00000000c4200000, 0x00000000c4200000, 0x00000000c4300000|  0%| F|  |TAMS 0x00000000c4200000, 0x00000000c4200000| Untracked 
|  67|0x00000000c4300000, 0x00000000c4300000, 0x00000000c4400000|  0%| F|  |TAMS 0x00000000c4300000, 0x00000000c4300000| Untracked 
|  68|0x00000000c4400000, 0x00000000c4400000, 0x00000000c4500000|  0%| F|  |TAMS 0x00000000c4400000, 0x00000000c4400000| Untracked 
|  69|0x00000000c4500000, 0x00000000c4500000, 0x00000000c4600000|  0%| F|  |TAMS 0x00000000c4500000, 0x00000000c4500000| Untracked 
|  70|0x00000000c4600000, 0x00000000c4600000, 0x00000000c4700000|  0%| F|  |TAMS 0x00000000c4600000, 0x00000000c4600000| Untracked 
|  71|0x00000000c4700000, 0x00000000c4700000, 0x00000000c4800000|  0%| F|  |TAMS 0x00000000c4700000, 0x00000000c4700000| Untracked 
|  72|0x00000000c4800000, 0x00000000c4800000, 0x00000000c4900000|  0%| F|  |TAMS 0x00000000c4800000, 0x00000000c4800000| Untracked 
|  73|0x00000000c4900000, 0x00000000c4900000, 0x00000000c4a00000|  0%| F|  |TAMS 0x00000000c4900000, 0x00000000c4900000| Untracked 
|  74|0x00000000c4a00000, 0x00000000c4a00000, 0x00000000c4b00000|  0%| F|  |TAMS 0x00000000c4a00000, 0x00000000c4a00000| Untracked 
|  75|0x00000000c4b00000, 0x00000000c4b00000, 0x00000000c4c00000|  0%| F|  |TAMS 0x00000000c4b00000, 0x00000000c4b00000| Untracked 
|  76|0x00000000c4c00000, 0x00000000c4c00000, 0x00000000c4d00000|  0%| F|  |TAMS 0x00000000c4c00000, 0x00000000c4c00000| Untracked 
|  77|0x00000000c4d00000, 0x00000000c4d00000, 0x00000000c4e00000|  0%| F|  |TAMS 0x00000000c4d00000, 0x00000000c4d00000| Untracked 
|  78|0x00000000c4e00000, 0x00000000c4e00000, 0x00000000c4f00000|  0%| F|  |TAMS 0x00000000c4e00000, 0x00000000c4e00000| Untracked 
|  79|0x00000000c4f00000, 0x00000000c4f00000, 0x00000000c5000000|  0%| F|  |TAMS 0x00000000c4f00000, 0x00000000c4f00000| Untracked 
|  80|0x00000000c5000000, 0x00000000c5000000, 0x00000000c5100000|  0%| F|  |TAMS 0x00000000c5000000, 0x00000000c5000000| Untracked 
|  81|0x00000000c5100000, 0x00000000c5100000, 0x00000000c5200000|  0%| F|  |TAMS 0x00000000c5100000, 0x00000000c5100000| Untracked 
|  82|0x00000000c5200000, 0x00000000c5200000, 0x00000000c5300000|  0%| F|  |TAMS 0x00000000c5200000, 0x00000000c5200000| Untracked 
|  83|0x00000000c5300000, 0x00000000c5300000, 0x00000000c5400000|  0%| F|  |TAMS 0x00000000c5300000, 0x00000000c5300000| Untracked 
|  84|0x00000000c5400000, 0x00000000c5400000, 0x00000000c5500000|  0%| F|  |TAMS 0x00000000c5400000, 0x00000000c5400000| Untracked 
|  85|0x00000000c5500000, 0x00000000c5500000, 0x00000000c5600000|  0%| F|  |TAMS 0x00000000c5500000, 0x00000000c5500000| Untracked 
|  86|0x00000000c5600000, 0x00000000c5606c00, 0x00000000c5700000|  2%| E|  |TAMS 0x00000000c5600000, 0x00000000c5600000| Complete 

Card table byte_map: [0x000001c2c6bf0000,0x000001c2c6df0000] _byte_map_base: 0x000001c2c65f0000

Marking Bits (Prev, Next): (CMBitMap*) 0x000001c2c0c953b0, (CMBitMap*) 0x000001c2c0c95370
 Prev Bits: [0x000001c2c7ff0000, 0x000001c2c8ff0000)
 Next Bits: [0x000001c2c6ff0000, 0x000001c2c7ff0000)

Polling page: 0x000001c2c0420000

Metaspace:

Usage:
  Non-class:     38.53 MB used.
      Class:      6.38 MB used.
       Both:     44.91 MB used.

Virtual space:
  Non-class space:       64.00 MB reserved,      38.88 MB ( 61%) committed,  1 nodes.
      Class space:        1.00 GB reserved,       6.62 MB ( <1%) committed,  1 nodes.
             Both:        1.06 GB reserved,      45.50 MB (  4%) committed. 

Chunk freelists:
   Non-Class:  9.01 MB
       Class:  9.37 MB
        Both:  18.38 MB

MaxMetaspaceSize: unlimited
CompressedClassSpaceSize: 1.00 GB
Initial GC threshold: 21.00 MB
Current GC threshold: 75.88 MB
CDS: off
MetaspaceReclaimPolicy: balanced
 - commit_granule_bytes: 65536.
 - commit_granule_words: 8192.
 - virtual_space_node_default_size: 8388608.
 - enlarge_chunks_in_place: 1.
 - new_chunks_are_fully_committed: 0.
 - uncommit_free_chunks: 1.
 - use_allocation_guard: 0.
 - handle_deallocations: 1.


Internal statistics:

num_allocs_failed_limit: 5.
num_arena_births: 544.
num_arena_deaths: 158.
num_vsnodes_births: 2.
num_vsnodes_deaths: 0.
num_space_committed: 728.
num_space_uncommitted: 0.
num_chunks_returned_to_freelist: 191.
num_chunks_taken_from_freelist: 1986.
num_chunk_merges: 65.
num_chunk_splits: 1404.
num_chunks_enlarged: 1066.
num_inconsistent_stats: 0.

CodeCache: size=49152Kb used=12756Kb max_used=13040Kb free=36395Kb
 bounds [0x000001c2c38e0000, 0x000001c2c45b0000, 0x000001c2c68e0000]
 total_blobs=7401 nmethods=6844 adapters=484
 compilation: enabled
              stopped_count=0, restarted_count=0
 full_count=0

Compilation events (20 events):
Event: 4552.545 Thread 0x000001c2cbbfbb30 6829       1       java.lang.Process::<init> (5 bytes)
Event: 4552.545 Thread 0x000001c2cbbfbb30 nmethod 6829 0x000001c2c4579810 code [0x000001c2c45799a0, 0x000001c2c4579a58]
Event: 4552.693 Thread 0x000001c2cbbfbb30 6834   !   1       java.io.FilterOutputStream::close (183 bytes)
Event: 4552.725 Thread 0x000001c2cbbfbb30 nmethod 6834 0x000001c2c4578690 code [0x000001c2c45788a0, 0x000001c2c4578d78]
Event: 4552.725 Thread 0x000001c2cbbfbb30 6839       1       java.lang.ProcessImpl$$Lambda$680/0x000000010045bfb0::run (8 bytes)
Event: 4552.725 Thread 0x000001c2cbbfbb30 nmethod 6839 0x000001c2c4578390 code [0x000001c2c4578520, 0x000001c2c4578608]
Event: 4552.725 Thread 0x000001c2cbbfbb30 6840       1       java.lang.ProcessImpl::lambda$new$0 (6 bytes)
Event: 4552.725 Thread 0x000001c2cbbfbb30 nmethod 6840 0x000001c2c4578090 code [0x000001c2c4578220, 0x000001c2c45782e8]
Event: 4552.725 Thread 0x000001c2cbbfbb30 6835   !   1       java.io.FileOutputStream::close (69 bytes)
Event: 4552.726 Thread 0x000001c2cbbfbb30 nmethod 6835 0x000001c2c4577a10 code [0x000001c2c4577be0, 0x000001c2c4577f58]
Event: 4552.726 Thread 0x000001c2cbbfbb30 6836       1       java.io.FileOutputStream$1::<init> (10 bytes)
Event: 4552.726 Thread 0x000001c2cbbfbb30 nmethod 6836 0x000001c2c4577710 code [0x000001c2c45778a0, 0x000001c2c45779b8]
Event: 4552.726 Thread 0x000001c2cbbfbb30 6837       1       java.io.FileOutputStream$1::close (11 bytes)
Event: 4552.726 Thread 0x000001c2cbbfbb30 nmethod 6837 0x000001c2c4577090 code [0x000001c2c4577240, 0x000001c2c4577558]
Event: 5859.668 Thread 0x000001c2cbbfbb30 6843       1       java.lang.ProcessImpl$2::run (242 bytes)
Event: 5859.671 Thread 0x000001c2cbbfbb30 nmethod 6843 0x000001c2c4575210 code [0x000001c2c45754c0, 0x000001c2c4576258]
Event: 5859.671 Thread 0x000001c2cbbfbb30 6844       1       java.io.BufferedOutputStream::<init> (9 bytes)
Event: 5859.671 Thread 0x000001c2cbbfbb30 nmethod 6844 0x000001c2c4574c90 code [0x000001c2c4574e20, 0x000001c2c45750f8]
Event: 5859.672 Thread 0x000001c2cbbfbb30 6845       1       java.lang.ProcessImpl::waitFor (136 bytes)
Event: 5859.675 Thread 0x000001c2cbbfbb30 nmethod 6845 0x000001c2c4574410 code [0x000001c2c4574620, 0x000001c2c4574a38]

GC Heap History (20 events):
Event: 20837.313 GC heap before
{Heap before GC invocations=838 (full 783):
 garbage-first heap   total 89088K, used 25779K [0x00000000c0000000, 0x0000000100000000)
  region size 1024K, 1 young (1024K), 0 survivors (0K)
 Metaspace       used 45987K, committed 46592K, reserved 1114112K
  class space    used 6537K, committed 6784K, reserved 1048576K
}
Event: 20837.349 GC heap after
{Heap after GC invocations=839 (full 784):
 garbage-first heap   total 89088K, used 25779K [0x00000000c0000000, 0x0000000100000000)
  region size 1024K, 0 young (0K), 0 survivors (0K)
 Metaspace       used 45987K, committed 46592K, reserved 1114112K
  class space    used 6537K, committed 6784K, reserved 1048576K
}
Event: 20847.562 GC heap before
{Heap before GC invocations=839 (full 784):
 garbage-first heap   total 89088K, used 25779K [0x00000000c0000000, 0x0000000100000000)
  region size 1024K, 1 young (1024K), 0 survivors (0K)
 Metaspace       used 45987K, committed 46592K, reserved 1114112K
  class space    used 6537K, committed 6784K, reserved 1048576K
}
Event: 20847.619 GC heap after
{Heap after GC invocations=840 (full 785):
 garbage-first heap   total 89088K, used 25779K [0x00000000c0000000, 0x0000000100000000)
  region size 1024K, 0 young (0K), 0 survivors (0K)
 Metaspace       used 45987K, committed 46592K, reserved 1114112K
  class space    used 6537K, committed 6784K, reserved 1048576K
}
Event: 20857.852 GC heap before
{Heap before GC invocations=840 (full 785):
 garbage-first heap   total 89088K, used 25779K [0x00000000c0000000, 0x0000000100000000)
  region size 1024K, 1 young (1024K), 0 survivors (0K)
 Metaspace       used 45987K, committed 46592K, reserved 1114112K
  class space    used 6537K, committed 6784K, reserved 1048576K
}
Event: 20857.884 GC heap after
{Heap after GC invocations=841 (full 786):
 garbage-first heap   total 89088K, used 25779K [0x00000000c0000000, 0x0000000100000000)
  region size 1024K, 0 young (0K), 0 survivors (0K)
 Metaspace       used 45987K, committed 46592K, reserved 1114112K
  class space    used 6537K, committed 6784K, reserved 1048576K
}
Event: 20868.070 GC heap before
{Heap before GC invocations=841 (full 786):
 garbage-first heap   total 89088K, used 25779K [0x00000000c0000000, 0x0000000100000000)
  region size 1024K, 1 young (1024K), 0 survivors (0K)
 Metaspace       used 45987K, committed 46592K, reserved 1114112K
  class space    used 6537K, committed 6784K, reserved 1048576K
}
Event: 20868.106 GC heap after
{Heap after GC invocations=842 (full 787):
 garbage-first heap   total 89088K, used 25779K [0x00000000c0000000, 0x0000000100000000)
  region size 1024K, 0 young (0K), 0 survivors (0K)
 Metaspace       used 45987K, committed 46592K, reserved 1114112K
  class space    used 6537K, committed 6784K, reserved 1048576K
}
Event: 20878.288 GC heap before
{Heap before GC invocations=842 (full 787):
 garbage-first heap   total 89088K, used 25779K [0x00000000c0000000, 0x0000000100000000)
  region size 1024K, 1 young (1024K), 0 survivors (0K)
 Metaspace       used 45987K, committed 46592K, reserved 1114112K
  class space    used 6537K, committed 6784K, reserved 1048576K
}
Event: 20878.337 GC heap after
{Heap after GC invocations=843 (full 788):
 garbage-first heap   total 89088K, used 25779K [0x00000000c0000000, 0x0000000100000000)
  region size 1024K, 0 young (0K), 0 survivors (0K)
 Metaspace       used 45987K, committed 46592K, reserved 1114112K
  class space    used 6537K, committed 6784K, reserved 1048576K
}
Event: 20888.517 GC heap before
{Heap before GC invocations=843 (full 788):
 garbage-first heap   total 89088K, used 25779K [0x00000000c0000000, 0x0000000100000000)
  region size 1024K, 1 young (1024K), 0 survivors (0K)
 Metaspace       used 45987K, committed 46592K, reserved 1114112K
  class space    used 6537K, committed 6784K, reserved 1048576K
}
Event: 20888.562 GC heap after
{Heap after GC invocations=844 (full 789):
 garbage-first heap   total 89088K, used 25779K [0x00000000c0000000, 0x0000000100000000)
  region size 1024K, 0 young (0K), 0 survivors (0K)
 Metaspace       used 45987K, committed 46592K, reserved 1114112K
  class space    used 6537K, committed 6784K, reserved 1048576K
}
Event: 20898.768 GC heap before
{Heap before GC invocations=844 (full 789):
 garbage-first heap   total 89088K, used 25779K [0x00000000c0000000, 0x0000000100000000)
  region size 1024K, 1 young (1024K), 0 survivors (0K)
 Metaspace       used 45987K, committed 46592K, reserved 1114112K
  class space    used 6537K, committed 6784K, reserved 1048576K
}
Event: 20898.813 GC heap after
{Heap after GC invocations=845 (full 790):
 garbage-first heap   total 89088K, used 25779K [0x00000000c0000000, 0x0000000100000000)
  region size 1024K, 0 young (0K), 0 survivors (0K)
 Metaspace       used 45987K, committed 46592K, reserved 1114112K
  class space    used 6537K, committed 6784K, reserved 1048576K
}
Event: 20909.013 GC heap before
{Heap before GC invocations=845 (full 790):
 garbage-first heap   total 89088K, used 25779K [0x00000000c0000000, 0x0000000100000000)
  region size 1024K, 1 young (1024K), 0 survivors (0K)
 Metaspace       used 45987K, committed 46592K, reserved 1114112K
  class space    used 6537K, committed 6784K, reserved 1048576K
}
Event: 20909.046 GC heap after
{Heap after GC invocations=846 (full 791):
 garbage-first heap   total 89088K, used 25779K [0x00000000c0000000, 0x0000000100000000)
  region size 1024K, 0 young (0K), 0 survivors (0K)
 Metaspace       used 45987K, committed 46592K, reserved 1114112K
  class space    used 6537K, committed 6784K, reserved 1048576K
}
Event: 20919.216 GC heap before
{Heap before GC invocations=846 (full 791):
 garbage-first heap   total 89088K, used 25779K [0x00000000c0000000, 0x0000000100000000)
  region size 1024K, 1 young (1024K), 0 survivors (0K)
 Metaspace       used 45987K, committed 46592K, reserved 1114112K
  class space    used 6537K, committed 6784K, reserved 1048576K
}
Event: 20919.251 GC heap after
{Heap after GC invocations=847 (full 792):
 garbage-first heap   total 89088K, used 25779K [0x00000000c0000000, 0x0000000100000000)
  region size 1024K, 0 young (0K), 0 survivors (0K)
 Metaspace       used 45987K, committed 46592K, reserved 1114112K
  class space    used 6537K, committed 6784K, reserved 1048576K
}
Event: 20929.399 GC heap before
{Heap before GC invocations=847 (full 792):
 garbage-first heap   total 89088K, used 25779K [0x00000000c0000000, 0x0000000100000000)
  region size 1024K, 1 young (1024K), 0 survivors (0K)
 Metaspace       used 45987K, committed 46592K, reserved 1114112K
  class space    used 6537K, committed 6784K, reserved 1048576K
}
Event: 20929.431 GC heap after
{Heap after GC invocations=848 (full 793):
 garbage-first heap   total 89088K, used 25779K [0x00000000c0000000, 0x0000000100000000)
  region size 1024K, 0 young (0K), 0 survivors (0K)
 Metaspace       used 45987K, committed 46592K, reserved 1114112K
  class space    used 6537K, committed 6784K, reserved 1048576K
}

Dll operation events (8 events):
Event: 0.017 Loaded shared library c:\Users\amine\.vscode\extensions\redhat.java-1.18.0-win32-x64\jre\17.0.7-win32-x86_64\bin\java.dll
Event: 0.236 Loaded shared library C:\Users\amine\.vscode\extensions\redhat.java-1.18.0-win32-x64\jre\17.0.7-win32-x86_64\bin\net.dll
Event: 0.237 Loaded shared library C:\Users\amine\.vscode\extensions\redhat.java-1.18.0-win32-x64\jre\17.0.7-win32-x86_64\bin\nio.dll
Event: 0.245 Loaded shared library C:\Users\amine\.vscode\extensions\redhat.java-1.18.0-win32-x64\jre\17.0.7-win32-x86_64\bin\zip.dll
Event: 0.472 Loaded shared library C:\Users\amine\.vscode\extensions\redhat.java-1.18.0-win32-x64\jre\17.0.7-win32-x86_64\bin\jimage.dll
Event: 2.719 Loaded shared library C:\Users\amine\.vscode\extensions\redhat.java-1.18.0-win32-x64\jre\17.0.7-win32-x86_64\bin\management.dll
Event: 2.722 Loaded shared library C:\Users\amine\.vscode\extensions\redhat.java-1.18.0-win32-x64\jre\17.0.7-win32-x86_64\bin\management_ext.dll
Event: 17.361 Loaded shared library c:\Users\amine\.vscode\extensions\redhat.java-1.18.0-win32-x64\jre\17.0.7-win32-x86_64\bin\verify.dll

Deoptimization events (20 events):
Event: 3.018 Thread 0x000001c2d12b4c30 DEOPT PACKING pc=0x000001c2c3e09217 sp=0x00000095e33fec50
Event: 3.018 Thread 0x000001c2d12b4c30 DEOPT UNPACKING pc=0x000001c2c3937143 sp=0x00000095e33fe0a8 mode 3
Event: 3.079 Thread 0x000001c2d131f140 DEOPT PACKING pc=0x000001c2c3eee12b sp=0x00000095e36fe3b0
Event: 3.079 Thread 0x000001c2d131f140 DEOPT UNPACKING pc=0x000001c2c3937143 sp=0x00000095e36fd8f8 mode 3
Event: 17.483 Thread 0x000001c2d131f140 DEOPT PACKING pc=0x000001c2c3cd1ec2 sp=0x00000095e36fcfa0
Event: 17.483 Thread 0x000001c2d131f140 DEOPT UNPACKING pc=0x000001c2c3937143 sp=0x00000095e36fc4a8 mode 3
Event: 18.454 Thread 0x000001c2d131f140 DEOPT PACKING pc=0x000001c2c448b7f4 sp=0x00000095e36fdaa0
Event: 18.454 Thread 0x000001c2d131f140 DEOPT UNPACKING pc=0x000001c2c3937143 sp=0x00000095e36fcfd0 mode 0
Event: 18.455 Thread 0x000001c2d131f140 DEOPT PACKING pc=0x000001c2c449d41c sp=0x00000095e36fdcd0
Event: 18.455 Thread 0x000001c2d131f140 DEOPT UNPACKING pc=0x000001c2c3937143 sp=0x00000095e36fd1d8 mode 0
Event: 18.455 Thread 0x000001c2d131f140 DEOPT PACKING pc=0x000001c2c43f5674 sp=0x00000095e36fddc0
Event: 18.455 Thread 0x000001c2d131f140 DEOPT UNPACKING pc=0x000001c2c3937143 sp=0x00000095e36fd2b8 mode 0
Event: 18.455 Thread 0x000001c2d131f140 DEOPT PACKING pc=0x000001c2c43d7bf4 sp=0x00000095e36fde90
Event: 18.455 Thread 0x000001c2d131f140 DEOPT UNPACKING pc=0x000001c2c3937143 sp=0x00000095e36fd368 mode 0
Event: 18.455 Thread 0x000001c2d131f140 DEOPT PACKING pc=0x000001c2c43cf524 sp=0x00000095e36fdf40
Event: 18.455 Thread 0x000001c2d131f140 DEOPT UNPACKING pc=0x000001c2c3937143 sp=0x00000095e36fd4c0 mode 0
Event: 18.456 Thread 0x000001c2d131f140 DEOPT PACKING pc=0x000001c2c44ccf2c sp=0x00000095e36fe260
Event: 18.456 Thread 0x000001c2d131f140 DEOPT UNPACKING pc=0x000001c2c3937143 sp=0x00000095e36fd6f0 mode 0
Event: 67.362 Thread 0x000001c2d0e363a0 DEOPT PACKING pc=0x000001c2c3d22cd4 sp=0x00000095e32ff220
Event: 67.362 Thread 0x000001c2d0e363a0 DEOPT UNPACKING pc=0x000001c2c3937143 sp=0x00000095e32fe6c8 mode 0

Classes unloaded (20 events):
Event: 1895.210 Thread 0x000001c2cbab2570 Unloading class 0x000000010021a800 'java/lang/invoke/LambdaForm$MH+0x000000010021a800'
Event: 1895.210 Thread 0x000001c2cbab2570 Unloading class 0x0000000100215000 'java/lang/invoke/LambdaForm$DMH+0x0000000100215000'
Event: 1895.211 Thread 0x000001c2cbab2570 Unloading class 0x0000000100091c00 'java/lang/invoke/LambdaForm$MH+0x0000000100091c00'
Event: 1895.211 Thread 0x000001c2cbab2570 Unloading class 0x0000000100091800 'java/lang/invoke/LambdaForm$MH+0x0000000100091800'
Event: 1895.211 Thread 0x000001c2cbab2570 Unloading class 0x0000000100091400 'java/lang/invoke/LambdaForm$MH+0x0000000100091400'
Event: 1895.211 Thread 0x000001c2cbab2570 Unloading class 0x0000000100091000 'java/lang/invoke/LambdaForm$MH+0x0000000100091000'
Event: 1895.211 Thread 0x000001c2cbab2570 Unloading class 0x0000000100090c00 'java/lang/invoke/LambdaForm$MH+0x0000000100090c00'
Event: 1895.211 Thread 0x000001c2cbab2570 Unloading class 0x0000000100090800 'java/lang/invoke/LambdaForm$MH+0x0000000100090800'
Event: 1895.211 Thread 0x000001c2cbab2570 Unloading class 0x0000000100090400 'java/lang/invoke/LambdaForm$MH+0x0000000100090400'
Event: 1895.211 Thread 0x000001c2cbab2570 Unloading class 0x0000000100090000 'java/lang/invoke/LambdaForm$MH+0x0000000100090000'
Event: 1895.211 Thread 0x000001c2cbab2570 Unloading class 0x000000010008b800 'java/lang/invoke/LambdaForm$MH+0x000000010008b800'
Event: 1895.212 Thread 0x000001c2cbab2570 Unloading class 0x000000010008b400 'java/lang/invoke/LambdaForm$MH+0x000000010008b400'
Event: 1895.212 Thread 0x000001c2cbab2570 Unloading class 0x000000010008b000 'java/lang/invoke/LambdaForm$MH+0x000000010008b000'
Event: 1895.212 Thread 0x000001c2cbab2570 Unloading class 0x000000010008ac00 'java/lang/invoke/LambdaForm$MH+0x000000010008ac00'
Event: 1895.212 Thread 0x000001c2cbab2570 Unloading class 0x000000010008a800 'java/lang/invoke/LambdaForm$MH+0x000000010008a800'
Event: 1895.212 Thread 0x000001c2cbab2570 Unloading class 0x000000010008a400 'java/lang/invoke/LambdaForm$MH+0x000000010008a400'
Event: 1895.212 Thread 0x000001c2cbab2570 Unloading class 0x0000000100089c00 'java/lang/invoke/LambdaForm$MH+0x0000000100089c00'
Event: 1895.212 Thread 0x000001c2cbab2570 Unloading class 0x0000000100089400 'java/lang/invoke/LambdaForm$MH+0x0000000100089400'
Event: 1895.212 Thread 0x000001c2cbab2570 Unloading class 0x0000000100088c00 'java/lang/invoke/LambdaForm$MH+0x0000000100088c00'
Event: 1895.212 Thread 0x000001c2cbab2570 Unloading class 0x0000000100088400 'java/lang/invoke/LambdaForm$MH+0x0000000100088400'

Classes redefined (0 events):
No events

Internal exceptions (20 events):
Event: 17.012 Thread 0x000001c2d1400840 Exception <a 'sun/nio/fs/WindowsException'{0x00000000dfe89070}> (0x00000000dfe89070) 
thrown [s\src\hotspot\share\prims\jni.cpp, line 516]
Event: 17.012 Thread 0x000001c2d1400840 Exception <a 'sun/nio/fs/WindowsException'{0x00000000dfe89418}> (0x00000000dfe89418) 
thrown [s\src\hotspot\share\prims\jni.cpp, line 516]
Event: 17.012 Thread 0x000001c2d1400840 Exception <a 'sun/nio/fs/WindowsException'{0x00000000dfe89e10}> (0x00000000dfe89e10) 
thrown [s\src\hotspot\share\prims\jni.cpp, line 516]
Event: 17.012 Thread 0x000001c2d1400840 Exception <a 'sun/nio/fs/WindowsException'{0x00000000dfe8a1c8}> (0x00000000dfe8a1c8) 
thrown [s\src\hotspot\share\prims\jni.cpp, line 516]
Event: 17.012 Thread 0x000001c2d1400840 Exception <a 'sun/nio/fs/WindowsException'{0x00000000dfe8abd8}> (0x00000000dfe8abd8) 
thrown [s\src\hotspot\share\prims\jni.cpp, line 516]
Event: 17.012 Thread 0x000001c2d1400840 Exception <a 'sun/nio/fs/WindowsException'{0x00000000dfe8afb0}> (0x00000000dfe8afb0) 
thrown [s\src\hotspot\share\prims\jni.cpp, line 516]
Event: 17.012 Thread 0x000001c2d1400840 Exception <a 'sun/nio/fs/WindowsException'{0x00000000dfe8b9d8}> (0x00000000dfe8b9d8) 
thrown [s\src\hotspot\share\prims\jni.cpp, line 516]
Event: 17.012 Thread 0x000001c2d1400840 Exception <a 'sun/nio/fs/WindowsException'{0x00000000dfe8bdc8}> (0x00000000dfe8bdc8) 
thrown [s\src\hotspot\share\prims\jni.cpp, line 516]
Event: 17.012 Thread 0x000001c2d1400840 Exception <a 'sun/nio/fs/WindowsException'{0x00000000dfe8c7e8}> (0x00000000dfe8c7e8) 
thrown [s\src\hotspot\share\prims\jni.cpp, line 516]
Event: 17.012 Thread 0x000001c2d1400370 Exception <a 'java/lang/NoSuchMethodError'{0x00000000dfd080d8}: 'java.lang.Object java.lang.invoke.Invokers$Holder.invoke_MT(java.lang.Object, java.lang.Object, java.lang.Object)'> (0x00000000dfd080d8) 
thrown [s\src\hotspot\share\interpreter\linkResolver.cpp, line 759]
Event: 17.012 Thread 0x000001c2d1400840 Exception <a 'sun/nio/fs/WindowsException'{0x00000000dfe8cbd0}> (0x00000000dfe8cbd0) 
thrown [s\src\hotspot\share\prims\jni.cpp, line 516]
Event: 17.069 Thread 0x000001c2d1403390 Exception <a 'sun/nio/fs/WindowsException'{0x00000000ddea7320}> (0x00000000ddea7320) 
thrown [s\src\hotspot\share\prims\jni.cpp, line 516]
Event: 17.069 Thread 0x000001c2d1402520 Exception <a 'sun/nio/fs/WindowsException'{0x00000000de458f68}> (0x00000000de458f68) 
thrown [s\src\hotspot\share\prims\jni.cpp, line 516]
Event: 17.069 Thread 0x000001c2d1403390 Exception <a 'sun/nio/fs/WindowsException'{0x00000000ddea9b18}> (0x00000000ddea9b18) 
thrown [s\src\hotspot\share\prims\jni.cpp, line 516]
Event: 17.069 Thread 0x000001c2d1402520 Exception <a 'sun/nio/fs/WindowsException'{0x00000000de45b788}> (0x00000000de45b788) 
thrown [s\src\hotspot\share\prims\jni.cpp, line 516]
Event: 17.070 Thread 0x000001c2d13ff9d0 Exception <a 'sun/nio/fs/WindowsException'{0x00000000dd92b7d8}> (0x00000000dd92b7d8) 
thrown [s\src\hotspot\share\prims\jni.cpp, line 516]
Event: 17.070 Thread 0x000001c2d1400370 Exception <a 'sun/nio/fs/WindowsException'{0x00000000ddc90d10}> (0x00000000ddc90d10) 
thrown [s\src\hotspot\share\prims\jni.cpp, line 516]
Event: 17.095 Thread 0x000001c2d131f140 Exception <a 'java/lang/NoSuchMethodError'{0x00000000dcc1e2a8}: 'void java.lang.invoke.DirectMethodHandle$Holder.invokeStatic(java.lang.Object, java.lang.Object, java.lang.Object, java.lang.Object, java.lang.Object, java.lang.Object, java.lang.Object)'> (0x00000000dcc1e2a8) 
thrown [s\src\hotspot\share\interpreter\linkResolver.cpp, line 759]
Event: 52.762 Thread 0x000001c2d1244040 Exception <a 'java/lang/NoSuchMethodError'{0x00000000ddc02528}: 'void java.lang.invoke.DirectMethodHandle$Holder.invokeStatic(java.lang.Object, long)'> (0x00000000ddc02528) 
thrown [s\src\hotspot\share\interpreter\linkResolver.cpp, line 759]
Event: 52.762 Thread 0x000001c2d1244040 Exception <a 'java/lang/NoSuchMethodError'{0x00000000ddc078d0}: 'java.lang.Object java.lang.invoke.DirectMethodHandle$Holder.newInvokeSpecial(java.lang.Object, long)'> (0x00000000ddc078d0) 
thrown [s\src\hotspot\share\interpreter\linkResolver.cpp, line 759]

VM Operations (20 events):
Event: 20837.349 Executing VM operation: G1CollectFull done
Event: 20847.562 Executing VM operation: G1CollectFull
Event: 20847.619 Executing VM operation: G1CollectFull done
Event: 20857.852 Executing VM operation: G1CollectFull
Event: 20857.885 Executing VM operation: G1CollectFull done
Event: 20868.069 Executing VM operation: G1CollectFull
Event: 20868.106 Executing VM operation: G1CollectFull done
Event: 20878.288 Executing VM operation: G1CollectFull
Event: 20878.337 Executing VM operation: G1CollectFull done
Event: 20888.517 Executing VM operation: G1CollectFull
Event: 20888.562 Executing VM operation: G1CollectFull done
Event: 20898.768 Executing VM operation: G1CollectFull
Event: 20898.813 Executing VM operation: G1CollectFull done
Event: 20909.012 Executing VM operation: G1CollectFull
Event: 20909.046 Executing VM operation: G1CollectFull done
Event: 20919.215 Executing VM operation: G1CollectFull
Event: 20919.251 Executing VM operation: G1CollectFull done
Event: 20929.399 Executing VM operation: G1CollectFull
Event: 20929.431 Executing VM operation: G1CollectFull done
Event: 20939.482 Executing VM operation: G1CollectFull

Events (20 events):
Event: 1176.393 Thread 0x000001c2d13ffea0 Thread exited: 0x000001c2d13ffea0
Event: 1176.393 Thread 0x000001c2d14029f0 Thread exited: 0x000001c2d14029f0
Event: 1176.400 Thread 0x000001c2d13ff500 Thread exited: 0x000001c2d13ff500
Event: 1176.400 Thread 0x000001c2d13ff9d0 Thread exited: 0x000001c2d13ff9d0
Event: 1191.316 Thread 0x000001c2d13ffea0 Thread added: 0x000001c2d13ffea0
Event: 1191.317 Thread 0x000001c2d1405070 Thread added: 0x000001c2d1405070
Event: 1251.321 Thread 0x000001c2d1402ec0 Thread exited: 0x000001c2d1402ec0
Event: 1257.832 Thread 0x000001c2d14016b0 Thread added: 0x000001c2d14016b0
Event: 1317.832 Thread 0x000001c2d1405070 Thread exited: 0x000001c2d1405070
Event: 1346.827 Thread 0x000001c2d13ff9d0 Thread added: 0x000001c2d13ff9d0
Event: 1346.830 Thread 0x000001c2d1403d30 Thread added: 0x000001c2d1403d30
Event: 1406.836 Thread 0x000001c2d13ffea0 Thread exited: 0x000001c2d13ffea0
Event: 1406.836 Thread 0x000001c2d1400d10 Thread exited: 0x000001c2d1400d10
Event: 1406.844 Thread 0x000001c2d14016b0 Thread exited: 0x000001c2d14016b0
Event: 1527.433 Thread 0x000001c2d1403d30 Thread exited: 0x000001c2d1403d30
Event: 1528.896 Thread 0x000001c2d1405070 Thread added: 0x000001c2d1405070
Event: 1543.101 Thread 0x000001c2d13ffea0 Thread added: 0x000001c2d13ffea0
Event: 1615.516 Thread 0x000001c2d1405070 Thread exited: 0x000001c2d1405070
Event: 1880.140 Thread 0x000001c2d13ffea0 Thread exited: 0x000001c2d13ffea0
Event: 1924.589 Thread 0x000001c2d13ff9d0 Thread exited: 0x000001c2d13ff9d0


Dynamic libraries:
0x00007ff612c30000 - 0x00007ff612c3e000 	c:\Users\amine\.vscode\extensions\redhat.java-1.18.0-win32-x64\jre\17.0.7-win32-x86_64\bin\java.exe
0x00007ffca6f90000 - 0x00007ffca7188000 	C:\WINDOWS\SYSTEM32\ntdll.dll
0x00007ffca5240000 - 0x00007ffca52ff000 	C:\WINDOWS\System32\KERNEL32.DLL
0x00007ffca4960000 - 0x00007ffca4c56000 	C:\WINDOWS\System32\KERNELBASE.dll
0x00007ffca4e60000 - 0x00007ffca4f60000 	C:\WINDOWS\System32\ucrtbase.dll
0x00007ffc06d70000 - 0x00007ffc06d89000 	c:\Users\amine\.vscode\extensions\redhat.java-1.18.0-win32-x64\jre\17.0.7-win32-x86_64\bin\VCRUNTIME140.dll
0x00007ffc89070000 - 0x00007ffc89087000 	c:\Users\amine\.vscode\extensions\redhat.java-1.18.0-win32-x64\jre\17.0.7-win32-x86_64\bin\jli.dll
0x00007ffca54b0000 - 0x00007ffca564d000 	C:\WINDOWS\System32\USER32.dll
0x00007ffc88480000 - 0x00007ffc8871a000 	C:\WINDOWS\WinSxS\amd64_microsoft.windows.common-controls_6595b64144ccf1df_6.0.19041.1110_none_60b5254171f9507e\COMCTL32.dll
0x00007ffca4d80000 - 0x00007ffca4da2000 	C:\WINDOWS\System32\win32u.dll
0x00007ffca56c0000 - 0x00007ffca575e000 	C:\WINDOWS\System32\msvcrt.dll
0x00007ffca6f20000 - 0x00007ffca6f4c000 	C:\WINDOWS\System32\GDI32.dll
0x00007ffca4c60000 - 0x00007ffca4d75000 	C:\WINDOWS\System32\gdi32full.dll
0x00007ffca46e0000 - 0x00007ffca477d000 	C:\WINDOWS\System32\msvcp_win.dll
0x00007ffca53b0000 - 0x00007ffca53e0000 	C:\WINDOWS\System32\IMM32.DLL
0x00007ffc8b7f0000 - 0x00007ffc8b7fc000 	c:\Users\amine\.vscode\extensions\redhat.java-1.18.0-win32-x64\jre\17.0.7-win32-x86_64\bin\vcruntime140_1.dll
0x00007ffc06cd0000 - 0x00007ffc06d61000 	c:\Users\amine\.vscode\extensions\redhat.java-1.18.0-win32-x64\jre\17.0.7-win32-x86_64\bin\msvcp140.dll
0x00007ffc05fa0000 - 0x00007ffc06be8000 	c:\Users\amine\.vscode\extensions\redhat.java-1.18.0-win32-x64\jre\17.0.7-win32-x86_64\bin\server\jvm.dll
0x00007ffca5300000 - 0x00007ffca53af000 	C:\WINDOWS\System32\ADVAPI32.dll
0x00007ffca5100000 - 0x00007ffca519c000 	C:\WINDOWS\System32\sechost.dll
0x00007ffca5e30000 - 0x00007ffca5f56000 	C:\WINDOWS\System32\RPCRT4.dll
0x00007ffc7e860000 - 0x00007ffc7e869000 	C:\WINDOWS\SYSTEM32\WSOCK32.dll
0x00007ffca6eb0000 - 0x00007ffca6f1b000 	C:\WINDOWS\System32\WS2_32.dll
0x00007ffc9d600000 - 0x00007ffc9d60a000 	C:\WINDOWS\SYSTEM32\VERSION.dll
0x00007ffc87360000 - 0x00007ffc87387000 	C:\WINDOWS\SYSTEM32\WINMM.dll
0x00007ffca2e80000 - 0x00007ffca2e92000 	C:\WINDOWS\SYSTEM32\kernel.appcore.dll
0x00007ffc8b820000 - 0x00007ffc8b82a000 	c:\Users\amine\.vscode\extensions\redhat.java-1.18.0-win32-x64\jre\17.0.7-win32-x86_64\bin\jimage.dll
0x00007ffca2b90000 - 0x00007ffca2d74000 	C:\WINDOWS\SYSTEM32\DBGHELP.DLL
0x00007ffc7eb20000 - 0x00007ffc7eb54000 	C:\WINDOWS\SYSTEM32\dbgcore.DLL
0x00007ffca4f60000 - 0x00007ffca4fe2000 	C:\WINDOWS\System32\bcryptPrimitives.dll
0x00007ffc8a930000 - 0x00007ffc8a955000 	c:\Users\amine\.vscode\extensions\redhat.java-1.18.0-win32-x64\jre\17.0.7-win32-x86_64\bin\java.dll
0x00007ffc8a910000 - 0x00007ffc8a928000 	c:\Users\amine\.vscode\extensions\redhat.java-1.18.0-win32-x64\jre\17.0.7-win32-x86_64\bin\zip.dll
0x00007ffca65d0000 - 0x00007ffca6d14000 	C:\WINDOWS\System32\SHELL32.dll
0x00007ffca23f0000 - 0x00007ffca2b83000 	C:\WINDOWS\SYSTEM32\windows.storage.dll
0x00007ffca5f60000 - 0x00007ffca62b4000 	C:\WINDOWS\System32\combase.dll
0x00007ffca40d0000 - 0x00007ffca40fe000 	C:\WINDOWS\SYSTEM32\Wldp.dll
0x00007ffca4ff0000 - 0x00007ffca509d000 	C:\WINDOWS\System32\SHCORE.dll
0x00007ffca6570000 - 0x00007ffca65c5000 	C:\WINDOWS\System32\shlwapi.dll
0x00007ffca45b0000 - 0x00007ffca45cf000 	C:\WINDOWS\SYSTEM32\profapi.dll
0x00007ffc89180000 - 0x00007ffc89199000 	C:\Users\amine\.vscode\extensions\redhat.java-1.18.0-win32-x64\jre\17.0.7-win32-x86_64\bin\net.dll
0x00007ffc963e0000 - 0x00007ffc964ea000 	C:\WINDOWS\SYSTEM32\WINHTTP.dll
0x00007ffca3df0000 - 0x00007ffca3e5a000 	C:\WINDOWS\system32\mswsock.dll
0x00007ffc89160000 - 0x00007ffc89175000 	C:\Users\amine\.vscode\extensions\redhat.java-1.18.0-win32-x64\jre\17.0.7-win32-x86_64\bin\nio.dll
0x00007ffca4000000 - 0x00007ffca4018000 	C:\WINDOWS\SYSTEM32\CRYPTSP.dll
0x00007ffca36a0000 - 0x00007ffca36d4000 	C:\WINDOWS\system32\rsaenh.dll
0x00007ffca47d0000 - 0x00007ffca47f7000 	C:\WINDOWS\System32\bcrypt.dll
0x00007ffca4570000 - 0x00007ffca459e000 	C:\WINDOWS\SYSTEM32\USERENV.dll
0x00007ffca4020000 - 0x00007ffca402c000 	C:\WINDOWS\SYSTEM32\CRYPTBASE.dll
0x00007ffca3aa0000 - 0x00007ffca3adc000 	C:\WINDOWS\SYSTEM32\IPHLPAPI.DLL
0x00007ffca51a0000 - 0x00007ffca51a8000 	C:\WINDOWS\System32\NSI.dll
0x00007ffc9ccc0000 - 0x00007ffc9ccd7000 	C:\WINDOWS\SYSTEM32\dhcpcsvc6.DLL
0x00007ffc9b660000 - 0x00007ffc9b67d000 	C:\WINDOWS\SYSTEM32\dhcpcsvc.DLL
0x00007ffca3ae0000 - 0x00007ffca3bab000 	C:\WINDOWS\SYSTEM32\DNSAPI.dll
0x00007ffc99560000 - 0x00007ffc99569000 	C:\Users\amine\.vscode\extensions\redhat.java-1.18.0-win32-x64\jre\17.0.7-win32-x86_64\bin\management.dll
0x00007ffc99550000 - 0x00007ffc9955b000 	C:\Users\amine\.vscode\extensions\redhat.java-1.18.0-win32-x64\jre\17.0.7-win32-x86_64\bin\management_ext.dll
0x00007ffca56b0000 - 0x00007ffca56b8000 	C:\WINDOWS\System32\PSAPI.DLL
0x00007ffc8b800000 - 0x00007ffc8b810000 	c:\Users\amine\.vscode\extensions\redhat.java-1.18.0-win32-x64\jre\17.0.7-win32-x86_64\bin\verify.dll

dbghelp: loaded successfully - version: 4.0.5 - missing functions: none
symbol engine: initialized successfully - sym options: 0x614 - pdb path: .;c:\Users\amine\.vscode\extensions\redhat.java-1.18.0-win32-x64\jre\17.0.7-win32-x86_64\bin;C:\WINDOWS\SYSTEM32;C:\WINDOWS\WinSxS\amd64_microsoft.windows.common-controls_6595b64144ccf1df_6.0.19041.1110_none_60b5254171f9507e;c:\Users\amine\.vscode\extensions\redhat.java-1.18.0-win32-x64\jre\17.0.7-win32-x86_64\bin\server

VM Arguments:
jvm_args: -XX:+HeapDumpOnOutOfMemoryError -Xmx1024m -Dsts.lsp.client=vscode -Dsts.log.file=/dev/null -XX:TieredStopAtLevel=1 -Xlog:jni+resolve=off -Dspring.config.location=file:c:\Users\amine\.vscode\extensions\vmware.vscode-spring-boot-1.46.0\language-server\BOOT-INF\classes\application.properties 
java_command: org.springframework.ide.vscode.boot.app.BootLanguageServerBootApp
java_class_path (initial): c:\Users\amine\.vscode\extensions\vmware.vscode-spring-boot-1.46.0\language-server\BOOT-INF\classes;c:\Users\amine\.vscode\extensions\vmware.vscode-spring-boot-1.46.0\language-server\BOOT-INF\lib\annotations-24.0.1.jar;c:\Users\amine\.vscode\extensions\vmware.vscode-spring-boot-1.46.0\language-server\BOOT-INF\lib\antlr-runtime-3.5.3.jar;c:\Users\amine\.vscode\extensions\vmware.vscode-spring-boot-1.46.0\language-server\BOOT-INF\lib\antlr4-4.11.1.jar;c:\Users\amine\.vscode\extensions\vmware.vscode-spring-boot-1.46.0\language-server\BOOT-INF\lib\antlr4-runtime-4.11.1.jar;c:\Users\amine\.vscode\extensions\vmware.vscode-spring-boot-1.46.0\language-server\BOOT-INF\lib\asm-9.5.jar;c:\Users\amine\.vscode\extensions\vmware.vscode-spring-boot-1.46.0\language-server\BOOT-INF\lib\asm-analysis-9.5.jar;c:\Users\amine\.vscode\extensions\vmware.vscode-spring-boot-1.46.0\language-server\BOOT-INF\lib\asm-tree-9.5.jar;c:\Users\amine\.vscode\extensions\vmware.vscode-spring-boot-1.46.0\language-server\BOOT-INF\lib\asm-util-9.5.jar;c:\Users\amine\.vscode\extensions\vmware.vscode-spring-boot-1.46.0\language-server\BOOT-INF\lib\caffeine-3.1.2.jar;c:\Users\amine\.vscode\extensions\vmware.vscode-spring-boot-1.46.0\language-server\BOOT-INF\lib\checker-qual-3.12.0.jar;c:\Users\amine\.vscode\extensions\vmware.vscode-spring-boot-1.46.0\language-server\BOOT-INF\lib\classgraph-4.8.149.jar;c:\Users\amine\.vscode\extensions\vmware.vscode-spring-boot-1.46.0\language-server\BOOT-INF\lib\commons-codec-1.15.jar;c:\Users\amine\.vscode\extensions\vmware.vscode-spring-boot-1.46.0\language-server\BOOT-INF\lib\commons-compress-1.23.0.jar;c:\Users\amine\.vscode\extensions\vmware.vscode-spring-boot-1.46.0\language-server\BOOT-INF\lib\commons-io-2.4.jar;c:\Users\amine\.vscode\extensions\vmware.vscode-spring-boot-1.46.0\language-server\BOOT-INF\lib\commons-java-1.46.0-SNAPSHOT.jar;c:\Users\amine\.vscode\extensions\vmware.vscode-spring-boot-1.46.0\language-server\BOOT-INF\lib\commons-
Launcher Type: SUN_STANDARD

[Global flags]
     intx CICompilerCount                          = 4                                         {product} {ergonomic}
     uint ConcGCThreads                            = 2                                         {product} {ergonomic}
     uint G1ConcRefinementThreads                  = 8                                         {product} {ergonomic}
   size_t G1HeapRegionSize                         = 1048576                                   {product} {ergonomic}
    uintx GCDrainStackTargetSize                   = 64                                        {product} {ergonomic}
     bool HeapDumpOnOutOfMemoryError               = true                                   {manageable} {command line}
   size_t InitialHeapSize                          = 132120576                                 {product} {ergonomic}
   size_t MarkStackSize                            = 4194304                                   {product} {ergonomic}
   size_t MaxHeapSize                              = 1073741824                                {product} {command line}
   size_t MaxNewSize                               = 643825664                                 {product} {ergonomic}
   size_t MinHeapDeltaBytes                        = 1048576                                   {product} {ergonomic}
   size_t MinHeapSize                              = 8388608                                   {product} {ergonomic}
    uintx NonProfiledCodeHeapSize                  = 0                                      {pd product} {ergonomic}
     bool ProfileInterpreter                       = false                                  {pd product} {command line}
    uintx ProfiledCodeHeapSize                     = 0                                      {pd product} {ergonomic}
   size_t SoftMaxHeapSize                          = 1073741824                             {manageable} {ergonomic}
     intx TieredStopAtLevel                        = 1                                         {product} {command line}
     bool UseCompressedClassPointers               = true                           {product lp64_product} {ergonomic}
     bool UseCompressedOops                        = true                           {product lp64_product} {ergonomic}
     bool UseG1GC                                  = true                                      {product} {ergonomic}
     bool UseLargePagesIndividualAllocation        = false                                  {pd product} {ergonomic}

Logging:
Log output configuration:
 #0: stdout all=warning,jni+resolve=off uptime,level,tags
 #1: stderr all=off uptime,level,tags

Environment Variables:
JAVA_HOME=C:\Program Files\Java\jdk-11.0.17
PATH=C:\Program Files\Common Files\Oracle\Java\javapath;C:\Python310\Scripts\;C:\Python310\;C:\windows\system32;C:\windows;C:\windows\System32\Wbem;C:\windows\System32\WindowsPowerShell\v1.0\;C:\windows\System32\OpenSSH\;C:\Program Files\NVIDIA Corporation\NVIDIA NvDLISR;C:\WINDOWS\system32;C:\WINDOWS;C:\WINDOWS\System32\Wbem;C:\WINDOWS\System32\WindowsPowerShell\v1.0\;C:\WINDOWS\System32\OpenSSH\;C:\Program Files\Microsoft SQL Server\Client SDK\ODBC\110\Tools\Binn\;C:\Program Files (x86)\Microsoft SQL Server\120\Tools\Binn\;C:\Program Files\Microsoft SQL Server\120\Tools\Binn\;C:\Program Files\Microsoft SQL Server\120\DTS\Binn\;C:\Program Files (x86)\Windows Kits\8.1\Windows Performance Toolkit\;C:\ProgramData\chocolatey\bin;C:\Program Files\CMake\bin;C:\Program Files\Polyspace\R2019a\runtime\win64;C:\Program Files\Polyspace\R2019a\bin;C:\Program Files\MATLAB\R2017a\runtime\win64;C:\Program Files\MATLAB\R2017a\bin;C:\Program Files\Polyspace\R2019a\polyspace\bin;C:\Program Files (x86)\eSpeak\command_line;C:\MinGW\bin;C:\Program Files\Git\cmd;C:\Program Files\Git\mingw64\bin;C:\Program Files\Git\usr\bin;C:\ProgramData\Anaconda3;C:\ProgramData\Anaconda3\Scripts;C:\ProgramData\Anaconda3\library\bin;C:\ProgramData\Anaconda3\library\usr\bin;C:\Program Files\MySQL\MySQL Utilities 1.6\;C:\xampp\php;C:\ProgramData\ComposerSetup\bin;C:\Mraihi_Amine\Mraihi_Amine\5_IOT\00_downloads;C:\Program Files\PowerShell\7\;C:\Program Files\Java\jdk-11.0.11\bin;C:\Gradle\gradle-7.4.2\bin;C:\Users\amine\AppData\Roaming\nvm;C:\Program Files\nodejs;C:\Users\amine\AppData\Roaming\nvm;C:\Program Files\nodejs\;C:\Program Files\Docker\Docker\resources\bin;C:\Program Files\MySQL\MySQL Shell 8.0\bin\;C:\Users\amine\AppData\Local\Programs\Python\Python36\Scripts\;C:\Users\amine\AppData\Local\Programs\Python\Python36\;C:\Users\amine\AppData\Local\Microsoft\WindowsApps;C:\Program Files\JetBrains\PyCharm Community Edition 2020.2.3\bin;;C:\ProgramData\Microsoft\Windows\Start Menu\Programs\Anaconda3 (64-bi
USERNAME=amine
OS=Windows_NT
PROCESSOR_IDENTIFIER=Intel64 Family 6 Model 158 Stepping 10, GenuineIntel
TMP=C:\Users\amine\AppData\Local\Temp
TEMP=C:\Users\amine\AppData\Local\Temp



---------------  S Y S T E M  ---------------

OS:
 Windows 10 , 64 bit Build 19041 (10.0.19041.2913)
OS uptime: 2 days 5:54 hours
Hyper-V role detected

CPU: total 8 (initial active 8) (4 cores per cpu, 2 threads per core) family 6 model 158 stepping 10 microcode 0xca, cx8, cmov, fxsr, ht, mmx, 3dnowpref, sse, sse2, sse3, ssse3, sse4.1, sse4.2, popcnt, lzcnt, tsc, tscinvbit, avx, avx2, aes, erms, clmul, bmi1, bmi2, adx, fma, vzeroupper, clflush, clflushopt, hv

Memory: 4k page, system-wide physical 8033M (100M free)
TotalPageFile size 32609M (AvailPageFile size 7M)
current process WorkingSet (physical memory assigned to process): 68M, peak: 905M
current process commit charge ("private bytes"): 238M, peak: 993M

vm_info: OpenJDK 64-Bit Server VM (17.0.7+7) for windows-amd64 JRE (17.0.7+7), built on Apr 18 2023 22:10:42 by "temurin" with MS VC++ 16.7 (VS2019)

END.
