#
# There is insufficient memory for the Java Runtime Environment to continue.
# Native memory allocation (malloc) failed to allocate 1048576 bytes for AllocateHeap
# Possible reasons:
#   The system is out of physical RAM or swap space
#   The process is running with CompressedOops enabled, and the Java Heap may be blocking the growth of the native heap
# Possible solutions:
#   Reduce memory load on the system
#   Increase physical memory or swap space
#   Check if swap backing store is full
#   Decrease Java heap size (-Xmx/-Xms)
#   Decrease number of Java threads
#   Decrease Java thread stack sizes (-Xss)
#   Set larger code cache with -XX:ReservedCodeCacheSize=
#   JVM is running with Unscaled Compressed Oops mode in which the Java heap is
#     placed in the first 4GB address space. The Java Heap base address is the
#     maximum limit for the native heap growth. Please use -XX:HeapBaseMinAddress
#     to set the Java Heap base and to place the Java Heap above 4GB virtual address.
# This output file may be truncated or incomplete.
#
#  Out of Memory Error (allocation.cpp:44), pid=25668, tid=17044
#
# JRE version: OpenJDK Runtime Environment Temurin-17.0.7+7 (17.0.7+7) (build 17.0.7+7)
# Java VM: OpenJDK 64-Bit Server VM Temurin-17.0.7+7 (17.0.7+7, mixed mode, emulated-client, tiered, compressed oops, compressed class ptrs, g1 gc, windows-amd64)
# No core dump will be written. Minidumps are not enabled by default on client versions of Windows
#

---------------  S U M M A R Y ------------

Command Line: -XX:+HeapDumpOnOutOfMemoryError -Xmx1024m -Dsts.lsp.client=vscode -Dsts.log.file=/dev/null -XX:TieredStopAtLevel=1 -Xlog:jni+resolve=off -Dspring.config.location=file:c:\Users\amine\.vscode\extensions\vmware.vscode-spring-boot-1.46.0\language-server\BOOT-INF\classes\application.properties org.springframework.ide.vscode.boot.app.BootLanguageServerBootApp

Host: Intel(R) Core(TM) i5-9300H CPU @ 2.40GHz, 8 cores, 7G,  Windows 10 , 64 bit Build 19041 (10.0.19041.2913)
Time: Wed May 31 22:13:00 2023 W. Central Africa Standard Time elapsed time: 8789.721821 seconds (0d 2h 26m 29s)

---------------  T H R E A D  ---------------

Current thread (0x000002600aaca030):  VMThread "VM Thread" [stack: 0x0000006db3100000,0x0000006db3200000] [id=17044]

Stack: [0x0000006db3100000,0x0000006db3200000]
Native frames: (J=compiled Java code, j=interpreted, Vv=VM code, C=native code)
V  [jvm.dll+0x67754a]
V  [jvm.dll+0x834304]
V  [jvm.dll+0x835aae]
V  [jvm.dll+0x836113]
V  [jvm.dll+0x24696f]
V  [jvm.dll+0xa681f]
V  [jvm.dll+0x2f73f3]
V  [jvm.dll+0x2f30f0]
V  [jvm.dll+0x2db6c7]
V  [jvm.dll+0x31e777]
V  [jvm.dll+0x83a5bb]
V  [jvm.dll+0x83b2f4]
V  [jvm.dll+0x83b80c]
V  [jvm.dll+0x83bbe4]
V  [jvm.dll+0x83bcb0]
V  [jvm.dll+0x7e4e7a]
V  [jvm.dll+0x676395]
C  [ucrtbase.dll+0x21bb2]
C  [KERNEL32.DLL+0x17614]
C  [ntdll.dll+0x526a1]

VM_Operation (0x0000006db4afed30): G1CollectFull, mode: safepoint, requested by thread 0x00000260103b3880


---------------  P R O C E S S  ---------------

Threads class SMR info:
_java_thread_list=0x00000260110874d0, length=21, elements={
0x000002600aae7380, 0x000002600aae81f0, 0x000002600f0094a0, 0x000002600f00a310,
0x000002600f00e1e0, 0x000002600f00f330, 0x000002600ab0d3e0, 0x000002600ab0e480,
0x000002600f204040, 0x000002600f204950, 0x0000026010299730, 0x0000026010352db0,
0x00000260103b3880, 0x00000260102ea470, 0x000002607dcf4c50, 0x000002601044ae30,
0x00000260104857b0, 0x00000260106c3f20, 0x00000260106c30b0, 0x00000260106bdee0,
0x00000260106be3b0
}

Java Threads: ( => current thread )
  0x000002600aae7380 JavaThread "Reference Handler" daemon [_thread_blocked, id=8808, stack(0x0000006db3200000,0x0000006db3300000)]
  0x000002600aae81f0 JavaThread "Finalizer" daemon [_thread_blocked, id=6192, stack(0x0000006db3300000,0x0000006db3400000)]
  0x000002600f0094a0 JavaThread "Signal Dispatcher" daemon [_thread_blocked, id=15224, stack(0x0000006db3400000,0x0000006db3500000)]
  0x000002600f00a310 JavaThread "Attach Listener" daemon [_thread_blocked, id=18388, stack(0x0000006db3500000,0x0000006db3600000)]
  0x000002600f00e1e0 JavaThread "Service Thread" daemon [_thread_blocked, id=4952, stack(0x0000006db3600000,0x0000006db3700000)]
  0x000002600f00f330 JavaThread "Monitor Deflation Thread" daemon [_thread_blocked, id=11272, stack(0x0000006db3700000,0x0000006db3800000)]
  0x000002600ab0d3e0 JavaThread "C1 CompilerThread0" daemon [_thread_blocked, id=11676, stack(0x0000006db3800000,0x0000006db3900000)]
  0x000002600ab0e480 JavaThread "Sweeper thread" daemon [_thread_blocked, id=21360, stack(0x0000006db3900000,0x0000006db3a00000)]
  0x000002600f204040 JavaThread "Notification Thread" daemon [_thread_blocked, id=15532, stack(0x0000006db3b00000,0x0000006db3c00000)]
  0x000002600f204950 JavaThread "Common-Cleaner" daemon [_thread_blocked, id=8548, stack(0x0000006db3d00000,0x0000006db3e00000)]
  0x0000026010299730 JavaThread "boundedElastic-evictor-1" daemon [_thread_blocked, id=10140, stack(0x0000006db4500000,0x0000006db4600000)]
  0x0000026010352db0 JavaThread "boundedElastic-evictor-2" daemon [_thread_blocked, id=1636, stack(0x0000006db4900000,0x0000006db4a00000)]
  0x00000260103b3880 JavaThread "pool-10-thread-1" [_thread_blocked, id=3452, stack(0x0000006db4a00000,0x0000006db4b00000)]
  0x00000260102ea470 JavaThread "LanguageServerApp-lifecycle" [_thread_blocked, id=11580, stack(0x0000006db4b00000,0x0000006db4c00000)]
  0x000002607dcf4c50 JavaThread "DestroyJavaVM" [_thread_blocked, id=4560, stack(0x0000006db2b00000,0x0000006db2c00000)]
  0x000002601044ae30 JavaThread "pool-11-thread-1" [_thread_in_native, id=7100, stack(0x0000006db4c00000,0x0000006db4d00000)]
  0x00000260104857b0 JavaThread "Simple-Language-Server main thread" daemon [_thread_blocked, id=1976, stack(0x0000006db4d00000,0x0000006db4e00000)]
  0x00000260106c3f20 JavaThread "parallel-1" daemon [_thread_blocked, id=22084, stack(0x0000006db6000000,0x0000006db6100000)]
  0x00000260106c30b0 JavaThread "pool-4-thread-1" [_thread_blocked, id=21116, stack(0x0000006db6100000,0x0000006db6200000)]
  0x00000260106bdee0 JavaThread "parallel-2" daemon [_thread_blocked, id=18052, stack(0x0000006db6200000,0x0000006db6300000)]
  0x00000260106be3b0 JavaThread "parallel-3" daemon [_thread_blocked, id=11460, stack(0x0000006db5200000,0x0000006db5300000)]

Other Threads:
=>0x000002600aaca030 VMThread "VM Thread" [stack: 0x0000006db3100000,0x0000006db3200000] [id=17044]
  0x000002600f204510 WatcherThread [stack: 0x0000006db3c00000,0x0000006db3d00000] [id=12592]
  0x000002607dd34540 GCTaskThread "GC Thread#0" [stack: 0x0000006db2c00000,0x0000006db2d00000] [id=24264]
  0x000002600fbfe870 GCTaskThread "GC Thread#1" [stack: 0x0000006db3e00000,0x0000006db3f00000] [id=10104]
  0x000002600fbfeb20 GCTaskThread "GC Thread#2" [stack: 0x0000006db3f00000,0x0000006db4000000] [id=2588]
  0x000002600fc3ee10 GCTaskThread "GC Thread#3" [stack: 0x0000006db4000000,0x0000006db4100000] [id=26600]
  0x000002600fc3f0c0 GCTaskThread "GC Thread#4" [stack: 0x0000006db4100000,0x0000006db4200000] [id=14200]
  0x000002600fe57990 GCTaskThread "GC Thread#5" [stack: 0x0000006db4200000,0x0000006db4300000] [id=10676]
  0x000002600fe57c40 GCTaskThread "GC Thread#6" [stack: 0x0000006db4300000,0x0000006db4400000] [id=9444]
  0x000002600fe57ef0 GCTaskThread "GC Thread#7" [stack: 0x0000006db4400000,0x0000006db4500000] [id=7680]
  0x000002607dd3d480 ConcurrentGCThread "G1 Main Marker" [stack: 0x0000006db2d00000,0x0000006db2e00000] [id=5264]
  0x000002607dd3de90 ConcurrentGCThread "G1 Conc#0" [stack: 0x0000006db2e00000,0x0000006db2f00000] [id=22636]
  0x0000026010059a40 ConcurrentGCThread "G1 Conc#1" [stack: 0x0000006db4800000,0x0000006db4900000] [id=15064]
  0x000002607ddb5ce0 ConcurrentGCThread "G1 Refine#0" [stack: 0x0000006db2f00000,0x0000006db3000000] [id=23316]
  0x000002601098c840 ConcurrentGCThread "G1 Refine#1" [stack: 0x0000006db6300000,0x0000006db6400000] [id=15116]
  0x000002601189ade0 ConcurrentGCThread "G1 Refine#2" [stack: 0x0000006db6900000,0x0000006db6a00000] [id=15248]
  0x000002601146fd20 ConcurrentGCThread "G1 Refine#3" [stack: 0x0000006db6c00000,0x0000006db6d00000] [id=15240]
  0x0000026010b10060 ConcurrentGCThread "G1 Refine#4" [stack: 0x0000006db6d00000,0x0000006db6e00000] [id=12752]
  0x000002600a9410b0 ConcurrentGCThread "G1 Service" [stack: 0x0000006db3000000,0x0000006db3100000] [id=21468]

Threads with active compile tasks:

VM state: at safepoint (normal execution)

VM Mutex/Monitor currently owned by a thread:  ([mutex/lock_event])
[0x000002607da6ba60] Threads_lock - owner thread: 0x000002600aaca030
[0x000002607dcf1a50] Heap_lock - owner thread: 0x00000260103b3880

Heap address: 0x00000000c0000000, size: 1024 MB, Compressed Oops mode: 32-bit

CDS archive(s) not mapped
Compressed class space mapped at: 0x0000000100000000-0x0000000140000000, reserved size: 1073741824
Narrow klass base: 0x0000000000000000, Narrow klass shift: 3, Narrow klass range: 0x140000000

GC Precious Log:
 CPUs: 8 total, 8 available
 Memory: 8033M
 Large Page Support: Disabled
 NUMA Support: Disabled
 Compressed Oops: Enabled (32-bit)
 Heap Region Size: 1M
 Heap Min Capacity: 8M
 Heap Initial Capacity: 126M
 Heap Max Capacity: 1G
 Pre-touch: Disabled
 Parallel Workers: 8
 Concurrent Workers: 2
 Concurrent Refinement Workers: 8
 Periodic GC: Disabled

Heap:
 garbage-first heap   total 133120K, used 38937K [0x00000000c0000000, 0x0000000100000000)
  region size 1024K, 1 young (1024K), 0 survivors (0K)
 Metaspace       used 70667K, committed 71424K, reserved 1114112K
  class space    used 9689K, committed 9984K, reserved 1048576K

Heap Regions: E=young(eden), S=young(survivor), O=old, HS=humongous(starts), HC=humongous(continues), CS=collection set, F=free, OA=open archive, CA=closed archive, TAMS=top-at-mark-start (previous, next)
|   0|0x00000000c0000000, 0x00000000c00fff78, 0x00000000c0100000| 99%| O|  |TAMS 0x00000000c00fff78, 0x00000000c0000000| Untracked 
|   1|0x00000000c0100000, 0x00000000c01fffc0, 0x00000000c0200000| 99%| O|  |TAMS 0x00000000c01fffc0, 0x00000000c0100000| Untracked 
|   2|0x00000000c0200000, 0x00000000c0300000, 0x00000000c0300000|100%| O|  |TAMS 0x00000000c0300000, 0x00000000c0200000| Untracked 
|   3|0x00000000c0300000, 0x00000000c0400000, 0x00000000c0400000|100%| O|  |TAMS 0x00000000c0400000, 0x00000000c0300000| Untracked 
|   4|0x00000000c0400000, 0x00000000c0500000, 0x00000000c0500000|100%| O|  |TAMS 0x00000000c0500000, 0x00000000c0400000| Untracked 
|   5|0x00000000c0500000, 0x00000000c0600000, 0x00000000c0600000|100%| O|  |TAMS 0x00000000c0600000, 0x00000000c0500000| Untracked 
|   6|0x00000000c0600000, 0x00000000c0700000, 0x00000000c0700000|100%| O|  |TAMS 0x00000000c0700000, 0x00000000c0600000| Untracked 
|   7|0x00000000c0700000, 0x00000000c07fffe8, 0x00000000c0800000| 99%| O|  |TAMS 0x00000000c07fffe8, 0x00000000c0700000| Untracked 
|   8|0x00000000c0800000, 0x00000000c08fffe0, 0x00000000c0900000| 99%| O|  |TAMS 0x00000000c08fffe0, 0x00000000c0800000| Untracked 
|   9|0x00000000c0900000, 0x00000000c09ffff0, 0x00000000c0a00000| 99%| O|  |TAMS 0x00000000c09ffff0, 0x00000000c0900000| Untracked 
|  10|0x00000000c0a00000, 0x00000000c0afffd0, 0x00000000c0b00000| 99%| O|  |TAMS 0x00000000c0afffd0, 0x00000000c0a00000| Untracked 
|  11|0x00000000c0b00000, 0x00000000c0bfffe0, 0x00000000c0c00000| 99%| O|  |TAMS 0x00000000c0bfffe0, 0x00000000c0b00000| Untracked 
|  12|0x00000000c0c00000, 0x00000000c0cfffe8, 0x00000000c0d00000| 99%| O|  |TAMS 0x00000000c0cfffe8, 0x00000000c0c00000| Untracked 
|  13|0x00000000c0d00000, 0x00000000c0dffff8, 0x00000000c0e00000| 99%| O|  |TAMS 0x00000000c0dffff8, 0x00000000c0d00000| Untracked 
|  14|0x00000000c0e00000, 0x00000000c0effff0, 0x00000000c0f00000| 99%| O|  |TAMS 0x00000000c0effff0, 0x00000000c0e00000| Untracked 
|  15|0x00000000c0f00000, 0x00000000c0fffff8, 0x00000000c1000000| 99%| O|  |TAMS 0x00000000c0fffff8, 0x00000000c0f00000| Untracked 
|  16|0x00000000c1000000, 0x00000000c10fffe0, 0x00000000c1100000| 99%| O|  |TAMS 0x00000000c10fffe0, 0x00000000c1000000| Untracked 
|  17|0x00000000c1100000, 0x00000000c11ffb48, 0x00000000c1200000| 99%| O|  |TAMS 0x00000000c11ffb48, 0x00000000c1100000| Untracked 
|  18|0x00000000c1200000, 0x00000000c12fffd0, 0x00000000c1300000| 99%| O|  |TAMS 0x00000000c12fffd0, 0x00000000c1200000| Untracked 
|  19|0x00000000c1300000, 0x00000000c1400000, 0x00000000c1400000|100%| O|  |TAMS 0x00000000c1400000, 0x00000000c1300000| Untracked 
|  20|0x00000000c1400000, 0x00000000c14f9658, 0x00000000c1500000| 97%| O|  |TAMS 0x00000000c14f9658, 0x00000000c1400000| Untracked 
|  21|0x00000000c1500000, 0x00000000c15ffca0, 0x00000000c1600000| 99%| O|  |TAMS 0x00000000c15ffca0, 0x00000000c1500000| Untracked 
|  22|0x00000000c1600000, 0x00000000c16ff4d8, 0x00000000c1700000| 99%| O|  |TAMS 0x00000000c16ff4d8, 0x00000000c1600000| Untracked 
|  23|0x00000000c1700000, 0x00000000c17ffff0, 0x00000000c1800000| 99%| O|  |TAMS 0x00000000c17ffff0, 0x00000000c1700000| Untracked 
|  24|0x00000000c1800000, 0x00000000c18ff000, 0x00000000c1900000| 99%| O|  |TAMS 0x00000000c18ff000, 0x00000000c1800000| Untracked 
|  25|0x00000000c1900000, 0x00000000c19ffff8, 0x00000000c1a00000| 99%| O|  |TAMS 0x00000000c19ffff8, 0x00000000c1900000| Untracked 
|  26|0x00000000c1a00000, 0x00000000c1affff0, 0x00000000c1b00000| 99%| O|  |TAMS 0x00000000c1affff0, 0x00000000c1a00000| Untracked 
|  27|0x00000000c1b00000, 0x00000000c1bffe00, 0x00000000c1c00000| 99%| O|  |TAMS 0x00000000c1bffe00, 0x00000000c1b00000| Untracked 
|  28|0x00000000c1c00000, 0x00000000c1cffff0, 0x00000000c1d00000| 99%| O|  |TAMS 0x00000000c1cffff0, 0x00000000c1c00000| Untracked 
|  29|0x00000000c1d00000, 0x00000000c1dcca40, 0x00000000c1e00000| 79%| O|  |TAMS 0x00000000c1d00000, 0x00000000c1d00000| Untracked 
|  30|0x00000000c1e00000, 0x00000000c1efff70, 0x00000000c1f00000| 99%| O|  |TAMS 0x00000000c1efff70, 0x00000000c1e00000| Untracked 
|  31|0x00000000c1f00000, 0x00000000c1ffec48, 0x00000000c2000000| 99%| O|  |TAMS 0x00000000c1ffec48, 0x00000000c1f00000| Untracked 
|  32|0x00000000c2000000, 0x00000000c204d090, 0x00000000c2100000| 30%| O|  |TAMS 0x00000000c2000000, 0x00000000c2000000| Untracked 
|  33|0x00000000c2100000, 0x00000000c2100000, 0x00000000c2200000|  0%| F|  |TAMS 0x00000000c2100000, 0x00000000c2100000| Untracked 
|  34|0x00000000c2200000, 0x00000000c2200000, 0x00000000c2300000|  0%| F|  |TAMS 0x00000000c2200000, 0x00000000c2200000| Untracked 
|  35|0x00000000c2300000, 0x00000000c23fa3d0, 0x00000000c2400000| 97%| O|  |TAMS 0x00000000c23fa3d0, 0x00000000c2300000| Untracked 
|  36|0x00000000c2400000, 0x00000000c2400000, 0x00000000c2500000|  0%| F|  |TAMS 0x00000000c2400000, 0x00000000c2400000| Untracked 
|  37|0x00000000c2500000, 0x00000000c2500000, 0x00000000c2600000|  0%| F|  |TAMS 0x00000000c2500000, 0x00000000c2500000| Untracked 
|  38|0x00000000c2600000, 0x00000000c2600000, 0x00000000c2700000|  0%| F|  |TAMS 0x00000000c2600000, 0x00000000c2600000| Untracked 
|  39|0x00000000c2700000, 0x00000000c27fffd0, 0x00000000c2800000| 99%| O|  |TAMS 0x00000000c27fffd0, 0x00000000c2700000| Untracked 
|  40|0x00000000c2800000, 0x00000000c2800000, 0x00000000c2900000|  0%| F|  |TAMS 0x00000000c2800000, 0x00000000c2800000| Untracked 
|  41|0x00000000c2900000, 0x00000000c2a00000, 0x00000000c2a00000|100%|HS|  |TAMS 0x00000000c2a00000, 0x00000000c2900000| Untracked 
|  42|0x00000000c2a00000, 0x00000000c2a00000, 0x00000000c2b00000|  0%| F|  |TAMS 0x00000000c2a00000, 0x00000000c2a00000| Untracked 
|  43|0x00000000c2b00000, 0x00000000c2b00000, 0x00000000c2c00000|  0%| F|  |TAMS 0x00000000c2b00000, 0x00000000c2b00000| Untracked 
|  44|0x00000000c2c00000, 0x00000000c2cff880, 0x00000000c2d00000| 99%| O|  |TAMS 0x00000000c2cff880, 0x00000000c2c00000| Untracked 
|  45|0x00000000c2d00000, 0x00000000c2dfd510, 0x00000000c2e00000| 98%| O|  |TAMS 0x00000000c2dfd510, 0x00000000c2d00000| Untracked 
|  46|0x00000000c2e00000, 0x00000000c2e00000, 0x00000000c2f00000|  0%| F|  |TAMS 0x00000000c2e00000, 0x00000000c2e00000| Untracked 
|  47|0x00000000c2f00000, 0x00000000c2f00000, 0x00000000c3000000|  0%| F|  |TAMS 0x00000000c2f00000, 0x00000000c2f00000| Untracked 
|  48|0x00000000c3000000, 0x00000000c3000000, 0x00000000c3100000|  0%| F|  |TAMS 0x00000000c3000000, 0x00000000c3000000| Untracked 
|  49|0x00000000c3100000, 0x00000000c3100000, 0x00000000c3200000|  0%| F|  |TAMS 0x00000000c3100000, 0x00000000c3100000| Untracked 
|  50|0x00000000c3200000, 0x00000000c3200000, 0x00000000c3300000|  0%| F|  |TAMS 0x00000000c3200000, 0x00000000c3200000| Untracked 
|  51|0x00000000c3300000, 0x00000000c3300000, 0x00000000c3400000|  0%| F|  |TAMS 0x00000000c3300000, 0x00000000c3300000| Untracked 
|  52|0x00000000c3400000, 0x00000000c3500000, 0x00000000c3500000|100%| O|  |TAMS 0x00000000c3500000, 0x00000000c3400000| Untracked 
|  53|0x00000000c3500000, 0x00000000c3500000, 0x00000000c3600000|  0%| F|  |TAMS 0x00000000c3500000, 0x00000000c3500000| Untracked 
|  54|0x00000000c3600000, 0x00000000c3600000, 0x00000000c3700000|  0%| F|  |TAMS 0x00000000c3600000, 0x00000000c3600000| Untracked 
|  55|0x00000000c3700000, 0x00000000c3700000, 0x00000000c3800000|  0%| F|  |TAMS 0x00000000c3700000, 0x00000000c3700000| Untracked 
|  56|0x00000000c3800000, 0x00000000c3800000, 0x00000000c3900000|  0%| F|  |TAMS 0x00000000c3800000, 0x00000000c3800000| Untracked 
|  57|0x00000000c3900000, 0x00000000c3900000, 0x00000000c3a00000|  0%| F|  |TAMS 0x00000000c3900000, 0x00000000c3900000| Untracked 
|  58|0x00000000c3a00000, 0x00000000c3a00000, 0x00000000c3b00000|  0%| F|  |TAMS 0x00000000c3a00000, 0x00000000c3a00000| Untracked 
|  59|0x00000000c3b00000, 0x00000000c3b00000, 0x00000000c3c00000|  0%| F|  |TAMS 0x00000000c3b00000, 0x00000000c3b00000| Untracked 
|  60|0x00000000c3c00000, 0x00000000c3c00000, 0x00000000c3d00000|  0%| F|  |TAMS 0x00000000c3c00000, 0x00000000c3c00000| Untracked 
|  61|0x00000000c3d00000, 0x00000000c3d00000, 0x00000000c3e00000|  0%| F|  |TAMS 0x00000000c3d00000, 0x00000000c3d00000| Untracked 
|  62|0x00000000c3e00000, 0x00000000c3e00000, 0x00000000c3f00000|  0%| F|  |TAMS 0x00000000c3e00000, 0x00000000c3e00000| Untracked 
|  63|0x00000000c3f00000, 0x00000000c3f00000, 0x00000000c4000000|  0%| F|  |TAMS 0x00000000c3f00000, 0x00000000c3f00000| Untracked 
|  64|0x00000000c4000000, 0x00000000c4000000, 0x00000000c4100000|  0%| F|  |TAMS 0x00000000c4000000, 0x00000000c4000000| Untracked 
|  65|0x00000000c4100000, 0x00000000c4100000, 0x00000000c4200000|  0%| F|  |TAMS 0x00000000c4100000, 0x00000000c4100000| Untracked 
|  66|0x00000000c4200000, 0x00000000c4200000, 0x00000000c4300000|  0%| F|  |TAMS 0x00000000c4200000, 0x00000000c4200000| Untracked 
|  67|0x00000000c4300000, 0x00000000c4300000, 0x00000000c4400000|  0%| F|  |TAMS 0x00000000c4300000, 0x00000000c4300000| Untracked 
|  68|0x00000000c4400000, 0x00000000c4400000, 0x00000000c4500000|  0%| F|  |TAMS 0x00000000c4400000, 0x00000000c4400000| Untracked 
|  69|0x00000000c4500000, 0x00000000c4500000, 0x00000000c4600000|  0%| F|  |TAMS 0x00000000c4500000, 0x00000000c4500000| Untracked 
|  70|0x00000000c4600000, 0x00000000c4600000, 0x00000000c4700000|  0%| F|  |TAMS 0x00000000c4600000, 0x00000000c4600000| Untracked 
|  71|0x00000000c4700000, 0x00000000c4700000, 0x00000000c4800000|  0%| F|  |TAMS 0x00000000c4700000, 0x00000000c4700000| Untracked 
|  72|0x00000000c4800000, 0x00000000c4800000, 0x00000000c4900000|  0%| F|  |TAMS 0x00000000c4800000, 0x00000000c4800000| Untracked 
|  73|0x00000000c4900000, 0x00000000c4900000, 0x00000000c4a00000|  0%| F|  |TAMS 0x00000000c4900000, 0x00000000c4900000| Untracked 
|  74|0x00000000c4a00000, 0x00000000c4a00000, 0x00000000c4b00000|  0%| F|  |TAMS 0x00000000c4a00000, 0x00000000c4a00000| Untracked 
|  75|0x00000000c4b00000, 0x00000000c4b00000, 0x00000000c4c00000|  0%| F|  |TAMS 0x00000000c4b00000, 0x00000000c4b00000| Untracked 
|  76|0x00000000c4c00000, 0x00000000c4c00000, 0x00000000c4d00000|  0%| F|  |TAMS 0x00000000c4c00000, 0x00000000c4c00000| Untracked 
|  77|0x00000000c4d00000, 0x00000000c4d00000, 0x00000000c4e00000|  0%| F|  |TAMS 0x00000000c4d00000, 0x00000000c4d00000| Untracked 
|  78|0x00000000c4e00000, 0x00000000c4e00000, 0x00000000c4f00000|  0%| F|  |TAMS 0x00000000c4e00000, 0x00000000c4e00000| Untracked 
|  79|0x00000000c4f00000, 0x00000000c4f00000, 0x00000000c5000000|  0%| F|  |TAMS 0x00000000c4f00000, 0x00000000c4f00000| Untracked 
|  80|0x00000000c5000000, 0x00000000c5000000, 0x00000000c5100000|  0%| F|  |TAMS 0x00000000c5000000, 0x00000000c5000000| Untracked 
|  81|0x00000000c5100000, 0x00000000c5100000, 0x00000000c5200000|  0%| F|  |TAMS 0x00000000c5100000, 0x00000000c5100000| Untracked 
|  82|0x00000000c5200000, 0x00000000c5200000, 0x00000000c5300000|  0%| F|  |TAMS 0x00000000c5200000, 0x00000000c5200000| Untracked 
|  83|0x00000000c5300000, 0x00000000c5300000, 0x00000000c5400000|  0%| F|  |TAMS 0x00000000c5300000, 0x00000000c5300000| Untracked 
|  84|0x00000000c5400000, 0x00000000c5400000, 0x00000000c5500000|  0%| F|  |TAMS 0x00000000c5400000, 0x00000000c5400000| Untracked 
|  85|0x00000000c5500000, 0x00000000c5500000, 0x00000000c5600000|  0%| F|  |TAMS 0x00000000c5500000, 0x00000000c5500000| Untracked 
|  86|0x00000000c5600000, 0x00000000c5600000, 0x00000000c5700000|  0%| F|  |TAMS 0x00000000c5600000, 0x00000000c5600000| Untracked 
|  87|0x00000000c5700000, 0x00000000c5700000, 0x00000000c5800000|  0%| F|  |TAMS 0x00000000c5700000, 0x00000000c5700000| Untracked 
|  88|0x00000000c5800000, 0x00000000c5800000, 0x00000000c5900000|  0%| F|  |TAMS 0x00000000c5800000, 0x00000000c5800000| Untracked 
|  89|0x00000000c5900000, 0x00000000c5900000, 0x00000000c5a00000|  0%| F|  |TAMS 0x00000000c5900000, 0x00000000c5900000| Untracked 
|  90|0x00000000c5a00000, 0x00000000c5a00000, 0x00000000c5b00000|  0%| F|  |TAMS 0x00000000c5a00000, 0x00000000c5a00000| Untracked 
|  91|0x00000000c5b00000, 0x00000000c5b00000, 0x00000000c5c00000|  0%| F|  |TAMS 0x00000000c5b00000, 0x00000000c5b00000| Untracked 
|  92|0x00000000c5c00000, 0x00000000c5c00000, 0x00000000c5d00000|  0%| F|  |TAMS 0x00000000c5c00000, 0x00000000c5c00000| Untracked 
|  93|0x00000000c5d00000, 0x00000000c5d00000, 0x00000000c5e00000|  0%| F|  |TAMS 0x00000000c5d00000, 0x00000000c5d00000| Untracked 
|  94|0x00000000c5e00000, 0x00000000c5e00000, 0x00000000c5f00000|  0%| F|  |TAMS 0x00000000c5e00000, 0x00000000c5e00000| Untracked 
|  95|0x00000000c5f00000, 0x00000000c5f00000, 0x00000000c6000000|  0%| F|  |TAMS 0x00000000c5f00000, 0x00000000c5f00000| Untracked 
|  96|0x00000000c6000000, 0x00000000c6000000, 0x00000000c6100000|  0%| F|  |TAMS 0x00000000c6000000, 0x00000000c6000000| Untracked 
|  97|0x00000000c6100000, 0x00000000c6100000, 0x00000000c6200000|  0%| F|  |TAMS 0x00000000c6100000, 0x00000000c6100000| Untracked 
|  98|0x00000000c6200000, 0x00000000c6200000, 0x00000000c6300000|  0%| F|  |TAMS 0x00000000c6200000, 0x00000000c6200000| Untracked 
|  99|0x00000000c6300000, 0x00000000c6300000, 0x00000000c6400000|  0%| F|  |TAMS 0x00000000c6300000, 0x00000000c6300000| Untracked 
| 100|0x00000000c6400000, 0x00000000c6400000, 0x00000000c6500000|  0%| F|  |TAMS 0x00000000c6400000, 0x00000000c6400000| Untracked 
| 101|0x00000000c6500000, 0x00000000c6500000, 0x00000000c6600000|  0%| F|  |TAMS 0x00000000c6500000, 0x00000000c6500000| Untracked 
| 102|0x00000000c6600000, 0x00000000c6600000, 0x00000000c6700000|  0%| F|  |TAMS 0x00000000c6600000, 0x00000000c6600000| Untracked 
| 103|0x00000000c6700000, 0x00000000c6700000, 0x00000000c6800000|  0%| F|  |TAMS 0x00000000c6700000, 0x00000000c6700000| Untracked 
| 104|0x00000000c6800000, 0x00000000c6800000, 0x00000000c6900000|  0%| F|  |TAMS 0x00000000c6800000, 0x00000000c6800000| Untracked 
| 105|0x00000000c6900000, 0x00000000c6900000, 0x00000000c6a00000|  0%| F|  |TAMS 0x00000000c6900000, 0x00000000c6900000| Untracked 
| 106|0x00000000c6a00000, 0x00000000c6a00000, 0x00000000c6b00000|  0%| F|  |TAMS 0x00000000c6a00000, 0x00000000c6a00000| Untracked 
| 107|0x00000000c6b00000, 0x00000000c6b00000, 0x00000000c6c00000|  0%| F|  |TAMS 0x00000000c6b00000, 0x00000000c6b00000| Untracked 
| 108|0x00000000c6c00000, 0x00000000c6c00000, 0x00000000c6d00000|  0%| F|  |TAMS 0x00000000c6c00000, 0x00000000c6c00000| Untracked 
| 109|0x00000000c6d00000, 0x00000000c6d00000, 0x00000000c6e00000|  0%| F|  |TAMS 0x00000000c6d00000, 0x00000000c6d00000| Untracked 
| 110|0x00000000c6e00000, 0x00000000c6e00000, 0x00000000c6f00000|  0%| F|  |TAMS 0x00000000c6e00000, 0x00000000c6e00000| Untracked 
| 111|0x00000000c6f00000, 0x00000000c6f00000, 0x00000000c7000000|  0%| F|  |TAMS 0x00000000c6f00000, 0x00000000c6f00000| Untracked 
| 112|0x00000000c7000000, 0x00000000c7000000, 0x00000000c7100000|  0%| F|  |TAMS 0x00000000c7000000, 0x00000000c7000000| Untracked 
| 113|0x00000000c7100000, 0x00000000c7100000, 0x00000000c7200000|  0%| F|  |TAMS 0x00000000c7100000, 0x00000000c7100000| Untracked 
| 114|0x00000000c7200000, 0x00000000c7200000, 0x00000000c7300000|  0%| F|  |TAMS 0x00000000c7200000, 0x00000000c7200000| Untracked 
| 115|0x00000000c7300000, 0x00000000c7300000, 0x00000000c7400000|  0%| F|  |TAMS 0x00000000c7300000, 0x00000000c7300000| Untracked 
| 116|0x00000000c7400000, 0x00000000c7400000, 0x00000000c7500000|  0%| F|  |TAMS 0x00000000c7400000, 0x00000000c7400000| Untracked 
| 117|0x00000000c7500000, 0x00000000c7500000, 0x00000000c7600000|  0%| F|  |TAMS 0x00000000c7500000, 0x00000000c7500000| Untracked 
| 118|0x00000000c7600000, 0x00000000c7600000, 0x00000000c7700000|  0%| F|  |TAMS 0x00000000c7600000, 0x00000000c7600000| Untracked 
| 119|0x00000000c7700000, 0x00000000c7700000, 0x00000000c7800000|  0%| F|  |TAMS 0x00000000c7700000, 0x00000000c7700000| Untracked 
| 120|0x00000000c7800000, 0x00000000c7800000, 0x00000000c7900000|  0%| F|  |TAMS 0x00000000c7800000, 0x00000000c7800000| Untracked 
| 121|0x00000000c7900000, 0x00000000c7900000, 0x00000000c7a00000|  0%| F|  |TAMS 0x00000000c7900000, 0x00000000c7900000| Untracked 
| 122|0x00000000c7a00000, 0x00000000c7a00000, 0x00000000c7b00000|  0%| F|  |TAMS 0x00000000c7a00000, 0x00000000c7a00000| Untracked 
| 123|0x00000000c7b00000, 0x00000000c7b00000, 0x00000000c7c00000|  0%| F|  |TAMS 0x00000000c7b00000, 0x00000000c7b00000| Untracked 
| 124|0x00000000c7c00000, 0x00000000c7c00000, 0x00000000c7d00000|  0%| F|  |TAMS 0x00000000c7c00000, 0x00000000c7c00000| Untracked 
| 125|0x00000000c7d00000, 0x00000000c7d00000, 0x00000000c7e00000|  0%| F|  |TAMS 0x00000000c7d00000, 0x00000000c7d00000| Untracked 
| 126|0x00000000c7e00000, 0x00000000c7e00000, 0x00000000c7f00000|  0%| F|  |TAMS 0x00000000c7e00000, 0x00000000c7e00000| Untracked 
| 127|0x00000000c7f00000, 0x00000000c7f00000, 0x00000000c8000000|  0%| F|  |TAMS 0x00000000c7f00000, 0x00000000c7f00000| Untracked 
| 128|0x00000000c8000000, 0x00000000c8000000, 0x00000000c8100000|  0%| F|  |TAMS 0x00000000c8000000, 0x00000000c8000000| Untracked 
| 129|0x00000000c8100000, 0x00000000c812b028, 0x00000000c8200000| 16%| E|  |TAMS 0x00000000c8100000, 0x00000000c8100000| Complete 

Card table byte_map: [0x0000026005dc0000,0x0000026005fc0000] _byte_map_base: 0x00000260057c0000

Marking Bits (Prev, Next): (CMBitMap*) 0x000002607dd34b90, (CMBitMap*) 0x000002607dd34b50
 Prev Bits: [0x00000260071c0000, 0x00000260081c0000)
 Next Bits: [0x00000260061c0000, 0x00000260071c0000)

Polling page: 0x000002607ddc0000

Metaspace:

Usage:
  Non-class:     59.55 MB used.
      Class:      9.46 MB used.
       Both:     69.01 MB used.

Virtual space:
  Non-class space:       64.00 MB reserved,      60.00 MB ( 94%) committed,  1 nodes.
      Class space:        1.00 GB reserved,       9.75 MB ( <1%) committed,  1 nodes.
             Both:        1.06 GB reserved,      69.75 MB (  6%) committed. 

Chunk freelists:
   Non-Class:  3.33 MB
       Class:  6.39 MB
        Both:  9.72 MB

MaxMetaspaceSize: unlimited
CompressedClassSpaceSize: 1.00 GB
Initial GC threshold: 21.00 MB
Current GC threshold: 116.25 MB
CDS: off
MetaspaceReclaimPolicy: balanced
 - commit_granule_bytes: 65536.
 - commit_granule_words: 8192.
 - virtual_space_node_default_size: 8388608.
 - enlarge_chunks_in_place: 1.
 - new_chunks_are_fully_committed: 0.
 - uncommit_free_chunks: 1.
 - use_allocation_guard: 0.
 - handle_deallocations: 1.


Internal statistics:

num_allocs_failed_limit: 8.
num_arena_births: 690.
num_arena_deaths: 218.
num_vsnodes_births: 2.
num_vsnodes_deaths: 0.
num_space_committed: 1116.
num_space_uncommitted: 0.
num_chunks_returned_to_freelist: 271.
num_chunks_taken_from_freelist: 2974.
num_chunk_merges: 96.
num_chunk_splits: 2133.
num_chunks_enlarged: 1627.
num_inconsistent_stats: 0.

CodeCache: size=49152Kb used=21166Kb max_used=22618Kb free=27985Kb
 bounds [0x0000026002bc0000, 0x00000260041e0000, 0x0000026005bc0000]
 total_blobs=12407 nmethods=11730 adapters=603
 compilation: enabled
              stopped_count=0, restarted_count=0
 full_count=0

Compilation events (20 events):
Event: 8682.641 Thread 0x000002600ab0d3e0 11918       1       org.springframework.ide.vscode.boot.app.SpringSymbolIndex::lambda$searchMatchingSymbols$29 (54 bytes)
Event: 8682.642 Thread 0x000002600ab0d3e0 nmethod 11918 0x0000026002d32b10 code [0x0000026002d32ce0, 0x0000026002d32f18]
Event: 8682.642 Thread 0x000002600ab0d3e0 11919       1       org.springframework.ide.vscode.boot.app.SpringSymbolIndex$$Lambda$615/0x00000001004b0fb8::test (12 bytes)
Event: 8682.646 Thread 0x000002600ab0d3e0 nmethod 11919 0x0000026002d32010 code [0x0000026002d32220, 0x0000026002d327a8]
Event: 8682.646 Thread 0x000002600ab0d3e0 11914       1       java.io.StringWriter::append (7 bytes)
Event: 8682.646 Thread 0x000002600ab0d3e0 nmethod 11914 0x0000026002d31b10 code [0x0000026002d31cc0, 0x0000026002d31ec8]
Event: 8683.003 Thread 0x000002600ab0d3e0 11920   !   1       org.eclipse.lsp4j.jsonrpc.json.StreamMessageConsumer::consume (100 bytes)
Event: 8683.011 Thread 0x000002600ab0d3e0 nmethod 11920 0x0000026002d30590 code [0x0000026002d30840, 0x0000026002d31208]
Event: 8683.011 Thread 0x000002600ab0d3e0 11926       1       org.eclipse.lsp4j.jsonrpc.json.adapters.EnumTypeAdapter::write (10 bytes)
Event: 8683.015 Thread 0x000002600ab0d3e0 nmethod 11926 0x0000026002d30090 code [0x0000026002d30260, 0x0000026002d30448]
Event: 8683.015 Thread 0x000002600ab0d3e0 11921       1       org.eclipse.lsp4j.jsonrpc.json.MessageJsonHandler::serialize (19 bytes)
Event: 8683.015 Thread 0x000002600ab0d3e0 nmethod 11921 0x0000026002d2fa10 code [0x0000026002d2fbe0, 0x0000026002d2ff08]
Event: 8683.015 Thread 0x000002600ab0d3e0 11922       1       java.io.StringWriter::<init> (24 bytes)
Event: 8683.015 Thread 0x000002600ab0d3e0 nmethod 11922 0x0000026002d2f510 code [0x0000026002d2f6c0, 0x0000026002d2f928]
Event: 8683.015 Thread 0x000002600ab0d3e0 11923       1       org.eclipse.lsp4j.jsonrpc.json.MessageJsonHandler::serialize (12 bytes)
Event: 8683.016 Thread 0x000002600ab0d3e0 nmethod 11923 0x0000026002d2ee10 code [0x0000026002d2efe0, 0x0000026002d2f2b8]
Event: 8683.016 Thread 0x000002600ab0d3e0 11924       1       org.eclipse.lsp4j.jsonrpc.json.adapters.MessageTypeAdapter::write (10 bytes)
Event: 8683.016 Thread 0x000002600ab0d3e0 nmethod 11924 0x0000026002d2ea90 code [0x0000026002d2ec20, 0x0000026002d2ed28]
Event: 8683.016 Thread 0x000002600ab0d3e0 11925       1       org.eclipse.lsp4j.jsonrpc.json.adapters.MessageTypeAdapter::write (299 bytes)
Event: 8683.020 Thread 0x000002600ab0d3e0 nmethod 11925 0x0000026002d2da90 code [0x0000026002d2dd80, 0x0000026002d2e588]

GC Heap History (20 events):
Event: 8657.331 GC heap before
{Heap before GC invocations=882 (full 789):
 garbage-first heap   total 133120K, used 38929K [0x00000000c0000000, 0x0000000100000000)
  region size 1024K, 1 young (1024K), 0 survivors (0K)
 Metaspace       used 70663K, committed 71424K, reserved 1114112K
  class space    used 9688K, committed 9984K, reserved 1048576K
}
Event: 8657.376 GC heap after
{Heap after GC invocations=883 (full 790):
 garbage-first heap   total 133120K, used 38929K [0x00000000c0000000, 0x0000000100000000)
  region size 1024K, 0 young (0K), 0 survivors (0K)
 Metaspace       used 70663K, committed 71424K, reserved 1114112K
  class space    used 9688K, committed 9984K, reserved 1048576K
}
Event: 8667.501 GC heap before
{Heap before GC invocations=883 (full 790):
 garbage-first heap   total 133120K, used 38929K [0x00000000c0000000, 0x0000000100000000)
  region size 1024K, 1 young (1024K), 0 survivors (0K)
 Metaspace       used 70663K, committed 71424K, reserved 1114112K
  class space    used 9688K, committed 9984K, reserved 1048576K
}
Event: 8667.535 GC heap after
{Heap after GC invocations=884 (full 791):
 garbage-first heap   total 133120K, used 38929K [0x00000000c0000000, 0x0000000100000000)
  region size 1024K, 0 young (0K), 0 survivors (0K)
 Metaspace       used 70663K, committed 71424K, reserved 1114112K
  class space    used 9688K, committed 9984K, reserved 1048576K
}
Event: 8677.714 GC heap before
{Heap before GC invocations=884 (full 791):
 garbage-first heap   total 133120K, used 38929K [0x00000000c0000000, 0x0000000100000000)
  region size 1024K, 1 young (1024K), 0 survivors (0K)
 Metaspace       used 70663K, committed 71424K, reserved 1114112K
  class space    used 9688K, committed 9984K, reserved 1048576K
}
Event: 8677.757 GC heap after
{Heap after GC invocations=885 (full 792):
 garbage-first heap   total 133120K, used 38929K [0x00000000c0000000, 0x0000000100000000)
  region size 1024K, 0 young (0K), 0 survivors (0K)
 Metaspace       used 70663K, committed 71424K, reserved 1114112K
  class space    used 9688K, committed 9984K, reserved 1048576K
}
Event: 8717.942 GC heap before
{Heap before GC invocations=885 (full 792):
 garbage-first heap   total 133120K, used 38929K [0x00000000c0000000, 0x0000000100000000)
  region size 1024K, 1 young (1024K), 0 survivors (0K)
 Metaspace       used 70667K, committed 71424K, reserved 1114112K
  class space    used 9689K, committed 9984K, reserved 1048576K
}
Event: 8717.978 GC heap after
{Heap after GC invocations=886 (full 793):
 garbage-first heap   total 133120K, used 38940K [0x00000000c0000000, 0x0000000100000000)
  region size 1024K, 0 young (0K), 0 survivors (0K)
 Metaspace       used 70667K, committed 71424K, reserved 1114112K
  class space    used 9689K, committed 9984K, reserved 1048576K
}
Event: 8728.155 GC heap before
{Heap before GC invocations=886 (full 793):
 garbage-first heap   total 133120K, used 38940K [0x00000000c0000000, 0x0000000100000000)
  region size 1024K, 1 young (1024K), 0 survivors (0K)
 Metaspace       used 70667K, committed 71424K, reserved 1114112K
  class space    used 9689K, committed 9984K, reserved 1048576K
}
Event: 8728.196 GC heap after
{Heap after GC invocations=887 (full 794):
 garbage-first heap   total 133120K, used 38940K [0x00000000c0000000, 0x0000000100000000)
  region size 1024K, 0 young (0K), 0 survivors (0K)
 Metaspace       used 70667K, committed 71424K, reserved 1114112K
  class space    used 9689K, committed 9984K, reserved 1048576K
}
Event: 8738.631 GC heap before
{Heap before GC invocations=887 (full 794):
 garbage-first heap   total 133120K, used 38940K [0x00000000c0000000, 0x0000000100000000)
  region size 1024K, 1 young (1024K), 0 survivors (0K)
 Metaspace       used 70667K, committed 71424K, reserved 1114112K
  class space    used 9689K, committed 9984K, reserved 1048576K
}
Event: 8738.678 GC heap after
{Heap after GC invocations=888 (full 795):
 garbage-first heap   total 133120K, used 38940K [0x00000000c0000000, 0x0000000100000000)
  region size 1024K, 0 young (0K), 0 survivors (0K)
 Metaspace       used 70667K, committed 71424K, reserved 1114112K
  class space    used 9689K, committed 9984K, reserved 1048576K
}
Event: 8748.855 GC heap before
{Heap before GC invocations=888 (full 795):
 garbage-first heap   total 133120K, used 38940K [0x00000000c0000000, 0x0000000100000000)
  region size 1024K, 1 young (1024K), 0 survivors (0K)
 Metaspace       used 70667K, committed 71424K, reserved 1114112K
  class space    used 9689K, committed 9984K, reserved 1048576K
}
Event: 8748.894 GC heap after
{Heap after GC invocations=889 (full 796):
 garbage-first heap   total 133120K, used 38939K [0x00000000c0000000, 0x0000000100000000)
  region size 1024K, 0 young (0K), 0 survivors (0K)
 Metaspace       used 70667K, committed 71424K, reserved 1114112K
  class space    used 9689K, committed 9984K, reserved 1048576K
}
Event: 8759.073 GC heap before
{Heap before GC invocations=889 (full 796):
 garbage-first heap   total 133120K, used 38939K [0x00000000c0000000, 0x0000000100000000)
  region size 1024K, 1 young (1024K), 0 survivors (0K)
 Metaspace       used 70667K, committed 71424K, reserved 1114112K
  class space    used 9689K, committed 9984K, reserved 1048576K
}
Event: 8759.112 GC heap after
{Heap after GC invocations=890 (full 797):
 garbage-first heap   total 133120K, used 38939K [0x00000000c0000000, 0x0000000100000000)
  region size 1024K, 0 young (0K), 0 survivors (0K)
 Metaspace       used 70667K, committed 71424K, reserved 1114112K
  class space    used 9689K, committed 9984K, reserved 1048576K
}
Event: 8769.371 GC heap before
{Heap before GC invocations=890 (full 797):
 garbage-first heap   total 133120K, used 38939K [0x00000000c0000000, 0x0000000100000000)
  region size 1024K, 1 young (1024K), 0 survivors (0K)
 Metaspace       used 70667K, committed 71424K, reserved 1114112K
  class space    used 9689K, committed 9984K, reserved 1048576K
}
Event: 8769.431 GC heap after
{Heap after GC invocations=891 (full 798):
 garbage-first heap   total 133120K, used 38939K [0x00000000c0000000, 0x0000000100000000)
  region size 1024K, 0 young (0K), 0 survivors (0K)
 Metaspace       used 70667K, committed 71424K, reserved 1114112K
  class space    used 9689K, committed 9984K, reserved 1048576K
}
Event: 8779.622 GC heap before
{Heap before GC invocations=891 (full 798):
 garbage-first heap   total 133120K, used 38939K [0x00000000c0000000, 0x0000000100000000)
  region size 1024K, 1 young (1024K), 0 survivors (0K)
 Metaspace       used 70667K, committed 71424K, reserved 1114112K
  class space    used 9689K, committed 9984K, reserved 1048576K
}
Event: 8779.663 GC heap after
{Heap after GC invocations=892 (full 799):
 garbage-first heap   total 133120K, used 38937K [0x00000000c0000000, 0x0000000100000000)
  region size 1024K, 0 young (0K), 0 survivors (0K)
 Metaspace       used 70667K, committed 71424K, reserved 1114112K
  class space    used 9689K, committed 9984K, reserved 1048576K
}

Dll operation events (10 events):
Event: 0.017 Loaded shared library c:\Users\amine\.vscode\extensions\redhat.java-1.18.0-win32-x64\jre\17.0.7-win32-x86_64\bin\java.dll
Event: 0.522 Loaded shared library C:\Users\amine\.vscode\extensions\redhat.java-1.18.0-win32-x64\jre\17.0.7-win32-x86_64\bin\net.dll
Event: 0.525 Loaded shared library C:\Users\amine\.vscode\extensions\redhat.java-1.18.0-win32-x64\jre\17.0.7-win32-x86_64\bin\nio.dll
Event: 0.536 Loaded shared library C:\Users\amine\.vscode\extensions\redhat.java-1.18.0-win32-x64\jre\17.0.7-win32-x86_64\bin\zip.dll
Event: 1.041 Loaded shared library C:\Users\amine\.vscode\extensions\redhat.java-1.18.0-win32-x64\jre\17.0.7-win32-x86_64\bin\jimage.dll
Event: 8.433 Loaded shared library C:\Users\amine\.vscode\extensions\redhat.java-1.18.0-win32-x64\jre\17.0.7-win32-x86_64\bin\management.dll
Event: 8.438 Loaded shared library C:\Users\amine\.vscode\extensions\redhat.java-1.18.0-win32-x64\jre\17.0.7-win32-x86_64\bin\management_ext.dll
Event: 13.451 Loaded shared library C:\Users\amine\.vscode\extensions\redhat.java-1.18.0-win32-x64\jre\17.0.7-win32-x86_64\bin\sunmscapi.dll
Event: 26.148 Loaded shared library c:\Users\amine\.vscode\extensions\redhat.java-1.18.0-win32-x64\jre\17.0.7-win32-x86_64\bin\verify.dll
Event: 33.421 Loaded shared library C:\Users\amine\AppData\Local\Temp\snappy-1.1.8-bb7a3463-785f-4ba2-b844-a430c37b47a9-snappyjava.dll

Deoptimization events (20 events):
Event: 27.496 Thread 0x00000260104a00f0 DEOPT PACKING pc=0x0000026003bfc524 sp=0x0000006db51fdec0
Event: 27.496 Thread 0x00000260104a00f0 DEOPT UNPACKING pc=0x0000026002c17143 sp=0x0000006db51fd440 mode 0
Event: 27.496 Thread 0x00000260104a00f0 DEOPT PACKING pc=0x0000026003cf302c sp=0x0000006db51fe1e0
Event: 27.496 Thread 0x00000260104a00f0 DEOPT UNPACKING pc=0x0000026002c17143 sp=0x0000006db51fd670 mode 0
Event: 33.024 Thread 0x00000260106bcba0 DEOPT PACKING pc=0x0000026003e2ea8c sp=0x0000006db53fd7c0
Event: 33.024 Thread 0x00000260106bcba0 DEOPT UNPACKING pc=0x0000026002c17143 sp=0x0000006db53fcd08 mode 0
Event: 33.030 Thread 0x00000260106bcba0 DEOPT PACKING pc=0x0000026003e2eaec sp=0x0000006db53fdac0
Event: 33.030 Thread 0x00000260106bcba0 DEOPT UNPACKING pc=0x0000026002c17143 sp=0x0000006db53fd010 mode 0
Event: 33.030 Thread 0x00000260106bcba0 DEOPT PACKING pc=0x0000026003e2eaec sp=0x0000006db53fdd50
Event: 33.030 Thread 0x00000260106bcba0 DEOPT UNPACKING pc=0x0000026002c17143 sp=0x0000006db53fd2a0 mode 0
Event: 33.046 Thread 0x00000260106bcba0 DEOPT PACKING pc=0x0000026003f1ae54 sp=0x0000006db53fc6a0
Event: 33.046 Thread 0x00000260106bcba0 DEOPT UNPACKING pc=0x0000026002c17143 sp=0x0000006db53fbce8 mode 1
Event: 33.048 Thread 0x00000260106bcba0 DEOPT PACKING pc=0x0000026003e2eaec sp=0x0000006db53fe080
Event: 33.048 Thread 0x00000260106bcba0 DEOPT UNPACKING pc=0x0000026002c17143 sp=0x0000006db53fd5d0 mode 0
Event: 33.048 Thread 0x00000260106bcba0 DEOPT PACKING pc=0x0000026003e2eaec sp=0x0000006db53fe360
Event: 33.048 Thread 0x00000260106bcba0 DEOPT UNPACKING pc=0x0000026002c17143 sp=0x0000006db53fd8b0 mode 0
Event: 33.086 Thread 0x00000260106bcba0 DEOPT PACKING pc=0x0000026003e49d2c sp=0x0000006db53fc1a0
Event: 33.086 Thread 0x00000260106bcba0 DEOPT UNPACKING pc=0x0000026002c17143 sp=0x0000006db53fb738 mode 0
Event: 181.319 Thread 0x000002601044ae30 DEOPT PACKING pc=0x00000260031d4d54 sp=0x0000006db4cff090
Event: 181.319 Thread 0x000002601044ae30 DEOPT UNPACKING pc=0x0000026002c17143 sp=0x0000006db4cfe518 mode 0

Classes unloaded (20 events):
Event: 150.155 Thread 0x000002600aaca030 Unloading class 0x0000000100355400 'java/lang/invoke/LambdaForm$MH+0x0000000100355400'
Event: 150.155 Thread 0x000002600aaca030 Unloading class 0x0000000100355000 'java/lang/invoke/LambdaForm$MH+0x0000000100355000'
Event: 150.156 Thread 0x000002600aaca030 Unloading class 0x0000000100091c00 'java/lang/invoke/LambdaForm$MH+0x0000000100091c00'
Event: 150.156 Thread 0x000002600aaca030 Unloading class 0x0000000100091800 'java/lang/invoke/LambdaForm$MH+0x0000000100091800'
Event: 150.156 Thread 0x000002600aaca030 Unloading class 0x0000000100091400 'java/lang/invoke/LambdaForm$MH+0x0000000100091400'
Event: 150.156 Thread 0x000002600aaca030 Unloading class 0x0000000100091000 'java/lang/invoke/LambdaForm$MH+0x0000000100091000'
Event: 150.156 Thread 0x000002600aaca030 Unloading class 0x0000000100090c00 'java/lang/invoke/LambdaForm$MH+0x0000000100090c00'
Event: 150.156 Thread 0x000002600aaca030 Unloading class 0x0000000100090800 'java/lang/invoke/LambdaForm$MH+0x0000000100090800'
Event: 150.156 Thread 0x000002600aaca030 Unloading class 0x0000000100090400 'java/lang/invoke/LambdaForm$MH+0x0000000100090400'
Event: 150.156 Thread 0x000002600aaca030 Unloading class 0x0000000100090000 'java/lang/invoke/LambdaForm$MH+0x0000000100090000'
Event: 150.156 Thread 0x000002600aaca030 Unloading class 0x000000010008b800 'java/lang/invoke/LambdaForm$MH+0x000000010008b800'
Event: 150.156 Thread 0x000002600aaca030 Unloading class 0x000000010008b400 'java/lang/invoke/LambdaForm$MH+0x000000010008b400'
Event: 150.156 Thread 0x000002600aaca030 Unloading class 0x000000010008b000 'java/lang/invoke/LambdaForm$MH+0x000000010008b000'
Event: 150.156 Thread 0x000002600aaca030 Unloading class 0x000000010008ac00 'java/lang/invoke/LambdaForm$MH+0x000000010008ac00'
Event: 150.156 Thread 0x000002600aaca030 Unloading class 0x000000010008a800 'java/lang/invoke/LambdaForm$MH+0x000000010008a800'
Event: 150.156 Thread 0x000002600aaca030 Unloading class 0x000000010008a400 'java/lang/invoke/LambdaForm$MH+0x000000010008a400'
Event: 150.156 Thread 0x000002600aaca030 Unloading class 0x0000000100089c00 'java/lang/invoke/LambdaForm$MH+0x0000000100089c00'
Event: 150.156 Thread 0x000002600aaca030 Unloading class 0x0000000100089400 'java/lang/invoke/LambdaForm$MH+0x0000000100089400'
Event: 150.156 Thread 0x000002600aaca030 Unloading class 0x0000000100088c00 'java/lang/invoke/LambdaForm$MH+0x0000000100088c00'
Event: 150.156 Thread 0x000002600aaca030 Unloading class 0x0000000100088400 'java/lang/invoke/LambdaForm$MH+0x0000000100088400'

Classes redefined (0 events):
No events

Internal exceptions (20 events):
Event: 35.821 Thread 0x00000260106bcba0 Exception <a 'sun/nio/fs/WindowsException'{0x00000000e1020ce0}> (0x00000000e1020ce0) 
thrown [s\src\hotspot\share\prims\jni.cpp, line 516]
Event: 35.821 Thread 0x00000260106bcba0 Exception <a 'sun/nio/fs/WindowsException'{0x00000000e1021158}> (0x00000000e1021158) 
thrown [s\src\hotspot\share\prims\jni.cpp, line 516]
Event: 35.822 Thread 0x00000260106bcba0 Exception <a 'sun/nio/fs/WindowsException'{0x00000000e104f4a8}> (0x00000000e104f4a8) 
thrown [s\src\hotspot\share\prims\jni.cpp, line 516]
Event: 35.822 Thread 0x00000260106bcba0 Exception <a 'sun/nio/fs/WindowsException'{0x00000000e104f8e8}> (0x00000000e104f8e8) 
thrown [s\src\hotspot\share\prims\jni.cpp, line 516]
Event: 35.822 Thread 0x00000260106bcba0 Exception <a 'sun/nio/fs/WindowsException'{0x00000000e1050918}> (0x00000000e1050918) 
thrown [s\src\hotspot\share\prims\jni.cpp, line 516]
Event: 35.822 Thread 0x00000260106bcba0 Exception <a 'sun/nio/fs/WindowsException'{0x00000000e1050d68}> (0x00000000e1050d68) 
thrown [s\src\hotspot\share\prims\jni.cpp, line 516]
Event: 35.822 Thread 0x00000260106bcba0 Exception <a 'sun/nio/fs/WindowsException'{0x00000000e1070e40}> (0x00000000e1070e40) 
thrown [s\src\hotspot\share\prims\jni.cpp, line 516]
Event: 35.822 Thread 0x00000260106bcba0 Exception <a 'sun/nio/fs/WindowsException'{0x00000000e1071278}> (0x00000000e1071278) 
thrown [s\src\hotspot\share\prims\jni.cpp, line 516]
Event: 35.822 Thread 0x00000260106bcba0 Exception <a 'sun/nio/fs/WindowsException'{0x00000000e1072298}> (0x00000000e1072298) 
thrown [s\src\hotspot\share\prims\jni.cpp, line 516]
Event: 35.822 Thread 0x00000260106bcba0 Exception <a 'sun/nio/fs/WindowsException'{0x00000000e10726e8}> (0x00000000e10726e8) 
thrown [s\src\hotspot\share\prims\jni.cpp, line 516]
Event: 35.823 Thread 0x00000260106bcba0 Exception <a 'sun/nio/fs/WindowsException'{0x00000000e10a6208}> (0x00000000e10a6208) 
thrown [s\src\hotspot\share\prims\jni.cpp, line 516]
Event: 35.823 Thread 0x00000260106bcba0 Exception <a 'sun/nio/fs/WindowsException'{0x00000000e10a6658}> (0x00000000e10a6658) 
thrown [s\src\hotspot\share\prims\jni.cpp, line 516]
Event: 35.823 Thread 0x00000260106bcba0 Exception <a 'sun/nio/fs/WindowsException'{0x00000000e10a7bf0}> (0x00000000e10a7bf0) 
thrown [s\src\hotspot\share\prims\jni.cpp, line 516]
Event: 35.823 Thread 0x00000260106bcba0 Exception <a 'sun/nio/fs/WindowsException'{0x00000000e10a8068}> (0x00000000e10a8068) 
thrown [s\src\hotspot\share\prims\jni.cpp, line 516]
Event: 35.824 Thread 0x00000260106bcba0 Exception <a 'sun/nio/fs/WindowsException'{0x00000000e10ca308}> (0x00000000e10ca308) 
thrown [s\src\hotspot\share\prims\jni.cpp, line 516]
Event: 35.824 Thread 0x00000260106bcba0 Exception <a 'sun/nio/fs/WindowsException'{0x00000000e10ca758}> (0x00000000e10ca758) 
thrown [s\src\hotspot\share\prims\jni.cpp, line 516]
Event: 35.825 Thread 0x00000260106bcba0 Exception <a 'sun/nio/fs/WindowsException'{0x00000000e10cbcf0}> (0x00000000e10cbcf0) 
thrown [s\src\hotspot\share\prims\jni.cpp, line 516]
Event: 35.825 Thread 0x00000260106bcba0 Exception <a 'sun/nio/fs/WindowsException'{0x00000000e10cc160}> (0x00000000e10cc160) 
thrown [s\src\hotspot\share\prims\jni.cpp, line 516]
Event: 68.466 Thread 0x00000260103b3880 Exception <a 'java/lang/NoSuchMethodError'{0x00000000e0d4dd88}: 'void java.lang.invoke.DirectMethodHandle$Holder.invokeStatic(java.lang.Object, long)'> (0x00000000e0d4dd88) 
thrown [s\src\hotspot\share\interpreter\linkResolver.cpp, line 759]
Event: 68.467 Thread 0x00000260103b3880 Exception <a 'java/lang/NoSuchMethodError'{0x00000000e0d53138}: 'java.lang.Object java.lang.invoke.DirectMethodHandle$Holder.newInvokeSpecial(java.lang.Object, long)'> (0x00000000e0d53138) 
thrown [s\src\hotspot\share\interpreter\linkResolver.cpp, line 759]

VM Operations (20 events):
Event: 8677.757 Executing VM operation: G1CollectFull done
Event: 8682.785 Executing VM operation: Cleanup
Event: 8682.786 Executing VM operation: Cleanup done
Event: 8717.942 Executing VM operation: G1CollectFull
Event: 8717.978 Executing VM operation: G1CollectFull done
Event: 8728.155 Executing VM operation: G1CollectFull
Event: 8728.196 Executing VM operation: G1CollectFull done
Event: 8738.631 Executing VM operation: G1CollectFull
Event: 8738.678 Executing VM operation: G1CollectFull done
Event: 8743.711 Executing VM operation: Cleanup
Event: 8743.711 Executing VM operation: Cleanup done
Event: 8748.854 Executing VM operation: G1CollectFull
Event: 8748.894 Executing VM operation: G1CollectFull done
Event: 8759.073 Executing VM operation: G1CollectFull
Event: 8759.112 Executing VM operation: G1CollectFull done
Event: 8769.370 Executing VM operation: G1CollectFull
Event: 8769.432 Executing VM operation: G1CollectFull done
Event: 8779.622 Executing VM operation: G1CollectFull
Event: 8779.663 Executing VM operation: G1CollectFull done
Event: 8789.714 Executing VM operation: G1CollectFull

Events (20 events):
Event: 68.458 loading class java/lang/Process
Event: 68.458 loading class java/lang/Process done
Event: 68.458 loading class java/lang/ProcessImpl done
Event: 68.468 loading class java/lang/ProcessImpl$2
Event: 68.468 loading class java/lang/ProcessImpl$2 done
Event: 68.468 loading class java/lang/Process$PipeInputStream
Event: 68.468 loading class java/lang/Process$PipeInputStream done
Event: 68.470 loading class jdk/internal/event/ProcessStartEvent
Event: 68.470 loading class jdk/internal/event/ProcessStartEvent done
Event: 69.359 Thread 0x00000260104890d0 Thread exited: 0x00000260104890d0
Event: 72.513 Thread 0x00000260104a3110 Thread exited: 0x00000260104a3110
Event: 72.513 Thread 0x000002601048bb00 Thread exited: 0x000002601048bb00
Event: 87.927 Thread 0x00000260104a00f0 Thread exited: 0x00000260104a00f0
Event: 147.937 Thread 0x00000260106c18a0 Thread exited: 0x00000260106c18a0
Event: 207.938 Thread 0x00000260106bed50 Thread exited: 0x00000260106bed50
Event: 267.941 Thread 0x00000260106bf220 Thread exited: 0x00000260106bf220
Event: 327.958 Thread 0x00000260106c3a50 Thread exited: 0x00000260106c3a50
Event: 387.973 Thread 0x00000260106be880 Thread exited: 0x00000260106be880
Event: 8682.507 Thread 0x00000260106c2240 Thread added: 0x00000260106c2240
Event: 8743.015 Thread 0x00000260106c2240 Thread exited: 0x00000260106c2240


Dynamic libraries:
0x00007ff79b3e0000 - 0x00007ff79b3ee000 	c:\Users\amine\.vscode\extensions\redhat.java-1.18.0-win32-x64\jre\17.0.7-win32-x86_64\bin\java.exe
0x00007ff80c090000 - 0x00007ff80c288000 	C:\WINDOWS\SYSTEM32\ntdll.dll
0x00007ff80bb30000 - 0x00007ff80bbef000 	C:\WINDOWS\System32\KERNEL32.DLL
0x00007ff8097a0000 - 0x00007ff809a96000 	C:\WINDOWS\System32\KERNELBASE.dll
0x00007ff809ca0000 - 0x00007ff809da0000 	C:\WINDOWS\System32\ucrtbase.dll
0x00007fffb5740000 - 0x00007fffb5757000 	c:\Users\amine\.vscode\extensions\redhat.java-1.18.0-win32-x64\jre\17.0.7-win32-x86_64\bin\jli.dll
0x00007ff80a2a0000 - 0x00007ff80a43d000 	C:\WINDOWS\System32\USER32.dll
0x00007ff809770000 - 0x00007ff809792000 	C:\WINDOWS\System32\win32u.dll
0x00007ff80ada0000 - 0x00007ff80adcc000 	C:\WINDOWS\System32\GDI32.dll
0x00007ff809f10000 - 0x00007ff80a025000 	C:\WINDOWS\System32\gdi32full.dll
0x00007ff809aa0000 - 0x00007ff809b3d000 	C:\WINDOWS\System32\msvcp_win.dll
0x00007fffb5720000 - 0x00007fffb5739000 	c:\Users\amine\.vscode\extensions\redhat.java-1.18.0-win32-x64\jre\17.0.7-win32-x86_64\bin\VCRUNTIME140.dll
0x00007fffecd80000 - 0x00007fffed01a000 	C:\WINDOWS\WinSxS\amd64_microsoft.windows.common-controls_6595b64144ccf1df_6.0.19041.1110_none_60b5254171f9507e\COMCTL32.dll
0x00007ff80bd20000 - 0x00007ff80bdbe000 	C:\WINDOWS\System32\msvcrt.dll
0x00007ff80b950000 - 0x00007ff80b980000 	C:\WINDOWS\System32\IMM32.DLL
0x00007fffb5700000 - 0x00007fffb570c000 	c:\Users\amine\.vscode\extensions\redhat.java-1.18.0-win32-x64\jre\17.0.7-win32-x86_64\bin\vcruntime140_1.dll
0x00007fffb5660000 - 0x00007fffb56f1000 	c:\Users\amine\.vscode\extensions\redhat.java-1.18.0-win32-x64\jre\17.0.7-win32-x86_64\bin\msvcp140.dll
0x00007fffa75b0000 - 0x00007fffa81f8000 	c:\Users\amine\.vscode\extensions\redhat.java-1.18.0-win32-x64\jre\17.0.7-win32-x86_64\bin\server\jvm.dll
0x00007ff80a1d0000 - 0x00007ff80a27f000 	C:\WINDOWS\System32\ADVAPI32.dll
0x00007ff80ade0000 - 0x00007ff80ae7c000 	C:\WINDOWS\System32\sechost.dll
0x00007ff80bbf0000 - 0x00007ff80bd16000 	C:\WINDOWS\System32\RPCRT4.dll
0x00007fffdf420000 - 0x00007fffdf429000 	C:\WINDOWS\SYSTEM32\WSOCK32.dll
0x00007ff80bfe0000 - 0x00007ff80c04b000 	C:\WINDOWS\System32\WS2_32.dll
0x00007fffed200000 - 0x00007fffed227000 	C:\WINDOWS\SYSTEM32\WINMM.dll
0x00007ff802820000 - 0x00007ff80282a000 	C:\WINDOWS\SYSTEM32\VERSION.dll
0x00007ff807f80000 - 0x00007ff807f92000 	C:\WINDOWS\SYSTEM32\kernel.appcore.dll
0x00007fffb5710000 - 0x00007fffb571a000 	c:\Users\amine\.vscode\extensions\redhat.java-1.18.0-win32-x64\jre\17.0.7-win32-x86_64\bin\jimage.dll
0x00007ff807380000 - 0x00007ff807564000 	C:\WINDOWS\SYSTEM32\DBGHELP.DLL
0x00007fffe39d0000 - 0x00007fffe3a04000 	C:\WINDOWS\SYSTEM32\dbgcore.DLL
0x00007ff80a030000 - 0x00007ff80a0b2000 	C:\WINDOWS\System32\bcryptPrimitives.dll
0x00007fffb5620000 - 0x00007fffb5645000 	c:\Users\amine\.vscode\extensions\redhat.java-1.18.0-win32-x64\jre\17.0.7-win32-x86_64\bin\java.dll
0x00007fffb5600000 - 0x00007fffb5618000 	c:\Users\amine\.vscode\extensions\redhat.java-1.18.0-win32-x64\jre\17.0.7-win32-x86_64\bin\zip.dll
0x00007ff80a5f0000 - 0x00007ff80ad34000 	C:\WINDOWS\System32\SHELL32.dll
0x00007ff8077d0000 - 0x00007ff807f63000 	C:\WINDOWS\SYSTEM32\windows.storage.dll
0x00007ff80b5f0000 - 0x00007ff80b944000 	C:\WINDOWS\System32\combase.dll
0x00007ff8090f0000 - 0x00007ff80911e000 	C:\WINDOWS\SYSTEM32\Wldp.dll
0x00007ff80ae80000 - 0x00007ff80af2d000 	C:\WINDOWS\System32\SHCORE.dll
0x00007ff80bdc0000 - 0x00007ff80be15000 	C:\WINDOWS\System32\shlwapi.dll
0x00007ff8096b0000 - 0x00007ff8096cf000 	C:\WINDOWS\SYSTEM32\profapi.dll
0x00007fffa7590000 - 0x00007fffa75a9000 	C:\Users\amine\.vscode\extensions\redhat.java-1.18.0-win32-x64\jre\17.0.7-win32-x86_64\bin\net.dll
0x00007ffffe2d0000 - 0x00007ffffe3da000 	C:\WINDOWS\SYSTEM32\WINHTTP.dll
0x00007ff808e00000 - 0x00007ff808e6a000 	C:\WINDOWS\system32\mswsock.dll
0x00007fffa7570000 - 0x00007fffa7585000 	C:\Users\amine\.vscode\extensions\redhat.java-1.18.0-win32-x64\jre\17.0.7-win32-x86_64\bin\nio.dll
0x00007ff808ff0000 - 0x00007ff809008000 	C:\WINDOWS\SYSTEM32\CRYPTSP.dll
0x00007ff808730000 - 0x00007ff808764000 	C:\WINDOWS\system32\rsaenh.dll
0x00007ff80a0c0000 - 0x00007ff80a0e7000 	C:\WINDOWS\System32\bcrypt.dll
0x00007ff809670000 - 0x00007ff80969e000 	C:\WINDOWS\SYSTEM32\USERENV.dll
0x00007ff808fe0000 - 0x00007ff808fec000 	C:\WINDOWS\SYSTEM32\CRYPTBASE.dll
0x00007ff808b10000 - 0x00007ff808b4c000 	C:\WINDOWS\SYSTEM32\IPHLPAPI.DLL
0x00007ff80add0000 - 0x00007ff80add8000 	C:\WINDOWS\System32\NSI.dll
0x00007ff8014a0000 - 0x00007ff8014b7000 	C:\WINDOWS\SYSTEM32\dhcpcsvc6.DLL
0x00007ff801480000 - 0x00007ff80149d000 	C:\WINDOWS\SYSTEM32\dhcpcsvc.DLL
0x00007ff808b50000 - 0x00007ff808c1b000 	C:\WINDOWS\SYSTEM32\DNSAPI.dll
0x00007fffeebb0000 - 0x00007fffeebb9000 	C:\Users\amine\.vscode\extensions\redhat.java-1.18.0-win32-x64\jre\17.0.7-win32-x86_64\bin\management.dll
0x00007fffe40e0000 - 0x00007fffe40eb000 	C:\Users\amine\.vscode\extensions\redhat.java-1.18.0-win32-x64\jre\17.0.7-win32-x86_64\bin\management_ext.dll
0x00007ff80a440000 - 0x00007ff80a448000 	C:\WINDOWS\System32\PSAPI.DLL
0x00007fffe40d0000 - 0x00007fffe40de000 	C:\Users\amine\.vscode\extensions\redhat.java-1.18.0-win32-x64\jre\17.0.7-win32-x86_64\bin\sunmscapi.dll
0x00007ff809b40000 - 0x00007ff809c9e000 	C:\WINDOWS\System32\CRYPT32.dll
0x00007ff809160000 - 0x00007ff809188000 	C:\WINDOWS\SYSTEM32\ncrypt.dll
0x00007ff809120000 - 0x00007ff80915b000 	C:\WINDOWS\SYSTEM32\NTASN1.dll
0x0000000054500000 - 0x0000000054526000 	C:\Program Files\Bonjour\mdnsNSP.dll
0x00007ffffb410000 - 0x00007ffffb41a000 	C:\Windows\System32\rasadhlp.dll
0x00007ffffb4a0000 - 0x00007ffffb522000 	C:\WINDOWS\System32\fwpuclnt.dll
0x00007fffeeb90000 - 0x00007fffeeba0000 	c:\Users\amine\.vscode\extensions\redhat.java-1.18.0-win32-x64\jre\17.0.7-win32-x86_64\bin\verify.dll
0x000000006c500000 - 0x000000006c5c7000 	C:\Users\amine\AppData\Local\Temp\snappy-1.1.8-bb7a3463-785f-4ba2-b844-a430c37b47a9-snappyjava.dll

dbghelp: loaded successfully - version: 4.0.5 - missing functions: none
symbol engine: initialized successfully - sym options: 0x614 - pdb path: .;c:\Users\amine\.vscode\extensions\redhat.java-1.18.0-win32-x64\jre\17.0.7-win32-x86_64\bin;C:\WINDOWS\SYSTEM32;C:\WINDOWS\WinSxS\amd64_microsoft.windows.common-controls_6595b64144ccf1df_6.0.19041.1110_none_60b5254171f9507e;c:\Users\amine\.vscode\extensions\redhat.java-1.18.0-win32-x64\jre\17.0.7-win32-x86_64\bin\server;C:\Program Files\Bonjour;C:\Users\amine\AppData\Local\Temp

VM Arguments:
jvm_args: -XX:+HeapDumpOnOutOfMemoryError -Xmx1024m -Dsts.lsp.client=vscode -Dsts.log.file=/dev/null -XX:TieredStopAtLevel=1 -Xlog:jni+resolve=off -Dspring.config.location=file:c:\Users\amine\.vscode\extensions\vmware.vscode-spring-boot-1.46.0\language-server\BOOT-INF\classes\application.properties 
java_command: org.springframework.ide.vscode.boot.app.BootLanguageServerBootApp
java_class_path (initial): c:\Users\amine\.vscode\extensions\vmware.vscode-spring-boot-1.46.0\language-server\BOOT-INF\classes;c:\Users\amine\.vscode\extensions\vmware.vscode-spring-boot-1.46.0\language-server\BOOT-INF\lib\annotations-24.0.1.jar;c:\Users\amine\.vscode\extensions\vmware.vscode-spring-boot-1.46.0\language-server\BOOT-INF\lib\antlr-runtime-3.5.3.jar;c:\Users\amine\.vscode\extensions\vmware.vscode-spring-boot-1.46.0\language-server\BOOT-INF\lib\antlr4-4.11.1.jar;c:\Users\amine\.vscode\extensions\vmware.vscode-spring-boot-1.46.0\language-server\BOOT-INF\lib\antlr4-runtime-4.11.1.jar;c:\Users\amine\.vscode\extensions\vmware.vscode-spring-boot-1.46.0\language-server\BOOT-INF\lib\asm-9.5.jar;c:\Users\amine\.vscode\extensions\vmware.vscode-spring-boot-1.46.0\language-server\BOOT-INF\lib\asm-analysis-9.5.jar;c:\Users\amine\.vscode\extensions\vmware.vscode-spring-boot-1.46.0\language-server\BOOT-INF\lib\asm-tree-9.5.jar;c:\Users\amine\.vscode\extensions\vmware.vscode-spring-boot-1.46.0\language-server\BOOT-INF\lib\asm-util-9.5.jar;c:\Users\amine\.vscode\extensions\vmware.vscode-spring-boot-1.46.0\language-server\BOOT-INF\lib\caffeine-3.1.2.jar;c:\Users\amine\.vscode\extensions\vmware.vscode-spring-boot-1.46.0\language-server\BOOT-INF\lib\checker-qual-3.12.0.jar;c:\Users\amine\.vscode\extensions\vmware.vscode-spring-boot-1.46.0\language-server\BOOT-INF\lib\classgraph-4.8.149.jar;c:\Users\amine\.vscode\extensions\vmware.vscode-spring-boot-1.46.0\language-server\BOOT-INF\lib\commons-codec-1.15.jar;c:\Users\amine\.vscode\extensions\vmware.vscode-spring-boot-1.46.0\language-server\BOOT-INF\lib\commons-compress-1.23.0.jar;c:\Users\amine\.vscode\extensions\vmware.vscode-spring-boot-1.46.0\language-server\BOOT-INF\lib\commons-io-2.4.jar;c:\Users\amine\.vscode\extensions\vmware.vscode-spring-boot-1.46.0\language-server\BOOT-INF\lib\commons-java-1.46.0-SNAPSHOT.jar;c:\Users\amine\.vscode\extensions\vmware.vscode-spring-boot-1.46.0\language-server\BOOT-INF\lib\commons-
Launcher Type: SUN_STANDARD

[Global flags]
     intx CICompilerCount                          = 4                                         {product} {ergonomic}
     uint ConcGCThreads                            = 2                                         {product} {ergonomic}
     uint G1ConcRefinementThreads                  = 8                                         {product} {ergonomic}
   size_t G1HeapRegionSize                         = 1048576                                   {product} {ergonomic}
    uintx GCDrainStackTargetSize                   = 64                                        {product} {ergonomic}
     bool HeapDumpOnOutOfMemoryError               = true                                   {manageable} {command line}
   size_t InitialHeapSize                          = 132120576                                 {product} {ergonomic}
   size_t MarkStackSize                            = 4194304                                   {product} {ergonomic}
   size_t MaxHeapSize                              = 1073741824                                {product} {command line}
   size_t MaxNewSize                               = 643825664                                 {product} {ergonomic}
   size_t MinHeapDeltaBytes                        = 1048576                                   {product} {ergonomic}
   size_t MinHeapSize                              = 8388608                                   {product} {ergonomic}
    uintx NonProfiledCodeHeapSize                  = 0                                      {pd product} {ergonomic}
     bool ProfileInterpreter                       = false                                  {pd product} {command line}
    uintx ProfiledCodeHeapSize                     = 0                                      {pd product} {ergonomic}
   size_t SoftMaxHeapSize                          = 1073741824                             {manageable} {ergonomic}
     intx TieredStopAtLevel                        = 1                                         {product} {command line}
     bool UseCompressedClassPointers               = true                           {product lp64_product} {ergonomic}
     bool UseCompressedOops                        = true                           {product lp64_product} {ergonomic}
     bool UseG1GC                                  = true                                      {product} {ergonomic}
     bool UseLargePagesIndividualAllocation        = false                                  {pd product} {ergonomic}

Logging:
Log output configuration:
 #0: stdout all=warning,jni+resolve=off uptime,level,tags
 #1: stderr all=off uptime,level,tags

Environment Variables:
JAVA_HOME=C:\Program Files\Java\jdk-11.0.17
PATH=C:\Program Files\Common Files\Oracle\Java\javapath;C:\Python310\Scripts\;C:\Python310\;C:\windows\system32;C:\windows;C:\windows\System32\Wbem;C:\windows\System32\WindowsPowerShell\v1.0\;C:\windows\System32\OpenSSH\;C:\Program Files\NVIDIA Corporation\NVIDIA NvDLISR;C:\WINDOWS\system32;C:\WINDOWS;C:\WINDOWS\System32\Wbem;C:\WINDOWS\System32\WindowsPowerShell\v1.0\;C:\WINDOWS\System32\OpenSSH\;C:\Program Files\Microsoft SQL Server\Client SDK\ODBC\110\Tools\Binn\;C:\Program Files (x86)\Microsoft SQL Server\120\Tools\Binn\;C:\Program Files\Microsoft SQL Server\120\Tools\Binn\;C:\Program Files\Microsoft SQL Server\120\DTS\Binn\;C:\Program Files (x86)\Windows Kits\8.1\Windows Performance Toolkit\;C:\ProgramData\chocolatey\bin;C:\Program Files\CMake\bin;C:\Program Files\Polyspace\R2019a\runtime\win64;C:\Program Files\Polyspace\R2019a\bin;C:\Program Files\MATLAB\R2017a\runtime\win64;C:\Program Files\MATLAB\R2017a\bin;C:\Program Files\Polyspace\R2019a\polyspace\bin;C:\Program Files (x86)\eSpeak\command_line;C:\MinGW\bin;C:\Program Files\Git\cmd;C:\Program Files\Git\mingw64\bin;C:\Program Files\Git\usr\bin;C:\ProgramData\Anaconda3;C:\ProgramData\Anaconda3\Scripts;C:\ProgramData\Anaconda3\library\bin;C:\ProgramData\Anaconda3\library\usr\bin;C:\Program Files\MySQL\MySQL Utilities 1.6\;C:\xampp\php;C:\ProgramData\ComposerSetup\bin;C:\Mraihi_Amine\Mraihi_Amine\5_IOT\00_downloads;C:\Program Files\PowerShell\7\;C:\Program Files\Java\jdk-11.0.11\bin;C:\Gradle\gradle-7.4.2\bin;C:\Users\amine\AppData\Roaming\nvm;C:\Program Files\nodejs;C:\Users\amine\AppData\Roaming\nvm;C:\Program Files\nodejs\;C:\Program Files\Docker\Docker\resources\bin;C:\Program Files\MySQL\MySQL Shell 8.0\bin\;C:\Users\amine\AppData\Local\Programs\Python\Python36\Scripts\;C:\Users\amine\AppData\Local\Programs\Python\Python36\;C:\Users\amine\AppData\Local\Microsoft\WindowsApps;C:\Program Files\JetBrains\PyCharm Community Edition 2020.2.3\bin;;C:\ProgramData\Microsoft\Windows\Start Menu\Programs\Anaconda3 (64-bi
USERNAME=amine
OS=Windows_NT
PROCESSOR_IDENTIFIER=Intel64 Family 6 Model 158 Stepping 10, GenuineIntel
TMP=C:\Users\amine\AppData\Local\Temp
TEMP=C:\Users\amine\AppData\Local\Temp



---------------  S Y S T E M  ---------------

OS:
 Windows 10 , 64 bit Build 19041 (10.0.19041.2913)
OS uptime: 1 days 23:41 hours
Hyper-V role detected

CPU: total 8 (initial active 8) (4 cores per cpu, 2 threads per core) family 6 model 158 stepping 10 microcode 0xca, cx8, cmov, fxsr, ht, mmx, 3dnowpref, sse, sse2, sse3, ssse3, sse4.1, sse4.2, popcnt, lzcnt, tsc, tscinvbit, avx, avx2, aes, erms, clmul, bmi1, bmi2, adx, fma, vzeroupper, clflush, clflushopt, hv

Memory: 4k page, system-wide physical 8033M (56M free)
TotalPageFile size 32609M (AvailPageFile size 2M)
current process WorkingSet (physical memory assigned to process): 92M, peak: 988M
current process commit charge ("private bytes"): 330M, peak: 969M

vm_info: OpenJDK 64-Bit Server VM (17.0.7+7) for windows-amd64 JRE (17.0.7+7), built on Apr 18 2023 22:10:42 by "temurin" with MS VC++ 16.7 (VS2019)

END.
