#
# There is insufficient memory for the Java Runtime Environment to continue.
# Native memory allocation (mmap) failed to map 65536 bytes for Failed to commit metaspace.
# Possible reasons:
#   The system is out of physical RAM or swap space
#   The process is running with CompressedOops enabled, and the Java Heap may be blocking the growth of the native heap
# Possible solutions:
#   Reduce memory load on the system
#   Increase physical memory or swap space
#   Check if swap backing store is full
#   Decrease Java heap size (-Xmx/-Xms)
#   Decrease number of Java threads
#   Decrease Java thread stack sizes (-Xss)
#   Set larger code cache with -XX:ReservedCodeCacheSize=
#   JVM is running with Unscaled Compressed Oops mode in which the Java heap is
#     placed in the first 4GB address space. The Java Heap base address is the
#     maximum limit for the native heap growth. Please use -XX:HeapBaseMinAddress
#     to set the Java Heap base and to place the Java Heap above 4GB virtual address.
# This output file may be truncated or incomplete.
#
#  Out of Memory Error (virtualSpaceNode.cpp:110), pid=20952, tid=4816
#
# JRE version: OpenJDK Runtime Environment Temurin-17.0.7+7 (17.0.7+7) (build 17.0.7+7)
# Java VM: OpenJDK 64-Bit Server VM Temurin-17.0.7+7 (17.0.7+7, mixed mode, tiered, compressed oops, compressed class ptrs, parallel gc, windows-amd64)
# No core dump will be written. Minidumps are not enabled by default on client versions of Windows
#

---------------  S U M M A R Y ------------

Command Line: --add-modules=ALL-SYSTEM --add-opens=java.base/java.util=ALL-UNNAMED --add-opens=java.base/java.lang=ALL-UNNAMED --add-opens=java.base/sun.nio.fs=ALL-UNNAMED -Declipse.application=org.eclipse.jdt.ls.core.id1 -Dosgi.bundles.defaultStartLevel=4 -Declipse.product=org.eclipse.jdt.ls.core.product -Djava.import.generatesMetadataFilesAtProjectRoot=false -Dfile.encoding=utf8 -XX:+UseParallelGC -XX:GCTimeRatio=4 -XX:AdaptiveSizePolicyWeight=90 -Dsun.zip.disableMemoryMapping=true -Xmx1G -Xms100m -Xlog:disable -javaagent:c:\Users\amine\.vscode\extensions\redhat.java-1.18.0-win32-x64\lombok\lombok-1.18.27.jar -XX:+HeapDumpOnOutOfMemoryError -XX:HeapDumpPath=c:\Users\amine\AppData\Roaming\Code\User\workspaceStorage\bebe6bfd55429c26156d93f07b0d1f21\redhat.java -Daether.dependencyCollector.impl=bf c:\Users\amine\.vscode\extensions\redhat.java-1.18.0-win32-x64\server\plugins\org.eclipse.equinox.launcher_1.6.400.v20210924-0641.jar -configuration c:\Users\amine\AppData\Roaming\Code\User\globalStorage\redhat.java\1.18.0\config_win -data c:\Users\amine\AppData\Roaming\Code\User\workspaceStorage\bebe6bfd55429c26156d93f07b0d1f21\redhat.java\jdt_ws

Host: Intel(R) Core(TM) i5-9300H CPU @ 2.40GHz, 8 cores, 7G,  Windows 10 , 64 bit Build 19041 (10.0.19041.2913)
Time: Thu Jun  1 06:51:25 2023 W. Central Africa Standard Time elapsed time: 1.330009 seconds (0d 0h 0m 1s)

---------------  T H R E A D  ---------------

Current thread (0x000002443bbefca0):  JavaThread "main" [_thread_in_vm, id=4816, stack(0x000000ba92900000,0x000000ba92a00000)]

Stack: [0x000000ba92900000,0x000000ba92a00000]
Native frames: (J=compiled Java code, j=interpreted, Vv=VM code, C=native code)
V  [jvm.dll+0x67754a]
V  [jvm.dll+0x834304]
V  [jvm.dll+0x835aae]
V  [jvm.dll+0x836113]
V  [jvm.dll+0x24696f]
V  [jvm.dll+0x83039b]
V  [jvm.dll+0x61c006]
V  [jvm.dll+0x1c169e]
V  [jvm.dll+0x61e961]
V  [jvm.dll+0x61c9a6]
V  [jvm.dll+0x23c350]
V  [jvm.dll+0x1ebe5d]
V  [jvm.dll+0x1e1891]
V  [jvm.dll+0x53ea50]
V  [jvm.dll+0x7afc28]
V  [jvm.dll+0x7afd14]
V  [jvm.dll+0x40de05]
V  [jvm.dll+0x413f58]
C  [java.dll+0x17ec]

Java frames: (J=compiled Java code, j=interpreted, Vv=VM code)
j  java.lang.ClassLoader.defineClass1(Ljava/lang/ClassLoader;Ljava/lang/String;[BIILjava/security/ProtectionDomain;Ljava/lang/String;)Ljava/lang/Class;+0 java.base@17.0.7
j  java.lang.ClassLoader.defineClass(Ljava/lang/String;[BIILjava/security/ProtectionDomain;)Ljava/lang/Class;+27 java.base@17.0.7
j  java.security.SecureClassLoader.defineClass(Ljava/lang/String;[BIILjava/security/CodeSource;)Ljava/lang/Class;+12 java.base@17.0.7
j  java.net.URLClassLoader.defineClass(Ljava/lang/String;Ljdk/internal/loader/Resource;)Ljava/lang/Class;+221 java.base@17.0.7
j  java.net.URLClassLoader$1.run()Ljava/lang/Class;+43 java.base@17.0.7
j  java.net.URLClassLoader$1.run()Ljava/lang/Object;+1 java.base@17.0.7
j  java.security.AccessController.executePrivileged(Ljava/security/PrivilegedExceptionAction;Ljava/security/AccessControlContext;Ljava/lang/Class;)Ljava/lang/Object;+29 java.base@17.0.7
j  java.security.AccessController.doPrivileged(Ljava/security/PrivilegedExceptionAction;Ljava/security/AccessControlContext;)Ljava/lang/Object;+13 java.base@17.0.7
j  java.net.URLClassLoader.findClass(Ljava/lang/String;)Ljava/lang/Class;+13 java.base@17.0.7
j  java.lang.ClassLoader.loadClass(Ljava/lang/String;Z)Ljava/lang/Class;+69 java.base@17.0.7
J 794 c1 java.lang.ClassLoader.loadClass(Ljava/lang/String;)Ljava/lang/Class; java.base@17.0.7 (7 bytes) @ 0x000002444019403c [0x0000024440193f40+0x00000000000000fc]
v  ~StubRoutines::call_stub
j  org.eclipse.osgi.storage.Storage.<init>(Lorg/eclipse/osgi/internal/framework/EquinoxContainer;[Ljava/lang/String;)V+690
j  org.eclipse.osgi.storage.Storage.createStorage(Lorg/eclipse/osgi/internal/framework/EquinoxContainer;)Lorg/eclipse/osgi/storage/Storage;+11
j  org.eclipse.osgi.internal.framework.EquinoxContainer.<init>(Ljava/util/Map;Lorg/osgi/framework/connect/ModuleConnector;)V+145
j  org.eclipse.osgi.launch.Equinox.<init>(Ljava/util/Map;Lorg/osgi/framework/connect/ModuleConnector;)V+10
j  org.eclipse.osgi.launch.Equinox.<init>(Ljava/util/Map;)V+3
j  org.eclipse.core.runtime.adaptor.EclipseStarter.startup([Ljava/lang/String;Ljava/lang/Runnable;)Lorg/osgi/framework/BundleContext;+28
j  org.eclipse.core.runtime.adaptor.EclipseStarter.run([Ljava/lang/String;Ljava/lang/Runnable;)Ljava/lang/Object;+21
v  ~StubRoutines::call_stub
j  jdk.internal.reflect.NativeMethodAccessorImpl.invoke0(Ljava/lang/reflect/Method;Ljava/lang/Object;[Ljava/lang/Object;)Ljava/lang/Object;+0 java.base@17.0.7
j  jdk.internal.reflect.NativeMethodAccessorImpl.invoke(Ljava/lang/Object;[Ljava/lang/Object;)Ljava/lang/Object;+133 java.base@17.0.7
j  jdk.internal.reflect.DelegatingMethodAccessorImpl.invoke(Ljava/lang/Object;[Ljava/lang/Object;)Ljava/lang/Object;+6 java.base@17.0.7
j  java.lang.reflect.Method.invoke(Ljava/lang/Object;[Ljava/lang/Object;)Ljava/lang/Object;+59 java.base@17.0.7
j  org.eclipse.equinox.launcher.Main.invokeFramework([Ljava/lang/String;[Ljava/net/URL;)V+201
j  org.eclipse.equinox.launcher.Main.basicRun([Ljava/lang/String;)V+159
j  org.eclipse.equinox.launcher.Main.run([Ljava/lang/String;)I+4
j  org.eclipse.equinox.launcher.Main.main([Ljava/lang/String;)V+10
v  ~StubRoutines::call_stub

---------------  P R O C E S S  ---------------

Threads class SMR info:
_java_thread_list=0x0000024457055750, length=12, elements={
0x000002443bbefca0, 0x00000244519c5750, 0x00000244519c7300, 0x00000244519cbff0,
0x00000244519ccd70, 0x00000244519ce190, 0x0000024456d2fcd0, 0x0000024456d332c0,
0x0000024456d31340, 0x0000024456d45fa0, 0x0000024456e6f720, 0x0000024457057a50
}

Java Threads: ( => current thread )
=>0x000002443bbefca0 JavaThread "main" [_thread_in_vm, id=4816, stack(0x000000ba92900000,0x000000ba92a00000)]
  0x00000244519c5750 JavaThread "Reference Handler" daemon [_thread_blocked, id=17380, stack(0x000000ba92c00000,0x000000ba92d00000)]
  0x00000244519c7300 JavaThread "Finalizer" daemon [_thread_blocked, id=18552, stack(0x000000ba92d00000,0x000000ba92e00000)]
  0x00000244519cbff0 JavaThread "Signal Dispatcher" daemon [_thread_blocked, id=15076, stack(0x000000ba92e00000,0x000000ba92f00000)]
  0x00000244519ccd70 JavaThread "Attach Listener" daemon [_thread_blocked, id=15804, stack(0x000000ba92f00000,0x000000ba93000000)]
  0x00000244519ce190 JavaThread "Service Thread" daemon [_thread_blocked, id=1348, stack(0x000000ba93000000,0x000000ba93100000)]
  0x0000024456d2fcd0 JavaThread "Monitor Deflation Thread" daemon [_thread_blocked, id=3364, stack(0x000000ba93100000,0x000000ba93200000)]
  0x0000024456d332c0 JavaThread "C2 CompilerThread0" daemon [_thread_blocked, id=20576, stack(0x000000ba93200000,0x000000ba93300000)]
  0x0000024456d31340 JavaThread "C1 CompilerThread0" daemon [_thread_blocked, id=5992, stack(0x000000ba93300000,0x000000ba93400000)]
  0x0000024456d45fa0 JavaThread "Sweeper thread" daemon [_thread_blocked, id=16204, stack(0x000000ba93400000,0x000000ba93500000)]
  0x0000024456e6f720 JavaThread "Common-Cleaner" daemon [_thread_blocked, id=20636, stack(0x000000ba93500000,0x000000ba93600000)]
  0x0000024457057a50 JavaThread "Notification Thread" daemon [_thread_blocked, id=26132, stack(0x000000ba93600000,0x000000ba93700000)]

Other Threads:
  0x0000024456cf1c30 VMThread "VM Thread" [stack: 0x000000ba92b00000,0x000000ba92c00000] [id=15640]
  0x0000024456f45140 WatcherThread [stack: 0x000000ba93700000,0x000000ba93800000] [id=23052]
  0x000002443bc060b0 GCTaskThread "GC Thread#0" [stack: 0x000000ba92a00000,0x000000ba92b00000] [id=10132]
  0x0000024457eb88d0 GCTaskThread "GC Thread#1" [stack: 0x000000ba93800000,0x000000ba93900000] [id=19832]
  0x00000244582c0490 GCTaskThread "GC Thread#2" [stack: 0x000000ba93900000,0x000000ba93a00000] [id=11624]
  0x00000244582c0740 GCTaskThread "GC Thread#3" [stack: 0x000000ba93a00000,0x000000ba93b00000] [id=18332]
  0x00000244582c09f0 GCTaskThread "GC Thread#4" [stack: 0x000000ba93b00000,0x000000ba93c00000] [id=24720]
  0x00000244582c0ca0 GCTaskThread "GC Thread#5" [stack: 0x000000ba93c00000,0x000000ba93d00000] [id=252]
  0x0000024457fe3410 GCTaskThread "GC Thread#6" [stack: 0x000000ba93d00000,0x000000ba93e00000] [id=11296]

Threads with active compile tasks:

VM state: not at safepoint (normal execution)

VM Mutex/Monitor currently owned by a thread:  ([mutex/lock_event])
[0x000002443bbe9ad0] Metaspace_lock - owner thread: 0x000002443bbefca0

Heap address: 0x00000000c0000000, size: 1024 MB, Compressed Oops mode: 32-bit

CDS archive(s) not mapped
Compressed class space mapped at: 0x0000000100000000-0x0000000140000000, reserved size: 1073741824
Narrow klass base: 0x0000000000000000, Narrow klass shift: 3, Narrow klass range: 0x140000000

GC Precious Log:
 CPUs: 8 total, 8 available
 Memory: 8033M
 Large Page Support: Disabled
 NUMA Support: Disabled
 Compressed Oops: Enabled (32-bit)
 Alignments: Space 512K, Generation 512K, Heap 2M
 Heap Min Capacity: 100M
 Heap Initial Capacity: 100M
 Heap Max Capacity: 1G
 Pre-touch: Disabled
 Parallel Workers: 8

Heap:
 PSYoungGen      total 29696K, used 5621K [0x00000000eab00000, 0x00000000ecc00000, 0x0000000100000000)
  eden space 25600K, 9% used [0x00000000eab00000,0x00000000ead5aa30,0x00000000ec400000)
  from space 4096K, 78% used [0x00000000ec400000,0x00000000ec722c00,0x00000000ec800000)
  to   space 4096K, 0% used [0x00000000ec800000,0x00000000ec800000,0x00000000ecc00000)
 ParOldGen       total 68608K, used 16K [0x00000000c0000000, 0x00000000c4300000, 0x00000000eab00000)
  object space 68608K, 0% used [0x00000000c0000000,0x00000000c0004000,0x00000000c4300000)
 Metaspace       used 11564K, committed 11712K, reserved 1114112K
  class space    used 1156K, committed 1216K, reserved 1048576K

Card table byte_map: [0x000002444f240000,0x000002444f450000] _byte_map_base: 0x000002444ec40000

Marking Bits: (ParMarkBitMap*) 0x00007fff9f9b52c0
 Begin Bits: [0x000002444f5b0000, 0x00000244505b0000)
 End Bits:   [0x00000244505b0000, 0x00000244515b0000)

Polling page: 0x000002443bcc0000

Metaspace:

Usage:
  Non-class:     10.16 MB used.
      Class:      1.13 MB used.
       Both:     11.29 MB used.

Virtual space:
  Non-class space:       64.00 MB reserved,      10.25 MB ( 16%) committed,  1 nodes.
      Class space:        1.00 GB reserved,       1.19 MB ( <1%) committed,  1 nodes.
             Both:        1.06 GB reserved,      11.44 MB (  1%) committed. 

Chunk freelists:
   Non-Class:  4.80 MB
       Class:  14.66 MB
        Both:  19.45 MB

MaxMetaspaceSize: unlimited
CompressedClassSpaceSize: 1.00 GB
Initial GC threshold: 21.00 MB
Current GC threshold: 21.00 MB
CDS: off
MetaspaceReclaimPolicy: balanced
 - commit_granule_bytes: 65536.
 - commit_granule_words: 8192.
 - virtual_space_node_default_size: 8388608.
 - enlarge_chunks_in_place: 1.
 - new_chunks_are_fully_committed: 0.
 - uncommit_free_chunks: 1.
 - use_allocation_guard: 0.
 - handle_deallocations: 1.


Internal statistics:

num_allocs_failed_limit: 0.
num_arena_births: 32.
num_arena_deaths: 0.
num_vsnodes_births: 2.
num_vsnodes_deaths: 0.
num_space_committed: 183.
num_space_uncommitted: 0.
num_chunks_returned_to_freelist: 0.
num_chunks_taken_from_freelist: 118.
num_chunk_merges: 0.
num_chunk_splits: 82.
num_chunks_enlarged: 71.
num_inconsistent_stats: 0.

CodeHeap 'non-profiled nmethods': size=120000Kb used=365Kb max_used=365Kb free=119634Kb
 bounds [0x0000024447b20000, 0x0000024447d90000, 0x000002444f050000]
CodeHeap 'profiled nmethods': size=120000Kb used=1731Kb max_used=1731Kb free=118268Kb
 bounds [0x0000024440050000, 0x00000244402c0000, 0x0000024447580000]
CodeHeap 'non-nmethods': size=5760Kb used=1146Kb max_used=1173Kb free=4614Kb
 bounds [0x0000024447580000, 0x00000244477f0000, 0x0000024447b20000]
 total_blobs=1449 nmethods=1012 adapters=352
 compilation: enabled
              stopped_count=0, restarted_count=0
 full_count=0

Compilation events (20 events):
Event: 1.311 Thread 0x0000024456d31340 1003       3       sun.security.util.ManifestEntryVerifier::update (48 bytes)
Event: 1.311 Thread 0x0000024456d31340 nmethod 1003 0x00000244401fb090 code [0x00000244401fb2a0, 0x00000244401fb958]
Event: 1.312 Thread 0x0000024456d31340 1004   !   3       java.util.concurrent.ConcurrentHashMap::computeIfAbsent (578 bytes)
Event: 1.314 Thread 0x0000024456d31340 nmethod 1004 0x00000244401fbc10 code [0x00000244401fc020, 0x00000244401fe1f8]
Event: 1.314 Thread 0x0000024456d31340 1005       3       java.util.zip.ZipCoder$UTF8ZipCoder::hasTrailingSlash (20 bytes)
Event: 1.315 Thread 0x0000024456d31340 nmethod 1005 0x00000244401ff290 code [0x00000244401ff420, 0x00000244401ff5f8]
Event: 1.315 Thread 0x0000024456d31340 1006       1       java.lang.invoke.MethodHandles$Lookup::previousLookupClass (5 bytes)
Event: 1.315 Thread 0x0000024456d31340 nmethod 1006 0x0000024447b7ab90 code [0x0000024447b7ad20, 0x0000024447b7adf8]
Event: 1.316 Thread 0x0000024456d31340 1007       3       java.util.Collections$SetFromMap::add (22 bytes)
Event: 1.316 Thread 0x0000024456d31340 nmethod 1007 0x00000244401ff710 code [0x00000244401ff8c0, 0x00000244401ffae8]
Event: 1.316 Thread 0x0000024456d31340 1008       3       java.util.zip.ZipUtils::LOCSIG (6 bytes)
Event: 1.316 Thread 0x0000024456d31340 nmethod 1008 0x00000244401ffb90 code [0x00000244401ffd40, 0x0000024440200018]
Event: 1.318 Thread 0x0000024456d332c0 1009       4       java.lang.Integer::numberOfLeadingZeros (79 bytes)
Event: 1.319 Thread 0x0000024456d332c0 nmethod 1009 0x0000024447b7ae90 code [0x0000024447b7b000, 0x0000024447b7b0d8]
Event: 1.320 Thread 0x0000024456d31340 1010       3       java.util.ArrayDeque::addLast (51 bytes)
Event: 1.320 Thread 0x0000024456d332c0 1011       4       java.nio.DirectLongBufferU::ix (10 bytes)
Event: 1.320 Thread 0x0000024456d31340 nmethod 1010 0x0000024440200190 code [0x0000024440200360, 0x00000244402007d8]
Event: 1.320 Thread 0x0000024456d332c0 nmethod 1011 0x0000024447b7b190 code [0x0000024447b7b300, 0x0000024447b7b378]
Event: 1.321 Thread 0x0000024456d31340 1012       3       java.util.ArrayDeque::add (7 bytes)
Event: 1.321 Thread 0x0000024456d31340 nmethod 1012 0x0000024440200990 code [0x0000024440200b40, 0x0000024440200c88]

GC Heap History (2 events):
Event: 1.268 GC heap before
{Heap before GC invocations=1 (full 0):
 PSYoungGen      total 29696K, used 25600K [0x00000000eab00000, 0x00000000ecc00000, 0x0000000100000000)
  eden space 25600K, 100% used [0x00000000eab00000,0x00000000ec400000,0x00000000ec400000)
  from space 4096K, 0% used [0x00000000ec800000,0x00000000ec800000,0x00000000ecc00000)
  to   space 4096K, 0% used [0x00000000ec400000,0x00000000ec400000,0x00000000ec800000)
 ParOldGen       total 68608K, used 0K [0x00000000c0000000, 0x00000000c4300000, 0x00000000eab00000)
  object space 68608K, 0% used [0x00000000c0000000,0x00000000c0000000,0x00000000c4300000)
 Metaspace       used 11182K, committed 11392K, reserved 1114112K
  class space    used 1120K, committed 1216K, reserved 1048576K
}
Event: 1.277 GC heap after
{Heap after GC invocations=1 (full 0):
 PSYoungGen      total 29696K, used 3211K [0x00000000eab00000, 0x00000000ecc00000, 0x0000000100000000)
  eden space 25600K, 0% used [0x00000000eab00000,0x00000000eab00000,0x00000000ec400000)
  from space 4096K, 78% used [0x00000000ec400000,0x00000000ec722c00,0x00000000ec800000)
  to   space 4096K, 0% used [0x00000000ec800000,0x00000000ec800000,0x00000000ecc00000)
 ParOldGen       total 68608K, used 16K [0x00000000c0000000, 0x00000000c4300000, 0x00000000eab00000)
  object space 68608K, 0% used [0x00000000c0000000,0x00000000c0004000,0x00000000c4300000)
 Metaspace       used 11182K, committed 11392K, reserved 1114112K
  class space    used 1120K, committed 1216K, reserved 1048576K
}

Dll operation events (8 events):
Event: 0.023 Loaded shared library c:\Users\amine\.vscode\extensions\redhat.java-1.18.0-win32-x64\jre\17.0.7-win32-x86_64\bin\java.dll
Event: 0.259 Loaded shared library c:\Users\amine\.vscode\extensions\redhat.java-1.18.0-win32-x64\jre\17.0.7-win32-x86_64\bin\zip.dll
Event: 0.271 Loaded shared library C:\Users\amine\.vscode\extensions\redhat.java-1.18.0-win32-x64\jre\17.0.7-win32-x86_64\bin\instrument.dll
Event: 0.305 Loaded shared library C:\Users\amine\.vscode\extensions\redhat.java-1.18.0-win32-x64\jre\17.0.7-win32-x86_64\bin\net.dll
Event: 0.323 Loaded shared library C:\Users\amine\.vscode\extensions\redhat.java-1.18.0-win32-x64\jre\17.0.7-win32-x86_64\bin\nio.dll
Event: 0.329 Loaded shared library C:\Users\amine\.vscode\extensions\redhat.java-1.18.0-win32-x64\jre\17.0.7-win32-x86_64\bin\zip.dll
Event: 0.340 Loaded shared library C:\Users\amine\.vscode\extensions\redhat.java-1.18.0-win32-x64\jre\17.0.7-win32-x86_64\bin\jimage.dll
Event: 0.387 Loaded shared library c:\Users\amine\.vscode\extensions\redhat.java-1.18.0-win32-x64\jre\17.0.7-win32-x86_64\bin\verify.dll

Deoptimization events (20 events):
Event: 1.173 Thread 0x000002443bbefca0 Uncommon trap: trap_request=0xffffffde fr.pc=0x0000024447b51edc relative=0x000000000000057c
Event: 1.173 Thread 0x000002443bbefca0 Uncommon trap: reason=class_check action=maybe_recompile pc=0x0000024447b51edc method=java.util.Collections$UnmodifiableCollection$1.<init>(Ljava/util/Collections$UnmodifiableCollection;)V @ 17 c2
Event: 1.173 Thread 0x000002443bbefca0 DEOPT PACKING pc=0x0000024447b51edc sp=0x000000ba929fe290
Event: 1.173 Thread 0x000002443bbefca0 DEOPT UNPACKING pc=0x00000244475d66a3 sp=0x000000ba929fe1d8 mode 2
Event: 1.173 Thread 0x000002443bbefca0 Uncommon trap: trap_request=0xffffff45 fr.pc=0x0000024447b6356c relative=0x000000000000024c
Event: 1.173 Thread 0x000002443bbefca0 Uncommon trap: reason=unstable_if action=reinterpret pc=0x0000024447b6356c method=java.util.HashMap.hash(Ljava/lang/Object;)I @ 1 c2
Event: 1.173 Thread 0x000002443bbefca0 DEOPT PACKING pc=0x0000024447b6356c sp=0x000000ba929fe240
Event: 1.173 Thread 0x000002443bbefca0 DEOPT UNPACKING pc=0x00000244475d66a3 sp=0x000000ba929fe0d8 mode 2
Event: 1.173 Thread 0x000002443bbefca0 Uncommon trap: trap_request=0xffffff45 fr.pc=0x0000024447b58f74 relative=0x00000000000002b4
Event: 1.173 Thread 0x000002443bbefca0 Uncommon trap: reason=unstable_if action=reinterpret pc=0x0000024447b58f74 method=java.util.HashMap.hash(Ljava/lang/Object;)I @ 1 c2
Event: 1.173 Thread 0x000002443bbefca0 DEOPT PACKING pc=0x0000024447b58f74 sp=0x000000ba929fe2d0
Event: 1.173 Thread 0x000002443bbefca0 DEOPT UNPACKING pc=0x00000244475d66a3 sp=0x000000ba929fe1e8 mode 2
Event: 1.173 Thread 0x000002443bbefca0 Uncommon trap: trap_request=0xffffffde fr.pc=0x0000024447b51edc relative=0x000000000000057c
Event: 1.173 Thread 0x000002443bbefca0 Uncommon trap: reason=class_check action=maybe_recompile pc=0x0000024447b51edc method=java.util.Collections$UnmodifiableCollection$1.<init>(Ljava/util/Collections$UnmodifiableCollection;)V @ 17 c2
Event: 1.173 Thread 0x000002443bbefca0 DEOPT PACKING pc=0x0000024447b51edc sp=0x000000ba929fe290
Event: 1.173 Thread 0x000002443bbefca0 DEOPT UNPACKING pc=0x00000244475d66a3 sp=0x000000ba929fe1d8 mode 2
Event: 1.313 Thread 0x000002443bbefca0 Uncommon trap: trap_request=0xffffffde fr.pc=0x0000024447b5825c relative=0x000000000000051c
Event: 1.313 Thread 0x000002443bbefca0 Uncommon trap: reason=class_check action=maybe_recompile pc=0x0000024447b5825c method=java.util.Collections$UnmodifiableCollection$1.<init>(Ljava/util/Collections$UnmodifiableCollection;)V @ 17 c2
Event: 1.313 Thread 0x000002443bbefca0 DEOPT PACKING pc=0x0000024447b5825c sp=0x000000ba929fe2c0
Event: 1.313 Thread 0x000002443bbefca0 DEOPT UNPACKING pc=0x00000244475d66a3 sp=0x000000ba929fe278 mode 2

Classes unloaded (0 events):
No events

Classes redefined (0 events):
No events

Internal exceptions (20 events):
Event: 0.807 Thread 0x000002443bbefca0 Exception <a 'java/lang/ClassNotFoundException'{0x00000000eb78adb8}: sun/net/www/protocol/c/Handler> (0x00000000eb78adb8) 
thrown [s\src\hotspot\share\classfile\systemDictionary.cpp, line 256]
Event: 0.812 Thread 0x000002443bbefca0 Exception <a 'java/io/FileNotFoundException'{0x00000000eb7a5e08}> (0x00000000eb7a5e08) 
thrown [s\src\hotspot\share\prims\jni.cpp, line 516]
Event: 0.812 Thread 0x000002443bbefca0 Exception <a 'java/io/FileNotFoundException'{0x00000000eb7a6b18}> (0x00000000eb7a6b18) 
thrown [s\src\hotspot\share\prims\jni.cpp, line 516]
Event: 0.812 Thread 0x000002443bbefca0 Exception <a 'java/io/FileNotFoundException'{0x00000000eb7a7808}> (0x00000000eb7a7808) 
thrown [s\src\hotspot\share\prims\jni.cpp, line 516]
Event: 0.812 Thread 0x000002443bbefca0 Exception <a 'java/io/FileNotFoundException'{0x00000000eb7a84c8}> (0x00000000eb7a84c8) 
thrown [s\src\hotspot\share\prims\jni.cpp, line 516]
Event: 0.830 Thread 0x000002443bbefca0 Exception <a 'java/io/FileNotFoundException'{0x00000000eb7e2ec8}> (0x00000000eb7e2ec8) 
thrown [s\src\hotspot\share\prims\jni.cpp, line 516]
Event: 1.127 Thread 0x000002443bbefca0 Exception <a 'java/lang/ClassNotFoundException'{0x00000000ec00ff38}: sun/net/www/protocol/c/Handler> (0x00000000ec00ff38) 
thrown [s\src\hotspot\share\classfile\systemDictionary.cpp, line 256]
Event: 1.127 Thread 0x000002443bbefca0 Exception <a 'java/lang/ClassNotFoundException'{0x00000000ec011308}: sun/net/www/protocol/c/Handler> (0x00000000ec011308) 
thrown [s\src\hotspot\share\classfile\systemDictionary.cpp, line 256]
Event: 1.128 Thread 0x000002443bbefca0 Exception <a 'java/lang/ClassNotFoundException'{0x00000000ec012570}: sun/net/www/protocol/c/Handler> (0x00000000ec012570) 
thrown [s\src\hotspot\share\classfile\systemDictionary.cpp, line 256]
Event: 1.135 Thread 0x000002443bbefca0 Exception <a 'java/io/FileNotFoundException'{0x00000000ec038a40}> (0x00000000ec038a40) 
thrown [s\src\hotspot\share\prims\jni.cpp, line 516]
Event: 1.172 Thread 0x000002443bbefca0 Implicit null exception at 0x0000024447b59540 to 0x0000024447b59ee0
Event: 1.173 Thread 0x000002443bbefca0 Implicit null exception at 0x0000024447b6336c to 0x0000024447b63554
Event: 1.173 Thread 0x000002443bbefca0 Implicit null exception at 0x0000024447b58d0c to 0x0000024447b58f58
Event: 1.230 Thread 0x000002443bbefca0 Exception <a 'java/lang/NoSuchMethodError'{0x00000000ec305450}: 'int java.lang.invoke.DirectMethodHandle$Holder.invokeStaticInit(java.lang.Object, java.lang.Object, java.lang.Object, java.lang.Object)'> (0x00000000ec305450) 
thrown [s\src\hotspot\share\interpreter\linkResolver.cpp, line 759]
Event: 1.232 Thread 0x000002443bbefca0 Exception <a 'java/lang/NoSuchMethodError'{0x00000000ec30fac0}: 'java.lang.Object java.lang.invoke.DirectMethodHandle$Holder.invokeInterface(java.lang.Object, java.lang.Object)'> (0x00000000ec30fac0) 
thrown [s\src\hotspot\share\interpreter\linkResolver.cpp, line 759]
Event: 1.233 Thread 0x000002443bbefca0 Exception <a 'java/lang/IncompatibleClassChangeError'{0x00000000ec3132b8}: Found class java.lang.Object, but interface was expected> (0x00000000ec3132b8) 
thrown [s\src\hotspot\share\interpreter\linkResolver.cpp, line 826]
Event: 1.233 Thread 0x000002443bbefca0 Exception <a 'java/lang/NoSuchMethodError'{0x00000000ec3177b0}: 'void java.lang.invoke.DirectMethodHandle$Holder.invokeStatic(java.lang.Object, java.lang.Object)'> (0x00000000ec3177b0) 
thrown [s\src\hotspot\share\interpreter\linkResolver.cpp, line 759]
Event: 1.234 Thread 0x000002443bbefca0 Exception <a 'java/lang/NoSuchMethodError'{0x00000000ec31afb0}: 'void java.lang.invoke.DirectMethodHandle$Holder.invokeStaticInit(java.lang.Object, java.lang.Object)'> (0x00000000ec31afb0) 
thrown [s\src\hotspot\share\interpreter\linkResolver.cpp, line 759]
Event: 1.235 Thread 0x000002443bbefca0 Exception <a 'java/lang/NoSuchMethodError'{0x00000000ec322888}: 'int java.lang.invoke.DirectMethodHandle$Holder.invokeStaticInit(java.lang.Object, java.lang.Object)'> (0x00000000ec322888) 
thrown [s\src\hotspot\share\interpreter\linkResolver.cpp, line 759]
Event: 1.292 Thread 0x000002443bbefca0 Exception <a 'java/lang/NoSuchMethodError'{0x00000000eab6b408}: 'void java.lang.invoke.DirectMethodHandle$Holder.invokeSpecial(java.lang.Object, java.lang.Object, java.lang.Object)'> (0x00000000eab6b408) 
thrown [s\src\hotspot\share\interpreter\linkResolver.cpp, line 759]

VM Operations (14 events):
Event: 0.239 Executing VM operation: HandshakeAllThreads
Event: 0.239 Executing VM operation: HandshakeAllThreads done
Event: 0.353 Executing VM operation: HandshakeAllThreads
Event: 0.353 Executing VM operation: HandshakeAllThreads done
Event: 0.781 Executing VM operation: HandshakeAllThreads
Event: 0.781 Executing VM operation: HandshakeAllThreads done
Event: 0.801 Executing VM operation: HandshakeAllThreads
Event: 0.801 Executing VM operation: HandshakeAllThreads done
Event: 1.114 Executing VM operation: HandshakeAllThreads
Event: 1.114 Executing VM operation: HandshakeAllThreads done
Event: 1.114 Executing VM operation: Cleanup
Event: 1.114 Executing VM operation: Cleanup done
Event: 1.268 Executing VM operation: ParallelGCFailedAllocation
Event: 1.277 Executing VM operation: ParallelGCFailedAllocation done

Events (20 events):
Event: 1.314 loading class java/lang/invoke/VarHandleReferences$FieldInstanceReadOnly done
Event: 1.314 loading class java/lang/invoke/VarHandleReferences$FieldInstanceReadWrite done
Event: 1.314 loading class java/util/concurrent/SynchronousQueue
Event: 1.315 loading class java/util/AbstractQueue
Event: 1.315 loading class java/util/AbstractQueue done
Event: 1.315 loading class java/util/concurrent/SynchronousQueue done
Event: 1.315 loading class java/util/concurrent/SynchronousQueue$TransferStack
Event: 1.315 loading class java/util/concurrent/SynchronousQueue$Transferer
Event: 1.315 loading class java/util/concurrent/SynchronousQueue$Transferer done
Event: 1.315 loading class java/util/concurrent/SynchronousQueue$TransferStack done
Event: 1.315 loading class java/util/concurrent/SynchronousQueue$TransferStack$SNode
Event: 1.315 loading class java/util/concurrent/ForkJoinPool$ManagedBlocker
Event: 1.315 loading class java/util/concurrent/ForkJoinPool$ManagedBlocker done
Event: 1.315 loading class java/util/concurrent/SynchronousQueue$TransferStack$SNode done
Event: 1.316 loading class java/util/concurrent/RejectedExecutionHandler
Event: 1.316 loading class java/util/concurrent/RejectedExecutionHandler done
Event: 1.316 loading class java/util/concurrent/LinkedBlockingQueue
Event: 1.316 loading class java/util/concurrent/LinkedBlockingQueue done
Event: 1.317 loading class java/util/concurrent/LinkedBlockingQueue$Node
Event: 1.317 loading class java/util/concurrent/LinkedBlockingQueue$Node done


Dynamic libraries:
0x00007ff71e3a0000 - 0x00007ff71e3ae000 	c:\Users\amine\.vscode\extensions\redhat.java-1.18.0-win32-x64\jre\17.0.7-win32-x86_64\bin\java.exe
0x00007ff80c090000 - 0x00007ff80c288000 	C:\WINDOWS\SYSTEM32\ntdll.dll
0x00007ff80bb30000 - 0x00007ff80bbef000 	C:\WINDOWS\System32\KERNEL32.DLL
0x00007ff8097a0000 - 0x00007ff809a96000 	C:\WINDOWS\System32\KERNELBASE.dll
0x00007ff809ca0000 - 0x00007ff809da0000 	C:\WINDOWS\System32\ucrtbase.dll
0x00007ff802660000 - 0x00007ff802677000 	c:\Users\amine\.vscode\extensions\redhat.java-1.18.0-win32-x64\jre\17.0.7-win32-x86_64\bin\jli.dll
0x00007ff80a2a0000 - 0x00007ff80a43d000 	C:\WINDOWS\System32\USER32.dll
0x00007ff809770000 - 0x00007ff809792000 	C:\WINDOWS\System32\win32u.dll
0x00007ff80ada0000 - 0x00007ff80adcc000 	C:\WINDOWS\System32\GDI32.dll
0x00007ff809f10000 - 0x00007ff80a025000 	C:\WINDOWS\System32\gdi32full.dll
0x00007ff809aa0000 - 0x00007ff809b3d000 	C:\WINDOWS\System32\msvcp_win.dll
0x00007ff802640000 - 0x00007ff802659000 	c:\Users\amine\.vscode\extensions\redhat.java-1.18.0-win32-x64\jre\17.0.7-win32-x86_64\bin\VCRUNTIME140.dll
0x00007fffecd80000 - 0x00007fffed01a000 	C:\WINDOWS\WinSxS\amd64_microsoft.windows.common-controls_6595b64144ccf1df_6.0.19041.1110_none_60b5254171f9507e\COMCTL32.dll
0x00007ff80bd20000 - 0x00007ff80bdbe000 	C:\WINDOWS\System32\msvcrt.dll
0x00007ff80b950000 - 0x00007ff80b980000 	C:\WINDOWS\System32\IMM32.DLL
0x00007ff803910000 - 0x00007ff80391c000 	c:\Users\amine\.vscode\extensions\redhat.java-1.18.0-win32-x64\jre\17.0.7-win32-x86_64\bin\vcruntime140_1.dll
0x00007ffff4fb0000 - 0x00007ffff5041000 	c:\Users\amine\.vscode\extensions\redhat.java-1.18.0-win32-x64\jre\17.0.7-win32-x86_64\bin\msvcp140.dll
0x00007fff9ee30000 - 0x00007fff9fa78000 	c:\Users\amine\.vscode\extensions\redhat.java-1.18.0-win32-x64\jre\17.0.7-win32-x86_64\bin\server\jvm.dll
0x00007ff80a1d0000 - 0x00007ff80a27f000 	C:\WINDOWS\System32\ADVAPI32.dll
0x00007ff80ade0000 - 0x00007ff80ae7c000 	C:\WINDOWS\System32\sechost.dll
0x00007ff80bbf0000 - 0x00007ff80bd16000 	C:\WINDOWS\System32\RPCRT4.dll
0x00007fffdf420000 - 0x00007fffdf429000 	C:\WINDOWS\SYSTEM32\WSOCK32.dll
0x00007ff80bfe0000 - 0x00007ff80c04b000 	C:\WINDOWS\System32\WS2_32.dll
0x00007fffed200000 - 0x00007fffed227000 	C:\WINDOWS\SYSTEM32\WINMM.dll
0x00007ff802820000 - 0x00007ff80282a000 	C:\WINDOWS\SYSTEM32\VERSION.dll
0x00007ff807f80000 - 0x00007ff807f92000 	C:\WINDOWS\SYSTEM32\kernel.appcore.dll
0x00007ff803320000 - 0x00007ff80332a000 	c:\Users\amine\.vscode\extensions\redhat.java-1.18.0-win32-x64\jre\17.0.7-win32-x86_64\bin\jimage.dll
0x00007ff807380000 - 0x00007ff807564000 	C:\WINDOWS\SYSTEM32\DBGHELP.DLL
0x00007fffe39d0000 - 0x00007fffe3a04000 	C:\WINDOWS\SYSTEM32\dbgcore.DLL
0x00007ff80a030000 - 0x00007ff80a0b2000 	C:\WINDOWS\System32\bcryptPrimitives.dll
0x00007ff803300000 - 0x00007ff80330e000 	c:\Users\amine\.vscode\extensions\redhat.java-1.18.0-win32-x64\jre\17.0.7-win32-x86_64\bin\instrument.dll
0x00007ff801d20000 - 0x00007ff801d45000 	c:\Users\amine\.vscode\extensions\redhat.java-1.18.0-win32-x64\jre\17.0.7-win32-x86_64\bin\java.dll
0x00007ff8023a0000 - 0x00007ff8023b8000 	c:\Users\amine\.vscode\extensions\redhat.java-1.18.0-win32-x64\jre\17.0.7-win32-x86_64\bin\zip.dll
0x00007ff80a5f0000 - 0x00007ff80ad34000 	C:\WINDOWS\System32\SHELL32.dll
0x00007ff8077d0000 - 0x00007ff807f63000 	C:\WINDOWS\SYSTEM32\windows.storage.dll
0x00007ff80b5f0000 - 0x00007ff80b944000 	C:\WINDOWS\System32\combase.dll
0x00007ff8090f0000 - 0x00007ff80911e000 	C:\WINDOWS\SYSTEM32\Wldp.dll
0x00007ff80ae80000 - 0x00007ff80af2d000 	C:\WINDOWS\System32\SHCORE.dll
0x00007ff80bdc0000 - 0x00007ff80be15000 	C:\WINDOWS\System32\shlwapi.dll
0x00007ff8096b0000 - 0x00007ff8096cf000 	C:\WINDOWS\SYSTEM32\profapi.dll
0x00007ff801d00000 - 0x00007ff801d19000 	C:\Users\amine\.vscode\extensions\redhat.java-1.18.0-win32-x64\jre\17.0.7-win32-x86_64\bin\net.dll
0x00007ffffe2d0000 - 0x00007ffffe3da000 	C:\WINDOWS\SYSTEM32\WINHTTP.dll
0x00007ff808e00000 - 0x00007ff808e6a000 	C:\WINDOWS\system32\mswsock.dll
0x00007ff801bd0000 - 0x00007ff801be5000 	C:\Users\amine\.vscode\extensions\redhat.java-1.18.0-win32-x64\jre\17.0.7-win32-x86_64\bin\nio.dll
0x00007ff803130000 - 0x00007ff803140000 	c:\Users\amine\.vscode\extensions\redhat.java-1.18.0-win32-x64\jre\17.0.7-win32-x86_64\bin\verify.dll

dbghelp: loaded successfully - version: 4.0.5 - missing functions: none
symbol engine: initialized successfully - sym options: 0x614 - pdb path: .;c:\Users\amine\.vscode\extensions\redhat.java-1.18.0-win32-x64\jre\17.0.7-win32-x86_64\bin;C:\WINDOWS\SYSTEM32;C:\WINDOWS\WinSxS\amd64_microsoft.windows.common-controls_6595b64144ccf1df_6.0.19041.1110_none_60b5254171f9507e;c:\Users\amine\.vscode\extensions\redhat.java-1.18.0-win32-x64\jre\17.0.7-win32-x86_64\bin\server

VM Arguments:
jvm_args: --add-modules=ALL-SYSTEM --add-opens=java.base/java.util=ALL-UNNAMED --add-opens=java.base/java.lang=ALL-UNNAMED --add-opens=java.base/sun.nio.fs=ALL-UNNAMED -Declipse.application=org.eclipse.jdt.ls.core.id1 -Dosgi.bundles.defaultStartLevel=4 -Declipse.product=org.eclipse.jdt.ls.core.product -Djava.import.generatesMetadataFilesAtProjectRoot=false -Dfile.encoding=utf8 -XX:+UseParallelGC -XX:GCTimeRatio=4 -XX:AdaptiveSizePolicyWeight=90 -Dsun.zip.disableMemoryMapping=true -Xmx1G -Xms100m -Xlog:disable -javaagent:c:\Users\amine\.vscode\extensions\redhat.java-1.18.0-win32-x64\lombok\lombok-1.18.27.jar -XX:+HeapDumpOnOutOfMemoryError -XX:HeapDumpPath=c:\Users\amine\AppData\Roaming\Code\User\workspaceStorage\bebe6bfd55429c26156d93f07b0d1f21\redhat.java -Daether.dependencyCollector.impl=bf 
java_command: c:\Users\amine\.vscode\extensions\redhat.java-1.18.0-win32-x64\server\plugins\org.eclipse.equinox.launcher_1.6.400.v20210924-0641.jar -configuration c:\Users\amine\AppData\Roaming\Code\User\globalStorage\redhat.java\1.18.0\config_win -data c:\Users\amine\AppData\Roaming\Code\User\workspaceStorage\bebe6bfd55429c26156d93f07b0d1f21\redhat.java\jdt_ws
java_class_path (initial): c:\Users\amine\.vscode\extensions\redhat.java-1.18.0-win32-x64\server\plugins\org.eclipse.equinox.launcher_1.6.400.v20210924-0641.jar
Launcher Type: SUN_STANDARD

[Global flags]
    uintx AdaptiveSizePolicyWeight                 = 90                                        {product} {command line}
     intx CICompilerCount                          = 4                                         {product} {ergonomic}
    uintx GCTimeRatio                              = 4                                         {product} {command line}
     bool HeapDumpOnOutOfMemoryError               = true                                   {manageable} {command line}
    ccstr HeapDumpPath                             = c:\Users\amine\AppData\Roaming\Code\User\workspaceStorage\bebe6bfd55429c26156d93f07b0d1f21\redhat.java         {manageable} {command line}
   size_t InitialHeapSize                          = 104857600                                 {product} {command line}
   size_t MaxHeapSize                              = 1073741824                                {product} {command line}
   size_t MaxNewSize                               = 357564416                                 {product} {ergonomic}
   size_t MinHeapDeltaBytes                        = 524288                                    {product} {ergonomic}
   size_t MinHeapSize                              = 104857600                                 {product} {command line}
   size_t NewSize                                  = 34603008                                  {product} {ergonomic}
    uintx NonNMethodCodeHeapSize                   = 5839372                                {pd product} {ergonomic}
    uintx NonProfiledCodeHeapSize                  = 122909434                              {pd product} {ergonomic}
   size_t OldSize                                  = 70254592                                  {product} {ergonomic}
    uintx ProfiledCodeHeapSize                     = 122909434                              {pd product} {ergonomic}
    uintx ReservedCodeCacheSize                    = 251658240                              {pd product} {ergonomic}
     bool SegmentedCodeCache                       = true                                      {product} {ergonomic}
   size_t SoftMaxHeapSize                          = 1073741824                             {manageable} {ergonomic}
     bool UseCompressedClassPointers               = true                           {product lp64_product} {ergonomic}
     bool UseCompressedOops                        = true                           {product lp64_product} {ergonomic}
     bool UseLargePagesIndividualAllocation        = false                                  {pd product} {ergonomic}
     bool UseParallelGC                            = true                                      {product} {command line}

Logging:
Log output configuration:
 #0: stdout all=off uptime,level,tags
 #1: stderr all=off uptime,level,tags

Environment Variables:
JAVA_HOME=C:\Program Files\Java\jdk-11.0.17
PATH=C:\Program Files\Common Files\Oracle\Java\javapath;C:\Python310\Scripts\;C:\Python310\;C:\windows\system32;C:\windows;C:\windows\System32\Wbem;C:\windows\System32\WindowsPowerShell\v1.0\;C:\windows\System32\OpenSSH\;C:\Program Files\NVIDIA Corporation\NVIDIA NvDLISR;C:\WINDOWS\system32;C:\WINDOWS;C:\WINDOWS\System32\Wbem;C:\WINDOWS\System32\WindowsPowerShell\v1.0\;C:\WINDOWS\System32\OpenSSH\;C:\Program Files\Microsoft SQL Server\Client SDK\ODBC\110\Tools\Binn\;C:\Program Files (x86)\Microsoft SQL Server\120\Tools\Binn\;C:\Program Files\Microsoft SQL Server\120\Tools\Binn\;C:\Program Files\Microsoft SQL Server\120\DTS\Binn\;C:\Program Files (x86)\Windows Kits\8.1\Windows Performance Toolkit\;C:\ProgramData\chocolatey\bin;C:\Program Files\CMake\bin;C:\Program Files\Polyspace\R2019a\runtime\win64;C:\Program Files\Polyspace\R2019a\bin;C:\Program Files\MATLAB\R2017a\runtime\win64;C:\Program Files\MATLAB\R2017a\bin;C:\Program Files\Polyspace\R2019a\polyspace\bin;C:\Program Files (x86)\eSpeak\command_line;C:\MinGW\bin;C:\Program Files\Git\cmd;C:\Program Files\Git\mingw64\bin;C:\Program Files\Git\usr\bin;C:\ProgramData\Anaconda3;C:\ProgramData\Anaconda3\Scripts;C:\ProgramData\Anaconda3\library\bin;C:\ProgramData\Anaconda3\library\usr\bin;C:\Program Files\MySQL\MySQL Utilities 1.6\;C:\xampp\php;C:\ProgramData\ComposerSetup\bin;C:\Mraihi_Amine\Mraihi_Amine\5_IOT\00_downloads;C:\Program Files\PowerShell\7\;C:\Program Files\Java\jdk-11.0.11\bin;C:\Gradle\gradle-7.4.2\bin;C:\Users\amine\AppData\Roaming\nvm;C:\Program Files\nodejs;C:\Users\amine\AppData\Roaming\nvm;C:\Program Files\nodejs\;C:\Program Files\Docker\Docker\resources\bin;C:\Program Files\MySQL\MySQL Shell 8.0\bin\;C:\Users\amine\AppData\Local\Programs\Python\Python36\Scripts\;C:\Users\amine\AppData\Local\Programs\Python\Python36\;C:\Users\amine\AppData\Local\Microsoft\WindowsApps;C:\Program Files\JetBrains\PyCharm Community Edition 2020.2.3\bin;;C:\ProgramData\Microsoft\Windows\Start Menu\Programs\Anaconda3 (64-bi
USERNAME=amine
OS=Windows_NT
PROCESSOR_IDENTIFIER=Intel64 Family 6 Model 158 Stepping 10, GenuineIntel
TMP=C:\Users\amine\AppData\Local\Temp
TEMP=C:\Users\amine\AppData\Local\Temp



---------------  S Y S T E M  ---------------

OS:
 Windows 10 , 64 bit Build 19041 (10.0.19041.2913)
OS uptime: 2 days 8:19 hours
Hyper-V role detected

CPU: total 8 (initial active 8) (4 cores per cpu, 2 threads per core) family 6 model 158 stepping 10 microcode 0xca, cx8, cmov, fxsr, ht, mmx, 3dnowpref, sse, sse2, sse3, ssse3, sse4.1, sse4.2, popcnt, lzcnt, tsc, tscinvbit, avx, avx2, aes, erms, clmul, bmi1, bmi2, adx, fma, vzeroupper, clflush, clflushopt, hv

Memory: 4k page, system-wide physical 8033M (147M free)
TotalPageFile size 32609M (AvailPageFile size 9M)
current process WorkingSet (physical memory assigned to process): 75M, peak: 75M
current process commit charge ("private bytes"): 198M, peak: 199M

vm_info: OpenJDK 64-Bit Server VM (17.0.7+7) for windows-amd64 JRE (17.0.7+7), built on Apr 18 2023 22:10:42 by "temurin" with MS VC++ 16.7 (VS2019)

END.
